Some weights of the model checkpoint at m3rg-iitd/matscibert were not used when initializing BertForTokenClassification: ['cls.predictions.decoder.bias', 'cls.predictions.transform.dense.bias', 'cls.predictions.decoder.weight', 'cls.predictions.transform.dense.weight', 'cls.predictions.transform.LayerNorm.weight', 'cls.predictions.transform.LayerNorm.bias', 'cls.predictions.bias']
- This IS expected if you are initializing BertForTokenClassification from the checkpoint of a model trained on another task or with another architecture (e.g. initializing a BertForSequenceClassification model from a BertForPreTraining model).
- This IS NOT expected if you are initializing BertForTokenClassification from the checkpoint of a model that you expect to be exactly identical (initializing a BertForSequenceClassification model from a BertForSequenceClassification model).
Some weights of BertForTokenClassification were not initialized from the model checkpoint at m3rg-iitd/matscibert and are newly initialized: ['classifier.weight', 'classifier.bias']
You should probably TRAIN this model on a down-stream task to be able to use it for predictions and inference.
using device: cuda
8 511 546
['I-APL', 'I-CMT', 'I-DSC', 'I-MAT', 'I-PRO', 'I-SMT', 'I-SPL', 'O']
training_time:0.214829683303833
loss:2.16082763671875
training_time:0.052321434020996094
loss:0.7272576689720154
training_time:0.05202603340148926
loss:0.5006895661354065
training_time:0.05292034149169922
loss:0.2779904007911682
{'APL': 1.1560693641618496, 'CMT': 0.0, 'DSC': 0.0, 'MAT': 0.32206119162640895, 'PRO': 0.2695417789757412, 'SMT': 0.0, 'SPL': 0.0, 'macro_f1': 0.002496674763948571, 'micro_f1': 0.002566295979469632}
training_time:0.07600855827331543
loss:0.1308014839887619
{'APL': 9.01639344262295, 'CMT': 3.1578947368421053, 'DSC': 2.797202797202797, 'MAT': 2.5196850393700787, 'PRO': 3.0112923462986196, 'SMT': 0.0, 'SPL': 17.948717948717952, 'macro_f1': 0.05493026615864929, 'micro_f1': 0.03734604688120779}
training_time:0.06842160224914551
loss:0.0662001296877861
training_time:0.049436330795288086
loss:0.025881782174110413
{'APL': 7.582938388625592, 'CMT': 3.061224489795918, 'DSC': 3.389830508474576, 'MAT': 5.810397553516819, 'PRO': 1.3386880856760375, 'SMT': 0.0, 'SPL': 20.253164556962023, 'macro_f1': 0.05919463369007281, 'micro_f1': 0.0407510986815821}
training_time:0.04813718795776367
loss:0.014219180680811405
{'APL': 10.526315789473683, 'CMT': 7.441860465116281, 'DSC': 4.39121756487026, 'MAT': 10.119047619047619, 'PRO': 1.8469656992084433, 'SMT': 0.0, 'SPL': 21.686746987951803, 'macro_f1': 0.0800173630366687, 'micro_f1': 0.06218809980806142}
training_time:0.07190251350402832
loss:0.005906138569116592
{'APL': 14.693877551020407, 'CMT': 10.480349344978166, 'DSC': 4.238921001926783, 'MAT': 13.505747126436782, 'PRO': 2.3498694516971277, 'SMT': 0.0, 'SPL': 22.988505747126435, 'macro_f1': 0.09751038603312243, 'micro_f1': 0.07943578322197475}
training_time:0.04981803894042969
loss:0.004660078324377537
{'APL': 16.41791044776119, 'CMT': 15.625, 'DSC': 4.49438202247191, 'MAT': 15.64245810055866, 'PRO': 2.846054333764554, 'SMT': 0.0, 'SPL': 22.727272727272727, 'macro_f1': 0.11107582518832718, 'micro_f1': 0.09394048045894585}
training_time:0.06509256362915039
loss:0.0029249563813209534
{'APL': 16.666666666666664, 'CMT': 17.424242424242426, 'DSC': 4.135338345864662, 'MAT': 16.897506925207757, 'PRO': 2.8169014084507045, 'SMT': 0.0, 'SPL': 22.222222222222225, 'macro_f1': 0.1145183971323635, 'micro_f1': 0.0984070796460177}
training_time:0.07146620750427246
loss:0.0020357538014650345
{'APL': 17.73049645390071, 'CMT': 17.64705882352941, 'DSC': 3.7593984962406015, 'MAT': 17.72853185595568, 'PRO': 2.5542784163473815, 'SMT': 0.0, 'SPL': 24.17582417582417, 'macro_f1': 0.11942226888828278, 'micro_f1': 0.10115911485774501}
training_time:0.08176350593566895
loss:0.001654810388572514
{'APL': 18.374558303886925, 'CMT': 16.727272727272727, 'DSC': 4.119850187265917, 'MAT': 16.968011126564672, 'PRO': 2.298850574712644, 'SMT': 0.0, 'SPL': 26.086956521739125, 'macro_f1': 0.12082214205920286, 'micro_f1': 0.09968409968409968}
training_time:0.06201934814453125
loss:0.0012874957174062729
{'APL': 19.014084507042252, 'CMT': 16.48745519713262, 'DSC': 4.112149532710281, 'MAT': 16.968011126564672, 'PRO': 2.3047375160051216, 'SMT': 0.0, 'SPL': 26.086956521739125, 'macro_f1': 0.12139056343027724, 'micro_f1': 0.10024535576586048}
training_time:0.07194900512695312
loss:0.0008429182344116271
training_time:0.05817890167236328
loss:0.000774173706304282
training_time:0.06203651428222656
loss:0.0006058089202269912
{'APL': 18.430034129692835, 'CMT': 16.428571428571427, 'DSC': 4.4692737430167595, 'MAT': 16.549789621318375, 'PRO': 2.051282051282051, 'SMT': 1.2195121951219512, 'SPL': 26.086956521739125, 'macro_f1': 0.12176488527248931, 'micro_f1': 0.09933543196922}
training_time:0.06980323791503906
loss:0.0005753515288233757
{'APL': 18.18181818181818, 'CMT': 17.08185053380783, 'DSC': 4.797047970479705, 'MAT': 16.07898448519041, 'PRO': 2.0486555697823303, 'SMT': 1.234567901234568, 'SPL': 26.086956521739125, 'macro_f1': 0.1221569730915031, 'micro_f1': 0.09916201117318435}
training_time:0.07753753662109375
loss:0.0004776082350872457
{'APL': 18.666666666666664, 'CMT': 17.08185053380783, 'DSC': 4.805914972273568, 'MAT': 15.81920903954802, 'PRO': 2.0460358056265986, 'SMT': 1.234567901234568, 'SPL': 26.37362637362637, 'macro_f1': 0.1228969589896909, 'micro_f1': 0.09912739965095986}
training_time:0.06414461135864258
loss:0.022126877680420876
{'APL': 21.15384615384615, 'CMT': 19.594594594594593, 'DSC': 5.6537102473498235, 'MAT': 18.9041095890411, 'PRO': 2.258469259723965, 'SMT': 2.380952380952381, 'SPL': 25.26315789473684, 'macro_f1': 0.13601262874320694, 'micro_f1': 0.1147098515519568}
training_time:0.06535148620605469
loss:0.00043980093323625624
{'APL': 20.795107033639145, 'CMT': 23.300970873786405, 'DSC': 7.216494845360826, 'MAT': 22.429906542056077, 'PRO': 2.247191011235955, 'SMT': 3.5294117647058822, 'SPL': 25.742574257425744, 'macro_f1': 0.15037379475458576, 'micro_f1': 0.1316222441592629}
training_time:0.06393051147460938
loss:0.00041053880704566836
{'APL': 21.05263157894737, 'CMT': 26.666666666666668, 'DSC': 7.370184254606365, 'MAT': 25.227568270481143, 'PRO': 3.2218091697645597, 'SMT': 4.651162790697675, 'SPL': 26.168224299065418, 'macro_f1': 0.16336892432889882, 'micro_f1': 0.1466709552910904}
training_time:0.06019926071166992
loss:0.00035916100023314357
{'APL': 21.971830985915496, 'CMT': 26.08695652173913, 'DSC': 7.553366174055828, 'MAT': 26.888604353393085, 'PRO': 3.694581280788177, 'SMT': 4.545454545454546, 'SPL': 28.82882882882883, 'macro_f1': 0.1708137467002501, 'micro_f1': 0.15413771320277952}
training_time:0.0617978572845459
loss:0.0003612221626099199
training_time:0.056915998458862305
loss:0.00035148405004292727
training_time:0.05936312675476074
loss:0.0003710267483256757
training_time:0.059041738510131836
loss:0.0003762994601856917
{'APL': 21.465968586387437, 'CMT': 27.13864306784661, 'DSC': 7.849293563579278, 'MAT': 28.499999999999996, 'PRO': 3.9119804400977993, 'SMT': 5.494505494505495, 'SPL': 26.890756302521, 'macro_f1': 0.17321592493562515, 'micro_f1': 0.16051266402197134}
training_time:0.0713663101196289
loss:0.0003274291811976582
{'APL': 21.93211488250653, 'CMT': 27.647058823529413, 'DSC': 8.424336973478939, 'MAT': 28.92768079800499, 'PRO': 3.9119804400977993, 'SMT': 5.46448087431694, 'SPL': 26.890756302521, 'macro_f1': 0.1759977272777937, 'micro_f1': 0.16372489348752284}
training_time:0.06075644493103027
loss:0.0003746704605873674
{'APL': 21.76165803108808, 'CMT': 27.647058823529413, 'DSC': 8.75, 'MAT': 29.565217391304348, 'PRO': 3.9167686658506726, 'SMT': 5.46448087431694, 'SPL': 28.09917355371901, 'macro_f1': 0.17886336762829777, 'micro_f1': 0.16646415552855406}
training_time:0.06562042236328125
loss:0.0003026400227099657
{'APL': 21.76165803108808, 'CMT': 27.647058823529413, 'DSC': 9.034267912772584, 'MAT': 29.565217391304348, 'PRO': 3.9167686658506726, 'SMT': 5.46448087431694, 'SPL': 28.09917355371901, 'macro_f1': 0.17926946464654436, 'micro_f1': 0.16697024893746207}
{'APL': 22.748815165876778, 'CMT': 26.849315068493144, 'DSC': 8.541973490427097, 'MAT': 29.511918274687854, 'PRO': 3.953488372093023, 'SMT': 6.25, 'SPL': 29.230769230769226, 'macro_f1': 0.18155182800335304, 'micro_f1': 0.16793035664139286}
