Some weights of the model checkpoint at m3rg-iitd/matscibert were not used when initializing BertForTokenClassification: ['cls.predictions.transform.LayerNorm.bias', 'cls.predictions.decoder.weight', 'cls.predictions.transform.dense.weight', 'cls.predictions.bias', 'cls.predictions.transform.dense.bias', 'cls.predictions.decoder.bias', 'cls.predictions.transform.LayerNorm.weight']
- This IS expected if you are initializing BertForTokenClassification from the checkpoint of a model trained on another task or with another architecture (e.g. initializing a BertForSequenceClassification model from a BertForPreTraining model).
- This IS NOT expected if you are initializing BertForTokenClassification from the checkpoint of a model that you expect to be exactly identical (initializing a BertForSequenceClassification model from a BertForSequenceClassification model).
Some weights of BertForTokenClassification were not initialized from the model checkpoint at m3rg-iitd/matscibert and are newly initialized: ['classifier.bias', 'classifier.weight']
You should probably TRAIN this model on a down-stream task to be able to use it for predictions and inference.
using device: cuda
6 511 546
['I-APL', 'I-CMT', 'I-DSC', 'I-MAT', 'I-PRO', 'I-SMT', 'I-SPL', 'O']
training_time:0.12445902824401855
loss:2.306607961654663
training_time:0.06149172782897949
loss:0.9503969550132751
training_time:0.06090497970581055
loss:2.8449504375457764
training_time:0.061788320541381836
loss:0.7405109405517578
training_time:0.06207728385925293
loss:0.6933181881904602
training_time:0.06128382682800293
loss:0.7057584524154663
training_time:0.06642460823059082
loss:0.7104959487915039
training_time:0.05904531478881836
loss:0.6036412119865417
training_time:0.05719780921936035
loss:0.5044905543327332
{'APL': 0.0, 'CMT': 0.0, 'DSC': 0.0, 'MAT': 0.0, 'PRO': 0.0, 'SMT': 2.7397260273972606, 'SPL': 0.0, 'macro_f1': 0.00391389432485323, 'micro_f1': 0.001727861771058315}
training_time:0.07042860984802246
loss:0.38045570254325867
{'APL': 1.1049723756906076, 'CMT': 0.0, 'DSC': 0.0, 'MAT': 2.5477707006369426, 'PRO': 0.0, 'SMT': 10.191082802547772, 'SPL': 0.0, 'macro_f1': 0.019776894112679032, 'micro_f1': 0.014431239388794568}
training_time:0.0840756893157959
loss:0.45665884017944336
{'APL': 0.0, 'CMT': 0.0, 'DSC': 0.0, 'MAT': 3.4865293185419968, 'PRO': 0.0, 'SMT': 10.45751633986928, 'SPL': 0.0, 'macro_f1': 0.019920065226301825, 'micro_f1': 0.016295025728987993}
training_time:0.08539986610412598
loss:0.3420543372631073
training_time:0.07681965827941895
loss:0.36842888593673706
{'APL': 0.0, 'CMT': 0.0, 'DSC': 0.0, 'MAT': 3.1746031746031744, 'PRO': 0.0, 'SMT': 9.271523178807946, 'SPL': 2.8169014084507045, 'macro_f1': 0.021804325374088322, 'micro_f1': 0.015450643776824036}
training_time:0.08568215370178223
loss:0.2582341730594635
{'APL': 0.0, 'CMT': 0.0, 'DSC': 0.0, 'MAT': 8.641975308641975, 'PRO': 0.272108843537415, 'SMT': 13.836477987421386, 'SPL': 2.8169014084507045, 'macro_f1': 0.03652494792578782, 'micro_f1': 0.03468697123519458}
training_time:0.07572388648986816
loss:0.2516772449016571
{'APL': 0.0, 'CMT': 0.0, 'DSC': 0.0, 'MAT': 14.903129657228018, 'PRO': 1.07095046854083, 'SMT': 14.814814814814813, 'SPL': 10.666666666666666, 'macro_f1': 0.05922223086750046, 'micro_f1': 0.05813953488372093}
training_time:0.07429957389831543
loss:0.2190617024898529
{'APL': 0.0, 'CMT': 0.0, 'DSC': 0.9661835748792271, 'MAT': 17.54385964912281, 'PRO': 1.0624169986719787, 'SMT': 14.545454545454545, 'SPL': 12.82051282051282, 'macro_f1': 0.06705489655520197, 'micro_f1': 0.0680327868852459}
training_time:0.07538509368896484
loss:0.14431971311569214
{'APL': 0.0, 'CMT': 0.0, 'DSC': 0.9592326139088728, 'MAT': 18.313953488372096, 'PRO': 1.0723860589812333, 'SMT': 14.634146341463413, 'SPL': 12.987012987012989, 'macro_f1': 0.068523902128198, 'micro_f1': 0.0705785802215839}
training_time:0.08438396453857422
loss:0.15186165273189545
training_time:0.06360745429992676
loss:0.1578601896762848
training_time:0.06151103973388672
loss:0.11672524362802505
training_time:0.06070303916931152
loss:0.10159754008054733
{'APL': 0.0, 'CMT': 1.0638297872340425, 'DSC': 0.9345794392523363, 'MAT': 17.251461988304094, 'PRO': 1.3297872340425532, 'SMT': 15.568862275449103, 'SPL': 14.634146341463413, 'macro_f1': 0.07254666723677934, 'micro_f1': 0.06983353633779943}
training_time:0.05778074264526367
loss:0.10575427114963531
{'APL': 0.0, 'CMT': 4.102564102564103, 'DSC': 0.9153318077803204, 'MAT': 17.51824817518248, 'PRO': 1.3175230566534912, 'SMT': 16.568047337278106, 'SPL': 16.47058823529412, 'macro_f1': 0.08127471816393231, 'micro_f1': 0.0738362760834671}
training_time:0.06517457962036133
loss:0.09271237254142761
{'APL': 0.0, 'CMT': 4.040404040404041, 'DSC': 0.8928571428571428, 'MAT': 18.52387843704776, 'PRO': 1.3037809647979142, 'SMT': 16.470588235294116, 'SPL': 20.224719101123593, 'macro_f1': 0.08779461131646368, 'micro_f1': 0.0774703557312253}
training_time:0.07664704322814941
loss:0.09585242718458176
{'APL': 0.0, 'CMT': 5.825242718446602, 'DSC': 0.8583690987124464, 'MAT': 20.256776034236804, 'PRO': 1.287001287001287, 'SMT': 16.759776536312852, 'SPL': 20.0, 'macro_f1': 0.09283880810672857, 'micro_f1': 0.08336549594751061}
training_time:0.07294225692749023
loss:0.07985297590494156
{'APL': 0.0, 'CMT': 5.714285714285714, 'DSC': 1.1952191235059761, 'MAT': 22.377622377622373, 'PRO': 1.5325670498084292, 'SMT': 16.042780748663098, 'SPL': 21.978021978021975, 'macro_f1': 0.09834356713129651, 'micro_f1': 0.08992131884600973}
training_time:0.06415033340454102
loss:0.07464929670095444
{'APL': 0.0, 'CMT': 6.572769953051644, 'DSC': 2.25140712945591, 'MAT': 22.896551724137932, 'PRO': 2.030456852791878, 'SMT': 15.957446808510637, 'SPL': 22.222222222222225, 'macro_f1': 0.1027583638431003, 'micro_f1': 0.09409190371991248}
training_time:0.07068061828613281
loss:0.07370539009571075
training_time:0.05368161201477051
loss:0.0725860744714737
training_time:0.0534207820892334
loss:0.06906250864267349
training_time:0.06931400299072266
loss:0.0820293053984642
{'APL': 0.0, 'CMT': 6.140350877192982, 'DSC': 2.1015761821366024, 'MAT': 25.06203473945409, 'PRO': 1.9093078758949877, 'SMT': 15.246636771300448, 'SPL': 22.916666666666668, 'macro_f1': 0.10482367587520827, 'micro_f1': 0.10067114093959732}
