Some weights of the model checkpoint at m3rg-iitd/matscibert were not used when initializing BertForTokenClassification: ['cls.predictions.transform.LayerNorm.bias', 'cls.predictions.transform.dense.weight', 'cls.predictions.decoder.bias', 'cls.predictions.decoder.weight', 'cls.predictions.bias', 'cls.predictions.transform.LayerNorm.weight', 'cls.predictions.transform.dense.bias']
- This IS expected if you are initializing BertForTokenClassification from the checkpoint of a model trained on another task or with another architecture (e.g. initializing a BertForSequenceClassification model from a BertForPreTraining model).
- This IS NOT expected if you are initializing BertForTokenClassification from the checkpoint of a model that you expect to be exactly identical (initializing a BertForSequenceClassification model from a BertForSequenceClassification model).
Some weights of BertForTokenClassification were not initialized from the model checkpoint at m3rg-iitd/matscibert and are newly initialized: ['classifier.bias', 'classifier.weight']
You should probably TRAIN this model on a down-stream task to be able to use it for predictions and inference.
using device: cuda
41 511 546
['I-APL', 'I-CMT', 'I-DSC', 'I-MAT', 'I-PRO', 'I-SMT', 'I-SPL', 'O']
BertForTokenClassification(
  (bert): BertModel(
    (embeddings): BertEmbeddings(
      (word_embeddings): Embedding(31090, 768, padding_idx=0)
      (position_embeddings): Embedding(512, 768)
      (token_type_embeddings): Embedding(2, 768)
      (LayerNorm): LayerNorm((768,), eps=1e-12, elementwise_affine=True)
      (dropout): Dropout(p=0.1, inplace=False)
    )
    (encoder): BertEncoder(
      (layer): ModuleList(
        (0): BertLayer(
          (attention): BertAttention(
            (self): BertSelfAttention(
              (query): Linear(in_features=768, out_features=768, bias=True)
              (key): Linear(in_features=768, out_features=768, bias=True)
              (value): Linear(in_features=768, out_features=768, bias=True)
              (dropout): Dropout(p=0.1, inplace=False)
            )
            (output): BertSelfOutput(
              (dense): Linear(in_features=768, out_features=768, bias=True)
              (LayerNorm): LayerNorm((768,), eps=1e-12, elementwise_affine=True)
              (dropout): Dropout(p=0.1, inplace=False)
            )
          )
          (intermediate): BertIntermediate(
            (dense): Linear(in_features=768, out_features=3072, bias=True)
            (intermediate_act_fn): GELUActivation()
          )
          (output): BertOutput(
            (dense): Linear(in_features=3072, out_features=768, bias=True)
            (LayerNorm): LayerNorm((768,), eps=1e-12, elementwise_affine=True)
            (dropout): Dropout(p=0.1, inplace=False)
          )
        )
        (1): BertLayer(
          (attention): BertAttention(
            (self): BertSelfAttention(
              (query): Linear(in_features=768, out_features=768, bias=True)
              (key): Linear(in_features=768, out_features=768, bias=True)
              (value): Linear(in_features=768, out_features=768, bias=True)
              (dropout): Dropout(p=0.1, inplace=False)
            )
            (output): BertSelfOutput(
              (dense): Linear(in_features=768, out_features=768, bias=True)
              (LayerNorm): LayerNorm((768,), eps=1e-12, elementwise_affine=True)
              (dropout): Dropout(p=0.1, inplace=False)
            )
          )
          (intermediate): BertIntermediate(
            (dense): Linear(in_features=768, out_features=3072, bias=True)
            (intermediate_act_fn): GELUActivation()
          )
          (output): BertOutput(
            (dense): Linear(in_features=3072, out_features=768, bias=True)
            (LayerNorm): LayerNorm((768,), eps=1e-12, elementwise_affine=True)
            (dropout): Dropout(p=0.1, inplace=False)
          )
        )
        (2): BertLayer(
          (attention): BertAttention(
            (self): BertSelfAttention(
              (query): Linear(in_features=768, out_features=768, bias=True)
              (key): Linear(in_features=768, out_features=768, bias=True)
              (value): Linear(in_features=768, out_features=768, bias=True)
              (dropout): Dropout(p=0.1, inplace=False)
            )
            (output): BertSelfOutput(
              (dense): Linear(in_features=768, out_features=768, bias=True)
              (LayerNorm): LayerNorm((768,), eps=1e-12, elementwise_affine=True)
              (dropout): Dropout(p=0.1, inplace=False)
            )
          )
          (intermediate): BertIntermediate(
            (dense): Linear(in_features=768, out_features=3072, bias=True)
            (intermediate_act_fn): GELUActivation()
          )
          (output): BertOutput(
            (dense): Linear(in_features=3072, out_features=768, bias=True)
            (LayerNorm): LayerNorm((768,), eps=1e-12, elementwise_affine=True)
            (dropout): Dropout(p=0.1, inplace=False)
          )
        )
        (3): BertLayer(
          (attention): BertAttention(
            (self): BertSelfAttention(
              (query): Linear(in_features=768, out_features=768, bias=True)
              (key): Linear(in_features=768, out_features=768, bias=True)
              (value): Linear(in_features=768, out_features=768, bias=True)
              (dropout): Dropout(p=0.1, inplace=False)
            )
            (output): BertSelfOutput(
              (dense): Linear(in_features=768, out_features=768, bias=True)
              (LayerNorm): LayerNorm((768,), eps=1e-12, elementwise_affine=True)
              (dropout): Dropout(p=0.1, inplace=False)
            )
          )
          (intermediate): BertIntermediate(
            (dense): Linear(in_features=768, out_features=3072, bias=True)
            (intermediate_act_fn): GELUActivation()
          )
          (output): BertOutput(
            (dense): Linear(in_features=3072, out_features=768, bias=True)
            (LayerNorm): LayerNorm((768,), eps=1e-12, elementwise_affine=True)
            (dropout): Dropout(p=0.1, inplace=False)
          )
        )
        (4): BertLayer(
          (attention): BertAttention(
            (self): BertSelfAttention(
              (query): Linear(in_features=768, out_features=768, bias=True)
              (key): Linear(in_features=768, out_features=768, bias=True)
              (value): Linear(in_features=768, out_features=768, bias=True)
              (dropout): Dropout(p=0.1, inplace=False)
            )
            (output): BertSelfOutput(
              (dense): Linear(in_features=768, out_features=768, bias=True)
              (LayerNorm): LayerNorm((768,), eps=1e-12, elementwise_affine=True)
              (dropout): Dropout(p=0.1, inplace=False)
            )
          )
          (intermediate): BertIntermediate(
            (dense): Linear(in_features=768, out_features=3072, bias=True)
            (intermediate_act_fn): GELUActivation()
          )
          (output): BertOutput(
            (dense): Linear(in_features=3072, out_features=768, bias=True)
            (LayerNorm): LayerNorm((768,), eps=1e-12, elementwise_affine=True)
            (dropout): Dropout(p=0.1, inplace=False)
          )
        )
        (5): BertLayer(
          (attention): BertAttention(
            (self): BertSelfAttention(
              (query): Linear(in_features=768, out_features=768, bias=True)
              (key): Linear(in_features=768, out_features=768, bias=True)
              (value): Linear(in_features=768, out_features=768, bias=True)
              (dropout): Dropout(p=0.1, inplace=False)
            )
            (output): BertSelfOutput(
              (dense): Linear(in_features=768, out_features=768, bias=True)
              (LayerNorm): LayerNorm((768,), eps=1e-12, elementwise_affine=True)
              (dropout): Dropout(p=0.1, inplace=False)
            )
          )
          (intermediate): BertIntermediate(
            (dense): Linear(in_features=768, out_features=3072, bias=True)
            (intermediate_act_fn): GELUActivation()
          )
          (output): BertOutput(
            (dense): Linear(in_features=3072, out_features=768, bias=True)
            (LayerNorm): LayerNorm((768,), eps=1e-12, elementwise_affine=True)
            (dropout): Dropout(p=0.1, inplace=False)
          )
        )
        (6): BertLayer(
          (attention): BertAttention(
            (self): BertSelfAttention(
              (query): Linear(in_features=768, out_features=768, bias=True)
              (key): Linear(in_features=768, out_features=768, bias=True)
              (value): Linear(in_features=768, out_features=768, bias=True)
              (dropout): Dropout(p=0.1, inplace=False)
            )
            (output): BertSelfOutput(
              (dense): Linear(in_features=768, out_features=768, bias=True)
              (LayerNorm): LayerNorm((768,), eps=1e-12, elementwise_affine=True)
              (dropout): Dropout(p=0.1, inplace=False)
            )
          )
          (intermediate): BertIntermediate(
            (dense): Linear(in_features=768, out_features=3072, bias=True)
            (intermediate_act_fn): GELUActivation()
          )
          (output): BertOutput(
            (dense): Linear(in_features=3072, out_features=768, bias=True)
            (LayerNorm): LayerNorm((768,), eps=1e-12, elementwise_affine=True)
            (dropout): Dropout(p=0.1, inplace=False)
          )
        )
        (7): BertLayer(
          (attention): BertAttention(
            (self): BertSelfAttention(
              (query): Linear(in_features=768, out_features=768, bias=True)
              (key): Linear(in_features=768, out_features=768, bias=True)
              (value): Linear(in_features=768, out_features=768, bias=True)
              (dropout): Dropout(p=0.1, inplace=False)
            )
            (output): BertSelfOutput(
              (dense): Linear(in_features=768, out_features=768, bias=True)
              (LayerNorm): LayerNorm((768,), eps=1e-12, elementwise_affine=True)
              (dropout): Dropout(p=0.1, inplace=False)
            )
          )
          (intermediate): BertIntermediate(
            (dense): Linear(in_features=768, out_features=3072, bias=True)
            (intermediate_act_fn): GELUActivation()
          )
          (output): BertOutput(
            (dense): Linear(in_features=3072, out_features=768, bias=True)
            (LayerNorm): LayerNorm((768,), eps=1e-12, elementwise_affine=True)
            (dropout): Dropout(p=0.1, inplace=False)
          )
        )
        (8): BertLayer(
          (attention): BertAttention(
            (self): BertSelfAttention(
              (query): Linear(in_features=768, out_features=768, bias=True)
              (key): Linear(in_features=768, out_features=768, bias=True)
              (value): Linear(in_features=768, out_features=768, bias=True)
              (dropout): Dropout(p=0.1, inplace=False)
            )
            (output): BertSelfOutput(
              (dense): Linear(in_features=768, out_features=768, bias=True)
              (LayerNorm): LayerNorm((768,), eps=1e-12, elementwise_affine=True)
              (dropout): Dropout(p=0.1, inplace=False)
            )
          )
          (intermediate): BertIntermediate(
            (dense): Linear(in_features=768, out_features=3072, bias=True)
            (intermediate_act_fn): GELUActivation()
          )
          (output): BertOutput(
            (dense): Linear(in_features=3072, out_features=768, bias=True)
            (LayerNorm): LayerNorm((768,), eps=1e-12, elementwise_affine=True)
            (dropout): Dropout(p=0.1, inplace=False)
          )
        )
        (9): BertLayer(
          (attention): BertAttention(
            (self): BertSelfAttention(
              (query): Linear(in_features=768, out_features=768, bias=True)
              (key): Linear(in_features=768, out_features=768, bias=True)
              (value): Linear(in_features=768, out_features=768, bias=True)
              (dropout): Dropout(p=0.1, inplace=False)
            )
            (output): BertSelfOutput(
              (dense): Linear(in_features=768, out_features=768, bias=True)
              (LayerNorm): LayerNorm((768,), eps=1e-12, elementwise_affine=True)
              (dropout): Dropout(p=0.1, inplace=False)
            )
          )
          (intermediate): BertIntermediate(
            (dense): Linear(in_features=768, out_features=3072, bias=True)
            (intermediate_act_fn): GELUActivation()
          )
          (output): BertOutput(
            (dense): Linear(in_features=3072, out_features=768, bias=True)
            (LayerNorm): LayerNorm((768,), eps=1e-12, elementwise_affine=True)
            (dropout): Dropout(p=0.1, inplace=False)
          )
        )
        (10): BertLayer(
          (attention): BertAttention(
            (self): BertSelfAttention(
              (query): Linear(in_features=768, out_features=768, bias=True)
              (key): Linear(in_features=768, out_features=768, bias=True)
              (value): Linear(in_features=768, out_features=768, bias=True)
              (dropout): Dropout(p=0.1, inplace=False)
            )
            (output): BertSelfOutput(
              (dense): Linear(in_features=768, out_features=768, bias=True)
              (LayerNorm): LayerNorm((768,), eps=1e-12, elementwise_affine=True)
              (dropout): Dropout(p=0.1, inplace=False)
            )
          )
          (intermediate): BertIntermediate(
            (dense): Linear(in_features=768, out_features=3072, bias=True)
            (intermediate_act_fn): GELUActivation()
          )
          (output): BertOutput(
            (dense): Linear(in_features=3072, out_features=768, bias=True)
            (LayerNorm): LayerNorm((768,), eps=1e-12, elementwise_affine=True)
            (dropout): Dropout(p=0.1, inplace=False)
          )
        )
        (11): BertLayer(
          (attention): BertAttention(
            (self): BertSelfAttention(
              (query): Linear(in_features=768, out_features=768, bias=True)
              (key): Linear(in_features=768, out_features=768, bias=True)
              (value): Linear(in_features=768, out_features=768, bias=True)
              (dropout): Dropout(p=0.1, inplace=False)
            )
            (output): BertSelfOutput(
              (dense): Linear(in_features=768, out_features=768, bias=True)
              (LayerNorm): LayerNorm((768,), eps=1e-12, elementwise_affine=True)
              (dropout): Dropout(p=0.1, inplace=False)
            )
          )
          (intermediate): BertIntermediate(
            (dense): Linear(in_features=768, out_features=3072, bias=True)
            (intermediate_act_fn): GELUActivation()
          )
          (output): BertOutput(
            (dense): Linear(in_features=3072, out_features=768, bias=True)
            (LayerNorm): LayerNorm((768,), eps=1e-12, elementwise_affine=True)
            (dropout): Dropout(p=0.1, inplace=False)
          )
        )
      )
    )
  )
  (dropout): Dropout(p=0.1, inplace=False)
  (classifier): Linear(in_features=768, out_features=8, bias=True)
)
training_time:0.14207053184509277
loss:2.3960187435150146
{'APL': 0.0, 'CMT': 0.7955449482895784, 'DSC': 3.316510454217737, 'MAT': 7.291082445316882, 'PRO': 3.68809272918862, 'SMT': 0.8778346744696415, 'SPL': 0.33112582781456956, 'macro_f1': 0.023285987256138615, 'micro_f1': 0.02737850787132101}
training_time:0.10946321487426758
loss:1.87173330783844
training_time:0.11556577682495117
loss:1.3210855722427368
training_time:0.09973478317260742
loss:1.150624394416809
training_time:0.09990978240966797
loss:0.9505109190940857
training_time:0.10053753852844238
loss:0.848390519618988
training_time:0.09707808494567871
loss:0.9595931768417358
training_time:0.10129141807556152
loss:0.6628053188323975
training_time:0.09838557243347168
loss:0.7076842188835144
training_time:0.10080909729003906
loss:0.6893963813781738
training_time:0.10080695152282715
loss:0.7383979558944702
training_time:0.10181546211242676
loss:0.5464400053024292
training_time:0.10169768333435059
loss:0.6123318672180176
training_time:0.10406875610351562
loss:0.5163396000862122
training_time:0.10379886627197266
loss:0.7833637595176697
training_time:0.10481619834899902
loss:0.6122668981552124
training_time:0.10226321220397949
loss:0.5849882960319519
training_time:0.09688687324523926
loss:0.5772379040718079
training_time:0.10173535346984863
loss:0.4772182106971741
training_time:0.09842395782470703
loss:0.6022152900695801
{'APL': 4.166666666666667, 'CMT': 4.040404040404041, 'DSC': 1.9464720194647198, 'MAT': 8.682634730538922, 'PRO': 1.3513513513513513, 'SMT': 1.2738853503184715, 'SPL': 0.0, 'macro_f1': 0.03065916308392025, 'micro_f1': 0.03858784893267652}
training_time:0.10069680213928223
loss:0.5080872178077698
{'APL': 5.0761421319796955, 'CMT': 4.975124378109452, 'DSC': 2.4213075060532683, 'MAT': 8.836524300441827, 'PRO': 1.6150740242261103, 'SMT': 2.515723270440252, 'SPL': 0.0, 'macro_f1': 0.03634270801607229, 'micro_f1': 0.04305442729488221}
training_time:0.114715576171875
loss:0.6056354641914368
{'APL': 6.030150753768844, 'CMT': 7.729468599033817, 'DSC': 2.898550724637681, 'MAT': 10.709117221418234, 'PRO': 2.14190093708166, 'SMT': 3.7037037037037033, 'SPL': 0.0, 'macro_f1': 0.04744698848520563, 'micro_f1': 0.05459654757125652}
training_time:0.10380959510803223
loss:0.6419922113418579
{'APL': 6.0, 'CMT': 10.476190476190476, 'DSC': 3.3734939759036147, 'MAT': 11.477761836441895, 'PRO': 2.13903743315508, 'SMT': 6.0606060606060606, 'SPL': 0.0, 'macro_f1': 0.05646727111756732, 'micro_f1': 0.06142800159553251}
training_time:0.11625838279724121
loss:0.578953742980957
{'APL': 5.970149253731343, 'CMT': 10.476190476190476, 'DSC': 3.3734939759036147, 'MAT': 12.747875354107649, 'PRO': 2.1304926764314245, 'SMT': 5.882352941176471, 'SPL': 0.0, 'macro_f1': 0.057972220967915676, 'micro_f1': 0.06495049504950495}
training_time:0.10552167892456055
loss:0.4420909881591797
{'APL': 6.965174129353234, 'CMT': 13.953488372093027, 'DSC': 4.30622009569378, 'MAT': 13.986013986013985, 'PRO': 2.384105960264901, 'SMT': 8.045977011494253, 'SPL': 2.73972602739726, 'macro_f1': 0.07482957940330062, 'micro_f1': 0.0768326146609173}
training_time:0.10534358024597168
loss:0.529406726360321
{'APL': 6.9306930693069315, 'CMT': 13.953488372093027, 'DSC': 4.30622009569378, 'MAT': 14.504881450488147, 'PRO': 2.3778071334214004, 'SMT': 9.195402298850574, 'SPL': 2.73972602739726, 'macro_f1': 0.07715459778178732, 'micro_f1': 0.07902973395931143}
training_time:0.1101982593536377
loss:0.5172595381736755
{'APL': 6.9306930693069315, 'CMT': 15.66820276497696, 'DSC': 4.77326968973747, 'MAT': 14.999999999999996, 'PRO': 2.37467018469657, 'SMT': 9.142857142857142, 'SPL': 2.73972602739726, 'macro_f1': 0.08089916982710331, 'micro_f1': 0.0826833073322933}
training_time:0.10216188430786133
loss:0.49315518140792847
{'APL': 6.965174129353234, 'CMT': 15.66820276497696, 'DSC': 4.77326968973747, 'MAT': 15.491009681881051, 'PRO': 2.368421052631579, 'SMT': 9.090909090909092, 'SPL': 2.73972602739726, 'macro_f1': 0.08156673205269521, 'micro_f1': 0.08407940833008952}
training_time:0.10171222686767578
loss:0.48106375336647034
{'APL': 8.0, 'CMT': 15.66820276497696, 'DSC': 4.761904761904762, 'MAT': 16.23108665749656, 'PRO': 2.368421052631579, 'SMT': 9.090909090909092, 'SPL': 5.405405405405405, 'macro_f1': 0.08789418533332052, 'micro_f1': 0.0878010878010878}
training_time:0.10539603233337402
loss:0.6782461404800415
{'APL': 8.0, 'CMT': 15.59633027522936, 'DSC': 5.225653206650831, 'MAT': 16.23108665749656, 'PRO': 2.368421052631579, 'SMT': 9.090909090909092, 'SPL': 5.405405405405405, 'macro_f1': 0.08845400812617546, 'micro_f1': 0.08850931677018634}
{'APL': 4.784688995215311, 'CMT': 9.737827715355806, 'DSC': 6.550218340611355, 'MAT': 3.7249283667621778, 'PRO': 0.25380710659898476, 'SMT': 2.0618556701030926, 'SPL': 18.39080459770115, 'macro_f1': 0.06500590113192554, 'micro_f1': 0.042206590151795634}
