Some weights of the model checkpoint at m3rg-iitd/matscibert were not used when initializing BertForTokenClassification: ['cls.predictions.transform.dense.weight', 'cls.predictions.bias', 'cls.predictions.transform.LayerNorm.weight', 'cls.predictions.decoder.weight', 'cls.predictions.decoder.bias', 'cls.predictions.transform.dense.bias', 'cls.predictions.transform.LayerNorm.bias']
- This IS expected if you are initializing BertForTokenClassification from the checkpoint of a model trained on another task or with another architecture (e.g. initializing a BertForSequenceClassification model from a BertForPreTraining model).
- This IS NOT expected if you are initializing BertForTokenClassification from the checkpoint of a model that you expect to be exactly identical (initializing a BertForSequenceClassification model from a BertForSequenceClassification model).
Some weights of BertForTokenClassification were not initialized from the model checkpoint at m3rg-iitd/matscibert and are newly initialized: ['classifier.bias', 'classifier.weight']
You should probably TRAIN this model on a down-stream task to be able to use it for predictions and inference.
using device: cuda
46 511 546
['I-APL', 'I-CMT', 'I-DSC', 'I-MAT', 'I-PRO', 'I-SMT', 'I-SPL', 'O']
BertForTokenClassification(
  (bert): BertModel(
    (embeddings): BertEmbeddings(
      (word_embeddings): Embedding(31090, 768, padding_idx=0)
      (position_embeddings): Embedding(512, 768)
      (token_type_embeddings): Embedding(2, 768)
      (LayerNorm): LayerNorm((768,), eps=1e-12, elementwise_affine=True)
      (dropout): Dropout(p=0.1, inplace=False)
    )
    (encoder): BertEncoder(
      (layer): ModuleList(
        (0): BertLayer(
          (attention): BertAttention(
            (self): BertSelfAttention(
              (query): Linear(in_features=768, out_features=768, bias=True)
              (key): Linear(in_features=768, out_features=768, bias=True)
              (value): Linear(in_features=768, out_features=768, bias=True)
              (dropout): Dropout(p=0.1, inplace=False)
            )
            (output): BertSelfOutput(
              (dense): Linear(in_features=768, out_features=768, bias=True)
              (LayerNorm): LayerNorm((768,), eps=1e-12, elementwise_affine=True)
              (dropout): Dropout(p=0.1, inplace=False)
            )
          )
          (intermediate): BertIntermediate(
            (dense): Linear(in_features=768, out_features=3072, bias=True)
            (intermediate_act_fn): GELUActivation()
          )
          (output): BertOutput(
            (dense): Linear(in_features=3072, out_features=768, bias=True)
            (LayerNorm): LayerNorm((768,), eps=1e-12, elementwise_affine=True)
            (dropout): Dropout(p=0.1, inplace=False)
          )
        )
        (1): BertLayer(
          (attention): BertAttention(
            (self): BertSelfAttention(
              (query): Linear(in_features=768, out_features=768, bias=True)
              (key): Linear(in_features=768, out_features=768, bias=True)
              (value): Linear(in_features=768, out_features=768, bias=True)
              (dropout): Dropout(p=0.1, inplace=False)
            )
            (output): BertSelfOutput(
              (dense): Linear(in_features=768, out_features=768, bias=True)
              (LayerNorm): LayerNorm((768,), eps=1e-12, elementwise_affine=True)
              (dropout): Dropout(p=0.1, inplace=False)
            )
          )
          (intermediate): BertIntermediate(
            (dense): Linear(in_features=768, out_features=3072, bias=True)
            (intermediate_act_fn): GELUActivation()
          )
          (output): BertOutput(
            (dense): Linear(in_features=3072, out_features=768, bias=True)
            (LayerNorm): LayerNorm((768,), eps=1e-12, elementwise_affine=True)
            (dropout): Dropout(p=0.1, inplace=False)
          )
        )
        (2): BertLayer(
          (attention): BertAttention(
            (self): BertSelfAttention(
              (query): Linear(in_features=768, out_features=768, bias=True)
              (key): Linear(in_features=768, out_features=768, bias=True)
              (value): Linear(in_features=768, out_features=768, bias=True)
              (dropout): Dropout(p=0.1, inplace=False)
            )
            (output): BertSelfOutput(
              (dense): Linear(in_features=768, out_features=768, bias=True)
              (LayerNorm): LayerNorm((768,), eps=1e-12, elementwise_affine=True)
              (dropout): Dropout(p=0.1, inplace=False)
            )
          )
          (intermediate): BertIntermediate(
            (dense): Linear(in_features=768, out_features=3072, bias=True)
            (intermediate_act_fn): GELUActivation()
          )
          (output): BertOutput(
            (dense): Linear(in_features=3072, out_features=768, bias=True)
            (LayerNorm): LayerNorm((768,), eps=1e-12, elementwise_affine=True)
            (dropout): Dropout(p=0.1, inplace=False)
          )
        )
        (3): BertLayer(
          (attention): BertAttention(
            (self): BertSelfAttention(
              (query): Linear(in_features=768, out_features=768, bias=True)
              (key): Linear(in_features=768, out_features=768, bias=True)
              (value): Linear(in_features=768, out_features=768, bias=True)
              (dropout): Dropout(p=0.1, inplace=False)
            )
            (output): BertSelfOutput(
              (dense): Linear(in_features=768, out_features=768, bias=True)
              (LayerNorm): LayerNorm((768,), eps=1e-12, elementwise_affine=True)
              (dropout): Dropout(p=0.1, inplace=False)
            )
          )
          (intermediate): BertIntermediate(
            (dense): Linear(in_features=768, out_features=3072, bias=True)
            (intermediate_act_fn): GELUActivation()
          )
          (output): BertOutput(
            (dense): Linear(in_features=3072, out_features=768, bias=True)
            (LayerNorm): LayerNorm((768,), eps=1e-12, elementwise_affine=True)
            (dropout): Dropout(p=0.1, inplace=False)
          )
        )
        (4): BertLayer(
          (attention): BertAttention(
            (self): BertSelfAttention(
              (query): Linear(in_features=768, out_features=768, bias=True)
              (key): Linear(in_features=768, out_features=768, bias=True)
              (value): Linear(in_features=768, out_features=768, bias=True)
              (dropout): Dropout(p=0.1, inplace=False)
            )
            (output): BertSelfOutput(
              (dense): Linear(in_features=768, out_features=768, bias=True)
              (LayerNorm): LayerNorm((768,), eps=1e-12, elementwise_affine=True)
              (dropout): Dropout(p=0.1, inplace=False)
            )
          )
          (intermediate): BertIntermediate(
            (dense): Linear(in_features=768, out_features=3072, bias=True)
            (intermediate_act_fn): GELUActivation()
          )
          (output): BertOutput(
            (dense): Linear(in_features=3072, out_features=768, bias=True)
            (LayerNorm): LayerNorm((768,), eps=1e-12, elementwise_affine=True)
            (dropout): Dropout(p=0.1, inplace=False)
          )
        )
        (5): BertLayer(
          (attention): BertAttention(
            (self): BertSelfAttention(
              (query): Linear(in_features=768, out_features=768, bias=True)
              (key): Linear(in_features=768, out_features=768, bias=True)
              (value): Linear(in_features=768, out_features=768, bias=True)
              (dropout): Dropout(p=0.1, inplace=False)
            )
            (output): BertSelfOutput(
              (dense): Linear(in_features=768, out_features=768, bias=True)
              (LayerNorm): LayerNorm((768,), eps=1e-12, elementwise_affine=True)
              (dropout): Dropout(p=0.1, inplace=False)
            )
          )
          (intermediate): BertIntermediate(
            (dense): Linear(in_features=768, out_features=3072, bias=True)
            (intermediate_act_fn): GELUActivation()
          )
          (output): BertOutput(
            (dense): Linear(in_features=3072, out_features=768, bias=True)
            (LayerNorm): LayerNorm((768,), eps=1e-12, elementwise_affine=True)
            (dropout): Dropout(p=0.1, inplace=False)
          )
        )
        (6): BertLayer(
          (attention): BertAttention(
            (self): BertSelfAttention(
              (query): Linear(in_features=768, out_features=768, bias=True)
              (key): Linear(in_features=768, out_features=768, bias=True)
              (value): Linear(in_features=768, out_features=768, bias=True)
              (dropout): Dropout(p=0.1, inplace=False)
            )
            (output): BertSelfOutput(
              (dense): Linear(in_features=768, out_features=768, bias=True)
              (LayerNorm): LayerNorm((768,), eps=1e-12, elementwise_affine=True)
              (dropout): Dropout(p=0.1, inplace=False)
            )
          )
          (intermediate): BertIntermediate(
            (dense): Linear(in_features=768, out_features=3072, bias=True)
            (intermediate_act_fn): GELUActivation()
          )
          (output): BertOutput(
            (dense): Linear(in_features=3072, out_features=768, bias=True)
            (LayerNorm): LayerNorm((768,), eps=1e-12, elementwise_affine=True)
            (dropout): Dropout(p=0.1, inplace=False)
          )
        )
        (7): BertLayer(
          (attention): BertAttention(
            (self): BertSelfAttention(
              (query): Linear(in_features=768, out_features=768, bias=True)
              (key): Linear(in_features=768, out_features=768, bias=True)
              (value): Linear(in_features=768, out_features=768, bias=True)
              (dropout): Dropout(p=0.1, inplace=False)
            )
            (output): BertSelfOutput(
              (dense): Linear(in_features=768, out_features=768, bias=True)
              (LayerNorm): LayerNorm((768,), eps=1e-12, elementwise_affine=True)
              (dropout): Dropout(p=0.1, inplace=False)
            )
          )
          (intermediate): BertIntermediate(
            (dense): Linear(in_features=768, out_features=3072, bias=True)
            (intermediate_act_fn): GELUActivation()
          )
          (output): BertOutput(
            (dense): Linear(in_features=3072, out_features=768, bias=True)
            (LayerNorm): LayerNorm((768,), eps=1e-12, elementwise_affine=True)
            (dropout): Dropout(p=0.1, inplace=False)
          )
        )
        (8): BertLayer(
          (attention): BertAttention(
            (self): BertSelfAttention(
              (query): Linear(in_features=768, out_features=768, bias=True)
              (key): Linear(in_features=768, out_features=768, bias=True)
              (value): Linear(in_features=768, out_features=768, bias=True)
              (dropout): Dropout(p=0.1, inplace=False)
            )
            (output): BertSelfOutput(
              (dense): Linear(in_features=768, out_features=768, bias=True)
              (LayerNorm): LayerNorm((768,), eps=1e-12, elementwise_affine=True)
              (dropout): Dropout(p=0.1, inplace=False)
            )
          )
          (intermediate): BertIntermediate(
            (dense): Linear(in_features=768, out_features=3072, bias=True)
            (intermediate_act_fn): GELUActivation()
          )
          (output): BertOutput(
            (dense): Linear(in_features=3072, out_features=768, bias=True)
            (LayerNorm): LayerNorm((768,), eps=1e-12, elementwise_affine=True)
            (dropout): Dropout(p=0.1, inplace=False)
          )
        )
        (9): BertLayer(
          (attention): BertAttention(
            (self): BertSelfAttention(
              (query): Linear(in_features=768, out_features=768, bias=True)
              (key): Linear(in_features=768, out_features=768, bias=True)
              (value): Linear(in_features=768, out_features=768, bias=True)
              (dropout): Dropout(p=0.1, inplace=False)
            )
            (output): BertSelfOutput(
              (dense): Linear(in_features=768, out_features=768, bias=True)
              (LayerNorm): LayerNorm((768,), eps=1e-12, elementwise_affine=True)
              (dropout): Dropout(p=0.1, inplace=False)
            )
          )
          (intermediate): BertIntermediate(
            (dense): Linear(in_features=768, out_features=3072, bias=True)
            (intermediate_act_fn): GELUActivation()
          )
          (output): BertOutput(
            (dense): Linear(in_features=3072, out_features=768, bias=True)
            (LayerNorm): LayerNorm((768,), eps=1e-12, elementwise_affine=True)
            (dropout): Dropout(p=0.1, inplace=False)
          )
        )
        (10): BertLayer(
          (attention): BertAttention(
            (self): BertSelfAttention(
              (query): Linear(in_features=768, out_features=768, bias=True)
              (key): Linear(in_features=768, out_features=768, bias=True)
              (value): Linear(in_features=768, out_features=768, bias=True)
              (dropout): Dropout(p=0.1, inplace=False)
            )
            (output): BertSelfOutput(
              (dense): Linear(in_features=768, out_features=768, bias=True)
              (LayerNorm): LayerNorm((768,), eps=1e-12, elementwise_affine=True)
              (dropout): Dropout(p=0.1, inplace=False)
            )
          )
          (intermediate): BertIntermediate(
            (dense): Linear(in_features=768, out_features=3072, bias=True)
            (intermediate_act_fn): GELUActivation()
          )
          (output): BertOutput(
            (dense): Linear(in_features=3072, out_features=768, bias=True)
            (LayerNorm): LayerNorm((768,), eps=1e-12, elementwise_affine=True)
            (dropout): Dropout(p=0.1, inplace=False)
          )
        )
        (11): BertLayer(
          (attention): BertAttention(
            (self): BertSelfAttention(
              (query): Linear(in_features=768, out_features=768, bias=True)
              (key): Linear(in_features=768, out_features=768, bias=True)
              (value): Linear(in_features=768, out_features=768, bias=True)
              (dropout): Dropout(p=0.1, inplace=False)
            )
            (output): BertSelfOutput(
              (dense): Linear(in_features=768, out_features=768, bias=True)
              (LayerNorm): LayerNorm((768,), eps=1e-12, elementwise_affine=True)
              (dropout): Dropout(p=0.1, inplace=False)
            )
          )
          (intermediate): BertIntermediate(
            (dense): Linear(in_features=768, out_features=3072, bias=True)
            (intermediate_act_fn): GELUActivation()
          )
          (output): BertOutput(
            (dense): Linear(in_features=3072, out_features=768, bias=True)
            (LayerNorm): LayerNorm((768,), eps=1e-12, elementwise_affine=True)
            (dropout): Dropout(p=0.1, inplace=False)
          )
        )
      )
    )
  )
  (dropout): Dropout(p=0.1, inplace=False)
  (classifier): Linear(in_features=768, out_features=8, bias=True)
)
training_time:0.15207505226135254
loss:2.0801007747650146
{'APL': 1.7070979335130279, 'CMT': 1.4962593516209477, 'DSC': 1.0787486515641855, 'MAT': 6.574141709276845, 'PRO': 0.9383378016085792, 'SMT': 0.5681818181818181, 'SPL': 1.6000000000000003, 'macro_f1': 0.019946810379664864, 'micro_f1': 0.022312639453996586}
training_time:0.08756828308105469
loss:1.5739219188690186
training_time:0.08726978302001953
loss:1.326773762702942
training_time:0.0890798568725586
loss:1.0658544301986694
training_time:0.09096074104309082
loss:0.7902068495750427
training_time:0.09033751487731934
loss:0.9981200695037842
training_time:0.09183454513549805
loss:0.6750927567481995
training_time:0.08831405639648438
loss:0.7242820262908936
training_time:0.09080100059509277
loss:0.6999436616897583
training_time:0.09074950218200684
loss:0.8637123703956604
training_time:0.09115815162658691
loss:0.7894238233566284
training_time:0.08931612968444824
loss:0.6724768877029419
training_time:0.09034347534179688
loss:0.6321418285369873
training_time:0.10284876823425293
loss:0.6608246564865112
training_time:0.09888172149658203
loss:0.549897313117981
training_time:0.09239816665649414
loss:0.7047520279884338
training_time:0.09995293617248535
loss:0.5309292078018188
{'APL': 3.3707865168539333, 'CMT': 5.084745762711865, 'DSC': 0.0, 'MAT': 0.32206119162640895, 'PRO': 0.0, 'SMT': 0.0, 'SPL': 5.47945205479452, 'macro_f1': 0.02036720789426675, 'micro_f1': 0.010025062656641605}
training_time:0.08709502220153809
loss:0.5885080099105835
{'APL': 4.395604395604395, 'CMT': 7.346938775510205, 'DSC': 0.9732360097323599, 'MAT': 0.6430868167202572, 'PRO': 0.0, 'SMT': 1.3793103448275863, 'SPL': 8.0, 'macro_f1': 0.03248310906056401, 'micro_f1': 0.017391304347826087}
training_time:0.08831572532653809
loss:0.5220795273780823
{'APL': 4.371584699453552, 'CMT': 8.627450980392156, 'DSC': 0.9592326139088728, 'MAT': 1.6, 'PRO': 0.0, 'SMT': 1.3793103448275863, 'SPL': 8.0, 'macro_f1': 0.03562511234083167, 'micro_f1': 0.021346469622331693}
training_time:0.10242795944213867
loss:0.5365599393844604
{'APL': 4.27807486631016, 'CMT': 9.375000000000002, 'DSC': 1.431980906921241, 'MAT': 1.9138755980861244, 'PRO': 0.0, 'SMT': 1.324503311258278, 'SPL': 10.526315789473683, 'macro_f1': 0.04121392924578499, 'micro_f1': 0.02442002442002442}
training_time:0.08779764175415039
loss:0.43360385298728943
{'APL': 4.18848167539267, 'CMT': 10.196078431372548, 'DSC': 2.375296912114014, 'MAT': 2.5396825396825395, 'PRO': 0.0, 'SMT': 1.2820512820512822, 'SPL': 10.526315789473683, 'macro_f1': 0.044439866614409615, 'micro_f1': 0.02834008097165992}
training_time:0.0922391414642334
loss:0.5403457880020142
{'APL': 4.18848167539267, 'CMT': 10.276679841897232, 'DSC': 3.3175355450236967, 'MAT': 2.535657686212361, 'PRO': 0.0, 'SMT': 2.5, 'SPL': 10.526315789473683, 'macro_f1': 0.04763524362571379, 'micro_f1': 0.030707070707070707}
training_time:0.10960912704467773
loss:0.5371165871620178
{'APL': 4.18848167539267, 'CMT': 10.276679841897232, 'DSC': 4.716981132075472, 'MAT': 3.4700315457413247, 'PRO': 0.0, 'SMT': 2.469135802469136, 'SPL': 12.82051282051282, 'macro_f1': 0.05420260402584093, 'micro_f1': 0.03621730382293762}
training_time:0.08737015724182129
loss:0.41748046875
{'APL': 4.18848167539267, 'CMT': 10.317460317460318, 'DSC': 5.633802816901409, 'MAT': 3.4645669291338583, 'PRO': 0.0, 'SMT': 2.4096385542168677, 'SPL': 15.18987341772152, 'macro_f1': 0.058862605301180926, 'micro_f1': 0.03850782190132371}
training_time:0.10199189186096191
loss:0.3767639398574829
{'APL': 4.18848167539267, 'CMT': 10.196078431372548, 'DSC': 6.074766355140187, 'MAT': 4.081632653061225, 'PRO': 0.2684563758389262, 'SMT': 2.4096385542168677, 'SPL': 17.283950617283953, 'macro_f1': 0.06357572094615198, 'micro_f1': 0.04234918098282062}
training_time:0.09032869338989258
loss:0.40146908164024353
{'APL': 4.18848167539267, 'CMT': 10.276679841897232, 'DSC': 6.074766355140187, 'MAT': 4.081632653061225, 'PRO': 0.2680965147453083, 'SMT': 2.4096385542168677, 'SPL': 17.283950617283953, 'macro_f1': 0.0636903517310535, 'micro_f1': 0.042366107114308556}
training_time:0.09148025512695312
loss:0.4474404752254486
training_time:0.09466910362243652
loss:0.4194200932979584
{'APL': 4.18848167539267, 'CMT': 10.317460317460318, 'DSC': 6.074766355140187, 'MAT': 4.081632653061225, 'PRO': 0.2684563758389262, 'SMT': 2.4096385542168677, 'SPL': 17.283950617283953, 'macro_f1': 0.06374912364056307, 'micro_f1': 0.0424}
training_time:0.0873255729675293
loss:0.4294920265674591
{'APL': 4.18848167539267, 'CMT': 10.317460317460318, 'DSC': 6.074766355140187, 'MAT': 4.081632653061225, 'PRO': 0.2684563758389262, 'SMT': 2.4096385542168677, 'SPL': 19.51219512195122, 'macro_f1': 0.06693233007580203, 'micro_f1': 0.0431827269092363}
training_time:0.09677338600158691
loss:0.5046327710151672
{'APL': 4.784688995215311, 'CMT': 9.737827715355806, 'DSC': 6.550218340611355, 'MAT': 3.7249283667621778, 'PRO': 0.25380710659898476, 'SMT': 2.0618556701030926, 'SPL': 18.39080459770115, 'macro_f1': 0.06500590113192554, 'micro_f1': 0.042206590151795634}
