/home/liwentao/miniconda3/envs/py38/lib/python3.8/site-packages/transformers/generation_utils.py:24: FutureWarning: Importing `GenerationMixin` from `src/transformers/generation_utils.py` is deprecated and will be removed in Transformers v5. Import as `from transformers import GenerationMixin` instead.
  warnings.warn(
05/31/2023 14:49:44 - INFO - __main__ - Distributed environment: NO
Num processes: 1
Process index: 0
Local process index: 0
Device: cuda

Mixed precision type: no

05/31/2023 14:49:46 - WARNING - datasets.builder - Found cached dataset json (/home/liwentao/.cache/huggingface/datasets/json/default-047bc124c66a88ee/0.0.0/0f7e3662623656454fcd2b650f34e886a7db4b9104504885bd462096cc7a9f51)
################## Hyper-parameters: ##################
epochs:100,lr:0.005, batch_size:4, shot:2, proto_dim:160, logits_weight:10.0, weight_decay:1e-05 
################## Hyper-parameters: ##################
shot and proto_dim
proto_dim: 32
model_logits_weight: 20
num_train_epochs: 35
  0%|          | 0/2 [00:00<?, ?it/s]100%|██████████| 2/2 [00:00<00:00, 1190.89it/s]
loading configuration file config.json from cache at /home/liwentao/.cache/huggingface/hub/models--roberta-large/snapshots/716877d372b884cad6d419d828bac6c85b3b18d9/config.json
Model config RobertaConfig {
  "_name_or_path": "roberta-large",
  "architectures": [
    "RobertaForMaskedLM"
  ],
  "attention_probs_dropout_prob": 0.1,
  "bos_token_id": 0,
  "classifier_dropout": null,
  "eos_token_id": 2,
  "hidden_act": "gelu",
  "hidden_dropout_prob": 0.1,
  "hidden_size": 1024,
  "initializer_range": 0.02,
  "intermediate_size": 4096,
  "layer_norm_eps": 1e-05,
  "max_position_embeddings": 514,
  "model_type": "roberta",
  "num_attention_heads": 16,
  "num_hidden_layers": 24,
  "pad_token_id": 1,
  "position_embedding_type": "absolute",
  "transformers_version": "4.27.1",
  "type_vocab_size": 1,
  "use_cache": true,
  "vocab_size": 50265
}

Could not locate the tokenizer configuration file, will try to use the model config instead.
loading configuration file config.json from cache at /home/liwentao/.cache/huggingface/hub/models--roberta-large/snapshots/716877d372b884cad6d419d828bac6c85b3b18d9/config.json
Model config RobertaConfig {
  "_name_or_path": "roberta-large",
  "architectures": [
    "RobertaForMaskedLM"
  ],
  "attention_probs_dropout_prob": 0.1,
  "bos_token_id": 0,
  "classifier_dropout": null,
  "eos_token_id": 2,
  "hidden_act": "gelu",
  "hidden_dropout_prob": 0.1,
  "hidden_size": 1024,
  "initializer_range": 0.02,
  "intermediate_size": 4096,
  "layer_norm_eps": 1e-05,
  "max_position_embeddings": 514,
  "model_type": "roberta",
  "num_attention_heads": 16,
  "num_hidden_layers": 24,
  "pad_token_id": 1,
  "position_embedding_type": "absolute",
  "transformers_version": "4.27.1",
  "type_vocab_size": 1,
  "use_cache": true,
  "vocab_size": 50265
}

loading file vocab.json from cache at /home/liwentao/.cache/huggingface/hub/models--roberta-large/snapshots/716877d372b884cad6d419d828bac6c85b3b18d9/vocab.json
loading file merges.txt from cache at /home/liwentao/.cache/huggingface/hub/models--roberta-large/snapshots/716877d372b884cad6d419d828bac6c85b3b18d9/merges.txt
loading file tokenizer.json from cache at /home/liwentao/.cache/huggingface/hub/models--roberta-large/snapshots/716877d372b884cad6d419d828bac6c85b3b18d9/tokenizer.json
loading file added_tokens.json from cache at None
loading file special_tokens_map.json from cache at None
loading file tokenizer_config.json from cache at None
loading configuration file config.json from cache at /home/liwentao/.cache/huggingface/hub/models--roberta-large/snapshots/716877d372b884cad6d419d828bac6c85b3b18d9/config.json
Model config RobertaConfig {
  "_name_or_path": "roberta-large",
  "architectures": [
    "RobertaForMaskedLM"
  ],
  "attention_probs_dropout_prob": 0.1,
  "bos_token_id": 0,
  "classifier_dropout": null,
  "eos_token_id": 2,
  "hidden_act": "gelu",
  "hidden_dropout_prob": 0.1,
  "hidden_size": 1024,
  "initializer_range": 0.02,
  "intermediate_size": 4096,
  "layer_norm_eps": 1e-05,
  "max_position_embeddings": 514,
  "model_type": "roberta",
  "num_attention_heads": 16,
  "num_hidden_layers": 24,
  "pad_token_id": 1,
  "position_embedding_type": "absolute",
  "transformers_version": "4.27.1",
  "type_vocab_size": 1,
  "use_cache": true,
  "vocab_size": 50265
}

loading weights file pytorch_model.bin from cache at /home/liwentao/.cache/huggingface/hub/models--roberta-large/snapshots/716877d372b884cad6d419d828bac6c85b3b18d9/pytorch_model.bin
All model checkpoint weights were used when initializing RobertaForMaskedLM.

All the weights of RobertaForMaskedLM were initialized from the model checkpoint at roberta-large.
If your task is similar to the task the model of the checkpoint was trained on, you can already use RobertaForMaskedLM for predictions without further training.
Loading label map from scripts/matsciner/proto_verbalizer.json...
{'I-CMT': ['electron'], 'I-MAT': ['silicon'], 'I-DSC': ['doped'], 'I-PRO': ['properties'], 'I-SMT': ['annealing'], 'I-APL': ['coating'], 'I-SPL': ['cubic']}
{'O': 0, 'I-CMT': 1, 'I-MAT': 2, 'I-DSC': 3, 'I-PRO': 4, 'I-SMT': 5, 'I-APL': 6, 'I-SPL': 7, 'B-CMT': 8, 'B-MAT': 9, 'B-DSC': 10, 'B-PRO': 11, 'B-SMT': 12, 'B-APL': 13, 'B-SPL': 14}
{'I-CMT': ['electron'], 'I-MAT': ['silicon'], 'I-DSC': ['doped'], 'I-PRO': ['properties'], 'I-SMT': ['annealing'], 'I-APL': ['coating'], 'I-SPL': ['cubic']}
Running tokenizer on dataset:   0%|          | 0/9 [00:00<?, ? examples/s]                                                                          Running tokenizer on dataset:   0%|          | 0/546 [00:00<?, ? examples/s]Running tokenizer on dataset: 100%|██████████| 546/546 [00:00<00:00, 2118.57 examples/s]                                                                                        /home/liwentao/Dec-Tuning-in-Mat/run_ner_dect.py:563: FutureWarning: load_metric is deprecated and will be removed in the next major version of datasets. Use 'evaluate.load' instead, from the new library 🤗 Evaluate: https://huggingface.co/docs/evaluate
  metric = load_metric("./seqeval_metric.py")
05/31/2023 14:49:56 - INFO - __main__ - ***** Running training *****
05/31/2023 14:49:56 - INFO - __main__ -   Num examples = 9
05/31/2023 14:49:56 - INFO - __main__ -   Num Epochs = 35
05/31/2023 14:49:56 - INFO - __main__ -   Instantaneous batch size per device = 4
05/31/2023 14:49:56 - INFO - __main__ -   Total train batch size (w. parallel, distributed & accumulation) = 4
05/31/2023 14:49:56 - INFO - __main__ -   Gradient Accumulation steps = 1
05/31/2023 14:49:56 - INFO - __main__ -   Total optimization steps = 105
tensor([3, 3, 3, 3, 3, 3, 3], device='cuda:0')
  0%|          | 0/105 [00:00<?, ?it/s]/home/liwentao/Dec-Tuning-in-Mat/dect_trainer.py:379: UserWarning: Implicit dimension choice for softmax has been deprecated. Change the call to include dim=X as an argument.
  logits = F.softmax(self.extract_logits(batch_logits))
Total epoch: 0. epoch loss: 16.519550323486328
Total epoch: 1. epoch loss: 16.237537384033203
Total epoch: 2. epoch loss: 15.955960273742676
Total epoch: 3. epoch loss: 15.674312591552734
Total epoch: 4. epoch loss: 15.392399787902832
Total epoch: 5. epoch loss: 15.110321044921875
Total epoch: 6. epoch loss: 14.82833194732666
Total epoch: 7. epoch loss: 14.546713829040527
Total epoch: 8. epoch loss: 14.26579475402832
Total epoch: 9. epoch loss: 13.985877990722656
Total epoch: 10. epoch loss: 13.707265853881836
Total epoch: 11. epoch loss: 13.430257797241211
Total epoch: 12. epoch loss: 13.155158996582031
Total epoch: 13. epoch loss: 12.882245063781738
Total epoch: 14. epoch loss: 12.611774444580078
Total epoch: 15. epoch loss: 12.344033241271973
Total epoch: 16. epoch loss: 12.079190254211426
Total epoch: 17. epoch loss: 11.817485809326172
Total epoch: 18. epoch loss: 11.559030532836914
Total epoch: 19. epoch loss: 11.30396556854248
Total epoch: 20. epoch loss: 11.052390098571777
Total epoch: 21. epoch loss: 10.804359436035156
Total epoch: 22. epoch loss: 10.559995651245117
Total epoch: 23. epoch loss: 10.31926155090332
Total epoch: 24. epoch loss: 10.082231521606445
Total epoch: 25. epoch loss: 9.848854064941406
Total epoch: 26. epoch loss: 9.61921215057373
Total epoch: 27. epoch loss: 9.39321517944336
Total epoch: 28. epoch loss: 9.170866966247559
Total epoch: 29. epoch loss: 8.952129364013672
Total epoch: 30. epoch loss: 8.7369966506958
Total epoch: 31. epoch loss: 8.525395393371582
Total epoch: 32. epoch loss: 8.317241668701172
Total epoch: 33. epoch loss: 8.112570762634277
Total epoch: 34. epoch loss: 7.911263942718506
Total epoch: 34. DecT loss: 7.911263942718506
Training time: 0.2126152515411377
APL_precision: 0.08571428571428572, APL_recall: 0.2823529411764706, APL_f1: 0.13150684931506848, APL_number: 170
CMT_precision: 0.03464755077658303, CMT_recall: 0.14871794871794872, CMT_f1: 0.0562015503875969, CMT_number: 195
DSC_precision: 0.16959798994974876, DSC_recall: 0.30892448512585813, DSC_f1: 0.21897810218978103, DSC_number: 437
MAT_precision: 0.3770856507230256, MAT_recall: 0.4970674486803519, MAT_f1: 0.428842504743833, MAT_number: 682
PRO_precision: 0.11406844106463879, PRO_recall: 0.11673151750972763, PRO_f1: 0.11538461538461538, PRO_number: 771
SMT_precision: 0.08158508158508158, SMT_recall: 0.2046783625730994, SMT_f1: 0.11666666666666667, SMT_number: 171
SPL_precision: 0.06751054852320675, SPL_recall: 0.21333333333333335, SPL_f1: 0.10256410256410256, SPL_number: 75
overall_precision: 0.1521882559929624, overall_recall: 0.27668932427029186, overall_f1: 0.19636776390465377, overall_accuracy: 0.6426070177946116
finish test
Traceback (most recent call last):
  File "/home/liwentao/Dec-Tuning-in-Mat/run_ner_dect.py", line 985, in <module>
    main()
  File "/home/liwentao/Dec-Tuning-in-Mat/run_ner_dect.py", line 808, in main
    runner.run(train_dataloader,None ,eval_dataloader)
  File "/home/liwentao/Dec-Tuning-in-Mat/dect_trainer.py", line 487, in run
    return score
NameError: name 'score' is not defined
  0%|          | 0/105 [00:04<?, ?it/s]