/home/liwentao/miniconda3/envs/py38/lib/python3.8/site-packages/transformers/generation_utils.py:24: FutureWarning: Importing `GenerationMixin` from `src/transformers/generation_utils.py` is deprecated and will be removed in Transformers v5. Import as `from transformers import GenerationMixin` instead.
  warnings.warn(
05/31/2023 14:49:44 - INFO - __main__ - Distributed environment: NO
Num processes: 1
Process index: 0
Local process index: 0
Device: cuda

Mixed precision type: no

05/31/2023 14:49:46 - WARNING - datasets.builder - Found cached dataset json (/home/liwentao/.cache/huggingface/datasets/json/default-d4ae5fe9fd32b8ca/0.0.0/0f7e3662623656454fcd2b650f34e886a7db4b9104504885bd462096cc7a9f51)
################## Hyper-parameters: ##################
epochs:100,lr:0.005, batch_size:4, shot:2, proto_dim:160, logits_weight:10.0, weight_decay:1e-05 
################## Hyper-parameters: ##################
shot and proto_dim
proto_dim: 32
model_logits_weight: 20
num_train_epochs: 35
  0%|          | 0/2 [00:00<?, ?it/s]100%|██████████| 2/2 [00:00<00:00, 999.00it/s]
loading configuration file config.json from cache at /home/liwentao/.cache/huggingface/hub/models--roberta-large/snapshots/716877d372b884cad6d419d828bac6c85b3b18d9/config.json
Model config RobertaConfig {
  "_name_or_path": "roberta-large",
  "architectures": [
    "RobertaForMaskedLM"
  ],
  "attention_probs_dropout_prob": 0.1,
  "bos_token_id": 0,
  "classifier_dropout": null,
  "eos_token_id": 2,
  "hidden_act": "gelu",
  "hidden_dropout_prob": 0.1,
  "hidden_size": 1024,
  "initializer_range": 0.02,
  "intermediate_size": 4096,
  "layer_norm_eps": 1e-05,
  "max_position_embeddings": 514,
  "model_type": "roberta",
  "num_attention_heads": 16,
  "num_hidden_layers": 24,
  "pad_token_id": 1,
  "position_embedding_type": "absolute",
  "transformers_version": "4.27.1",
  "type_vocab_size": 1,
  "use_cache": true,
  "vocab_size": 50265
}

Could not locate the tokenizer configuration file, will try to use the model config instead.
loading configuration file config.json from cache at /home/liwentao/.cache/huggingface/hub/models--roberta-large/snapshots/716877d372b884cad6d419d828bac6c85b3b18d9/config.json
Model config RobertaConfig {
  "_name_or_path": "roberta-large",
  "architectures": [
    "RobertaForMaskedLM"
  ],
  "attention_probs_dropout_prob": 0.1,
  "bos_token_id": 0,
  "classifier_dropout": null,
  "eos_token_id": 2,
  "hidden_act": "gelu",
  "hidden_dropout_prob": 0.1,
  "hidden_size": 1024,
  "initializer_range": 0.02,
  "intermediate_size": 4096,
  "layer_norm_eps": 1e-05,
  "max_position_embeddings": 514,
  "model_type": "roberta",
  "num_attention_heads": 16,
  "num_hidden_layers": 24,
  "pad_token_id": 1,
  "position_embedding_type": "absolute",
  "transformers_version": "4.27.1",
  "type_vocab_size": 1,
  "use_cache": true,
  "vocab_size": 50265
}

loading file vocab.json from cache at /home/liwentao/.cache/huggingface/hub/models--roberta-large/snapshots/716877d372b884cad6d419d828bac6c85b3b18d9/vocab.json
loading file merges.txt from cache at /home/liwentao/.cache/huggingface/hub/models--roberta-large/snapshots/716877d372b884cad6d419d828bac6c85b3b18d9/merges.txt
loading file tokenizer.json from cache at /home/liwentao/.cache/huggingface/hub/models--roberta-large/snapshots/716877d372b884cad6d419d828bac6c85b3b18d9/tokenizer.json
loading file added_tokens.json from cache at None
loading file special_tokens_map.json from cache at None
loading file tokenizer_config.json from cache at None
loading configuration file config.json from cache at /home/liwentao/.cache/huggingface/hub/models--roberta-large/snapshots/716877d372b884cad6d419d828bac6c85b3b18d9/config.json
Model config RobertaConfig {
  "_name_or_path": "roberta-large",
  "architectures": [
    "RobertaForMaskedLM"
  ],
  "attention_probs_dropout_prob": 0.1,
  "bos_token_id": 0,
  "classifier_dropout": null,
  "eos_token_id": 2,
  "hidden_act": "gelu",
  "hidden_dropout_prob": 0.1,
  "hidden_size": 1024,
  "initializer_range": 0.02,
  "intermediate_size": 4096,
  "layer_norm_eps": 1e-05,
  "max_position_embeddings": 514,
  "model_type": "roberta",
  "num_attention_heads": 16,
  "num_hidden_layers": 24,
  "pad_token_id": 1,
  "position_embedding_type": "absolute",
  "transformers_version": "4.27.1",
  "type_vocab_size": 1,
  "use_cache": true,
  "vocab_size": 50265
}

loading weights file pytorch_model.bin from cache at /home/liwentao/.cache/huggingface/hub/models--roberta-large/snapshots/716877d372b884cad6d419d828bac6c85b3b18d9/pytorch_model.bin
All model checkpoint weights were used when initializing RobertaForMaskedLM.

All the weights of RobertaForMaskedLM were initialized from the model checkpoint at roberta-large.
If your task is similar to the task the model of the checkpoint was trained on, you can already use RobertaForMaskedLM for predictions without further training.
Loading label map from scripts/matsciner/proto_verbalizer.json...
{'I-CMT': ['electron'], 'I-MAT': ['silicon'], 'I-DSC': ['doped'], 'I-PRO': ['properties'], 'I-SMT': ['annealing'], 'I-APL': ['coating'], 'I-SPL': ['cubic']}
{'O': 0, 'I-CMT': 1, 'I-MAT': 2, 'I-DSC': 3, 'I-PRO': 4, 'I-SMT': 5, 'I-APL': 6, 'I-SPL': 7, 'B-CMT': 8, 'B-MAT': 9, 'B-DSC': 10, 'B-PRO': 11, 'B-SMT': 12, 'B-APL': 13, 'B-SPL': 14}
{'I-CMT': ['electron'], 'I-MAT': ['silicon'], 'I-DSC': ['doped'], 'I-PRO': ['properties'], 'I-SMT': ['annealing'], 'I-APL': ['coating'], 'I-SPL': ['cubic']}
Running tokenizer on dataset:   0%|          | 0/6 [00:00<?, ? examples/s]                                                                          Running tokenizer on dataset:   0%|          | 0/546 [00:00<?, ? examples/s]Running tokenizer on dataset: 100%|██████████| 546/546 [00:00<00:00, 2492.49 examples/s]                                                                                        /home/liwentao/Dec-Tuning-in-Mat/run_ner_dect.py:563: FutureWarning: load_metric is deprecated and will be removed in the next major version of datasets. Use 'evaluate.load' instead, from the new library 🤗 Evaluate: https://huggingface.co/docs/evaluate
  metric = load_metric("./seqeval_metric.py")
05/31/2023 14:49:56 - INFO - __main__ - ***** Running training *****
05/31/2023 14:49:56 - INFO - __main__ -   Num examples = 6
05/31/2023 14:49:56 - INFO - __main__ -   Num Epochs = 35
05/31/2023 14:49:56 - INFO - __main__ -   Instantaneous batch size per device = 4
05/31/2023 14:49:56 - INFO - __main__ -   Total train batch size (w. parallel, distributed & accumulation) = 4
05/31/2023 14:49:56 - INFO - __main__ -   Gradient Accumulation steps = 1
05/31/2023 14:49:56 - INFO - __main__ -   Total optimization steps = 70
tensor([3, 3, 3, 3, 3, 3, 3], device='cuda:0')
  0%|          | 0/70 [00:00<?, ?it/s]/home/liwentao/Dec-Tuning-in-Mat/dect_trainer.py:379: UserWarning: Implicit dimension choice for softmax has been deprecated. Change the call to include dim=X as an argument.
  logits = F.softmax(self.extract_logits(batch_logits))
Total epoch: 0. epoch loss: 16.423095703125
Total epoch: 1. epoch loss: 16.097930908203125
Total epoch: 2. epoch loss: 15.773422241210938
Total epoch: 3. epoch loss: 15.449077606201172
Total epoch: 4. epoch loss: 15.124847412109375
Total epoch: 5. epoch loss: 14.801006317138672
Total epoch: 6. epoch loss: 14.477974891662598
Total epoch: 7. epoch loss: 14.156262397766113
Total epoch: 8. epoch loss: 13.836397171020508
Total epoch: 9. epoch loss: 13.518977165222168
Total epoch: 10. epoch loss: 13.204524040222168
Total epoch: 11. epoch loss: 12.893607139587402
Total epoch: 12. epoch loss: 12.586709976196289
Total epoch: 13. epoch loss: 12.28432559967041
Total epoch: 14. epoch loss: 11.986804962158203
Total epoch: 15. epoch loss: 11.6945161819458
Total epoch: 16. epoch loss: 11.40770435333252
Total epoch: 17. epoch loss: 11.126526832580566
Total epoch: 18. epoch loss: 10.851123809814453
Total epoch: 19. epoch loss: 10.581485748291016
Total epoch: 20. epoch loss: 10.317591667175293
Total epoch: 21. epoch loss: 10.05941390991211
Total epoch: 22. epoch loss: 9.806835174560547
Total epoch: 23. epoch loss: 9.559666633605957
Total epoch: 24. epoch loss: 9.317825317382812
Total epoch: 25. epoch loss: 9.081165313720703
Total epoch: 26. epoch loss: 8.84952449798584
Total epoch: 27. epoch loss: 8.622729301452637
Total epoch: 28. epoch loss: 8.40066146850586
Total epoch: 29. epoch loss: 8.183131217956543
Total epoch: 30. epoch loss: 7.970056056976318
Total epoch: 31. epoch loss: 7.7612457275390625
Total epoch: 32. epoch loss: 7.55657958984375
Total epoch: 33. epoch loss: 7.355929851531982
Total epoch: 34. epoch loss: 7.159290313720703
Total epoch: 34. DecT loss: 7.159290313720703
Training time: 0.1930074691772461
APL_precision: 0.025, APL_recall: 0.18823529411764706, APL_f1: 0.04413793103448276, APL_number: 170
CMT_precision: 0.010896898575020955, CMT_recall: 0.06666666666666667, CMT_f1: 0.01873198847262248, CMT_number: 195
DSC_precision: 0.38613861386138615, DSC_recall: 0.17848970251716248, DSC_f1: 0.24413145539906106, DSC_number: 437
MAT_precision: 0.2722812755519215, MAT_recall: 0.48826979472140764, MAT_f1: 0.34960629921259845, MAT_number: 682
PRO_precision: 0.13643926788685523, PRO_recall: 0.10635538261997406, PRO_f1: 0.11953352769679298, PRO_number: 771
SMT_precision: 0.022727272727272728, SMT_recall: 0.08771929824561403, SMT_f1: 0.036101083032490974, SMT_number: 171
SPL_precision: 0.03767123287671233, SPL_recall: 0.14666666666666667, SPL_f1: 0.059945504087193464, SPL_number: 75
overall_precision: 0.10346725371491469, overall_recall: 0.22550979608156738, overall_f1: 0.14185110663983902, overall_accuracy: 0.5936539698420639
finish test
Traceback (most recent call last):
  File "/home/liwentao/Dec-Tuning-in-Mat/run_ner_dect.py", line 985, in <module>
    main()
  File "/home/liwentao/Dec-Tuning-in-Mat/run_ner_dect.py", line 808, in main
    runner.run(train_dataloader,None ,eval_dataloader)
  File "/home/liwentao/Dec-Tuning-in-Mat/dect_trainer.py", line 487, in run
    return score
NameError: name 'score' is not defined
  0%|          | 0/70 [00:04<?, ?it/s]