Some weights of the model checkpoint at m3rg-iitd/matscibert were not used when initializing BertForTokenClassification: ['cls.predictions.decoder.weight', 'cls.predictions.transform.LayerNorm.bias', 'cls.predictions.bias', 'cls.predictions.transform.LayerNorm.weight', 'cls.predictions.decoder.bias', 'cls.predictions.transform.dense.weight', 'cls.predictions.transform.dense.bias']
- This IS expected if you are initializing BertForTokenClassification from the checkpoint of a model trained on another task or with another architecture (e.g. initializing a BertForSequenceClassification model from a BertForPreTraining model).
- This IS NOT expected if you are initializing BertForTokenClassification from the checkpoint of a model that you expect to be exactly identical (initializing a BertForSequenceClassification model from a BertForSequenceClassification model).
Some weights of BertForTokenClassification were not initialized from the model checkpoint at m3rg-iitd/matscibert and are newly initialized: ['classifier.weight', 'classifier.bias']
You should probably TRAIN this model on a down-stream task to be able to use it for predictions and inference.
using device: cuda
72 511 546
['I-APL', 'I-CMT', 'I-DSC', 'I-MAT', 'I-PRO', 'I-SMT', 'I-SPL', 'O']
BertForTokenClassification(
  (bert): BertModel(
    (embeddings): BertEmbeddings(
      (word_embeddings): Embedding(31090, 768, padding_idx=0)
      (position_embeddings): Embedding(512, 768)
      (token_type_embeddings): Embedding(2, 768)
      (LayerNorm): LayerNorm((768,), eps=1e-12, elementwise_affine=True)
      (dropout): Dropout(p=0.1, inplace=False)
    )
    (encoder): BertEncoder(
      (layer): ModuleList(
        (0): BertLayer(
          (attention): BertAttention(
            (self): BertSelfAttention(
              (query): Linear(in_features=768, out_features=768, bias=True)
              (key): Linear(in_features=768, out_features=768, bias=True)
              (value): Linear(in_features=768, out_features=768, bias=True)
              (dropout): Dropout(p=0.1, inplace=False)
            )
            (output): BertSelfOutput(
              (dense): Linear(in_features=768, out_features=768, bias=True)
              (LayerNorm): LayerNorm((768,), eps=1e-12, elementwise_affine=True)
              (dropout): Dropout(p=0.1, inplace=False)
            )
          )
          (intermediate): BertIntermediate(
            (dense): Linear(in_features=768, out_features=3072, bias=True)
            (intermediate_act_fn): GELUActivation()
          )
          (output): BertOutput(
            (dense): Linear(in_features=3072, out_features=768, bias=True)
            (LayerNorm): LayerNorm((768,), eps=1e-12, elementwise_affine=True)
            (dropout): Dropout(p=0.1, inplace=False)
          )
        )
        (1): BertLayer(
          (attention): BertAttention(
            (self): BertSelfAttention(
              (query): Linear(in_features=768, out_features=768, bias=True)
              (key): Linear(in_features=768, out_features=768, bias=True)
              (value): Linear(in_features=768, out_features=768, bias=True)
              (dropout): Dropout(p=0.1, inplace=False)
            )
            (output): BertSelfOutput(
              (dense): Linear(in_features=768, out_features=768, bias=True)
              (LayerNorm): LayerNorm((768,), eps=1e-12, elementwise_affine=True)
              (dropout): Dropout(p=0.1, inplace=False)
            )
          )
          (intermediate): BertIntermediate(
            (dense): Linear(in_features=768, out_features=3072, bias=True)
            (intermediate_act_fn): GELUActivation()
          )
          (output): BertOutput(
            (dense): Linear(in_features=3072, out_features=768, bias=True)
            (LayerNorm): LayerNorm((768,), eps=1e-12, elementwise_affine=True)
            (dropout): Dropout(p=0.1, inplace=False)
          )
        )
        (2): BertLayer(
          (attention): BertAttention(
            (self): BertSelfAttention(
              (query): Linear(in_features=768, out_features=768, bias=True)
              (key): Linear(in_features=768, out_features=768, bias=True)
              (value): Linear(in_features=768, out_features=768, bias=True)
              (dropout): Dropout(p=0.1, inplace=False)
            )
            (output): BertSelfOutput(
              (dense): Linear(in_features=768, out_features=768, bias=True)
              (LayerNorm): LayerNorm((768,), eps=1e-12, elementwise_affine=True)
              (dropout): Dropout(p=0.1, inplace=False)
            )
          )
          (intermediate): BertIntermediate(
            (dense): Linear(in_features=768, out_features=3072, bias=True)
            (intermediate_act_fn): GELUActivation()
          )
          (output): BertOutput(
            (dense): Linear(in_features=3072, out_features=768, bias=True)
            (LayerNorm): LayerNorm((768,), eps=1e-12, elementwise_affine=True)
            (dropout): Dropout(p=0.1, inplace=False)
          )
        )
        (3): BertLayer(
          (attention): BertAttention(
            (self): BertSelfAttention(
              (query): Linear(in_features=768, out_features=768, bias=True)
              (key): Linear(in_features=768, out_features=768, bias=True)
              (value): Linear(in_features=768, out_features=768, bias=True)
              (dropout): Dropout(p=0.1, inplace=False)
            )
            (output): BertSelfOutput(
              (dense): Linear(in_features=768, out_features=768, bias=True)
              (LayerNorm): LayerNorm((768,), eps=1e-12, elementwise_affine=True)
              (dropout): Dropout(p=0.1, inplace=False)
            )
          )
          (intermediate): BertIntermediate(
            (dense): Linear(in_features=768, out_features=3072, bias=True)
            (intermediate_act_fn): GELUActivation()
          )
          (output): BertOutput(
            (dense): Linear(in_features=3072, out_features=768, bias=True)
            (LayerNorm): LayerNorm((768,), eps=1e-12, elementwise_affine=True)
            (dropout): Dropout(p=0.1, inplace=False)
          )
        )
        (4): BertLayer(
          (attention): BertAttention(
            (self): BertSelfAttention(
              (query): Linear(in_features=768, out_features=768, bias=True)
              (key): Linear(in_features=768, out_features=768, bias=True)
              (value): Linear(in_features=768, out_features=768, bias=True)
              (dropout): Dropout(p=0.1, inplace=False)
            )
            (output): BertSelfOutput(
              (dense): Linear(in_features=768, out_features=768, bias=True)
              (LayerNorm): LayerNorm((768,), eps=1e-12, elementwise_affine=True)
              (dropout): Dropout(p=0.1, inplace=False)
            )
          )
          (intermediate): BertIntermediate(
            (dense): Linear(in_features=768, out_features=3072, bias=True)
            (intermediate_act_fn): GELUActivation()
          )
          (output): BertOutput(
            (dense): Linear(in_features=3072, out_features=768, bias=True)
            (LayerNorm): LayerNorm((768,), eps=1e-12, elementwise_affine=True)
            (dropout): Dropout(p=0.1, inplace=False)
          )
        )
        (5): BertLayer(
          (attention): BertAttention(
            (self): BertSelfAttention(
              (query): Linear(in_features=768, out_features=768, bias=True)
              (key): Linear(in_features=768, out_features=768, bias=True)
              (value): Linear(in_features=768, out_features=768, bias=True)
              (dropout): Dropout(p=0.1, inplace=False)
            )
            (output): BertSelfOutput(
              (dense): Linear(in_features=768, out_features=768, bias=True)
              (LayerNorm): LayerNorm((768,), eps=1e-12, elementwise_affine=True)
              (dropout): Dropout(p=0.1, inplace=False)
            )
          )
          (intermediate): BertIntermediate(
            (dense): Linear(in_features=768, out_features=3072, bias=True)
            (intermediate_act_fn): GELUActivation()
          )
          (output): BertOutput(
            (dense): Linear(in_features=3072, out_features=768, bias=True)
            (LayerNorm): LayerNorm((768,), eps=1e-12, elementwise_affine=True)
            (dropout): Dropout(p=0.1, inplace=False)
          )
        )
        (6): BertLayer(
          (attention): BertAttention(
            (self): BertSelfAttention(
              (query): Linear(in_features=768, out_features=768, bias=True)
              (key): Linear(in_features=768, out_features=768, bias=True)
              (value): Linear(in_features=768, out_features=768, bias=True)
              (dropout): Dropout(p=0.1, inplace=False)
            )
            (output): BertSelfOutput(
              (dense): Linear(in_features=768, out_features=768, bias=True)
              (LayerNorm): LayerNorm((768,), eps=1e-12, elementwise_affine=True)
              (dropout): Dropout(p=0.1, inplace=False)
            )
          )
          (intermediate): BertIntermediate(
            (dense): Linear(in_features=768, out_features=3072, bias=True)
            (intermediate_act_fn): GELUActivation()
          )
          (output): BertOutput(
            (dense): Linear(in_features=3072, out_features=768, bias=True)
            (LayerNorm): LayerNorm((768,), eps=1e-12, elementwise_affine=True)
            (dropout): Dropout(p=0.1, inplace=False)
          )
        )
        (7): BertLayer(
          (attention): BertAttention(
            (self): BertSelfAttention(
              (query): Linear(in_features=768, out_features=768, bias=True)
              (key): Linear(in_features=768, out_features=768, bias=True)
              (value): Linear(in_features=768, out_features=768, bias=True)
              (dropout): Dropout(p=0.1, inplace=False)
            )
            (output): BertSelfOutput(
              (dense): Linear(in_features=768, out_features=768, bias=True)
              (LayerNorm): LayerNorm((768,), eps=1e-12, elementwise_affine=True)
              (dropout): Dropout(p=0.1, inplace=False)
            )
          )
          (intermediate): BertIntermediate(
            (dense): Linear(in_features=768, out_features=3072, bias=True)
            (intermediate_act_fn): GELUActivation()
          )
          (output): BertOutput(
            (dense): Linear(in_features=3072, out_features=768, bias=True)
            (LayerNorm): LayerNorm((768,), eps=1e-12, elementwise_affine=True)
            (dropout): Dropout(p=0.1, inplace=False)
          )
        )
        (8): BertLayer(
          (attention): BertAttention(
            (self): BertSelfAttention(
              (query): Linear(in_features=768, out_features=768, bias=True)
              (key): Linear(in_features=768, out_features=768, bias=True)
              (value): Linear(in_features=768, out_features=768, bias=True)
              (dropout): Dropout(p=0.1, inplace=False)
            )
            (output): BertSelfOutput(
              (dense): Linear(in_features=768, out_features=768, bias=True)
              (LayerNorm): LayerNorm((768,), eps=1e-12, elementwise_affine=True)
              (dropout): Dropout(p=0.1, inplace=False)
            )
          )
          (intermediate): BertIntermediate(
            (dense): Linear(in_features=768, out_features=3072, bias=True)
            (intermediate_act_fn): GELUActivation()
          )
          (output): BertOutput(
            (dense): Linear(in_features=3072, out_features=768, bias=True)
            (LayerNorm): LayerNorm((768,), eps=1e-12, elementwise_affine=True)
            (dropout): Dropout(p=0.1, inplace=False)
          )
        )
        (9): BertLayer(
          (attention): BertAttention(
            (self): BertSelfAttention(
              (query): Linear(in_features=768, out_features=768, bias=True)
              (key): Linear(in_features=768, out_features=768, bias=True)
              (value): Linear(in_features=768, out_features=768, bias=True)
              (dropout): Dropout(p=0.1, inplace=False)
            )
            (output): BertSelfOutput(
              (dense): Linear(in_features=768, out_features=768, bias=True)
              (LayerNorm): LayerNorm((768,), eps=1e-12, elementwise_affine=True)
              (dropout): Dropout(p=0.1, inplace=False)
            )
          )
          (intermediate): BertIntermediate(
            (dense): Linear(in_features=768, out_features=3072, bias=True)
            (intermediate_act_fn): GELUActivation()
          )
          (output): BertOutput(
            (dense): Linear(in_features=3072, out_features=768, bias=True)
            (LayerNorm): LayerNorm((768,), eps=1e-12, elementwise_affine=True)
            (dropout): Dropout(p=0.1, inplace=False)
          )
        )
        (10): BertLayer(
          (attention): BertAttention(
            (self): BertSelfAttention(
              (query): Linear(in_features=768, out_features=768, bias=True)
              (key): Linear(in_features=768, out_features=768, bias=True)
              (value): Linear(in_features=768, out_features=768, bias=True)
              (dropout): Dropout(p=0.1, inplace=False)
            )
            (output): BertSelfOutput(
              (dense): Linear(in_features=768, out_features=768, bias=True)
              (LayerNorm): LayerNorm((768,), eps=1e-12, elementwise_affine=True)
              (dropout): Dropout(p=0.1, inplace=False)
            )
          )
          (intermediate): BertIntermediate(
            (dense): Linear(in_features=768, out_features=3072, bias=True)
            (intermediate_act_fn): GELUActivation()
          )
          (output): BertOutput(
            (dense): Linear(in_features=3072, out_features=768, bias=True)
            (LayerNorm): LayerNorm((768,), eps=1e-12, elementwise_affine=True)
            (dropout): Dropout(p=0.1, inplace=False)
          )
        )
        (11): BertLayer(
          (attention): BertAttention(
            (self): BertSelfAttention(
              (query): Linear(in_features=768, out_features=768, bias=True)
              (key): Linear(in_features=768, out_features=768, bias=True)
              (value): Linear(in_features=768, out_features=768, bias=True)
              (dropout): Dropout(p=0.1, inplace=False)
            )
            (output): BertSelfOutput(
              (dense): Linear(in_features=768, out_features=768, bias=True)
              (LayerNorm): LayerNorm((768,), eps=1e-12, elementwise_affine=True)
              (dropout): Dropout(p=0.1, inplace=False)
            )
          )
          (intermediate): BertIntermediate(
            (dense): Linear(in_features=768, out_features=3072, bias=True)
            (intermediate_act_fn): GELUActivation()
          )
          (output): BertOutput(
            (dense): Linear(in_features=3072, out_features=768, bias=True)
            (LayerNorm): LayerNorm((768,), eps=1e-12, elementwise_affine=True)
            (dropout): Dropout(p=0.1, inplace=False)
          )
        )
      )
    )
  )
  (dropout): Dropout(p=0.1, inplace=False)
  (classifier): Linear(in_features=768, out_features=8, bias=True)
)
training_time:0.34972381591796875
loss:1.833375334739685
{'APL': 1.2269938650306746, 'CMT': 1.073825503355705, 'DSC': 0.0, 'MAT': 6.279321544568749, 'PRO': 0.0, 'SMT': 0.0, 'SPL': 0.0, 'macro_f1': 0.01225734416136447, 'micro_f1': 0.03362831858407079}
training_time:0.3308846950531006
loss:1.3517237901687622
training_time:0.32983922958374023
loss:1.0149714946746826
training_time:0.32662510871887207
loss:0.9070013165473938
training_time:0.32398009300231934
loss:0.6850388646125793
training_time:0.33800363540649414
loss:1.1924731731414795
training_time:0.3278532028198242
loss:0.9237939715385437
training_time:0.3207101821899414
loss:0.7220563888549805
training_time:0.32602667808532715
loss:0.41417643427848816
training_time:0.3250303268432617
loss:0.7856817245483398
{'APL': 0.0, 'CMT': 7.30593607305936, 'DSC': 1.937046004842615, 'MAT': 0.9615384615384616, 'PRO': 0.7957559681697615, 'SMT': 6.0606060606060606, 'SPL': 5.47945205479452, 'macro_f1': 0.03220047803287254, 'micro_f1': 0.02064409578860446}
training_time:0.3370401859283447
loss:0.523859441280365
{'APL': 3.2432432432432434, 'CMT': 16.877637130801688, 'DSC': 4.77326968973747, 'MAT': 1.5948963317384368, 'PRO': 2.557544757033248, 'SMT': 6.779661016949152, 'SPL': 10.38961038961039, 'macro_f1': 0.06602266079873374, 'micro_f1': 0.046325878594249206}
training_time:0.32175230979919434
loss:0.5296534299850464
{'APL': 6.0606060606060606, 'CMT': 20.71713147410358, 'DSC': 8.796296296296296, 'MAT': 2.8391167192429023, 'PRO': 3.7359900373599007, 'SMT': 12.435233160621763, 'SPL': 14.814814814814813, 'macro_f1': 0.09914169794720759, 'micro_f1': 0.07175925925925926}
training_time:0.321563720703125
loss:0.45135846734046936
{'APL': 6.6350710900473935, 'CMT': 34.306569343065696, 'DSC': 12.444444444444445, 'MAT': 3.7383177570093453, 'PRO': 4.22360248447205, 'SMT': 14.358974358974358, 'SPL': 22.47191011235955, 'macro_f1': 0.1402555565576755, 'micro_f1': 0.10127531882970742}
training_time:0.32114076614379883
loss:0.6097549796104431
{'APL': 10.95890410958904, 'CMT': 35.37906137184116, 'DSC': 16.27408993576017, 'MAT': 6.116207951070336, 'PRO': 3.7688442211055273, 'SMT': 14.92537313432836, 'SPL': 21.73913043478261, 'macro_f1': 0.15594515879782458, 'micro_f1': 0.11751662971175166}
training_time:0.33025503158569336
loss:0.4210963249206543
{'APL': 10.666666666666668, 'CMT': 37.5886524822695, 'DSC': 18.029350104821802, 'MAT': 8.695652173913043, 'PRO': 3.5000000000000004, 'SMT': 14.213197969543149, 'SPL': 21.50537634408602, 'macro_f1': 0.16314127963042882, 'micro_f1': 0.12769062385990515}
training_time:0.33281803131103516
loss:0.49257439374923706
{'APL': 11.607142857142856, 'CMT': 37.5886524822695, 'DSC': 19.262295081967213, 'MAT': 10.059171597633137, 'PRO': 3.7359900373599007, 'SMT': 15.306122448979592, 'SPL': 23.157894736842106, 'macro_f1': 0.17245324177456328, 'micro_f1': 0.13603473227206947}
training_time:0.3255021572113037
loss:0.3494753837585449
{'APL': 11.607142857142856, 'CMT': 39.145907473309606, 'DSC': 21.686746987951807, 'MAT': 10.588235294117645, 'PRO': 3.6991368680641177, 'SMT': 15.463917525773196, 'SPL': 23.157894736842106, 'macro_f1': 0.17906997391885907, 'micro_f1': 0.14301113905856988}
training_time:0.3229238986968994
loss:0.4498884379863739
{'APL': 10.666666666666668, 'CMT': 39.00709219858155, 'DSC': 22.355289421157686, 'MAT': 11.07871720116618, 'PRO': 3.6900369003690034, 'SMT': 15.544041450777202, 'SPL': 25.000000000000007, 'macro_f1': 0.18191691976959756, 'micro_f1': 0.1452074391988555}
training_time:0.32016515731811523
loss:0.3999040126800537
{'APL': 12.280701754385966, 'CMT': 39.29824561403509, 'DSC': 24.158415841584162, 'MAT': 12.698412698412701, 'PRO': 4.368932038834951, 'SMT': 15.384615384615385, 'SPL': 24.242424242424242, 'macro_f1': 0.18918821082041784, 'micro_f1': 0.1555319901025097}
training_time:0.3243527412414551
loss:0.45662763714790344
{'APL': 13.157894736842108, 'CMT': 41.11498257839721, 'DSC': 24.75442043222004, 'MAT': 13.980028530670472, 'PRO': 4.778972520908004, 'SMT': 15.384615384615385, 'SPL': 26.0, 'macro_f1': 0.19881559169093319, 'micro_f1': 0.16380819040952047}
training_time:0.3277115821838379
loss:0.5125629305839539
{'APL': 14.718614718614717, 'CMT': 42.758620689655174, 'DSC': 26.305609284332682, 'MAT': 14.468085106382977, 'PRO': 4.98220640569395, 'SMT': 15.306122448979592, 'SPL': 25.742574257425744, 'macro_f1': 0.20611690415869258, 'micro_f1': 0.171349288935137}
training_time:0.3190300464630127
loss:0.43669694662094116
{'APL': 14.40677966101695, 'CMT': 44.21768707482994, 'DSC': 26.923076923076923, 'MAT': 16.223776223776227, 'PRO': 5.418138987043581, 'SMT': 16.08040201005025, 'SPL': 25.490196078431378, 'macro_f1': 0.21251436708317895, 'micro_f1': 0.17975986277873068}
training_time:0.3250095844268799
loss:0.3368235230445862
{'APL': 16.80672268907563, 'CMT': 45.42372881355932, 'DSC': 27.376425855513304, 'MAT': 16.944444444444446, 'PRO': 5.875440658049353, 'SMT': 16.915422885572138, 'SPL': 25.490196078431378, 'macro_f1': 0.22118911632092225, 'micro_f1': 0.18752130923968635}
training_time:0.32718634605407715
loss:0.37430456280708313
{'APL': 16.59751037344398, 'CMT': 45.270270270270274, 'DSC': 28.625235404896422, 'MAT': 17.704011065006917, 'PRO': 6.77570093457944, 'SMT': 16.915422885572138, 'SPL': 25.490196078431378, 'macro_f1': 0.22482621001742933, 'micro_f1': 0.19389830508474576}
training_time:0.3207399845123291
loss:0.4241617023944855
{'APL': 16.393442622950822, 'CMT': 46.308724832214764, 'DSC': 29.588014981273407, 'MAT': 17.90633608815427, 'PRO': 6.9848661233993, 'SMT': 19.09547738693467, 'SPL': 25.490196078431378, 'macro_f1': 0.231095797304798, 'micro_f1': 0.19918973666441595}
training_time:0.34203362464904785
loss:0.45258256793022156
{'APL': 16.867469879518072, 'CMT': 46.308724832214764, 'DSC': 30.11152416356877, 'MAT': 18.10699588477366, 'PRO': 7.621247113163972, 'SMT': 19.900497512437813, 'SPL': 25.490196078431378, 'macro_f1': 0.23486665066301207, 'micro_f1': 0.2031511900771036}
training_time:0.3355257511138916
loss:0.34789595007896423
training_time:0.3341054916381836
loss:0.3827579915523529
{'APL': 17.46031746031746, 'CMT': 46.46464646464646, 'DSC': 30.426716141001858, 'MAT': 17.857142857142854, 'PRO': 7.780320366132722, 'SMT': 19.41747572815534, 'SPL': 25.490196078431378, 'macro_f1': 0.23556687870832582, 'micro_f1': 0.20346897931954636}
training_time:0.34735727310180664
loss:0.46133312582969666
{'APL': 18.32669322709163, 'CMT': 46.46464646464646, 'DSC': 30.426716141001858, 'MAT': 18.10699588477366, 'PRO': 7.98175598631699, 'SMT': 19.41747572815534, 'SPL': 25.490196078431378, 'macro_f1': 0.23744925644345333, 'micro_f1': 0.20526491169610128}
training_time:0.3304753303527832
loss:0.32866421341896057
Traceback (most recent call last):
  File "/home/liwentao/Dec-Tuning-in-Mat/baseline1/bert_ner_raw.py", line 354, in <module>
    model = torch.load("/home/liwentao/Dec-Tuning-in-Mat/model/matscibert_raw.pt")
  File "/home/liwentao/miniconda3/envs/py38/lib/python3.8/site-packages/torch/serialization.py", line 705, in load
    with _open_zipfile_reader(opened_file) as opened_zipfile:
  File "/home/liwentao/miniconda3/envs/py38/lib/python3.8/site-packages/torch/serialization.py", line 243, in __init__
    super(_open_zipfile_reader, self).__init__(torch._C.PyTorchFileReader(name_or_buffer))
RuntimeError: PytorchStreamReader failed reading zip archive: failed finding central directory
