Some weights of the model checkpoint at m3rg-iitd/matscibert were not used when initializing BertForTokenClassification: ['cls.predictions.transform.dense.bias', 'cls.predictions.transform.LayerNorm.bias', 'cls.predictions.bias', 'cls.predictions.decoder.weight', 'cls.predictions.transform.dense.weight', 'cls.predictions.decoder.bias', 'cls.predictions.transform.LayerNorm.weight']
- This IS expected if you are initializing BertForTokenClassification from the checkpoint of a model trained on another task or with another architecture (e.g. initializing a BertForSequenceClassification model from a BertForPreTraining model).
- This IS NOT expected if you are initializing BertForTokenClassification from the checkpoint of a model that you expect to be exactly identical (initializing a BertForSequenceClassification model from a BertForSequenceClassification model).
Some weights of BertForTokenClassification were not initialized from the model checkpoint at m3rg-iitd/matscibert and are newly initialized: ['classifier.bias', 'classifier.weight']
You should probably TRAIN this model on a down-stream task to be able to use it for predictions and inference.
using device: cuda
66 511 546
['I-APL', 'I-CMT', 'I-DSC', 'I-MAT', 'I-PRO', 'I-SMT', 'I-SPL', 'O']
BertForTokenClassification(
  (bert): BertModel(
    (embeddings): BertEmbeddings(
      (word_embeddings): Embedding(31090, 768, padding_idx=0)
      (position_embeddings): Embedding(512, 768)
      (token_type_embeddings): Embedding(2, 768)
      (LayerNorm): LayerNorm((768,), eps=1e-12, elementwise_affine=True)
      (dropout): Dropout(p=0.1, inplace=False)
    )
    (encoder): BertEncoder(
      (layer): ModuleList(
        (0): BertLayer(
          (attention): BertAttention(
            (self): BertSelfAttention(
              (query): Linear(in_features=768, out_features=768, bias=True)
              (key): Linear(in_features=768, out_features=768, bias=True)
              (value): Linear(in_features=768, out_features=768, bias=True)
              (dropout): Dropout(p=0.1, inplace=False)
            )
            (output): BertSelfOutput(
              (dense): Linear(in_features=768, out_features=768, bias=True)
              (LayerNorm): LayerNorm((768,), eps=1e-12, elementwise_affine=True)
              (dropout): Dropout(p=0.1, inplace=False)
            )
          )
          (intermediate): BertIntermediate(
            (dense): Linear(in_features=768, out_features=3072, bias=True)
            (intermediate_act_fn): GELUActivation()
          )
          (output): BertOutput(
            (dense): Linear(in_features=3072, out_features=768, bias=True)
            (LayerNorm): LayerNorm((768,), eps=1e-12, elementwise_affine=True)
            (dropout): Dropout(p=0.1, inplace=False)
          )
        )
        (1): BertLayer(
          (attention): BertAttention(
            (self): BertSelfAttention(
              (query): Linear(in_features=768, out_features=768, bias=True)
              (key): Linear(in_features=768, out_features=768, bias=True)
              (value): Linear(in_features=768, out_features=768, bias=True)
              (dropout): Dropout(p=0.1, inplace=False)
            )
            (output): BertSelfOutput(
              (dense): Linear(in_features=768, out_features=768, bias=True)
              (LayerNorm): LayerNorm((768,), eps=1e-12, elementwise_affine=True)
              (dropout): Dropout(p=0.1, inplace=False)
            )
          )
          (intermediate): BertIntermediate(
            (dense): Linear(in_features=768, out_features=3072, bias=True)
            (intermediate_act_fn): GELUActivation()
          )
          (output): BertOutput(
            (dense): Linear(in_features=3072, out_features=768, bias=True)
            (LayerNorm): LayerNorm((768,), eps=1e-12, elementwise_affine=True)
            (dropout): Dropout(p=0.1, inplace=False)
          )
        )
        (2): BertLayer(
          (attention): BertAttention(
            (self): BertSelfAttention(
              (query): Linear(in_features=768, out_features=768, bias=True)
              (key): Linear(in_features=768, out_features=768, bias=True)
              (value): Linear(in_features=768, out_features=768, bias=True)
              (dropout): Dropout(p=0.1, inplace=False)
            )
            (output): BertSelfOutput(
              (dense): Linear(in_features=768, out_features=768, bias=True)
              (LayerNorm): LayerNorm((768,), eps=1e-12, elementwise_affine=True)
              (dropout): Dropout(p=0.1, inplace=False)
            )
          )
          (intermediate): BertIntermediate(
            (dense): Linear(in_features=768, out_features=3072, bias=True)
            (intermediate_act_fn): GELUActivation()
          )
          (output): BertOutput(
            (dense): Linear(in_features=3072, out_features=768, bias=True)
            (LayerNorm): LayerNorm((768,), eps=1e-12, elementwise_affine=True)
            (dropout): Dropout(p=0.1, inplace=False)
          )
        )
        (3): BertLayer(
          (attention): BertAttention(
            (self): BertSelfAttention(
              (query): Linear(in_features=768, out_features=768, bias=True)
              (key): Linear(in_features=768, out_features=768, bias=True)
              (value): Linear(in_features=768, out_features=768, bias=True)
              (dropout): Dropout(p=0.1, inplace=False)
            )
            (output): BertSelfOutput(
              (dense): Linear(in_features=768, out_features=768, bias=True)
              (LayerNorm): LayerNorm((768,), eps=1e-12, elementwise_affine=True)
              (dropout): Dropout(p=0.1, inplace=False)
            )
          )
          (intermediate): BertIntermediate(
            (dense): Linear(in_features=768, out_features=3072, bias=True)
            (intermediate_act_fn): GELUActivation()
          )
          (output): BertOutput(
            (dense): Linear(in_features=3072, out_features=768, bias=True)
            (LayerNorm): LayerNorm((768,), eps=1e-12, elementwise_affine=True)
            (dropout): Dropout(p=0.1, inplace=False)
          )
        )
        (4): BertLayer(
          (attention): BertAttention(
            (self): BertSelfAttention(
              (query): Linear(in_features=768, out_features=768, bias=True)
              (key): Linear(in_features=768, out_features=768, bias=True)
              (value): Linear(in_features=768, out_features=768, bias=True)
              (dropout): Dropout(p=0.1, inplace=False)
            )
            (output): BertSelfOutput(
              (dense): Linear(in_features=768, out_features=768, bias=True)
              (LayerNorm): LayerNorm((768,), eps=1e-12, elementwise_affine=True)
              (dropout): Dropout(p=0.1, inplace=False)
            )
          )
          (intermediate): BertIntermediate(
            (dense): Linear(in_features=768, out_features=3072, bias=True)
            (intermediate_act_fn): GELUActivation()
          )
          (output): BertOutput(
            (dense): Linear(in_features=3072, out_features=768, bias=True)
            (LayerNorm): LayerNorm((768,), eps=1e-12, elementwise_affine=True)
            (dropout): Dropout(p=0.1, inplace=False)
          )
        )
        (5): BertLayer(
          (attention): BertAttention(
            (self): BertSelfAttention(
              (query): Linear(in_features=768, out_features=768, bias=True)
              (key): Linear(in_features=768, out_features=768, bias=True)
              (value): Linear(in_features=768, out_features=768, bias=True)
              (dropout): Dropout(p=0.1, inplace=False)
            )
            (output): BertSelfOutput(
              (dense): Linear(in_features=768, out_features=768, bias=True)
              (LayerNorm): LayerNorm((768,), eps=1e-12, elementwise_affine=True)
              (dropout): Dropout(p=0.1, inplace=False)
            )
          )
          (intermediate): BertIntermediate(
            (dense): Linear(in_features=768, out_features=3072, bias=True)
            (intermediate_act_fn): GELUActivation()
          )
          (output): BertOutput(
            (dense): Linear(in_features=3072, out_features=768, bias=True)
            (LayerNorm): LayerNorm((768,), eps=1e-12, elementwise_affine=True)
            (dropout): Dropout(p=0.1, inplace=False)
          )
        )
        (6): BertLayer(
          (attention): BertAttention(
            (self): BertSelfAttention(
              (query): Linear(in_features=768, out_features=768, bias=True)
              (key): Linear(in_features=768, out_features=768, bias=True)
              (value): Linear(in_features=768, out_features=768, bias=True)
              (dropout): Dropout(p=0.1, inplace=False)
            )
            (output): BertSelfOutput(
              (dense): Linear(in_features=768, out_features=768, bias=True)
              (LayerNorm): LayerNorm((768,), eps=1e-12, elementwise_affine=True)
              (dropout): Dropout(p=0.1, inplace=False)
            )
          )
          (intermediate): BertIntermediate(
            (dense): Linear(in_features=768, out_features=3072, bias=True)
            (intermediate_act_fn): GELUActivation()
          )
          (output): BertOutput(
            (dense): Linear(in_features=3072, out_features=768, bias=True)
            (LayerNorm): LayerNorm((768,), eps=1e-12, elementwise_affine=True)
            (dropout): Dropout(p=0.1, inplace=False)
          )
        )
        (7): BertLayer(
          (attention): BertAttention(
            (self): BertSelfAttention(
              (query): Linear(in_features=768, out_features=768, bias=True)
              (key): Linear(in_features=768, out_features=768, bias=True)
              (value): Linear(in_features=768, out_features=768, bias=True)
              (dropout): Dropout(p=0.1, inplace=False)
            )
            (output): BertSelfOutput(
              (dense): Linear(in_features=768, out_features=768, bias=True)
              (LayerNorm): LayerNorm((768,), eps=1e-12, elementwise_affine=True)
              (dropout): Dropout(p=0.1, inplace=False)
            )
          )
          (intermediate): BertIntermediate(
            (dense): Linear(in_features=768, out_features=3072, bias=True)
            (intermediate_act_fn): GELUActivation()
          )
          (output): BertOutput(
            (dense): Linear(in_features=3072, out_features=768, bias=True)
            (LayerNorm): LayerNorm((768,), eps=1e-12, elementwise_affine=True)
            (dropout): Dropout(p=0.1, inplace=False)
          )
        )
        (8): BertLayer(
          (attention): BertAttention(
            (self): BertSelfAttention(
              (query): Linear(in_features=768, out_features=768, bias=True)
              (key): Linear(in_features=768, out_features=768, bias=True)
              (value): Linear(in_features=768, out_features=768, bias=True)
              (dropout): Dropout(p=0.1, inplace=False)
            )
            (output): BertSelfOutput(
              (dense): Linear(in_features=768, out_features=768, bias=True)
              (LayerNorm): LayerNorm((768,), eps=1e-12, elementwise_affine=True)
              (dropout): Dropout(p=0.1, inplace=False)
            )
          )
          (intermediate): BertIntermediate(
            (dense): Linear(in_features=768, out_features=3072, bias=True)
            (intermediate_act_fn): GELUActivation()
          )
          (output): BertOutput(
            (dense): Linear(in_features=3072, out_features=768, bias=True)
            (LayerNorm): LayerNorm((768,), eps=1e-12, elementwise_affine=True)
            (dropout): Dropout(p=0.1, inplace=False)
          )
        )
        (9): BertLayer(
          (attention): BertAttention(
            (self): BertSelfAttention(
              (query): Linear(in_features=768, out_features=768, bias=True)
              (key): Linear(in_features=768, out_features=768, bias=True)
              (value): Linear(in_features=768, out_features=768, bias=True)
              (dropout): Dropout(p=0.1, inplace=False)
            )
            (output): BertSelfOutput(
              (dense): Linear(in_features=768, out_features=768, bias=True)
              (LayerNorm): LayerNorm((768,), eps=1e-12, elementwise_affine=True)
              (dropout): Dropout(p=0.1, inplace=False)
            )
          )
          (intermediate): BertIntermediate(
            (dense): Linear(in_features=768, out_features=3072, bias=True)
            (intermediate_act_fn): GELUActivation()
          )
          (output): BertOutput(
            (dense): Linear(in_features=3072, out_features=768, bias=True)
            (LayerNorm): LayerNorm((768,), eps=1e-12, elementwise_affine=True)
            (dropout): Dropout(p=0.1, inplace=False)
          )
        )
        (10): BertLayer(
          (attention): BertAttention(
            (self): BertSelfAttention(
              (query): Linear(in_features=768, out_features=768, bias=True)
              (key): Linear(in_features=768, out_features=768, bias=True)
              (value): Linear(in_features=768, out_features=768, bias=True)
              (dropout): Dropout(p=0.1, inplace=False)
            )
            (output): BertSelfOutput(
              (dense): Linear(in_features=768, out_features=768, bias=True)
              (LayerNorm): LayerNorm((768,), eps=1e-12, elementwise_affine=True)
              (dropout): Dropout(p=0.1, inplace=False)
            )
          )
          (intermediate): BertIntermediate(
            (dense): Linear(in_features=768, out_features=3072, bias=True)
            (intermediate_act_fn): GELUActivation()
          )
          (output): BertOutput(
            (dense): Linear(in_features=3072, out_features=768, bias=True)
            (LayerNorm): LayerNorm((768,), eps=1e-12, elementwise_affine=True)
            (dropout): Dropout(p=0.1, inplace=False)
          )
        )
        (11): BertLayer(
          (attention): BertAttention(
            (self): BertSelfAttention(
              (query): Linear(in_features=768, out_features=768, bias=True)
              (key): Linear(in_features=768, out_features=768, bias=True)
              (value): Linear(in_features=768, out_features=768, bias=True)
              (dropout): Dropout(p=0.1, inplace=False)
            )
            (output): BertSelfOutput(
              (dense): Linear(in_features=768, out_features=768, bias=True)
              (LayerNorm): LayerNorm((768,), eps=1e-12, elementwise_affine=True)
              (dropout): Dropout(p=0.1, inplace=False)
            )
          )
          (intermediate): BertIntermediate(
            (dense): Linear(in_features=768, out_features=3072, bias=True)
            (intermediate_act_fn): GELUActivation()
          )
          (output): BertOutput(
            (dense): Linear(in_features=3072, out_features=768, bias=True)
            (LayerNorm): LayerNorm((768,), eps=1e-12, elementwise_affine=True)
            (dropout): Dropout(p=0.1, inplace=False)
          )
        )
      )
    )
  )
  (dropout): Dropout(p=0.1, inplace=False)
  (classifier): Linear(in_features=768, out_features=8, bias=True)
)
training_time:0.20915007591247559
loss:1.6728967428207397
{'APL': 2.5906735751295336, 'CMT': 2.162162162162162, 'DSC': 0.0, 'MAT': 4.964539007092199, 'PRO': 0.23612750885478156, 'SMT': 0.0, 'SPL': 0.0, 'macro_f1': 0.014219288933198109, 'micro_f1': 0.0191309100847226}
training_time:0.1703643798828125
loss:1.091445803642273
training_time:0.1593315601348877
loss:0.9224217534065247
training_time:0.15893769264221191
loss:1.5097779035568237
training_time:0.1603090763092041
loss:0.7454743385314941
training_time:0.16204452514648438
loss:0.37796497344970703
training_time:0.16207647323608398
loss:0.6350405216217041
training_time:0.2887723445892334
loss:1.168644905090332
training_time:0.1998741626739502
loss:0.8177890777587891
{'APL': 4.705882352941176, 'CMT': 4.040404040404041, 'DSC': 0.49019607843137253, 'MAT': 1.2820512820512822, 'PRO': 0.0, 'SMT': 0.0, 'SPL': 0.0, 'macro_f1': 0.015026476791182672, 'micro_f1': 0.011087420042643924}
training_time:0.17273569107055664
loss:0.9495916366577148
{'APL': 5.208333333333334, 'CMT': 9.25925925925926, 'DSC': 0.49019607843137253, 'MAT': 2.861685214626392, 'PRO': 0.5427408412483039, 'SMT': 0.0, 'SPL': 0.0, 'macro_f1': 0.026231735324140942, 'micro_f1': 0.02250937890787828}
training_time:0.17272639274597168
loss:0.8670973777770996
{'APL': 6.698564593301436, 'CMT': 19.841269841269842, 'DSC': 1.4634146341463417, 'MAT': 5.61622464898596, 'PRO': 1.3227513227513228, 'SMT': 0.0, 'SPL': 0.0, 'macro_f1': 0.049917464343507, 'micro_f1': 0.04658634538152611}
training_time:0.16212081909179688
loss:0.5849716067314148
{'APL': 7.079646017699115, 'CMT': 33.21554770318021, 'DSC': 4.195804195804196, 'MAT': 8.82800608828006, 'PRO': 2.849740932642487, 'SMT': 1.257861635220126, 'SPL': 2.8169014084507045, 'macro_f1': 0.086062154258967, 'micro_f1': 0.08163265306122448}
training_time:0.179121732711792
loss:0.6181806325912476
{'APL': 7.692307692307692, 'CMT': 39.597315436241615, 'DSC': 7.555555555555555, 'MAT': 15.18248175182482, 'PRO': 4.556962025316455, 'SMT': 1.2422360248447206, 'SPL': 2.777777777777778, 'macro_f1': 0.11229233751981232, 'micro_f1': 0.11672862453531599}
training_time:0.17436671257019043
loss:0.5118092894554138
{'APL': 8.583690987124465, 'CMT': 40.789473684210535, 'DSC': 11.940298507462686, 'MAT': 17.71428571428572, 'PRO': 5.452292441140025, 'SMT': 2.4390243902439024, 'SPL': 2.777777777777778, 'macro_f1': 0.12813834786035014, 'micro_f1': 0.13604947253546745}
training_time:0.16890501976013184
loss:0.6134455800056458
{'APL': 9.649122807017545, 'CMT': 43.13725490196078, 'DSC': 13.141683778234087, 'MAT': 20.362622036262206, 'PRO': 5.679012345679013, 'SMT': 2.4390243902439024, 'SPL': 2.777777777777778, 'macro_f1': 0.13883785433882184, 'micro_f1': 0.14942528735632182}
training_time:0.17712974548339844
loss:0.36061930656433105
{'APL': 11.607142857142856, 'CMT': 43.13725490196078, 'DSC': 15.6, 'MAT': 23.08724832214765, 'PRO': 6.150061500615006, 'SMT': 2.4539877300613497, 'SPL': 5.47945205479452, 'macro_f1': 0.15359306766674594, 'micro_f1': 0.165014164305949}
training_time:0.16262531280517578
loss:0.6427006125450134
{'APL': 11.76470588235294, 'CMT': 43.13725490196078, 'DSC': 16.733067729083665, 'MAT': 24.169986719787516, 'PRO': 6.349206349206349, 'SMT': 2.4539877300613497, 'SPL': 8.108108108108107, 'macro_f1': 0.161023310600801, 'micro_f1': 0.17124735729386892}
training_time:0.16985845565795898
loss:0.37231290340423584
{'APL': 11.872146118721458, 'CMT': 43.13725490196078, 'DSC': 16.69980119284294, 'MAT': 25.620915032679736, 'PRO': 8.883553421368548, 'SMT': 3.6585365853658534, 'SPL': 8.0, 'macro_f1': 0.16838886750419899, 'micro_f1': 0.18289703315881325}
training_time:0.17380952835083008
loss:0.3188953399658203
{'APL': 11.872146118721458, 'CMT': 45.09803921568628, 'DSC': 16.4, 'MAT': 26.683937823834196, 'PRO': 10.785463071512307, 'SMT': 3.6585365853658534, 'SPL': 8.0, 'macro_f1': 0.1749973183073144, 'micro_f1': 0.19245413637937003}
training_time:0.16442584991455078
loss:0.548359751701355
{'APL': 12.844036697247708, 'CMT': 45.09803921568628, 'DSC': 16.16161616161616, 'MAT': 27.319587628865982, 'PRO': 11.355735805330244, 'SMT': 3.6585365853658534, 'SPL': 8.0, 'macro_f1': 0.17776793156301743, 'micro_f1': 0.1960648947186745}
training_time:0.16831064224243164
loss:0.48022711277008057
{'APL': 12.962962962962965, 'CMT': 45.60260586319219, 'DSC': 16.227180527383368, 'MAT': 27.984595635430036, 'PRO': 12.38532110091743, 'SMT': 4.819277108433735, 'SPL': 7.894736842105264, 'macro_f1': 0.1826809714863214, 'micro_f1': 0.20213131660364383}
training_time:0.1815023422241211
loss:0.4035052955150604
{'APL': 14.611872146118724, 'CMT': 46.557377049180324, 'DSC': 15.132924335378325, 'MAT': 28.607918263090674, 'PRO': 12.387387387387387, 'SMT': 4.819277108433735, 'SPL': 7.792207792207792, 'macro_f1': 0.1855842344025671, 'micro_f1': 0.2036214554151008}
training_time:0.17313075065612793
loss:0.2880084216594696
{'APL': 15.59633027522936, 'CMT': 46.557377049180324, 'DSC': 15.132924335378325, 'MAT': 29.68553459119497, 'PRO': 13.90728476821192, 'SMT': 5.9880239520958085, 'SPL': 7.692307692307692, 'macro_f1': 0.19222826094799766, 'micro_f1': 0.21230561189993238}
training_time:0.16738128662109375
loss:0.5131078958511353
{'APL': 16.513761467889907, 'CMT': 46.90553745928338, 'DSC': 15.88594704684318, 'MAT': 30.538172715894866, 'PRO': 14.686825053995682, 'SMT': 5.9523809523809526, 'SPL': 7.692307692307692, 'macro_f1': 0.19739276055513666, 'micro_f1': 0.2189487780381654}
training_time:0.18056631088256836
loss:0.2733429968357086
{'APL': 18.099547511312217, 'CMT': 46.90553745928338, 'DSC': 16.194331983805665, 'MAT': 30.711610486891384, 'PRO': 15.236051502145923, 'SMT': 5.882352941176471, 'SPL': 7.692307692307692, 'macro_f1': 0.20103105653846104, 'micro_f1': 0.22244422244422246}
training_time:0.16926264762878418
loss:0.3940596580505371
{'APL': 18.75, 'CMT': 48.20846905537459, 'DSC': 16.16161616161616, 'MAT': 31.172069825436406, 'PRO': 15.598290598290598, 'SMT': 5.847953216374268, 'SPL': 7.59493670886076, 'macro_f1': 0.20476190795136112, 'micro_f1': 0.22627737226277372}
training_time:0.16522550582885742
loss:0.20960654318332672
training_time:0.1766211986541748
loss:0.583745002746582
{'APL': 19.469026548672566, 'CMT': 49.350649350649356, 'DSC': 17.303822937625753, 'MAT': 32.218091697645605, 'PRO': 15.761448349307775, 'SMT': 4.705882352941177, 'SPL': 7.5, 'macro_f1': 0.20901274462406036, 'micro_f1': 0.23257350512058148}
training_time:0.16458988189697266
loss:0.507225751876831
{'APL': 19.469026548672566, 'CMT': 49.350649350649356, 'DSC': 17.670682730923694, 'MAT': 32.839506172839506, 'PRO': 15.761448349307775, 'SMT': 4.678362573099416, 'SPL': 7.5, 'macro_f1': 0.21038525103641756, 'micro_f1': 0.23482849604221637}
training_time:0.16925597190856934
loss:0.2947233319282532
{'APL': 19.29824561403509, 'CMT': 49.677419354838705, 'DSC': 17.706237424547282, 'MAT': 33.04562268803946, 'PRO': 15.761448349307775, 'SMT': 5.813953488372093, 'SPL': 7.5, 'macro_f1': 0.21257560988448632, 'micro_f1': 0.2364175172867962}
{'APL': 19.51219512195122, 'CMT': 47.76119402985074, 'DSC': 17.325800376647834, 'MAT': 33.258426966292134, 'PRO': 15.943491422805245, 'SMT': 4.926108374384237, 'SPL': 11.49425287356322, 'macro_f1': 0.21460209880784947, 'micro_f1': 0.23575997563204387}
