/home/liwentao/miniconda3/envs/py38/lib/python3.8/site-packages/transformers/generation_utils.py:24: FutureWarning: Importing `GenerationMixin` from `src/transformers/generation_utils.py` is deprecated and will be removed in Transformers v5. Import as `from transformers import GenerationMixin` instead.
  warnings.warn(
06/01/2023 02:29:42 - INFO - __main__ - Distributed environment: NO
Num processes: 1
Process index: 0
Local process index: 0
Device: cuda

Mixed precision type: no

06/01/2023 02:29:43 - WARNING - datasets.builder - Found cached dataset json (/home/liwentao/.cache/huggingface/datasets/json/default-375c275890783dda/0.0.0/0f7e3662623656454fcd2b650f34e886a7db4b9104504885bd462096cc7a9f51)
################## Hyper-parameters: ##################
epochs:100,lr:0.005, batch_size:32, shot:1, proto_dim:160, logits_weight:10.0, weight_decay:1e-07 
################## Hyper-parameters: ##################
shot and proto_dim
proto_dim: 32
model_logits_weight: 20
num_train_epochs: 35
  0%|          | 0/2 [00:00<?, ?it/s]100%|██████████| 2/2 [00:00<00:00, 1198.72it/s]
loading configuration file config.json from cache at /home/liwentao/.cache/huggingface/hub/models--pranav-s--MaterialsBERT/snapshots/8a7378e9cdeae17fb808482ae367e4bd995fe223/config.json
Model config BertConfig {
  "_name_or_path": "pranav-s/MaterialsBERT",
  "architectures": [
    "BertForMaskedLM"
  ],
  "attention_probs_dropout_prob": 0.1,
  "classifier_dropout": null,
  "hidden_act": "gelu",
  "hidden_dropout_prob": 0.1,
  "hidden_size": 768,
  "initializer_range": 0.02,
  "intermediate_size": 3072,
  "layer_norm_eps": 1e-12,
  "max_position_embeddings": 512,
  "model_type": "bert",
  "num_attention_heads": 12,
  "num_hidden_layers": 12,
  "pad_token_id": 0,
  "position_embedding_type": "absolute",
  "torch_dtype": "float32",
  "transformers_version": "4.27.1",
  "type_vocab_size": 2,
  "use_cache": true,
  "vocab_size": 30522
}

Could not locate the tokenizer configuration file, will try to use the model config instead.
loading configuration file config.json from cache at /home/liwentao/.cache/huggingface/hub/models--pranav-s--MaterialsBERT/snapshots/8a7378e9cdeae17fb808482ae367e4bd995fe223/config.json
Model config BertConfig {
  "_name_or_path": "pranav-s/MaterialsBERT",
  "architectures": [
    "BertForMaskedLM"
  ],
  "attention_probs_dropout_prob": 0.1,
  "classifier_dropout": null,
  "hidden_act": "gelu",
  "hidden_dropout_prob": 0.1,
  "hidden_size": 768,
  "initializer_range": 0.02,
  "intermediate_size": 3072,
  "layer_norm_eps": 1e-12,
  "max_position_embeddings": 512,
  "model_type": "bert",
  "num_attention_heads": 12,
  "num_hidden_layers": 12,
  "pad_token_id": 0,
  "position_embedding_type": "absolute",
  "torch_dtype": "float32",
  "transformers_version": "4.27.1",
  "type_vocab_size": 2,
  "use_cache": true,
  "vocab_size": 30522
}

loading file vocab.txt from cache at /home/liwentao/.cache/huggingface/hub/models--pranav-s--MaterialsBERT/snapshots/8a7378e9cdeae17fb808482ae367e4bd995fe223/vocab.txt
loading file tokenizer.json from cache at None
loading file added_tokens.json from cache at None
loading file special_tokens_map.json from cache at None
loading file tokenizer_config.json from cache at None
loading configuration file config.json from cache at /home/liwentao/.cache/huggingface/hub/models--pranav-s--MaterialsBERT/snapshots/8a7378e9cdeae17fb808482ae367e4bd995fe223/config.json
Model config BertConfig {
  "_name_or_path": "pranav-s/MaterialsBERT",
  "architectures": [
    "BertForMaskedLM"
  ],
  "attention_probs_dropout_prob": 0.1,
  "classifier_dropout": null,
  "hidden_act": "gelu",
  "hidden_dropout_prob": 0.1,
  "hidden_size": 768,
  "initializer_range": 0.02,
  "intermediate_size": 3072,
  "layer_norm_eps": 1e-12,
  "max_position_embeddings": 512,
  "model_type": "bert",
  "num_attention_heads": 12,
  "num_hidden_layers": 12,
  "pad_token_id": 0,
  "position_embedding_type": "absolute",
  "torch_dtype": "float32",
  "transformers_version": "4.27.1",
  "type_vocab_size": 2,
  "use_cache": true,
  "vocab_size": 30522
}

loading configuration file config.json from cache at /home/liwentao/.cache/huggingface/hub/models--pranav-s--MaterialsBERT/snapshots/8a7378e9cdeae17fb808482ae367e4bd995fe223/config.json
Model config BertConfig {
  "_name_or_path": "pranav-s/MaterialsBERT",
  "architectures": [
    "BertForMaskedLM"
  ],
  "attention_probs_dropout_prob": 0.1,
  "classifier_dropout": null,
  "hidden_act": "gelu",
  "hidden_dropout_prob": 0.1,
  "hidden_size": 768,
  "initializer_range": 0.02,
  "intermediate_size": 3072,
  "layer_norm_eps": 1e-12,
  "max_position_embeddings": 512,
  "model_type": "bert",
  "num_attention_heads": 12,
  "num_hidden_layers": 12,
  "pad_token_id": 0,
  "position_embedding_type": "absolute",
  "torch_dtype": "float32",
  "transformers_version": "4.27.1",
  "type_vocab_size": 2,
  "use_cache": true,
  "vocab_size": 30522
}

loading weights file pytorch_model.bin from cache at /home/liwentao/.cache/huggingface/hub/models--pranav-s--MaterialsBERT/snapshots/8a7378e9cdeae17fb808482ae367e4bd995fe223/pytorch_model.bin
Generate config GenerationConfig {
  "_from_model_config": true,
  "pad_token_id": 0,
  "transformers_version": "4.27.1"
}

All model checkpoint weights were used when initializing BertForMaskedLM.

All the weights of BertForMaskedLM were initialized from the model checkpoint at pranav-s/MaterialsBERT.
If your task is similar to the task the model of the checkpoint was trained on, you can already use BertForMaskedLM for predictions without further training.
Generation config file not found, using a generation config created from the model config.
Loading label map from scripts/matsciner/proto_verbalizer.json...
{'I-CMT': ['electron'], 'I-MAT': ['silicon'], 'I-DSC': ['doped'], 'I-PRO': ['properties'], 'I-SMT': ['annealing'], 'I-APL': ['coating'], 'I-SPL': ['cubic']}
{'O': 0, 'I-CMT': 1, 'I-MAT': 2, 'I-DSC': 3, 'I-PRO': 4, 'I-SMT': 5, 'I-APL': 6, 'I-SPL': 7, 'B-CMT': 8, 'B-MAT': 9, 'B-DSC': 10, 'B-PRO': 11, 'B-SMT': 12, 'B-APL': 13, 'B-SPL': 14}
{'I-CMT': ['electron'], 'I-MAT': ['silicon'], 'I-DSC': ['doped'], 'I-PRO': ['properties'], 'I-SMT': ['annealing'], 'I-APL': ['coating'], 'I-SPL': ['cubic']}
Running tokenizer on dataset:   0%|          | 0/4 [00:00<?, ? examples/s]                                                                          Running tokenizer on dataset:   0%|          | 0/546 [00:00<?, ? examples/s]                                                                            /home/liwentao/Dec-Tuning-in-Mat/run_ner_dect.py:569: FutureWarning: load_metric is deprecated and will be removed in the next major version of datasets. Use 'evaluate.load' instead, from the new library 🤗 Evaluate: https://huggingface.co/docs/evaluate
  metric = load_metric("./seqeval_metric.py")
06/01/2023 02:29:51 - INFO - __main__ - ***** Running training *****
06/01/2023 02:29:51 - INFO - __main__ -   Num examples = 4
06/01/2023 02:29:51 - INFO - __main__ -   Num Epochs = 35
06/01/2023 02:29:51 - INFO - __main__ -   Instantaneous batch size per device = 32
06/01/2023 02:29:51 - INFO - __main__ -   Total train batch size (w. parallel, distributed & accumulation) = 32
06/01/2023 02:29:51 - INFO - __main__ -   Gradient Accumulation steps = 1
06/01/2023 02:29:51 - INFO - __main__ -   Total optimization steps = 35
tensor([1, 1, 1, 1, 1, 1, 1], device='cuda:0')
  0%|          | 0/35 [00:00<?, ?it/s]/home/liwentao/Dec-Tuning-in-Mat/dect_trainer.py:405: UserWarning: Implicit dimension choice for softmax has been deprecated. Change the call to include dim=X as an argument.
  logits = F.softmax(self.extract_logits(batch_logits))
Total epoch: 0. epoch loss: 15.155369758605957
Total epoch: 1. epoch loss: 14.394264221191406
Total epoch: 2. epoch loss: 13.638822555541992
Total epoch: 3. epoch loss: 12.89262866973877
Total epoch: 4. epoch loss: 12.159830093383789
Total epoch: 5. epoch loss: 11.444948196411133
Total epoch: 6. epoch loss: 10.752503395080566
Total epoch: 7. epoch loss: 10.086751937866211
Total epoch: 8. epoch loss: 9.451186180114746
Total epoch: 9. epoch loss: 8.848024368286133
Total epoch: 10. epoch loss: 8.278154373168945
Total epoch: 11. epoch loss: 7.741408824920654
Total epoch: 12. epoch loss: 7.236782073974609
Total epoch: 13. epoch loss: 6.76290225982666
Total epoch: 14. epoch loss: 6.318170070648193
Total epoch: 15. epoch loss: 5.900968074798584
Total epoch: 16. epoch loss: 5.509759902954102
Total epoch: 17. epoch loss: 5.143061637878418
Total epoch: 18. epoch loss: 4.799456596374512
Total epoch: 19. epoch loss: 4.477582931518555
Total epoch: 20. epoch loss: 4.176066875457764
Total epoch: 21. epoch loss: 3.8936855792999268
Total epoch: 22. epoch loss: 3.6293704509735107
Total epoch: 23. epoch loss: 3.3819408416748047
Total epoch: 24. epoch loss: 3.150435447692871
Total epoch: 25. epoch loss: 2.934032917022705
Total epoch: 26. epoch loss: 2.7318248748779297
Total epoch: 27. epoch loss: 2.543102502822876
Total epoch: 28. epoch loss: 2.367128610610962
Total epoch: 29. epoch loss: 2.2032392024993896
Total epoch: 30. epoch loss: 2.0507967472076416
Total epoch: 31. epoch loss: 1.9091980457305908
Total epoch: 32. epoch loss: 1.777847409248352
Total epoch: 33. epoch loss: 1.6561083793640137
Total epoch: 34. epoch loss: 1.5433577299118042
Total epoch: 34. DecT loss: 1.5433577299118042
Training time: 0.1514577865600586
APL_precision: 0.11743772241992882, APL_recall: 0.19411764705882353, APL_f1: 0.14634146341463417, APL_number: 170
CMT_precision: 0.044416243654822336, CMT_recall: 0.1794871794871795, CMT_f1: 0.07121057985757885, CMT_number: 195
DSC_precision: 0.05263157894736842, DSC_recall: 0.020594965675057208, DSC_f1: 0.029605263157894735, DSC_number: 437
MAT_precision: 0.00945179584120983, MAT_recall: 0.007331378299120235, MAT_f1: 0.008257638315441785, MAT_number: 682
PRO_precision: 0.375, PRO_recall: 0.019455252918287938, PRO_f1: 0.036991368680641186, PRO_number: 771
SMT_precision: 0.3953488372093023, SMT_recall: 0.09941520467836257, SMT_f1: 0.1588785046728972, SMT_number: 171
SPL_precision: 0.3157894736842105, SPL_recall: 0.08, SPL_f1: 0.1276595744680851, SPL_number: 75
overall_precision: 0.06413682522715125, overall_recall: 0.04798080767692923, overall_f1: 0.05489478499542543, overall_accuracy: 0.6449860624687299
finish test
Traceback (most recent call last):
  File "/home/liwentao/Dec-Tuning-in-Mat/run_ner_dect.py", line 992, in <module>
    main()
  File "/home/liwentao/Dec-Tuning-in-Mat/run_ner_dect.py", line 815, in main
    runner.run(train_dataloader,None ,eval_dataloader)
  File "/home/liwentao/Dec-Tuning-in-Mat/dect_trainer.py", line 513, in run
    return score
NameError: name 'score' is not defined
  0%|          | 0/35 [00:02<?, ?it/s]06/01/2023 02:39:53 - INFO - __main__ - Distributed environment: NO
Num processes: 1
Process index: 0
Local process index: 0
Device: cuda

Mixed precision type: no

06/01/2023 02:39:54 - WARNING - datasets.builder - Found cached dataset json (/home/liwentao/.cache/huggingface/datasets/json/default-375c275890783dda/0.0.0/0f7e3662623656454fcd2b650f34e886a7db4b9104504885bd462096cc7a9f51)
  0%|          | 0/2 [00:00<?, ?it/s]100%|██████████| 2/2 [00:00<00:00, 1130.39it/s]
loading configuration file config.json from cache at /home/liwentao/.cache/huggingface/hub/models--pranav-s--MaterialsBERT/snapshots/8a7378e9cdeae17fb808482ae367e4bd995fe223/config.json
Model config BertConfig {
  "_name_or_path": "pranav-s/MaterialsBERT",
  "architectures": [
    "BertForMaskedLM"
  ],
  "attention_probs_dropout_prob": 0.1,
  "classifier_dropout": null,
  "hidden_act": "gelu",
  "hidden_dropout_prob": 0.1,
  "hidden_size": 768,
  "initializer_range": 0.02,
  "intermediate_size": 3072,
  "layer_norm_eps": 1e-12,
  "max_position_embeddings": 512,
  "model_type": "bert",
  "num_attention_heads": 12,
  "num_hidden_layers": 12,
  "pad_token_id": 0,
  "position_embedding_type": "absolute",
  "torch_dtype": "float32",
  "transformers_version": "4.27.1",
  "type_vocab_size": 2,
  "use_cache": true,
  "vocab_size": 30522
}

Could not locate the tokenizer configuration file, will try to use the model config instead.
Loading label map from scripts/matsciner/final_verbalizer.json...
{'I-CMT': ['electron', 'diffraction', 'microscopy', 'spectroscopy', 'scanning', 'raman', 'transmission', 'test', 'neutron'], 'I-MAT': ['oxide', 'silicon', 'carbon', 'graphene', 'aluminum', 'titanium', 'steel', 'oxides'], 'I-DSC': ['films', 'doped', 'thin', 'film', 'alloy', 'substrate', 'layer', 'single', 'alloys'], 'I-PRO': ['properties', 'structure', 'magnetic', 'band', 'conductivity', 'resistance', 'density', 'behavior', 'electrical'], 'I-SMT': ['annealing', 'gel', 'plasma', 'hydrothermal', 'annealed', 'sol', 'treatment', 'irradiation', 'vapor'], 'I-APL': ['coatings', 'coating', 'solar', 'cells', 'electrode', 'applications', 'electrodes', 'catalysts', 'cathode'], 'I-SPL': ['cubic', 'hexagonal', 'rock', 'ch']}
{'O': 0, 'I-CMT': 1, 'I-MAT': 2, 'I-DSC': 3, 'I-PRO': 4, 'I-SMT': 5, 'I-APL': 6, 'I-SPL': 7, 'B-CMT': 8, 'B-MAT': 9, 'B-DSC': 10, 'B-PRO': 11, 'B-SMT': 12, 'B-APL': 13, 'B-SPL': 14}
Traceback (most recent call last):
  File "/home/liwentao/Dec-Tuning-in-Mat/train_transformer.py", line 989, in <module>
    main()
  File "/home/liwentao/Dec-Tuning-in-Mat/train_transformer.py", line 369, in main
    tokenizer = AutoTokenizer.from_pretrained(tokenizer_name_or_path, use_fast=True, do_lower_case=False)
  File "/home/liwentao/miniconda3/envs/py38/lib/python3.8/site-packages/transformers/models/auto/tokenization_auto.py", line 634, in from_pretrained
    config = AutoConfig.from_pretrained(
  File "/home/liwentao/miniconda3/envs/py38/lib/python3.8/site-packages/transformers/models/auto/configuration_auto.py", line 896, in from_pretrained
    config_dict, unused_kwargs = PretrainedConfig.get_config_dict(pretrained_model_name_or_path, **kwargs)
  File "/home/liwentao/miniconda3/envs/py38/lib/python3.8/site-packages/transformers/configuration_utils.py", line 573, in get_config_dict
    config_dict, kwargs = cls._get_config_dict(pretrained_model_name_or_path, **kwargs)
  File "/home/liwentao/miniconda3/envs/py38/lib/python3.8/site-packages/transformers/configuration_utils.py", line 628, in _get_config_dict
    resolved_config_file = cached_file(
  File "/home/liwentao/miniconda3/envs/py38/lib/python3.8/site-packages/transformers/utils/hub.py", line 409, in cached_file
    resolved_file = hf_hub_download(
  File "/home/liwentao/miniconda3/envs/py38/lib/python3.8/site-packages/huggingface_hub/utils/_validators.py", line 120, in _inner_fn
    return fn(*args, **kwargs)
  File "/home/liwentao/miniconda3/envs/py38/lib/python3.8/site-packages/huggingface_hub/file_download.py", line 1195, in hf_hub_download
    metadata = get_hf_file_metadata(
  File "/home/liwentao/miniconda3/envs/py38/lib/python3.8/site-packages/huggingface_hub/utils/_validators.py", line 120, in _inner_fn
    return fn(*args, **kwargs)
  File "/home/liwentao/miniconda3/envs/py38/lib/python3.8/site-packages/huggingface_hub/file_download.py", line 1532, in get_hf_file_metadata
    r = _request_wrapper(
  File "/home/liwentao/miniconda3/envs/py38/lib/python3.8/site-packages/huggingface_hub/file_download.py", line 407, in _request_wrapper
    response = _request_wrapper(
  File "/home/liwentao/miniconda3/envs/py38/lib/python3.8/site-packages/huggingface_hub/file_download.py", line 442, in _request_wrapper
    return http_backoff(
  File "/home/liwentao/miniconda3/envs/py38/lib/python3.8/site-packages/huggingface_hub/utils/_http.py", line 212, in http_backoff
    response = session.request(method=method, url=url, **kwargs)
  File "/home/liwentao/miniconda3/envs/py38/lib/python3.8/site-packages/requests/sessions.py", line 587, in request
    resp = self.send(prep, **send_kwargs)
  File "/home/liwentao/miniconda3/envs/py38/lib/python3.8/site-packages/requests/sessions.py", line 701, in send
    r = adapter.send(request, **kwargs)
  File "/home/liwentao/miniconda3/envs/py38/lib/python3.8/site-packages/requests/adapters.py", line 489, in send
    resp = conn.urlopen(
  File "/home/liwentao/miniconda3/envs/py38/lib/python3.8/site-packages/urllib3/connectionpool.py", line 703, in urlopen
    httplib_response = self._make_request(
  File "/home/liwentao/miniconda3/envs/py38/lib/python3.8/site-packages/urllib3/connectionpool.py", line 449, in _make_request
    six.raise_from(e, None)
  File "<string>", line 3, in raise_from
  File "/home/liwentao/miniconda3/envs/py38/lib/python3.8/site-packages/urllib3/connectionpool.py", line 444, in _make_request
    httplib_response = conn.getresponse()
  File "/home/liwentao/miniconda3/envs/py38/lib/python3.8/http/client.py", line 1348, in getresponse
    response.begin()
  File "/home/liwentao/miniconda3/envs/py38/lib/python3.8/http/client.py", line 316, in begin
    version, status, reason = self._read_status()
  File "/home/liwentao/miniconda3/envs/py38/lib/python3.8/http/client.py", line 277, in _read_status
    line = str(self.fp.readline(_MAXLINE + 1), "iso-8859-1")
  File "/home/liwentao/miniconda3/envs/py38/lib/python3.8/socket.py", line 669, in readinto
    return self._sock.recv_into(b)
  File "/home/liwentao/miniconda3/envs/py38/lib/python3.8/ssl.py", line 1241, in recv_into
    return self.read(nbytes, buffer)
  File "/home/liwentao/miniconda3/envs/py38/lib/python3.8/ssl.py", line 1099, in read
    return self._sslobj.read(len, buffer)
KeyboardInterrupt
