/home/liwentao/miniconda3/envs/py38/lib/python3.8/site-packages/transformers/generation_utils.py:24: FutureWarning: Importing `GenerationMixin` from `src/transformers/generation_utils.py` is deprecated and will be removed in Transformers v5. Import as `from transformers import GenerationMixin` instead.
  warnings.warn(
05/31/2023 14:49:19 - INFO - __main__ - Distributed environment: NO
Num processes: 1
Process index: 0
Local process index: 0
Device: cuda

Mixed precision type: no

05/31/2023 14:49:20 - WARNING - datasets.builder - Found cached dataset json (/home/liwentao/.cache/huggingface/datasets/json/default-a5b11f1308f98d86/0.0.0/0f7e3662623656454fcd2b650f34e886a7db4b9104504885bd462096cc7a9f51)
################## Hyper-parameters: ##################
epochs:100,lr:0.005, batch_size:4, shot:1, proto_dim:160, logits_weight:10.0, weight_decay:1e-05 
################## Hyper-parameters: ##################
shot and proto_dim
proto_dim: 32
model_logits_weight: 20
num_train_epochs: 35
  0%|          | 0/2 [00:00<?, ?it/s]100%|██████████| 2/2 [00:00<00:00, 1167.03it/s]
loading configuration file config.json from cache at /home/liwentao/.cache/huggingface/hub/models--roberta-large/snapshots/716877d372b884cad6d419d828bac6c85b3b18d9/config.json
Model config RobertaConfig {
  "_name_or_path": "roberta-large",
  "architectures": [
    "RobertaForMaskedLM"
  ],
  "attention_probs_dropout_prob": 0.1,
  "bos_token_id": 0,
  "classifier_dropout": null,
  "eos_token_id": 2,
  "hidden_act": "gelu",
  "hidden_dropout_prob": 0.1,
  "hidden_size": 1024,
  "initializer_range": 0.02,
  "intermediate_size": 4096,
  "layer_norm_eps": 1e-05,
  "max_position_embeddings": 514,
  "model_type": "roberta",
  "num_attention_heads": 16,
  "num_hidden_layers": 24,
  "pad_token_id": 1,
  "position_embedding_type": "absolute",
  "transformers_version": "4.27.1",
  "type_vocab_size": 1,
  "use_cache": true,
  "vocab_size": 50265
}

Could not locate the tokenizer configuration file, will try to use the model config instead.
loading configuration file config.json from cache at /home/liwentao/.cache/huggingface/hub/models--roberta-large/snapshots/716877d372b884cad6d419d828bac6c85b3b18d9/config.json
Model config RobertaConfig {
  "_name_or_path": "roberta-large",
  "architectures": [
    "RobertaForMaskedLM"
  ],
  "attention_probs_dropout_prob": 0.1,
  "bos_token_id": 0,
  "classifier_dropout": null,
  "eos_token_id": 2,
  "hidden_act": "gelu",
  "hidden_dropout_prob": 0.1,
  "hidden_size": 1024,
  "initializer_range": 0.02,
  "intermediate_size": 4096,
  "layer_norm_eps": 1e-05,
  "max_position_embeddings": 514,
  "model_type": "roberta",
  "num_attention_heads": 16,
  "num_hidden_layers": 24,
  "pad_token_id": 1,
  "position_embedding_type": "absolute",
  "transformers_version": "4.27.1",
  "type_vocab_size": 1,
  "use_cache": true,
  "vocab_size": 50265
}

loading file vocab.json from cache at /home/liwentao/.cache/huggingface/hub/models--roberta-large/snapshots/716877d372b884cad6d419d828bac6c85b3b18d9/vocab.json
loading file merges.txt from cache at /home/liwentao/.cache/huggingface/hub/models--roberta-large/snapshots/716877d372b884cad6d419d828bac6c85b3b18d9/merges.txt
loading file tokenizer.json from cache at /home/liwentao/.cache/huggingface/hub/models--roberta-large/snapshots/716877d372b884cad6d419d828bac6c85b3b18d9/tokenizer.json
loading file added_tokens.json from cache at None
loading file special_tokens_map.json from cache at None
loading file tokenizer_config.json from cache at None
loading configuration file config.json from cache at /home/liwentao/.cache/huggingface/hub/models--roberta-large/snapshots/716877d372b884cad6d419d828bac6c85b3b18d9/config.json
Model config RobertaConfig {
  "_name_or_path": "roberta-large",
  "architectures": [
    "RobertaForMaskedLM"
  ],
  "attention_probs_dropout_prob": 0.1,
  "bos_token_id": 0,
  "classifier_dropout": null,
  "eos_token_id": 2,
  "hidden_act": "gelu",
  "hidden_dropout_prob": 0.1,
  "hidden_size": 1024,
  "initializer_range": 0.02,
  "intermediate_size": 4096,
  "layer_norm_eps": 1e-05,
  "max_position_embeddings": 514,
  "model_type": "roberta",
  "num_attention_heads": 16,
  "num_hidden_layers": 24,
  "pad_token_id": 1,
  "position_embedding_type": "absolute",
  "transformers_version": "4.27.1",
  "type_vocab_size": 1,
  "use_cache": true,
  "vocab_size": 50265
}

loading weights file pytorch_model.bin from cache at /home/liwentao/.cache/huggingface/hub/models--roberta-large/snapshots/716877d372b884cad6d419d828bac6c85b3b18d9/pytorch_model.bin
All model checkpoint weights were used when initializing RobertaForMaskedLM.

All the weights of RobertaForMaskedLM were initialized from the model checkpoint at roberta-large.
If your task is similar to the task the model of the checkpoint was trained on, you can already use RobertaForMaskedLM for predictions without further training.
Loading label map from scripts/matsciner/proto_verbalizer.json...
{'I-CMT': ['electron'], 'I-MAT': ['silicon'], 'I-DSC': ['doped'], 'I-PRO': ['properties'], 'I-SMT': ['annealing'], 'I-APL': ['coating'], 'I-SPL': ['cubic']}
{'O': 0, 'I-CMT': 1, 'I-MAT': 2, 'I-DSC': 3, 'I-PRO': 4, 'I-SMT': 5, 'I-APL': 6, 'I-SPL': 7, 'B-CMT': 8, 'B-MAT': 9, 'B-DSC': 10, 'B-PRO': 11, 'B-SMT': 12, 'B-APL': 13, 'B-SPL': 14}
{'I-CMT': ['electron'], 'I-MAT': ['silicon'], 'I-DSC': ['doped'], 'I-PRO': ['properties'], 'I-SMT': ['annealing'], 'I-APL': ['coating'], 'I-SPL': ['cubic']}
Running tokenizer on dataset:   0%|          | 0/6 [00:00<?, ? examples/s]                                                                          Running tokenizer on dataset:   0%|          | 0/546 [00:00<?, ? examples/s]Running tokenizer on dataset: 100%|██████████| 546/546 [00:00<00:00, 2217.74 examples/s]                                                                                        /home/liwentao/Dec-Tuning-in-Mat/run_ner_dect.py:563: FutureWarning: load_metric is deprecated and will be removed in the next major version of datasets. Use 'evaluate.load' instead, from the new library 🤗 Evaluate: https://huggingface.co/docs/evaluate
  metric = load_metric("./seqeval_metric.py")
05/31/2023 14:49:31 - INFO - __main__ - ***** Running training *****
05/31/2023 14:49:31 - INFO - __main__ -   Num examples = 6
05/31/2023 14:49:31 - INFO - __main__ -   Num Epochs = 35
05/31/2023 14:49:31 - INFO - __main__ -   Instantaneous batch size per device = 4
05/31/2023 14:49:31 - INFO - __main__ -   Total train batch size (w. parallel, distributed & accumulation) = 4
05/31/2023 14:49:31 - INFO - __main__ -   Gradient Accumulation steps = 1
05/31/2023 14:49:31 - INFO - __main__ -   Total optimization steps = 70
tensor([3, 3, 3, 3, 3, 3, 3], device='cuda:0')
  0%|          | 0/70 [00:00<?, ?it/s]/home/liwentao/Dec-Tuning-in-Mat/dect_trainer.py:379: UserWarning: Implicit dimension choice for softmax has been deprecated. Change the call to include dim=X as an argument.
  logits = F.softmax(self.extract_logits(batch_logits))
Total epoch: 0. epoch loss: 16.651317596435547
Total epoch: 1. epoch loss: 16.25865936279297
Total epoch: 2. epoch loss: 15.866217613220215
Total epoch: 3. epoch loss: 15.473258018493652
Total epoch: 4. epoch loss: 15.079785346984863
Total epoch: 5. epoch loss: 14.686184883117676
Total epoch: 6. epoch loss: 14.292905807495117
Total epoch: 7. epoch loss: 13.90044116973877
Total epoch: 8. epoch loss: 13.509305953979492
Total epoch: 9. epoch loss: 13.120048522949219
Total epoch: 10. epoch loss: 12.733270645141602
Total epoch: 11. epoch loss: 12.349603652954102
Total epoch: 12. epoch loss: 11.969597816467285
Total epoch: 13. epoch loss: 11.593902587890625
Total epoch: 14. epoch loss: 11.223104476928711
Total epoch: 15. epoch loss: 10.857749938964844
Total epoch: 16. epoch loss: 10.498370170593262
Total epoch: 17. epoch loss: 10.145397186279297
Total epoch: 18. epoch loss: 9.799272537231445
Total epoch: 19. epoch loss: 9.46030330657959
Total epoch: 20. epoch loss: 9.128788948059082
Total epoch: 21. epoch loss: 8.804948806762695
Total epoch: 22. epoch loss: 8.488901138305664
Total epoch: 23. epoch loss: 8.180853843688965
Total epoch: 24. epoch loss: 7.880802154541016
Total epoch: 25. epoch loss: 7.588747978210449
Total epoch: 26. epoch loss: 7.304775714874268
Total epoch: 27. epoch loss: 7.028712749481201
Total epoch: 28. epoch loss: 6.760603427886963
Total epoch: 29. epoch loss: 6.500225067138672
Total epoch: 30. epoch loss: 6.24758243560791
Total epoch: 31. epoch loss: 6.002463340759277
Total epoch: 32. epoch loss: 5.764770030975342
Total epoch: 33. epoch loss: 5.534282684326172
Total epoch: 34. epoch loss: 5.310940265655518
Total epoch: 34. DecT loss: 5.310940265655518
Training time: 0.19649505615234375
APL_precision: 0.024615384615384615, APL_recall: 0.047058823529411764, APL_f1: 0.03232323232323232, APL_number: 170
CMT_precision: 0.10138248847926268, CMT_recall: 0.22564102564102564, CMT_f1: 0.1399046104928458, CMT_number: 195
DSC_precision: 0.2857142857142857, DSC_recall: 0.07780320366132723, DSC_f1: 0.1223021582733813, DSC_number: 437
MAT_precision: 0.2920502092050209, MAT_recall: 0.5117302052785924, MAT_f1: 0.37187000532765047, MAT_number: 682
PRO_precision: 0.25, PRO_recall: 0.04928664072632944, PRO_f1: 0.08234019501625135, PRO_number: 771
SMT_precision: 0.5, SMT_recall: 0.011695906432748537, SMT_f1: 0.022857142857142857, SMT_number: 171
SPL_precision: 0.040983606557377046, SPL_recall: 0.13333333333333333, SPL_f1: 0.06269592476489028, SPL_number: 75
overall_precision: 0.19611807521229277, overall_recall: 0.19392243102758897, overall_f1: 0.19501407318053882, overall_accuracy: 0.7078539269634817
finish test
Traceback (most recent call last):
  File "/home/liwentao/Dec-Tuning-in-Mat/run_ner_dect.py", line 985, in <module>
    main()
  File "/home/liwentao/Dec-Tuning-in-Mat/run_ner_dect.py", line 808, in main
    runner.run(train_dataloader,None ,eval_dataloader)
  File "/home/liwentao/Dec-Tuning-in-Mat/dect_trainer.py", line 487, in run
    return score
NameError: name 'score' is not defined
  0%|          | 0/70 [00:04<?, ?it/s]