/home/liwentao/miniconda3/envs/py38/lib/python3.8/site-packages/transformers/generation_utils.py:24: FutureWarning: Importing `GenerationMixin` from `src/transformers/generation_utils.py` is deprecated and will be removed in Transformers v5. Import as `from transformers import GenerationMixin` instead.
  warnings.warn(
05/31/2023 14:49:19 - INFO - __main__ - Distributed environment: NO
Num processes: 1
Process index: 0
Local process index: 0
Device: cuda

Mixed precision type: no

05/31/2023 14:49:20 - WARNING - datasets.builder - Found cached dataset json (/home/liwentao/.cache/huggingface/datasets/json/default-fba9e49842c6a87d/0.0.0/0f7e3662623656454fcd2b650f34e886a7db4b9104504885bd462096cc7a9f51)
################## Hyper-parameters: ##################
epochs:100,lr:0.005, batch_size:4, shot:1, proto_dim:160, logits_weight:10.0, weight_decay:1e-05 
################## Hyper-parameters: ##################
shot and proto_dim
proto_dim: 32
model_logits_weight: 20
num_train_epochs: 35
  0%|          | 0/2 [00:00<?, ?it/s]100%|██████████| 2/2 [00:00<00:00, 1197.00it/s]
loading configuration file config.json from cache at /home/liwentao/.cache/huggingface/hub/models--roberta-large/snapshots/716877d372b884cad6d419d828bac6c85b3b18d9/config.json
Model config RobertaConfig {
  "_name_or_path": "roberta-large",
  "architectures": [
    "RobertaForMaskedLM"
  ],
  "attention_probs_dropout_prob": 0.1,
  "bos_token_id": 0,
  "classifier_dropout": null,
  "eos_token_id": 2,
  "hidden_act": "gelu",
  "hidden_dropout_prob": 0.1,
  "hidden_size": 1024,
  "initializer_range": 0.02,
  "intermediate_size": 4096,
  "layer_norm_eps": 1e-05,
  "max_position_embeddings": 514,
  "model_type": "roberta",
  "num_attention_heads": 16,
  "num_hidden_layers": 24,
  "pad_token_id": 1,
  "position_embedding_type": "absolute",
  "transformers_version": "4.27.1",
  "type_vocab_size": 1,
  "use_cache": true,
  "vocab_size": 50265
}

Could not locate the tokenizer configuration file, will try to use the model config instead.
loading configuration file config.json from cache at /home/liwentao/.cache/huggingface/hub/models--roberta-large/snapshots/716877d372b884cad6d419d828bac6c85b3b18d9/config.json
Model config RobertaConfig {
  "_name_or_path": "roberta-large",
  "architectures": [
    "RobertaForMaskedLM"
  ],
  "attention_probs_dropout_prob": 0.1,
  "bos_token_id": 0,
  "classifier_dropout": null,
  "eos_token_id": 2,
  "hidden_act": "gelu",
  "hidden_dropout_prob": 0.1,
  "hidden_size": 1024,
  "initializer_range": 0.02,
  "intermediate_size": 4096,
  "layer_norm_eps": 1e-05,
  "max_position_embeddings": 514,
  "model_type": "roberta",
  "num_attention_heads": 16,
  "num_hidden_layers": 24,
  "pad_token_id": 1,
  "position_embedding_type": "absolute",
  "transformers_version": "4.27.1",
  "type_vocab_size": 1,
  "use_cache": true,
  "vocab_size": 50265
}

loading file vocab.json from cache at /home/liwentao/.cache/huggingface/hub/models--roberta-large/snapshots/716877d372b884cad6d419d828bac6c85b3b18d9/vocab.json
loading file merges.txt from cache at /home/liwentao/.cache/huggingface/hub/models--roberta-large/snapshots/716877d372b884cad6d419d828bac6c85b3b18d9/merges.txt
loading file tokenizer.json from cache at /home/liwentao/.cache/huggingface/hub/models--roberta-large/snapshots/716877d372b884cad6d419d828bac6c85b3b18d9/tokenizer.json
loading file added_tokens.json from cache at None
loading file special_tokens_map.json from cache at None
loading file tokenizer_config.json from cache at None
loading configuration file config.json from cache at /home/liwentao/.cache/huggingface/hub/models--roberta-large/snapshots/716877d372b884cad6d419d828bac6c85b3b18d9/config.json
Model config RobertaConfig {
  "_name_or_path": "roberta-large",
  "architectures": [
    "RobertaForMaskedLM"
  ],
  "attention_probs_dropout_prob": 0.1,
  "bos_token_id": 0,
  "classifier_dropout": null,
  "eos_token_id": 2,
  "hidden_act": "gelu",
  "hidden_dropout_prob": 0.1,
  "hidden_size": 1024,
  "initializer_range": 0.02,
  "intermediate_size": 4096,
  "layer_norm_eps": 1e-05,
  "max_position_embeddings": 514,
  "model_type": "roberta",
  "num_attention_heads": 16,
  "num_hidden_layers": 24,
  "pad_token_id": 1,
  "position_embedding_type": "absolute",
  "transformers_version": "4.27.1",
  "type_vocab_size": 1,
  "use_cache": true,
  "vocab_size": 50265
}

loading weights file pytorch_model.bin from cache at /home/liwentao/.cache/huggingface/hub/models--roberta-large/snapshots/716877d372b884cad6d419d828bac6c85b3b18d9/pytorch_model.bin
All model checkpoint weights were used when initializing RobertaForMaskedLM.

All the weights of RobertaForMaskedLM were initialized from the model checkpoint at roberta-large.
If your task is similar to the task the model of the checkpoint was trained on, you can already use RobertaForMaskedLM for predictions without further training.
Loading label map from scripts/matsciner/proto_verbalizer.json...
{'I-CMT': ['electron'], 'I-MAT': ['silicon'], 'I-DSC': ['doped'], 'I-PRO': ['properties'], 'I-SMT': ['annealing'], 'I-APL': ['coating'], 'I-SPL': ['cubic']}
{'O': 0, 'I-CMT': 1, 'I-MAT': 2, 'I-DSC': 3, 'I-PRO': 4, 'I-SMT': 5, 'I-APL': 6, 'I-SPL': 7, 'B-CMT': 8, 'B-MAT': 9, 'B-DSC': 10, 'B-PRO': 11, 'B-SMT': 12, 'B-APL': 13, 'B-SPL': 14}
{'I-CMT': ['electron'], 'I-MAT': ['silicon'], 'I-DSC': ['doped'], 'I-PRO': ['properties'], 'I-SMT': ['annealing'], 'I-APL': ['coating'], 'I-SPL': ['cubic']}
Running tokenizer on dataset:   0%|          | 0/5 [00:00<?, ? examples/s]                                                                          Running tokenizer on dataset:   0%|          | 0/546 [00:00<?, ? examples/s]Running tokenizer on dataset: 100%|██████████| 546/546 [00:00<00:00, 2735.57 examples/s]                                                                                        /home/liwentao/Dec-Tuning-in-Mat/run_ner_dect.py:563: FutureWarning: load_metric is deprecated and will be removed in the next major version of datasets. Use 'evaluate.load' instead, from the new library 🤗 Evaluate: https://huggingface.co/docs/evaluate
  metric = load_metric("./seqeval_metric.py")
05/31/2023 14:49:30 - INFO - __main__ - ***** Running training *****
05/31/2023 14:49:30 - INFO - __main__ -   Num examples = 5
05/31/2023 14:49:30 - INFO - __main__ -   Num Epochs = 35
05/31/2023 14:49:30 - INFO - __main__ -   Instantaneous batch size per device = 4
05/31/2023 14:49:30 - INFO - __main__ -   Total train batch size (w. parallel, distributed & accumulation) = 4
05/31/2023 14:49:30 - INFO - __main__ -   Gradient Accumulation steps = 1
05/31/2023 14:49:30 - INFO - __main__ -   Total optimization steps = 70
tensor([3, 3, 3, 3, 3, 3, 3], device='cuda:0')
  0%|          | 0/70 [00:00<?, ?it/s]/home/liwentao/Dec-Tuning-in-Mat/dect_trainer.py:379: UserWarning: Implicit dimension choice for softmax has been deprecated. Change the call to include dim=X as an argument.
  logits = F.softmax(self.extract_logits(batch_logits))
Total epoch: 0. epoch loss: 16.59996223449707
Total epoch: 1. epoch loss: 16.21591567993164
Total epoch: 2. epoch loss: 15.832499504089355
Total epoch: 3. epoch loss: 15.449390411376953
Total epoch: 4. epoch loss: 15.06660270690918
Total epoch: 5. epoch loss: 14.684431076049805
Total epoch: 6. epoch loss: 14.303354263305664
Total epoch: 7. epoch loss: 13.92400074005127
Total epoch: 8. epoch loss: 13.547100067138672
Total epoch: 9. epoch loss: 13.17342472076416
Total epoch: 10. epoch loss: 12.803701400756836
Total epoch: 11. epoch loss: 12.438697814941406
Total epoch: 12. epoch loss: 12.079058647155762
Total epoch: 13. epoch loss: 11.725397109985352
Total epoch: 14. epoch loss: 11.378214836120605
Total epoch: 15. epoch loss: 11.037984848022461
Total epoch: 16. epoch loss: 10.704987525939941
Total epoch: 17. epoch loss: 10.37946605682373
Total epoch: 18. epoch loss: 10.061562538146973
Total epoch: 19. epoch loss: 9.751322746276855
Total epoch: 20. epoch loss: 9.448812484741211
Total epoch: 21. epoch loss: 9.15389633178711
Total epoch: 22. epoch loss: 8.866556167602539
Total epoch: 23. epoch loss: 8.586637496948242
Total epoch: 24. epoch loss: 8.314037322998047
Total epoch: 25. epoch loss: 8.04865550994873
Total epoch: 26. epoch loss: 7.790212631225586
Total epoch: 27. epoch loss: 7.538607120513916
Total epoch: 28. epoch loss: 7.293739318847656
Total epoch: 29. epoch loss: 7.055379390716553
Total epoch: 30. epoch loss: 6.8233866691589355
Total epoch: 31. epoch loss: 6.597515106201172
Total epoch: 32. epoch loss: 6.377810001373291
Total epoch: 33. epoch loss: 6.164056301116943
Total epoch: 34. epoch loss: 5.956089496612549
Total epoch: 34. DecT loss: 5.956089496612549
Training time: 0.1900620460510254
APL_precision: 0.04525862068965517, APL_recall: 0.24705882352941178, APL_f1: 0.07650273224043716, APL_number: 170
CMT_precision: 0.029535864978902954, CMT_recall: 0.07179487179487179, CMT_f1: 0.04185351270553064, CMT_number: 195
DSC_precision: 0.532258064516129, DSC_recall: 0.15102974828375287, DSC_f1: 0.23529411764705888, DSC_number: 437
MAT_precision: 0.42375, MAT_recall: 0.4970674486803519, MAT_f1: 0.4574898785425101, MAT_number: 682
PRO_precision: 0.056666666666666664, PRO_recall: 0.06614785992217899, PRO_f1: 0.061041292639138246, PRO_number: 771
SMT_precision: 0.057803468208092484, SMT_recall: 0.17543859649122806, SMT_f1: 0.08695652173913043, SMT_number: 171
SPL_precision: 0.05194805194805195, SPL_recall: 0.10666666666666667, SPL_f1: 0.06986899563318778, SPL_number: 75
overall_precision: 0.14106181072069762, overall_recall: 0.21991203518592564, overall_f1: 0.171875, overall_accuracy: 0.6480383048667191
finish test
Traceback (most recent call last):
  File "/home/liwentao/Dec-Tuning-in-Mat/run_ner_dect.py", line 985, in <module>
    main()
  File "/home/liwentao/Dec-Tuning-in-Mat/run_ner_dect.py", line 808, in main
    runner.run(train_dataloader,None ,eval_dataloader)
  File "/home/liwentao/Dec-Tuning-in-Mat/dect_trainer.py", line 487, in run
    return score
NameError: name 'score' is not defined
  0%|          | 0/70 [00:04<?, ?it/s]