/home/liwentao/miniconda3/envs/py38/lib/python3.8/site-packages/transformers/generation_utils.py:24: FutureWarning: Importing `GenerationMixin` from `src/transformers/generation_utils.py` is deprecated and will be removed in Transformers v5. Import as `from transformers import GenerationMixin` instead.
  warnings.warn(
05/31/2023 13:43:38 - INFO - __main__ - Distributed environment: NO
Num processes: 1
Process index: 0
Local process index: 0
Device: cuda

Mixed precision type: no

05/31/2023 13:43:50 - WARNING - datasets.builder - Found cached dataset json (/home/liwentao/.cache/huggingface/datasets/json/default-28f612676107fba8/0.0.0/0f7e3662623656454fcd2b650f34e886a7db4b9104504885bd462096cc7a9f51)
################## Hyper-parameters: ##################
epochs:100,lr:0.005, batch_size:32, shot:4, proto_dim:160, logits_weight:10.0, weight_decay:1e-05 
################## Hyper-parameters: ##################
shot and proto_dim
proto_dim: 32
model_logits_weight: 20
num_train_epochs: 35
  0%|          | 0/2 [00:00<?, ?it/s]100%|██████████| 2/2 [00:00<00:00, 1094.98it/s]
loading configuration file config.json from cache at /home/liwentao/.cache/huggingface/hub/models--m3rg-iitd--matscibert/snapshots/24a4e4318dda9bc18bff5e6a45debdcb3e1780e3/config.json
Model config BertConfig {
  "_name_or_path": "m3rg-iitd/matscibert",
  "architectures": [
    "BertForMaskedLM"
  ],
  "attention_probs_dropout_prob": 0.1,
  "classifier_dropout": null,
  "gradient_checkpointing": false,
  "hidden_act": "gelu",
  "hidden_dropout_prob": 0.1,
  "hidden_size": 768,
  "initializer_range": 0.02,
  "intermediate_size": 3072,
  "layer_norm_eps": 1e-12,
  "max_position_embeddings": 512,
  "model_type": "bert",
  "num_attention_heads": 12,
  "num_hidden_layers": 12,
  "pad_token_id": 0,
  "position_embedding_type": "absolute",
  "transformers_version": "4.27.1",
  "type_vocab_size": 2,
  "use_cache": true,
  "vocab_size": 31090
}

loading configuration file config.json from cache at /home/liwentao/.cache/huggingface/hub/models--m3rg-iitd--matscibert/snapshots/24a4e4318dda9bc18bff5e6a45debdcb3e1780e3/config.json
Model config BertConfig {
  "_name_or_path": "m3rg-iitd/matscibert",
  "architectures": [
    "BertForMaskedLM"
  ],
  "attention_probs_dropout_prob": 0.1,
  "classifier_dropout": null,
  "gradient_checkpointing": false,
  "hidden_act": "gelu",
  "hidden_dropout_prob": 0.1,
  "hidden_size": 768,
  "initializer_range": 0.02,
  "intermediate_size": 3072,
  "layer_norm_eps": 1e-12,
  "max_position_embeddings": 512,
  "model_type": "bert",
  "num_attention_heads": 12,
  "num_hidden_layers": 12,
  "pad_token_id": 0,
  "position_embedding_type": "absolute",
  "transformers_version": "4.27.1",
  "type_vocab_size": 2,
  "use_cache": true,
  "vocab_size": 31090
}

loading file vocab.txt from cache at /home/liwentao/.cache/huggingface/hub/models--m3rg-iitd--matscibert/snapshots/24a4e4318dda9bc18bff5e6a45debdcb3e1780e3/vocab.txt
loading file tokenizer.json from cache at /home/liwentao/.cache/huggingface/hub/models--m3rg-iitd--matscibert/snapshots/24a4e4318dda9bc18bff5e6a45debdcb3e1780e3/tokenizer.json
loading file added_tokens.json from cache at None
loading file special_tokens_map.json from cache at /home/liwentao/.cache/huggingface/hub/models--m3rg-iitd--matscibert/snapshots/24a4e4318dda9bc18bff5e6a45debdcb3e1780e3/special_tokens_map.json
loading file tokenizer_config.json from cache at /home/liwentao/.cache/huggingface/hub/models--m3rg-iitd--matscibert/snapshots/24a4e4318dda9bc18bff5e6a45debdcb3e1780e3/tokenizer_config.json
loading configuration file config.json from cache at /home/liwentao/.cache/huggingface/hub/models--m3rg-iitd--matscibert/snapshots/24a4e4318dda9bc18bff5e6a45debdcb3e1780e3/config.json
Model config BertConfig {
  "_name_or_path": "m3rg-iitd/matscibert",
  "architectures": [
    "BertForMaskedLM"
  ],
  "attention_probs_dropout_prob": 0.1,
  "classifier_dropout": null,
  "gradient_checkpointing": false,
  "hidden_act": "gelu",
  "hidden_dropout_prob": 0.1,
  "hidden_size": 768,
  "initializer_range": 0.02,
  "intermediate_size": 3072,
  "layer_norm_eps": 1e-12,
  "max_position_embeddings": 512,
  "model_type": "bert",
  "num_attention_heads": 12,
  "num_hidden_layers": 12,
  "pad_token_id": 0,
  "position_embedding_type": "absolute",
  "transformers_version": "4.27.1",
  "type_vocab_size": 2,
  "use_cache": true,
  "vocab_size": 31090
}

loading weights file pytorch_model.bin from cache at /home/liwentao/.cache/huggingface/hub/models--m3rg-iitd--matscibert/snapshots/24a4e4318dda9bc18bff5e6a45debdcb3e1780e3/pytorch_model.bin
Generate config GenerationConfig {
  "_from_model_config": true,
  "pad_token_id": 0,
  "transformers_version": "4.27.1"
}

All model checkpoint weights were used when initializing BertForMaskedLM.

All the weights of BertForMaskedLM were initialized from the model checkpoint at m3rg-iitd/matscibert.
If your task is similar to the task the model of the checkpoint was trained on, you can already use BertForMaskedLM for predictions without further training.
Generation config file not found, using a generation config created from the model config.
Loading label map from scripts/matsciner/proto_verbalizer.json...
{'I-CMT': ['electron'], 'I-MAT': ['silicon'], 'I-DSC': ['doped'], 'I-PRO': ['properties'], 'I-SMT': ['annealing'], 'I-APL': ['coating'], 'I-SPL': ['cubic']}
{'O': 0, 'I-CMT': 1, 'I-MAT': 2, 'I-DSC': 3, 'I-PRO': 4, 'I-SMT': 5, 'I-APL': 6, 'I-SPL': 7, 'B-CMT': 8, 'B-MAT': 9, 'B-DSC': 10, 'B-PRO': 11, 'B-SMT': 12, 'B-APL': 13, 'B-SPL': 14}
{'I-CMT': ['electron'], 'I-MAT': ['silicon'], 'I-DSC': ['doped'], 'I-PRO': ['properties'], 'I-SMT': ['annealing'], 'I-APL': ['coating'], 'I-SPL': ['cubic']}
Running tokenizer on dataset:   0%|          | 0/12 [00:00<?, ? examples/s]                                                                           Running tokenizer on dataset:   0%|          | 0/546 [00:00<?, ? examples/s]Running tokenizer on dataset: 100%|██████████| 546/546 [00:00<00:00, 4911.10 examples/s]                                                                                        /home/liwentao/Dec-Tuning-in-Mat/run_ner_dect.py:563: FutureWarning: load_metric is deprecated and will be removed in the next major version of datasets. Use 'evaluate.load' instead, from the new library 🤗 Evaluate: https://huggingface.co/docs/evaluate
  metric = load_metric("./seqeval_metric.py")
05/31/2023 13:44:05 - INFO - __main__ - ***** Running training *****
05/31/2023 13:44:05 - INFO - __main__ -   Num examples = 12
05/31/2023 13:44:05 - INFO - __main__ -   Num Epochs = 35
05/31/2023 13:44:05 - INFO - __main__ -   Instantaneous batch size per device = 32
05/31/2023 13:44:05 - INFO - __main__ -   Total train batch size (w. parallel, distributed & accumulation) = 32
05/31/2023 13:44:05 - INFO - __main__ -   Gradient Accumulation steps = 1
05/31/2023 13:44:05 - INFO - __main__ -   Total optimization steps = 35
tensor([101, 101, 101, 101, 101, 101, 101], device='cuda:0')
  0%|          | 0/35 [00:00<?, ?it/s]/home/liwentao/Dec-Tuning-in-Mat/dect_trainer.py:377: UserWarning: Implicit dimension choice for softmax has been deprecated. Change the call to include dim=X as an argument.
  logits = F.softmax(self.extract_logits(batch_logits))
Total epoch: 0. epoch loss: 14.92664909362793
Total epoch: 1. epoch loss: 14.26970100402832
Total epoch: 2. epoch loss: 13.619683265686035
Total epoch: 3. epoch loss: 12.97812271118164
Total epoch: 4. epoch loss: 12.346914291381836
Total epoch: 5. epoch loss: 11.728382110595703
Total epoch: 6. epoch loss: 11.1251859664917
Total epoch: 7. epoch loss: 10.540154457092285
Total epoch: 8. epoch loss: 9.975844383239746
Total epoch: 9. epoch loss: 9.43415355682373
Total epoch: 10. epoch loss: 8.915868759155273
Total epoch: 11. epoch loss: 8.420720100402832
Total epoch: 12. epoch loss: 7.9476165771484375
Total epoch: 13. epoch loss: 7.495205879211426
Total epoch: 14. epoch loss: 7.061990737915039
Total epoch: 15. epoch loss: 6.646919250488281
Total epoch: 16. epoch loss: 6.249323844909668
Total epoch: 17. epoch loss: 5.868738174438477
Total epoch: 18. epoch loss: 5.504969596862793
Total epoch: 19. epoch loss: 5.157948970794678
Total epoch: 20. epoch loss: 4.827500343322754
Total epoch: 21. epoch loss: 4.5136003494262695
Total epoch: 22. epoch loss: 4.215956687927246
Total epoch: 23. epoch loss: 3.934375286102295
Total epoch: 24. epoch loss: 3.6684622764587402
Total epoch: 25. epoch loss: 3.4178874492645264
Total epoch: 26. epoch loss: 3.1822173595428467
Total epoch: 27. epoch loss: 2.960958242416382
Total epoch: 28. epoch loss: 2.7536940574645996
Total epoch: 29. epoch loss: 2.559917688369751
Total epoch: 30. epoch loss: 2.379079818725586
Total epoch: 31. epoch loss: 2.21058988571167
Total epoch: 32. epoch loss: 2.053837299346924
Total epoch: 33. epoch loss: 1.9081494808197021
Total epoch: 34. epoch loss: 1.7731261253356934
Total epoch: 34. DecT loss: 1.7731261253356934
Training time: 0.21256732940673828
APL_precision: 0.06829268292682927, APL_recall: 0.08235294117647059, APL_f1: 0.07466666666666667, APL_number: 170
CMT_precision: 0.24561403508771928, CMT_recall: 0.14358974358974358, CMT_f1: 0.18122977346278316, CMT_number: 195
DSC_precision: 0.4180327868852459, DSC_recall: 0.2334096109839817, DSC_f1: 0.29955947136563876, DSC_number: 437
MAT_precision: 0.5862068965517241, MAT_recall: 0.3489736070381232, MAT_f1: 0.4375, MAT_number: 682
PRO_precision: 0.2764505119453925, PRO_recall: 0.10505836575875487, PRO_f1: 0.15225563909774434, PRO_number: 771
SMT_precision: 0.072, SMT_recall: 0.05263157894736842, SMT_f1: 0.06081081081081081, SMT_number: 171
SPL_precision: 0.3333333333333333, SPL_recall: 0.16, SPL_f1: 0.21621621621621623, SPL_number: 75
overall_precision: 0.34012649332396344, overall_recall: 0.19352259096361454, overall_f1: 0.2466870540265036, overall_accuracy: 0.7311128582660281
finish test
Traceback (most recent call last):
  File "/home/liwentao/Dec-Tuning-in-Mat/run_ner_dect.py", line 985, in <module>
    main()
  File "/home/liwentao/Dec-Tuning-in-Mat/run_ner_dect.py", line 808, in main
    runner.run(train_dataloader,None ,eval_dataloader)
  File "/home/liwentao/Dec-Tuning-in-Mat/dect_trainer.py", line 484, in run
    return score
NameError: name 'score' is not defined
  0%|          | 0/35 [00:02<?, ?it/s]