/home/liwentao/miniconda3/envs/py38/lib/python3.8/site-packages/transformers/generation_utils.py:24: FutureWarning: Importing `GenerationMixin` from `src/transformers/generation_utils.py` is deprecated and will be removed in Transformers v5. Import as `from transformers import GenerationMixin` instead.
  warnings.warn(
06/01/2023 02:30:02 - INFO - __main__ - Distributed environment: NO
Num processes: 1
Process index: 0
Local process index: 0
Device: cuda

Mixed precision type: no

06/01/2023 02:30:02 - WARNING - datasets.builder - Found cached dataset json (/home/liwentao/.cache/huggingface/datasets/json/default-047bc124c66a88ee/0.0.0/0f7e3662623656454fcd2b650f34e886a7db4b9104504885bd462096cc7a9f51)
################## Hyper-parameters: ##################
epochs:100,lr:0.005, batch_size:32, shot:2, proto_dim:160, logits_weight:10.0, weight_decay:1e-07 
################## Hyper-parameters: ##################
shot and proto_dim
proto_dim: 32
model_logits_weight: 20
num_train_epochs: 35
  0%|          | 0/2 [00:00<?, ?it/s]100%|██████████| 2/2 [00:00<00:00, 1140.07it/s]
loading configuration file config.json from cache at /home/liwentao/.cache/huggingface/hub/models--pranav-s--MaterialsBERT/snapshots/8a7378e9cdeae17fb808482ae367e4bd995fe223/config.json
Model config BertConfig {
  "_name_or_path": "pranav-s/MaterialsBERT",
  "architectures": [
    "BertForMaskedLM"
  ],
  "attention_probs_dropout_prob": 0.1,
  "classifier_dropout": null,
  "hidden_act": "gelu",
  "hidden_dropout_prob": 0.1,
  "hidden_size": 768,
  "initializer_range": 0.02,
  "intermediate_size": 3072,
  "layer_norm_eps": 1e-12,
  "max_position_embeddings": 512,
  "model_type": "bert",
  "num_attention_heads": 12,
  "num_hidden_layers": 12,
  "pad_token_id": 0,
  "position_embedding_type": "absolute",
  "torch_dtype": "float32",
  "transformers_version": "4.27.1",
  "type_vocab_size": 2,
  "use_cache": true,
  "vocab_size": 30522
}

Could not locate the tokenizer configuration file, will try to use the model config instead.
loading configuration file config.json from cache at /home/liwentao/.cache/huggingface/hub/models--pranav-s--MaterialsBERT/snapshots/8a7378e9cdeae17fb808482ae367e4bd995fe223/config.json
Model config BertConfig {
  "_name_or_path": "pranav-s/MaterialsBERT",
  "architectures": [
    "BertForMaskedLM"
  ],
  "attention_probs_dropout_prob": 0.1,
  "classifier_dropout": null,
  "hidden_act": "gelu",
  "hidden_dropout_prob": 0.1,
  "hidden_size": 768,
  "initializer_range": 0.02,
  "intermediate_size": 3072,
  "layer_norm_eps": 1e-12,
  "max_position_embeddings": 512,
  "model_type": "bert",
  "num_attention_heads": 12,
  "num_hidden_layers": 12,
  "pad_token_id": 0,
  "position_embedding_type": "absolute",
  "torch_dtype": "float32",
  "transformers_version": "4.27.1",
  "type_vocab_size": 2,
  "use_cache": true,
  "vocab_size": 30522
}

loading file vocab.txt from cache at /home/liwentao/.cache/huggingface/hub/models--pranav-s--MaterialsBERT/snapshots/8a7378e9cdeae17fb808482ae367e4bd995fe223/vocab.txt
loading file tokenizer.json from cache at None
loading file added_tokens.json from cache at None
loading file special_tokens_map.json from cache at None
loading file tokenizer_config.json from cache at None
loading configuration file config.json from cache at /home/liwentao/.cache/huggingface/hub/models--pranav-s--MaterialsBERT/snapshots/8a7378e9cdeae17fb808482ae367e4bd995fe223/config.json
Model config BertConfig {
  "_name_or_path": "pranav-s/MaterialsBERT",
  "architectures": [
    "BertForMaskedLM"
  ],
  "attention_probs_dropout_prob": 0.1,
  "classifier_dropout": null,
  "hidden_act": "gelu",
  "hidden_dropout_prob": 0.1,
  "hidden_size": 768,
  "initializer_range": 0.02,
  "intermediate_size": 3072,
  "layer_norm_eps": 1e-12,
  "max_position_embeddings": 512,
  "model_type": "bert",
  "num_attention_heads": 12,
  "num_hidden_layers": 12,
  "pad_token_id": 0,
  "position_embedding_type": "absolute",
  "torch_dtype": "float32",
  "transformers_version": "4.27.1",
  "type_vocab_size": 2,
  "use_cache": true,
  "vocab_size": 30522
}

loading configuration file config.json from cache at /home/liwentao/.cache/huggingface/hub/models--pranav-s--MaterialsBERT/snapshots/8a7378e9cdeae17fb808482ae367e4bd995fe223/config.json
Model config BertConfig {
  "_name_or_path": "pranav-s/MaterialsBERT",
  "architectures": [
    "BertForMaskedLM"
  ],
  "attention_probs_dropout_prob": 0.1,
  "classifier_dropout": null,
  "hidden_act": "gelu",
  "hidden_dropout_prob": 0.1,
  "hidden_size": 768,
  "initializer_range": 0.02,
  "intermediate_size": 3072,
  "layer_norm_eps": 1e-12,
  "max_position_embeddings": 512,
  "model_type": "bert",
  "num_attention_heads": 12,
  "num_hidden_layers": 12,
  "pad_token_id": 0,
  "position_embedding_type": "absolute",
  "torch_dtype": "float32",
  "transformers_version": "4.27.1",
  "type_vocab_size": 2,
  "use_cache": true,
  "vocab_size": 30522
}

loading weights file pytorch_model.bin from cache at /home/liwentao/.cache/huggingface/hub/models--pranav-s--MaterialsBERT/snapshots/8a7378e9cdeae17fb808482ae367e4bd995fe223/pytorch_model.bin
Generate config GenerationConfig {
  "_from_model_config": true,
  "pad_token_id": 0,
  "transformers_version": "4.27.1"
}

All model checkpoint weights were used when initializing BertForMaskedLM.

All the weights of BertForMaskedLM were initialized from the model checkpoint at pranav-s/MaterialsBERT.
If your task is similar to the task the model of the checkpoint was trained on, you can already use BertForMaskedLM for predictions without further training.
Generation config file not found, using a generation config created from the model config.
Loading label map from scripts/matsciner/proto_verbalizer.json...
{'I-CMT': ['electron'], 'I-MAT': ['silicon'], 'I-DSC': ['doped'], 'I-PRO': ['properties'], 'I-SMT': ['annealing'], 'I-APL': ['coating'], 'I-SPL': ['cubic']}
{'O': 0, 'I-CMT': 1, 'I-MAT': 2, 'I-DSC': 3, 'I-PRO': 4, 'I-SMT': 5, 'I-APL': 6, 'I-SPL': 7, 'B-CMT': 8, 'B-MAT': 9, 'B-DSC': 10, 'B-PRO': 11, 'B-SMT': 12, 'B-APL': 13, 'B-SPL': 14}
{'I-CMT': ['electron'], 'I-MAT': ['silicon'], 'I-DSC': ['doped'], 'I-PRO': ['properties'], 'I-SMT': ['annealing'], 'I-APL': ['coating'], 'I-SPL': ['cubic']}
Running tokenizer on dataset:   0%|          | 0/9 [00:00<?, ? examples/s]                                                                          Running tokenizer on dataset:   0%|          | 0/546 [00:00<?, ? examples/s]                                                                            /home/liwentao/Dec-Tuning-in-Mat/run_ner_dect.py:569: FutureWarning: load_metric is deprecated and will be removed in the next major version of datasets. Use 'evaluate.load' instead, from the new library 🤗 Evaluate: https://huggingface.co/docs/evaluate
  metric = load_metric("./seqeval_metric.py")
06/01/2023 02:30:10 - INFO - __main__ - ***** Running training *****
06/01/2023 02:30:10 - INFO - __main__ -   Num examples = 9
06/01/2023 02:30:10 - INFO - __main__ -   Num Epochs = 35
06/01/2023 02:30:10 - INFO - __main__ -   Instantaneous batch size per device = 32
06/01/2023 02:30:10 - INFO - __main__ -   Total train batch size (w. parallel, distributed & accumulation) = 32
06/01/2023 02:30:10 - INFO - __main__ -   Gradient Accumulation steps = 1
06/01/2023 02:30:10 - INFO - __main__ -   Total optimization steps = 35
tensor([1, 1, 1, 1, 1, 1, 1], device='cuda:0')
  0%|          | 0/35 [00:00<?, ?it/s]/home/liwentao/Dec-Tuning-in-Mat/dect_trainer.py:405: UserWarning: Implicit dimension choice for softmax has been deprecated. Change the call to include dim=X as an argument.
  logits = F.softmax(self.extract_logits(batch_logits))
Total epoch: 0. epoch loss: 15.37393569946289
Total epoch: 1. epoch loss: 14.720158576965332
Total epoch: 2. epoch loss: 14.077105522155762
Total epoch: 3. epoch loss: 13.447157859802246
Total epoch: 4. epoch loss: 12.83271598815918
Total epoch: 5. epoch loss: 12.235962867736816
Total epoch: 6. epoch loss: 11.658719062805176
Total epoch: 7. epoch loss: 11.102420806884766
Total epoch: 8. epoch loss: 10.568081855773926
Total epoch: 9. epoch loss: 10.056062698364258
Total epoch: 10. epoch loss: 9.566143989562988
Total epoch: 11. epoch loss: 9.09760856628418
Total epoch: 12. epoch loss: 8.649388313293457
Total epoch: 13. epoch loss: 8.220290184020996
Total epoch: 14. epoch loss: 7.809123516082764
Total epoch: 15. epoch loss: 7.41490364074707
Total epoch: 16. epoch loss: 7.036884307861328
Total epoch: 17. epoch loss: 6.674464225769043
Total epoch: 18. epoch loss: 6.3273210525512695
Total epoch: 19. epoch loss: 5.99517822265625
Total epoch: 20. epoch loss: 5.677850723266602
Total epoch: 21. epoch loss: 5.375179290771484
Total epoch: 22. epoch loss: 5.086932182312012
Total epoch: 23. epoch loss: 4.812951564788818
Total epoch: 24. epoch loss: 4.552857398986816
Total epoch: 25. epoch loss: 4.306213855743408
Total epoch: 26. epoch loss: 4.072603702545166
Total epoch: 27. epoch loss: 3.8513317108154297
Total epoch: 28. epoch loss: 3.641761541366577
Total epoch: 29. epoch loss: 3.443185567855835
Total epoch: 30. epoch loss: 3.254995107650757
Total epoch: 31. epoch loss: 3.0765490531921387
Total epoch: 32. epoch loss: 2.907378911972046
Total epoch: 33. epoch loss: 2.7470996379852295
Total epoch: 34. epoch loss: 2.595428943634033
Total epoch: 34. DecT loss: 2.595428943634033
Training time: 0.15040802955627441
APL_precision: 0.11447811447811448, APL_recall: 0.2, APL_f1: 0.14561027837259102, APL_number: 170
CMT_precision: 0.026871401151631478, CMT_recall: 0.07179487179487179, CMT_f1: 0.03910614525139665, CMT_number: 195
DSC_precision: 0.19015280135823429, DSC_recall: 0.2562929061784897, DSC_f1: 0.2183235867446394, DSC_number: 437
MAT_precision: 0.39707835325365204, MAT_recall: 0.43841642228739003, MAT_f1: 0.41672473867595816, MAT_number: 682
PRO_precision: 0.4260869565217391, PRO_recall: 0.06355382619974059, PRO_f1: 0.11060948081264108, PRO_number: 771
SMT_precision: 0.2222222222222222, SMT_recall: 0.05847953216374269, SMT_f1: 0.09259259259259259, SMT_number: 171
SPL_precision: 0.5813953488372093, SPL_recall: 0.3333333333333333, SPL_f1: 0.423728813559322, SPL_number: 75
overall_precision: 0.22979263647905204, overall_recall: 0.21711315473810475, overall_f1: 0.22327302631578946, overall_accuracy: 0.69909227360446
finish test
Traceback (most recent call last):
  File "/home/liwentao/Dec-Tuning-in-Mat/run_ner_dect.py", line 992, in <module>
    main()
  File "/home/liwentao/Dec-Tuning-in-Mat/run_ner_dect.py", line 815, in main
    runner.run(train_dataloader,None ,eval_dataloader)
  File "/home/liwentao/Dec-Tuning-in-Mat/dect_trainer.py", line 513, in run
    return score
NameError: name 'score' is not defined
  0%|          | 0/35 [00:02<?, ?it/s]