/home/liwentao/miniconda3/envs/py38/lib/python3.8/site-packages/transformers/generation_utils.py:24: FutureWarning: Importing `GenerationMixin` from `src/transformers/generation_utils.py` is deprecated and will be removed in Transformers v5. Import as `from transformers import GenerationMixin` instead.
  warnings.warn(
05/30/2023 12:29:25 - INFO - __main__ - Distributed environment: NO
Num processes: 1
Process index: 0
Local process index: 0
Device: cuda

Mixed precision type: no

05/30/2023 12:29:26 - WARNING - datasets.builder - Found cached dataset json (/home/liwentao/.cache/huggingface/datasets/json/default-c294cc2a6522e19d/0.0.0/0f7e3662623656454fcd2b650f34e886a7db4b9104504885bd462096cc7a9f51)
lr:0.005, batch_size:32, shot:2, proto_dim:32, logits_weight:20, weight_decay:1e-07 
  0%|          | 0/2 [00:00<?, ?it/s]100%|██████████| 2/2 [00:00<00:00, 1135.44it/s]
loading configuration file config.json from cache at /home/liwentao/.cache/huggingface/hub/models--m3rg-iitd--matscibert/snapshots/24a4e4318dda9bc18bff5e6a45debdcb3e1780e3/config.json
Model config BertConfig {
  "_name_or_path": "m3rg-iitd/matscibert",
  "architectures": [
    "BertForMaskedLM"
  ],
  "attention_probs_dropout_prob": 0.1,
  "classifier_dropout": null,
  "gradient_checkpointing": false,
  "hidden_act": "gelu",
  "hidden_dropout_prob": 0.1,
  "hidden_size": 768,
  "initializer_range": 0.02,
  "intermediate_size": 3072,
  "layer_norm_eps": 1e-12,
  "max_position_embeddings": 512,
  "model_type": "bert",
  "num_attention_heads": 12,
  "num_hidden_layers": 12,
  "pad_token_id": 0,
  "position_embedding_type": "absolute",
  "transformers_version": "4.27.1",
  "type_vocab_size": 2,
  "use_cache": true,
  "vocab_size": 31090
}

loading configuration file config.json from cache at /home/liwentao/.cache/huggingface/hub/models--m3rg-iitd--matscibert/snapshots/24a4e4318dda9bc18bff5e6a45debdcb3e1780e3/config.json
Model config BertConfig {
  "_name_or_path": "m3rg-iitd/matscibert",
  "architectures": [
    "BertForMaskedLM"
  ],
  "attention_probs_dropout_prob": 0.1,
  "classifier_dropout": null,
  "gradient_checkpointing": false,
  "hidden_act": "gelu",
  "hidden_dropout_prob": 0.1,
  "hidden_size": 768,
  "initializer_range": 0.02,
  "intermediate_size": 3072,
  "layer_norm_eps": 1e-12,
  "max_position_embeddings": 512,
  "model_type": "bert",
  "num_attention_heads": 12,
  "num_hidden_layers": 12,
  "pad_token_id": 0,
  "position_embedding_type": "absolute",
  "transformers_version": "4.27.1",
  "type_vocab_size": 2,
  "use_cache": true,
  "vocab_size": 31090
}

loading file vocab.txt from cache at /home/liwentao/.cache/huggingface/hub/models--m3rg-iitd--matscibert/snapshots/24a4e4318dda9bc18bff5e6a45debdcb3e1780e3/vocab.txt
loading file tokenizer.json from cache at /home/liwentao/.cache/huggingface/hub/models--m3rg-iitd--matscibert/snapshots/24a4e4318dda9bc18bff5e6a45debdcb3e1780e3/tokenizer.json
loading file added_tokens.json from cache at None
loading file special_tokens_map.json from cache at /home/liwentao/.cache/huggingface/hub/models--m3rg-iitd--matscibert/snapshots/24a4e4318dda9bc18bff5e6a45debdcb3e1780e3/special_tokens_map.json
loading file tokenizer_config.json from cache at /home/liwentao/.cache/huggingface/hub/models--m3rg-iitd--matscibert/snapshots/24a4e4318dda9bc18bff5e6a45debdcb3e1780e3/tokenizer_config.json
loading configuration file config.json from cache at /home/liwentao/.cache/huggingface/hub/models--m3rg-iitd--matscibert/snapshots/24a4e4318dda9bc18bff5e6a45debdcb3e1780e3/config.json
Model config BertConfig {
  "_name_or_path": "m3rg-iitd/matscibert",
  "architectures": [
    "BertForMaskedLM"
  ],
  "attention_probs_dropout_prob": 0.1,
  "classifier_dropout": null,
  "gradient_checkpointing": false,
  "hidden_act": "gelu",
  "hidden_dropout_prob": 0.1,
  "hidden_size": 768,
  "initializer_range": 0.02,
  "intermediate_size": 3072,
  "layer_norm_eps": 1e-12,
  "max_position_embeddings": 512,
  "model_type": "bert",
  "num_attention_heads": 12,
  "num_hidden_layers": 12,
  "pad_token_id": 0,
  "position_embedding_type": "absolute",
  "transformers_version": "4.27.1",
  "type_vocab_size": 2,
  "use_cache": true,
  "vocab_size": 31090
}

loading weights file pytorch_model.bin from cache at /home/liwentao/.cache/huggingface/hub/models--m3rg-iitd--matscibert/snapshots/24a4e4318dda9bc18bff5e6a45debdcb3e1780e3/pytorch_model.bin
Generate config GenerationConfig {
  "_from_model_config": true,
  "pad_token_id": 0,
  "transformers_version": "4.27.1"
}

All model checkpoint weights were used when initializing BertForMaskedLM.

All the weights of BertForMaskedLM were initialized from the model checkpoint at m3rg-iitd/matscibert.
If your task is similar to the task the model of the checkpoint was trained on, you can already use BertForMaskedLM for predictions without further training.
Generation config file not found, using a generation config created from the model config.
05/30/2023 12:29:29 - WARNING - datasets.arrow_dataset - Loading cached processed dataset at /home/liwentao/.cache/huggingface/datasets/json/default-c294cc2a6522e19d/0.0.0/0f7e3662623656454fcd2b650f34e886a7db4b9104504885bd462096cc7a9f51/cache-c7be5f1037f1a1fc.arrow
Loading label map from scripts/matsciner/proto_verbalizer.json...
{'I-CMT': ['electron'], 'I-MAT': ['silicon'], 'I-DSC': ['doped'], 'I-PRO': ['properties'], 'I-SMT': ['annealing'], 'I-APL': ['coating'], 'I-SPL': ['cubic']}
{'O': 0, 'I-CMT': 1, 'I-MAT': 2, 'I-DSC': 3, 'I-PRO': 4, 'I-SMT': 5, 'I-APL': 6, 'I-SPL': 7, 'B-CMT': 8, 'B-MAT': 9, 'B-DSC': 10, 'B-PRO': 11, 'B-SMT': 12, 'B-APL': 13, 'B-SPL': 14}
I-CMT
[3081]
I-MAT
[8605]
I-DSC
[21155]
I-PRO
[1784]
I-SMT
[12040]
I-APL
[9754]
I-SPL
[13879]
{'I-CMT': ['electron'], 'I-MAT': ['silicon'], 'I-DSC': ['doped'], 'I-PRO': ['properties'], 'I-SMT': ['annealing'], 'I-APL': ['coating'], 'I-SPL': ['cubic']}
Running tokenizer on dataset:   0%|          | 0/546 [00:00<?, ? examples/s]                                                                            /home/liwentao/Dec-Tuning-in-Mat/run_ner_dect.py:555: FutureWarning: load_metric is deprecated and will be removed in the next major version of datasets. Use 'evaluate.load' instead, from the new library 🤗 Evaluate: https://huggingface.co/docs/evaluate
  metric = load_metric("./seqeval_metric.py")
05/30/2023 12:29:33 - INFO - __main__ - ***** Running training *****
05/30/2023 12:29:33 - INFO - __main__ -   Num examples = 7
05/30/2023 12:29:33 - INFO - __main__ -   Num Epochs = 35
05/30/2023 12:29:33 - INFO - __main__ -   Instantaneous batch size per device = 32
05/30/2023 12:29:33 - INFO - __main__ -   Total train batch size (w. parallel, distributed & accumulation) = 32
05/30/2023 12:29:33 - INFO - __main__ -   Gradient Accumulation steps = 1
05/30/2023 12:29:33 - INFO - __main__ -   Total optimization steps = 35
tensor([31090, 31091, 31092, 31093, 31094, 31095, 31096], device='cuda:0')
  0%|          | 0/35 [00:00<?, ?it/s]/home/liwentao/Dec-Tuning-in-Mat/dect_trainer.py:377: UserWarning: Implicit dimension choice for softmax has been deprecated. Change the call to include dim=X as an argument.
  logits = F.softmax(self.extract_logits(batch_logits))
Total epoch: 0. epoch loss: 15.533584594726562
Total epoch: 1. epoch loss: 14.70285415649414
Total epoch: 2. epoch loss: 13.881708145141602
Total epoch: 3. epoch loss: 13.072296142578125
Total epoch: 4. epoch loss: 12.27699089050293
Total epoch: 5. epoch loss: 11.498431205749512
Total epoch: 6. epoch loss: 10.739315032958984
Total epoch: 7. epoch loss: 10.002328872680664
Total epoch: 8. epoch loss: 9.290082931518555
Total epoch: 9. epoch loss: 8.605030059814453
Total epoch: 10. epoch loss: 7.949620723724365
Total epoch: 11. epoch loss: 7.325809478759766
Total epoch: 12. epoch loss: 6.735394477844238
Total epoch: 13. epoch loss: 6.1796875
Total epoch: 14. epoch loss: 5.6594438552856445
Total epoch: 15. epoch loss: 5.174951553344727
Total epoch: 16. epoch loss: 4.725912570953369
Total epoch: 17. epoch loss: 4.31143045425415
Total epoch: 18. epoch loss: 3.930081844329834
Total epoch: 19. epoch loss: 3.5801570415496826
Total epoch: 20. epoch loss: 3.259544849395752
Total epoch: 21. epoch loss: 2.966035842895508
Total epoch: 22. epoch loss: 2.6974809169769287
Total epoch: 23. epoch loss: 2.4518489837646484
Total epoch: 24. epoch loss: 2.227388381958008
Total epoch: 25. epoch loss: 2.0226097106933594
Total epoch: 26. epoch loss: 1.8363202810287476
Total epoch: 27. epoch loss: 1.6675915718078613
Total epoch: 28. epoch loss: 1.5153099298477173
Total epoch: 29. epoch loss: 1.3783077001571655
Total epoch: 30. epoch loss: 1.255896806716919
Total epoch: 31. epoch loss: 1.1469165086746216
Total epoch: 32. epoch loss: 1.0499049425125122
Total epoch: 33. epoch loss: 0.9633499383926392
Total epoch: 34. epoch loss: 0.8859586119651794
Total epoch: 34. DecT loss: 0.8859586119651794
Training time: 0.152940034866333
APL_precision: 0.6666666666666666, APL_recall: 0.10588235294117647, APL_f1: 0.18274111675126906, APL_number: 170
CMT_precision: 0.34, CMT_recall: 0.08717948717948718, CMT_f1: 0.13877551020408163, CMT_number: 195
DSC_precision: 0.5542168674698795, DSC_recall: 0.21052631578947367, DSC_f1: 0.30514096185737977, DSC_number: 437
MAT_precision: 0.5041436464088398, MAT_recall: 0.5351906158357771, MAT_f1: 0.519203413940256, MAT_number: 682
PRO_precision: 0.0, PRO_recall: 0.0, PRO_f1: 0.0, PRO_number: 771
SMT_precision: 0.10416666666666667, SMT_recall: 0.029239766081871343, SMT_f1: 0.045662100456620995, SMT_number: 171
SPL_precision: 0.4444444444444444, SPL_recall: 0.16, SPL_f1: 0.23529411764705882, SPL_number: 75
overall_precision: 0.4748134328358209, overall_recall: 0.2035185925629748, overall_f1: 0.2849146375594738, overall_accuracy: 0.7273961832606676
finish test
Traceback (most recent call last):
  File "/home/liwentao/Dec-Tuning-in-Mat/run_ner_dect.py", line 1000, in <module>
    main()
  File "/home/liwentao/Dec-Tuning-in-Mat/run_ner_dect.py", line 800, in main
    runner.run(train_dataloader,None ,eval_dataloader)
  File "/home/liwentao/Dec-Tuning-in-Mat/dect_trainer.py", line 484, in run
    return score
NameError: name 'score' is not defined
  0%|          | 0/35 [00:02<?, ?it/s]