/home/liwentao/miniconda3/envs/py38/lib/python3.8/site-packages/transformers/generation_utils.py:24: FutureWarning: Importing `GenerationMixin` from `src/transformers/generation_utils.py` is deprecated and will be removed in Transformers v5. Import as `from transformers import GenerationMixin` instead.
  warnings.warn(
05/30/2023 12:29:25 - INFO - __main__ - Distributed environment: NO
Num processes: 1
Process index: 0
Local process index: 0
Device: cuda

Mixed precision type: no

05/30/2023 12:29:26 - WARNING - datasets.builder - Found cached dataset json (/home/liwentao/.cache/huggingface/datasets/json/default-047bc124c66a88ee/0.0.0/0f7e3662623656454fcd2b650f34e886a7db4b9104504885bd462096cc7a9f51)
lr:0.005, batch_size:32, shot:2, proto_dim:32, logits_weight:20, weight_decay:1e-07 
  0%|          | 0/2 [00:00<?, ?it/s]100%|██████████| 2/2 [00:00<00:00, 1133.44it/s]
loading configuration file config.json from cache at /home/liwentao/.cache/huggingface/hub/models--m3rg-iitd--matscibert/snapshots/24a4e4318dda9bc18bff5e6a45debdcb3e1780e3/config.json
Model config BertConfig {
  "_name_or_path": "m3rg-iitd/matscibert",
  "architectures": [
    "BertForMaskedLM"
  ],
  "attention_probs_dropout_prob": 0.1,
  "classifier_dropout": null,
  "gradient_checkpointing": false,
  "hidden_act": "gelu",
  "hidden_dropout_prob": 0.1,
  "hidden_size": 768,
  "initializer_range": 0.02,
  "intermediate_size": 3072,
  "layer_norm_eps": 1e-12,
  "max_position_embeddings": 512,
  "model_type": "bert",
  "num_attention_heads": 12,
  "num_hidden_layers": 12,
  "pad_token_id": 0,
  "position_embedding_type": "absolute",
  "transformers_version": "4.27.1",
  "type_vocab_size": 2,
  "use_cache": true,
  "vocab_size": 31090
}

loading configuration file config.json from cache at /home/liwentao/.cache/huggingface/hub/models--m3rg-iitd--matscibert/snapshots/24a4e4318dda9bc18bff5e6a45debdcb3e1780e3/config.json
Model config BertConfig {
  "_name_or_path": "m3rg-iitd/matscibert",
  "architectures": [
    "BertForMaskedLM"
  ],
  "attention_probs_dropout_prob": 0.1,
  "classifier_dropout": null,
  "gradient_checkpointing": false,
  "hidden_act": "gelu",
  "hidden_dropout_prob": 0.1,
  "hidden_size": 768,
  "initializer_range": 0.02,
  "intermediate_size": 3072,
  "layer_norm_eps": 1e-12,
  "max_position_embeddings": 512,
  "model_type": "bert",
  "num_attention_heads": 12,
  "num_hidden_layers": 12,
  "pad_token_id": 0,
  "position_embedding_type": "absolute",
  "transformers_version": "4.27.1",
  "type_vocab_size": 2,
  "use_cache": true,
  "vocab_size": 31090
}

loading file vocab.txt from cache at /home/liwentao/.cache/huggingface/hub/models--m3rg-iitd--matscibert/snapshots/24a4e4318dda9bc18bff5e6a45debdcb3e1780e3/vocab.txt
loading file tokenizer.json from cache at /home/liwentao/.cache/huggingface/hub/models--m3rg-iitd--matscibert/snapshots/24a4e4318dda9bc18bff5e6a45debdcb3e1780e3/tokenizer.json
loading file added_tokens.json from cache at None
loading file special_tokens_map.json from cache at /home/liwentao/.cache/huggingface/hub/models--m3rg-iitd--matscibert/snapshots/24a4e4318dda9bc18bff5e6a45debdcb3e1780e3/special_tokens_map.json
loading file tokenizer_config.json from cache at /home/liwentao/.cache/huggingface/hub/models--m3rg-iitd--matscibert/snapshots/24a4e4318dda9bc18bff5e6a45debdcb3e1780e3/tokenizer_config.json
loading configuration file config.json from cache at /home/liwentao/.cache/huggingface/hub/models--m3rg-iitd--matscibert/snapshots/24a4e4318dda9bc18bff5e6a45debdcb3e1780e3/config.json
Model config BertConfig {
  "_name_or_path": "m3rg-iitd/matscibert",
  "architectures": [
    "BertForMaskedLM"
  ],
  "attention_probs_dropout_prob": 0.1,
  "classifier_dropout": null,
  "gradient_checkpointing": false,
  "hidden_act": "gelu",
  "hidden_dropout_prob": 0.1,
  "hidden_size": 768,
  "initializer_range": 0.02,
  "intermediate_size": 3072,
  "layer_norm_eps": 1e-12,
  "max_position_embeddings": 512,
  "model_type": "bert",
  "num_attention_heads": 12,
  "num_hidden_layers": 12,
  "pad_token_id": 0,
  "position_embedding_type": "absolute",
  "transformers_version": "4.27.1",
  "type_vocab_size": 2,
  "use_cache": true,
  "vocab_size": 31090
}

loading weights file pytorch_model.bin from cache at /home/liwentao/.cache/huggingface/hub/models--m3rg-iitd--matscibert/snapshots/24a4e4318dda9bc18bff5e6a45debdcb3e1780e3/pytorch_model.bin
Generate config GenerationConfig {
  "_from_model_config": true,
  "pad_token_id": 0,
  "transformers_version": "4.27.1"
}

All model checkpoint weights were used when initializing BertForMaskedLM.

All the weights of BertForMaskedLM were initialized from the model checkpoint at m3rg-iitd/matscibert.
If your task is similar to the task the model of the checkpoint was trained on, you can already use BertForMaskedLM for predictions without further training.
Generation config file not found, using a generation config created from the model config.
05/30/2023 12:29:29 - WARNING - datasets.arrow_dataset - Loading cached processed dataset at /home/liwentao/.cache/huggingface/datasets/json/default-047bc124c66a88ee/0.0.0/0f7e3662623656454fcd2b650f34e886a7db4b9104504885bd462096cc7a9f51/cache-16aa94149daa14c6.arrow
Loading label map from scripts/matsciner/proto_verbalizer.json...
{'I-CMT': ['electron'], 'I-MAT': ['silicon'], 'I-DSC': ['doped'], 'I-PRO': ['properties'], 'I-SMT': ['annealing'], 'I-APL': ['coating'], 'I-SPL': ['cubic']}
{'O': 0, 'I-CMT': 1, 'I-MAT': 2, 'I-DSC': 3, 'I-PRO': 4, 'I-SMT': 5, 'I-APL': 6, 'I-SPL': 7, 'B-CMT': 8, 'B-MAT': 9, 'B-DSC': 10, 'B-PRO': 11, 'B-SMT': 12, 'B-APL': 13, 'B-SPL': 14}
I-CMT
[3081]
I-MAT
[8605]
I-DSC
[21155]
I-PRO
[1784]
I-SMT
[12040]
I-APL
[9754]
I-SPL
[13879]
{'I-CMT': ['electron'], 'I-MAT': ['silicon'], 'I-DSC': ['doped'], 'I-PRO': ['properties'], 'I-SMT': ['annealing'], 'I-APL': ['coating'], 'I-SPL': ['cubic']}
Running tokenizer on dataset:   0%|          | 0/546 [00:00<?, ? examples/s]Running tokenizer on dataset: 100%|██████████| 546/546 [00:00<00:00, 5296.11 examples/s]                                                                                        /home/liwentao/Dec-Tuning-in-Mat/run_ner_dect.py:555: FutureWarning: load_metric is deprecated and will be removed in the next major version of datasets. Use 'evaluate.load' instead, from the new library 🤗 Evaluate: https://huggingface.co/docs/evaluate
  metric = load_metric("./seqeval_metric.py")
05/30/2023 12:29:33 - INFO - __main__ - ***** Running training *****
05/30/2023 12:29:33 - INFO - __main__ -   Num examples = 9
05/30/2023 12:29:33 - INFO - __main__ -   Num Epochs = 35
05/30/2023 12:29:33 - INFO - __main__ -   Instantaneous batch size per device = 32
05/30/2023 12:29:33 - INFO - __main__ -   Total train batch size (w. parallel, distributed & accumulation) = 32
05/30/2023 12:29:33 - INFO - __main__ -   Gradient Accumulation steps = 1
05/30/2023 12:29:33 - INFO - __main__ -   Total optimization steps = 35
tensor([31090, 31091, 31092, 31093, 31094, 31095, 31096], device='cuda:0')
  0%|          | 0/35 [00:00<?, ?it/s]/home/liwentao/Dec-Tuning-in-Mat/dect_trainer.py:377: UserWarning: Implicit dimension choice for softmax has been deprecated. Change the call to include dim=X as an argument.
  logits = F.softmax(self.extract_logits(batch_logits))
Total epoch: 0. epoch loss: 15.143695831298828
Total epoch: 1. epoch loss: 14.285133361816406
Total epoch: 2. epoch loss: 13.440986633300781
Total epoch: 3. epoch loss: 12.613367080688477
Total epoch: 4. epoch loss: 11.805357933044434
Total epoch: 5. epoch loss: 11.020905494689941
Total epoch: 6. epoch loss: 10.264394760131836
Total epoch: 7. epoch loss: 9.54012680053711
Total epoch: 8. epoch loss: 8.851811408996582
Total epoch: 9. epoch loss: 8.20199203491211
Total epoch: 10. epoch loss: 7.591699600219727
Total epoch: 11. epoch loss: 7.020298957824707
Total epoch: 12. epoch loss: 6.486048698425293
Total epoch: 13. epoch loss: 5.986670970916748
Total epoch: 14. epoch loss: 5.5198445320129395
Total epoch: 15. epoch loss: 5.083554267883301
Total epoch: 16. epoch loss: 4.67604923248291
Total epoch: 17. epoch loss: 4.295925617218018
Total epoch: 18. epoch loss: 3.941887855529785
Total epoch: 19. epoch loss: 3.612767457962036
Total epoch: 20. epoch loss: 3.3073923587799072
Total epoch: 21. epoch loss: 3.024651527404785
Total epoch: 22. epoch loss: 2.7633304595947266
Total epoch: 23. epoch loss: 2.522247791290283
Total epoch: 24. epoch loss: 2.300337314605713
Total epoch: 25. epoch loss: 2.0964226722717285
Total epoch: 26. epoch loss: 1.9094767570495605
Total epoch: 27. epoch loss: 1.7385523319244385
Total epoch: 28. epoch loss: 1.582722783088684
Total epoch: 29. epoch loss: 1.4410585165023804
Total epoch: 30. epoch loss: 1.3128876686096191
Total epoch: 31. epoch loss: 1.1977792978286743
Total epoch: 32. epoch loss: 1.0948156118392944
Total epoch: 33. epoch loss: 1.0029075145721436
Total epoch: 34. epoch loss: 0.9209539890289307
Total epoch: 34. DecT loss: 0.9209539890289307
Training time: 0.1757500171661377
APL_precision: 0.09090909090909091, APL_recall: 0.03529411764705882, APL_f1: 0.05084745762711864, APL_number: 170
CMT_precision: 0.06854838709677419, CMT_recall: 0.08717948717948718, CMT_f1: 0.07674943566591422, CMT_number: 195
DSC_precision: 0.22916666666666666, DSC_recall: 0.02517162471395881, DSC_f1: 0.04536082474226804, DSC_number: 437
MAT_precision: 0.5796178343949044, MAT_recall: 0.2668621700879765, MAT_f1: 0.3654618473895582, MAT_number: 682
PRO_precision: 0.29310344827586204, PRO_recall: 0.02204928664072633, PRO_f1: 0.04101326899879373, PRO_number: 771
SMT_precision: 0.037267080745341616, SMT_recall: 0.03508771929824561, SMT_f1: 0.03614457831325301, SMT_number: 171
SPL_precision: 0.3333333333333333, SPL_recall: 0.06666666666666667, SPL_f1: 0.1111111111111111, SPL_number: 75
overall_precision: 0.2681318681318681, overall_recall: 0.0975609756097561, overall_f1: 0.1430665493990032, overall_accuracy: 0.7045958115931671
finish test
Traceback (most recent call last):
  File "/home/liwentao/Dec-Tuning-in-Mat/run_ner_dect.py", line 1000, in <module>
    main()
  File "/home/liwentao/Dec-Tuning-in-Mat/run_ner_dect.py", line 800, in main
    runner.run(train_dataloader,None ,eval_dataloader)
  File "/home/liwentao/Dec-Tuning-in-Mat/dect_trainer.py", line 484, in run
    return score
NameError: name 'score' is not defined
  0%|          | 0/35 [00:01<?, ?it/s]