/home/liwentao/miniconda3/envs/py38/lib/python3.8/site-packages/transformers/generation_utils.py:24: FutureWarning: Importing `GenerationMixin` from `src/transformers/generation_utils.py` is deprecated and will be removed in Transformers v5. Import as `from transformers import GenerationMixin` instead.
  warnings.warn(
05/30/2023 12:29:25 - INFO - __main__ - Distributed environment: NO
Num processes: 1
Process index: 0
Local process index: 0
Device: cuda

Mixed precision type: no

05/30/2023 12:29:26 - WARNING - datasets.builder - Found cached dataset json (/home/liwentao/.cache/huggingface/datasets/json/default-d4ae5fe9fd32b8ca/0.0.0/0f7e3662623656454fcd2b650f34e886a7db4b9104504885bd462096cc7a9f51)
lr:0.005, batch_size:32, shot:2, proto_dim:32, logits_weight:20, weight_decay:1e-07 
  0%|          | 0/2 [00:00<?, ?it/s]100%|██████████| 2/2 [00:00<00:00, 1222.65it/s]
loading configuration file config.json from cache at /home/liwentao/.cache/huggingface/hub/models--m3rg-iitd--matscibert/snapshots/24a4e4318dda9bc18bff5e6a45debdcb3e1780e3/config.json
Model config BertConfig {
  "_name_or_path": "m3rg-iitd/matscibert",
  "architectures": [
    "BertForMaskedLM"
  ],
  "attention_probs_dropout_prob": 0.1,
  "classifier_dropout": null,
  "gradient_checkpointing": false,
  "hidden_act": "gelu",
  "hidden_dropout_prob": 0.1,
  "hidden_size": 768,
  "initializer_range": 0.02,
  "intermediate_size": 3072,
  "layer_norm_eps": 1e-12,
  "max_position_embeddings": 512,
  "model_type": "bert",
  "num_attention_heads": 12,
  "num_hidden_layers": 12,
  "pad_token_id": 0,
  "position_embedding_type": "absolute",
  "transformers_version": "4.27.1",
  "type_vocab_size": 2,
  "use_cache": true,
  "vocab_size": 31090
}

loading configuration file config.json from cache at /home/liwentao/.cache/huggingface/hub/models--m3rg-iitd--matscibert/snapshots/24a4e4318dda9bc18bff5e6a45debdcb3e1780e3/config.json
Model config BertConfig {
  "_name_or_path": "m3rg-iitd/matscibert",
  "architectures": [
    "BertForMaskedLM"
  ],
  "attention_probs_dropout_prob": 0.1,
  "classifier_dropout": null,
  "gradient_checkpointing": false,
  "hidden_act": "gelu",
  "hidden_dropout_prob": 0.1,
  "hidden_size": 768,
  "initializer_range": 0.02,
  "intermediate_size": 3072,
  "layer_norm_eps": 1e-12,
  "max_position_embeddings": 512,
  "model_type": "bert",
  "num_attention_heads": 12,
  "num_hidden_layers": 12,
  "pad_token_id": 0,
  "position_embedding_type": "absolute",
  "transformers_version": "4.27.1",
  "type_vocab_size": 2,
  "use_cache": true,
  "vocab_size": 31090
}

loading file vocab.txt from cache at /home/liwentao/.cache/huggingface/hub/models--m3rg-iitd--matscibert/snapshots/24a4e4318dda9bc18bff5e6a45debdcb3e1780e3/vocab.txt
loading file tokenizer.json from cache at /home/liwentao/.cache/huggingface/hub/models--m3rg-iitd--matscibert/snapshots/24a4e4318dda9bc18bff5e6a45debdcb3e1780e3/tokenizer.json
loading file added_tokens.json from cache at None
loading file special_tokens_map.json from cache at /home/liwentao/.cache/huggingface/hub/models--m3rg-iitd--matscibert/snapshots/24a4e4318dda9bc18bff5e6a45debdcb3e1780e3/special_tokens_map.json
loading file tokenizer_config.json from cache at /home/liwentao/.cache/huggingface/hub/models--m3rg-iitd--matscibert/snapshots/24a4e4318dda9bc18bff5e6a45debdcb3e1780e3/tokenizer_config.json
loading configuration file config.json from cache at /home/liwentao/.cache/huggingface/hub/models--m3rg-iitd--matscibert/snapshots/24a4e4318dda9bc18bff5e6a45debdcb3e1780e3/config.json
Model config BertConfig {
  "_name_or_path": "m3rg-iitd/matscibert",
  "architectures": [
    "BertForMaskedLM"
  ],
  "attention_probs_dropout_prob": 0.1,
  "classifier_dropout": null,
  "gradient_checkpointing": false,
  "hidden_act": "gelu",
  "hidden_dropout_prob": 0.1,
  "hidden_size": 768,
  "initializer_range": 0.02,
  "intermediate_size": 3072,
  "layer_norm_eps": 1e-12,
  "max_position_embeddings": 512,
  "model_type": "bert",
  "num_attention_heads": 12,
  "num_hidden_layers": 12,
  "pad_token_id": 0,
  "position_embedding_type": "absolute",
  "transformers_version": "4.27.1",
  "type_vocab_size": 2,
  "use_cache": true,
  "vocab_size": 31090
}

loading weights file pytorch_model.bin from cache at /home/liwentao/.cache/huggingface/hub/models--m3rg-iitd--matscibert/snapshots/24a4e4318dda9bc18bff5e6a45debdcb3e1780e3/pytorch_model.bin
Generate config GenerationConfig {
  "_from_model_config": true,
  "pad_token_id": 0,
  "transformers_version": "4.27.1"
}

All model checkpoint weights were used when initializing BertForMaskedLM.

All the weights of BertForMaskedLM were initialized from the model checkpoint at m3rg-iitd/matscibert.
If your task is similar to the task the model of the checkpoint was trained on, you can already use BertForMaskedLM for predictions without further training.
Generation config file not found, using a generation config created from the model config.
05/30/2023 12:29:28 - WARNING - datasets.arrow_dataset - Loading cached processed dataset at /home/liwentao/.cache/huggingface/datasets/json/default-d4ae5fe9fd32b8ca/0.0.0/0f7e3662623656454fcd2b650f34e886a7db4b9104504885bd462096cc7a9f51/cache-a12d27bc57c245f2.arrow
Loading label map from scripts/matsciner/proto_verbalizer.json...
{'I-CMT': ['electron'], 'I-MAT': ['silicon'], 'I-DSC': ['doped'], 'I-PRO': ['properties'], 'I-SMT': ['annealing'], 'I-APL': ['coating'], 'I-SPL': ['cubic']}
{'O': 0, 'I-CMT': 1, 'I-MAT': 2, 'I-DSC': 3, 'I-PRO': 4, 'I-SMT': 5, 'I-APL': 6, 'I-SPL': 7, 'B-CMT': 8, 'B-MAT': 9, 'B-DSC': 10, 'B-PRO': 11, 'B-SMT': 12, 'B-APL': 13, 'B-SPL': 14}
I-CMT
[3081]
I-MAT
[8605]
I-DSC
[21155]
I-PRO
[1784]
I-SMT
[12040]
I-APL
[9754]
I-SPL
[13879]
{'I-CMT': ['electron'], 'I-MAT': ['silicon'], 'I-DSC': ['doped'], 'I-PRO': ['properties'], 'I-SMT': ['annealing'], 'I-APL': ['coating'], 'I-SPL': ['cubic']}
Running tokenizer on dataset:   0%|          | 0/546 [00:00<?, ? examples/s]Running tokenizer on dataset: 100%|██████████| 546/546 [00:00<00:00, 4449.42 examples/s]                                                                                        /home/liwentao/Dec-Tuning-in-Mat/run_ner_dect.py:555: FutureWarning: load_metric is deprecated and will be removed in the next major version of datasets. Use 'evaluate.load' instead, from the new library 🤗 Evaluate: https://huggingface.co/docs/evaluate
  metric = load_metric("./seqeval_metric.py")
05/30/2023 12:29:33 - INFO - __main__ - ***** Running training *****
05/30/2023 12:29:33 - INFO - __main__ -   Num examples = 6
05/30/2023 12:29:33 - INFO - __main__ -   Num Epochs = 35
05/30/2023 12:29:33 - INFO - __main__ -   Instantaneous batch size per device = 32
05/30/2023 12:29:33 - INFO - __main__ -   Total train batch size (w. parallel, distributed & accumulation) = 32
05/30/2023 12:29:33 - INFO - __main__ -   Gradient Accumulation steps = 1
05/30/2023 12:29:33 - INFO - __main__ -   Total optimization steps = 35
tensor([31090, 31091, 31092, 31093, 31094, 31095, 31096], device='cuda:0')
  0%|          | 0/35 [00:00<?, ?it/s]/home/liwentao/Dec-Tuning-in-Mat/dect_trainer.py:377: UserWarning: Implicit dimension choice for softmax has been deprecated. Change the call to include dim=X as an argument.
  logits = F.softmax(self.extract_logits(batch_logits))
Total epoch: 0. epoch loss: 14.615927696228027
Total epoch: 1. epoch loss: 13.772154808044434
Total epoch: 2. epoch loss: 12.958722114562988
Total epoch: 3. epoch loss: 12.174980163574219
Total epoch: 4. epoch loss: 11.420838356018066
Total epoch: 5. epoch loss: 10.696215629577637
Total epoch: 6. epoch loss: 10.000829696655273
Total epoch: 7. epoch loss: 9.334359169006348
Total epoch: 8. epoch loss: 8.696310043334961
Total epoch: 9. epoch loss: 8.086299896240234
Total epoch: 10. epoch loss: 7.503891468048096
Total epoch: 11. epoch loss: 6.949016571044922
Total epoch: 12. epoch loss: 6.421884059906006
Total epoch: 13. epoch loss: 5.923208236694336
Total epoch: 14. epoch loss: 5.453794956207275
Total epoch: 15. epoch loss: 5.014467239379883
Total epoch: 16. epoch loss: 4.605664253234863
Total epoch: 17. epoch loss: 4.227204322814941
Total epoch: 18. epoch loss: 3.878286600112915
Total epoch: 19. epoch loss: 3.557407855987549
Total epoch: 20. epoch loss: 3.262666940689087
Total epoch: 21. epoch loss: 2.9918854236602783
Total epoch: 22. epoch loss: 2.742894411087036
Total epoch: 23. epoch loss: 2.513847589492798
Total epoch: 24. epoch loss: 2.303178310394287
Total epoch: 25. epoch loss: 2.1095798015594482
Total epoch: 26. epoch loss: 1.932070016860962
Total epoch: 27. epoch loss: 1.7696672677993774
Total epoch: 28. epoch loss: 1.6213401556015015
Total epoch: 29. epoch loss: 1.4858567714691162
Total epoch: 30. epoch loss: 1.3624953031539917
Total epoch: 31. epoch loss: 1.2505807876586914
Total epoch: 32. epoch loss: 1.1492986679077148
Total epoch: 33. epoch loss: 1.0579065084457397
Total epoch: 34. epoch loss: 0.9757776260375977
Total epoch: 34. DecT loss: 0.9757776260375977
Training time: 0.16022872924804688
APL_precision: 0.03367003367003367, APL_recall: 0.058823529411764705, APL_f1: 0.042826552462526764, APL_number: 170
CMT_precision: 0.0, CMT_recall: 0.0, CMT_f1: 0.0, CMT_number: 195
DSC_precision: 0.7804878048780488, DSC_recall: 0.07322654462242563, DSC_f1: 0.13389121338912136, DSC_number: 437
MAT_precision: 0.4968017057569296, MAT_recall: 0.3416422287390029, MAT_f1: 0.40486533449174633, MAT_number: 682
PRO_precision: 0.2727272727272727, PRO_recall: 0.0038910505836575876, PRO_f1: 0.0076726342710997444, PRO_number: 771
SMT_precision: 0.05454545454545454, SMT_recall: 0.017543859649122806, SMT_f1: 0.026548672566371685, SMT_number: 171
SPL_precision: 0.09090909090909091, SPL_recall: 0.02666666666666667, SPL_f1: 0.04123711340206186, SPL_number: 75
overall_precision: 0.29571577847439917, overall_recall: 0.1131547381047581, overall_f1: 0.16367842683632156, overall_accuracy: 0.7068829962118505
finish test
Traceback (most recent call last):
  File "/home/liwentao/Dec-Tuning-in-Mat/run_ner_dect.py", line 1000, in <module>
    main()
  File "/home/liwentao/Dec-Tuning-in-Mat/run_ner_dect.py", line 800, in main
    runner.run(train_dataloader,None ,eval_dataloader)
  File "/home/liwentao/Dec-Tuning-in-Mat/dect_trainer.py", line 484, in run
    return score
NameError: name 'score' is not defined
  0%|          | 0/35 [00:02<?, ?it/s]