Some weights of the model checkpoint at m3rg-iitd/matscibert were not used when initializing BertForTokenClassification: ['cls.predictions.transform.LayerNorm.bias', 'cls.predictions.transform.LayerNorm.weight', 'cls.predictions.bias', 'cls.predictions.transform.dense.weight', 'cls.predictions.decoder.weight', 'cls.predictions.transform.dense.bias', 'cls.predictions.decoder.bias']
- This IS expected if you are initializing BertForTokenClassification from the checkpoint of a model trained on another task or with another architecture (e.g. initializing a BertForSequenceClassification model from a BertForPreTraining model).
- This IS NOT expected if you are initializing BertForTokenClassification from the checkpoint of a model that you expect to be exactly identical (initializing a BertForSequenceClassification model from a BertForSequenceClassification model).
Some weights of BertForTokenClassification were not initialized from the model checkpoint at m3rg-iitd/matscibert and are newly initialized: ['classifier.bias', 'classifier.weight']
You should probably TRAIN this model on a down-stream task to be able to use it for predictions and inference.
using device: cuda
45 511 546
['I-APL', 'I-CMT', 'I-DSC', 'I-MAT', 'I-PRO', 'I-SMT', 'I-SPL', 'O']
training_time:0.18381643295288086
loss:1.097489356994629
training_time:0.3291800022125244
loss:0.728216290473938
{'APL': 0.0, 'CMT': 15.625, 'DSC': 0.0, 'MAT': 0.3215434083601286, 'PRO': 0.0, 'SMT': 6.857142857142858, 'SPL': 0.0, 'macro_f1': 0.03257669466500426, 'micro_f1': 0.022085889570552145}
training_time:0.14320135116577148
loss:0.39151325821876526
{'APL': 38.64229765013055, 'CMT': 59.61538461538461, 'DSC': 2.3696682464454977, 'MAT': 42.94871794871795, 'PRO': 16.9811320754717, 'SMT': 35.294117647058826, 'SPL': 23.25581395348837, 'macro_f1': 0.3130101887667107, 'micro_f1': 0.3126637554585153}
training_time:0.1568608283996582
loss:0.19202014803886414
{'APL': 53.03514376996805, 'CMT': 58.58123569794051, 'DSC': 34.50586264656616, 'MAT': 52.341597796143255, 'PRO': 23.516949152542377, 'SMT': 47.096774193548384, 'SPL': 47.27272727272728, 'macro_f1': 0.4519289864706228, 'micro_f1': 0.42578947368421044}
training_time:0.16499876976013184
loss:0.19218668341636658
{'APL': 53.03867403314917, 'CMT': 63.058823529411775, 'DSC': 39.21568627450981, 'MAT': 57.95555555555556, 'PRO': 41.14583333333333, 'SMT': 49.16467780429595, 'SPL': 49.645390070921984, 'macro_f1': 0.5046066294302536, 'micro_f1': 0.4925951241740716}
training_time:0.13758277893066406
loss:0.18535690009593964
training_time:0.14461135864257812
loss:0.03364020213484764
{'APL': 51.886792452830186, 'CMT': 62.47288503253796, 'DSC': 44.13619167717528, 'MAT': 61.497326203208544, 'PRO': 51.97657393850659, 'SMT': 54.65116279069766, 'SPL': 54.545454545454554, 'macro_f1': 0.5445234094863011, 'micro_f1': 0.5424314402936731}
training_time:0.1642606258392334
loss:0.10131842643022537
training_time:0.1402890682220459
loss:0.04231370612978935
training_time:0.14125704765319824
loss:0.09733283519744873
training_time:0.13804912567138672
loss:0.006421875208616257
training_time:0.13526487350463867
loss:0.004977574106305838
{'APL': 62.66666666666666, 'CMT': 61.165048543689316, 'DSC': 50.872817955112225, 'MAT': 67.25806451612904, 'PRO': 43.47826086956522, 'SMT': 62.695924764890286, 'SPL': 55.639097744360896, 'macro_f1': 0.5768226872291624, 'micro_f1': 0.5618079096045199}
training_time:0.1604020595550537
loss:0.004778175614774227
training_time:0.13482284545898438
loss:0.001945577678270638
training_time:0.13757538795471191
loss:0.0011341531062498689
training_time:0.1380462646484375
loss:0.00082320102956146
training_time:0.1378190517425537
loss:0.0007983776740729809
training_time:0.13927125930786133
loss:0.0007228717440739274
training_time:0.13818740844726562
loss:0.007577366195619106
training_time:0.1384446620941162
loss:0.0005062699201516807
{'APL': 59.042553191489354, 'CMT': 63.476070528967256, 'DSC': 54.242002781641176, 'MAT': 62.43478260869565, 'PRO': 39.65065502183406, 'SMT': 63.51351351351351, 'SPL': 61.870503597122294, 'macro_f1': 0.5774715446332334, 'micro_f1': 0.547134059687352}
training_time:0.16024112701416016
loss:0.0005407288554124534
training_time:0.13156366348266602
loss:0.0006518370937556028
training_time:0.13817214965820312
loss:0.0006206271937116981
{'APL': 59.411764705882355, 'CMT': 64.07766990291263, 'DSC': 54.82517482517483, 'MAT': 62.837249782419505, 'PRO': 39.892183288409704, 'SMT': 63.48122866894197, 'SPL': 61.42857142857143, 'macro_f1': 0.5799340608604463, 'micro_f1': 0.5516578567996155}
training_time:0.15373873710632324
loss:0.0008065266301855445
{'APL': 59.76331360946745, 'CMT': 63.76811594202899, 'DSC': 55.38461538461539, 'MAT': 62.9018245004344, 'PRO': 40.10695187165775, 'SMT': 63.05084745762712, 'SPL': 61.42857142857143, 'macro_f1': 0.5805774859920037, 'micro_f1': 0.552814371257485}
training_time:0.15732955932617188
loss:0.00040309439646080136
{'APL': 61.07784431137726, 'CMT': 65.21739130434783, 'DSC': 55.50906555090657, 'MAT': 63.385146804835934, 'PRO': 40.747330960854086, 'SMT': 62.626262626262616, 'SPL': 61.42857142857143, 'macro_f1': 0.5857023042673652, 'micro_f1': 0.5583173996175909}
training_time:0.14128375053405762
loss:0.0003170119889546186
{'APL': 61.44578313253012, 'CMT': 66.66666666666666, 'DSC': 55.354659248956885, 'MAT': 63.385146804835934, 'PRO': 40.46140195208518, 'SMT': 62.66666666666666, 'SPL': 61.870503597122294, 'macro_f1': 0.5883583258126626, 'micro_f1': 0.5590833134399618}
training_time:0.17633414268493652
loss:0.005041517782956362
training_time:0.14210128784179688
loss:0.0003262289392296225
{'APL': 61.07784431137726, 'CMT': 67.4641148325359, 'DSC': 55.37190082644627, 'MAT': 63.903281519861835, 'PRO': 40.881057268722465, 'SMT': 62.91390728476822, 'SPL': 61.870503597122294, 'macro_f1': 0.5906894423440491, 'micro_f1': 0.5622032288698955}
training_time:0.13918757438659668
loss:0.0003461115702521056
{'APL': 61.07784431137726, 'CMT': 67.4641148325359, 'DSC': 55.37190082644627, 'MAT': 63.903281519861835, 'PRO': 41.021126760563384, 'SMT': 62.91390728476822, 'SPL': 61.870503597122294, 'macro_f1': 0.5908895416181075, 'micro_f1': 0.5625445051032517}
training_time:0.13790440559387207
loss:0.0006485124467872083
{'APL': 61.07784431137726, 'CMT': 67.9425837320574, 'DSC': 55.37190082644627, 'MAT': 63.8481449525453, 'PRO': 41.05726872246696, 'SMT': 62.91390728476822, 'SPL': 61.42857142857143, 'macro_f1': 0.5909146017974756, 'micro_f1': 0.5628856193640248}
{'APL': 62.011173184357546, 'CMT': 67.2645739910314, 'DSC': 54.75578406169666, 'MAT': 64.77093206951027, 'PRO': 42.57425742574258, 'SMT': 67.79661016949153, 'SPL': 62.16216216216216, 'macro_f1': 0.6019078472342746, 'micro_f1': 0.5734327049539676}
