/home/liwentao/miniconda3/envs/py38/lib/python3.8/site-packages/transformers/generation_utils.py:24: FutureWarning: Importing `GenerationMixin` from `src/transformers/generation_utils.py` is deprecated and will be removed in Transformers v5. Import as `from transformers import GenerationMixin` instead.
  warnings.warn(
05/31/2023 14:50:10 - INFO - __main__ - Distributed environment: NO
Num processes: 1
Process index: 0
Local process index: 0
Device: cuda

Mixed precision type: no

05/31/2023 14:50:11 - WARNING - datasets.builder - Found cached dataset json (/home/liwentao/.cache/huggingface/datasets/json/default-37e2d1f1826279df/0.0.0/0f7e3662623656454fcd2b650f34e886a7db4b9104504885bd462096cc7a9f51)
################## Hyper-parameters: ##################
epochs:100,lr:0.005, batch_size:4, shot:4, proto_dim:160, logits_weight:10.0, weight_decay:1e-05 
################## Hyper-parameters: ##################
shot and proto_dim
proto_dim: 32
model_logits_weight: 20
num_train_epochs: 35
  0%|          | 0/2 [00:00<?, ?it/s]100%|██████████| 2/2 [00:00<00:00, 1280.70it/s]
loading configuration file config.json from cache at /home/liwentao/.cache/huggingface/hub/models--roberta-large/snapshots/716877d372b884cad6d419d828bac6c85b3b18d9/config.json
Model config RobertaConfig {
  "_name_or_path": "roberta-large",
  "architectures": [
    "RobertaForMaskedLM"
  ],
  "attention_probs_dropout_prob": 0.1,
  "bos_token_id": 0,
  "classifier_dropout": null,
  "eos_token_id": 2,
  "hidden_act": "gelu",
  "hidden_dropout_prob": 0.1,
  "hidden_size": 1024,
  "initializer_range": 0.02,
  "intermediate_size": 4096,
  "layer_norm_eps": 1e-05,
  "max_position_embeddings": 514,
  "model_type": "roberta",
  "num_attention_heads": 16,
  "num_hidden_layers": 24,
  "pad_token_id": 1,
  "position_embedding_type": "absolute",
  "transformers_version": "4.27.1",
  "type_vocab_size": 1,
  "use_cache": true,
  "vocab_size": 50265
}

Could not locate the tokenizer configuration file, will try to use the model config instead.
loading configuration file config.json from cache at /home/liwentao/.cache/huggingface/hub/models--roberta-large/snapshots/716877d372b884cad6d419d828bac6c85b3b18d9/config.json
Model config RobertaConfig {
  "_name_or_path": "roberta-large",
  "architectures": [
    "RobertaForMaskedLM"
  ],
  "attention_probs_dropout_prob": 0.1,
  "bos_token_id": 0,
  "classifier_dropout": null,
  "eos_token_id": 2,
  "hidden_act": "gelu",
  "hidden_dropout_prob": 0.1,
  "hidden_size": 1024,
  "initializer_range": 0.02,
  "intermediate_size": 4096,
  "layer_norm_eps": 1e-05,
  "max_position_embeddings": 514,
  "model_type": "roberta",
  "num_attention_heads": 16,
  "num_hidden_layers": 24,
  "pad_token_id": 1,
  "position_embedding_type": "absolute",
  "transformers_version": "4.27.1",
  "type_vocab_size": 1,
  "use_cache": true,
  "vocab_size": 50265
}

loading file vocab.json from cache at /home/liwentao/.cache/huggingface/hub/models--roberta-large/snapshots/716877d372b884cad6d419d828bac6c85b3b18d9/vocab.json
loading file merges.txt from cache at /home/liwentao/.cache/huggingface/hub/models--roberta-large/snapshots/716877d372b884cad6d419d828bac6c85b3b18d9/merges.txt
loading file tokenizer.json from cache at /home/liwentao/.cache/huggingface/hub/models--roberta-large/snapshots/716877d372b884cad6d419d828bac6c85b3b18d9/tokenizer.json
loading file added_tokens.json from cache at None
loading file special_tokens_map.json from cache at None
loading file tokenizer_config.json from cache at None
loading configuration file config.json from cache at /home/liwentao/.cache/huggingface/hub/models--roberta-large/snapshots/716877d372b884cad6d419d828bac6c85b3b18d9/config.json
Model config RobertaConfig {
  "_name_or_path": "roberta-large",
  "architectures": [
    "RobertaForMaskedLM"
  ],
  "attention_probs_dropout_prob": 0.1,
  "bos_token_id": 0,
  "classifier_dropout": null,
  "eos_token_id": 2,
  "hidden_act": "gelu",
  "hidden_dropout_prob": 0.1,
  "hidden_size": 1024,
  "initializer_range": 0.02,
  "intermediate_size": 4096,
  "layer_norm_eps": 1e-05,
  "max_position_embeddings": 514,
  "model_type": "roberta",
  "num_attention_heads": 16,
  "num_hidden_layers": 24,
  "pad_token_id": 1,
  "position_embedding_type": "absolute",
  "transformers_version": "4.27.1",
  "type_vocab_size": 1,
  "use_cache": true,
  "vocab_size": 50265
}

loading weights file pytorch_model.bin from cache at /home/liwentao/.cache/huggingface/hub/models--roberta-large/snapshots/716877d372b884cad6d419d828bac6c85b3b18d9/pytorch_model.bin
All model checkpoint weights were used when initializing RobertaForMaskedLM.

All the weights of RobertaForMaskedLM were initialized from the model checkpoint at roberta-large.
If your task is similar to the task the model of the checkpoint was trained on, you can already use RobertaForMaskedLM for predictions without further training.
Loading label map from scripts/matsciner/proto_verbalizer.json...
{'I-CMT': ['electron'], 'I-MAT': ['silicon'], 'I-DSC': ['doped'], 'I-PRO': ['properties'], 'I-SMT': ['annealing'], 'I-APL': ['coating'], 'I-SPL': ['cubic']}
{'O': 0, 'I-CMT': 1, 'I-MAT': 2, 'I-DSC': 3, 'I-PRO': 4, 'I-SMT': 5, 'I-APL': 6, 'I-SPL': 7, 'B-CMT': 8, 'B-MAT': 9, 'B-DSC': 10, 'B-PRO': 11, 'B-SMT': 12, 'B-APL': 13, 'B-SPL': 14}
{'I-CMT': ['electron'], 'I-MAT': ['silicon'], 'I-DSC': ['doped'], 'I-PRO': ['properties'], 'I-SMT': ['annealing'], 'I-APL': ['coating'], 'I-SPL': ['cubic']}
Running tokenizer on dataset:   0%|          | 0/15 [00:00<?, ? examples/s]                                                                           Running tokenizer on dataset:   0%|          | 0/546 [00:00<?, ? examples/s]Running tokenizer on dataset: 100%|██████████| 546/546 [00:00<00:00, 2845.97 examples/s]                                                                                        /home/liwentao/Dec-Tuning-in-Mat/run_ner_dect.py:563: FutureWarning: load_metric is deprecated and will be removed in the next major version of datasets. Use 'evaluate.load' instead, from the new library 🤗 Evaluate: https://huggingface.co/docs/evaluate
  metric = load_metric("./seqeval_metric.py")
05/31/2023 14:50:22 - INFO - __main__ - ***** Running training *****
05/31/2023 14:50:22 - INFO - __main__ -   Num examples = 15
05/31/2023 14:50:22 - INFO - __main__ -   Num Epochs = 35
05/31/2023 14:50:22 - INFO - __main__ -   Instantaneous batch size per device = 4
05/31/2023 14:50:22 - INFO - __main__ -   Total train batch size (w. parallel, distributed & accumulation) = 4
05/31/2023 14:50:22 - INFO - __main__ -   Gradient Accumulation steps = 1
05/31/2023 14:50:22 - INFO - __main__ -   Total optimization steps = 140
tensor([3, 3, 3, 3, 3, 3, 3], device='cuda:0')
  0%|          | 0/140 [00:00<?, ?it/s]/home/liwentao/Dec-Tuning-in-Mat/dect_trainer.py:379: UserWarning: Implicit dimension choice for softmax has been deprecated. Change the call to include dim=X as an argument.
  logits = F.softmax(self.extract_logits(batch_logits))
Total epoch: 0. epoch loss: 16.459806442260742
Total epoch: 1. epoch loss: 16.237215042114258
Total epoch: 2. epoch loss: 16.015308380126953
Total epoch: 3. epoch loss: 15.793437957763672
Total epoch: 4. epoch loss: 15.57145881652832
Total epoch: 5. epoch loss: 15.34951114654541
Total epoch: 6. epoch loss: 15.127755165100098
Total epoch: 7. epoch loss: 14.9063720703125
Total epoch: 8. epoch loss: 14.68555736541748
Total epoch: 9. epoch loss: 14.465513229370117
Total epoch: 10. epoch loss: 14.24647331237793
Total epoch: 11. epoch loss: 14.028629302978516
Total epoch: 12. epoch loss: 13.812188148498535
Total epoch: 13. epoch loss: 13.597350120544434
Total epoch: 14. epoch loss: 13.384295463562012
Total epoch: 15. epoch loss: 13.173151016235352
Total epoch: 16. epoch loss: 12.964067459106445
Total epoch: 17. epoch loss: 12.757155418395996
Total epoch: 18. epoch loss: 12.552497863769531
Total epoch: 19. epoch loss: 12.350136756896973
Total epoch: 20. epoch loss: 12.15013313293457
Total epoch: 21. epoch loss: 11.9525146484375
Total epoch: 22. epoch loss: 11.757247924804688
Total epoch: 23. epoch loss: 11.564358711242676
Total epoch: 24. epoch loss: 11.373807907104492
Total epoch: 25. epoch loss: 11.185539245605469
Total epoch: 26. epoch loss: 10.999565124511719
Total epoch: 27. epoch loss: 10.815762519836426
Total epoch: 28. epoch loss: 10.634110450744629
Total epoch: 29. epoch loss: 10.45458984375
Total epoch: 30. epoch loss: 10.277113914489746
Total epoch: 31. epoch loss: 10.101595878601074
Total epoch: 32. epoch loss: 9.927996635437012
Total epoch: 33. epoch loss: 9.756293296813965
Total epoch: 34. epoch loss: 9.586359977722168
Total epoch: 34. DecT loss: 9.586359977722168
Training time: 0.24173998832702637
APL_precision: 0.06333973128598848, APL_recall: 0.19411764705882353, APL_f1: 0.09551374819102748, APL_number: 170
CMT_precision: 0.07033639143730887, CMT_recall: 0.35384615384615387, CMT_f1: 0.11734693877551021, CMT_number: 195
DSC_precision: 0.3543307086614173, DSC_recall: 0.20594965675057209, DSC_f1: 0.26049204052098407, DSC_number: 437
MAT_precision: 0.29250604351329573, MAT_recall: 0.532258064516129, MAT_f1: 0.3775351014040561, MAT_number: 682
PRO_precision: 0.13688610240334378, PRO_recall: 0.16990920881971466, PRO_f1: 0.15162037037037038, PRO_number: 771
SMT_precision: 0.03669724770642202, SMT_recall: 0.07017543859649122, SMT_f1: 0.04819277108433735, SMT_number: 171
SPL_precision: 0.06521739130434782, SPL_recall: 0.4, SPL_f1: 0.11214953271028037, SPL_number: 75
overall_precision: 0.153554102510019, overall_recall: 0.29108356657337064, overall_f1: 0.20104943385805027, overall_accuracy: 0.6633316658329165
finish test
Traceback (most recent call last):
  File "/home/liwentao/Dec-Tuning-in-Mat/run_ner_dect.py", line 985, in <module>
    main()
  File "/home/liwentao/Dec-Tuning-in-Mat/run_ner_dect.py", line 808, in main
    runner.run(train_dataloader,None ,eval_dataloader)
  File "/home/liwentao/Dec-Tuning-in-Mat/dect_trainer.py", line 487, in run
    return score
NameError: name 'score' is not defined
  0%|          | 0/140 [00:04<?, ?it/s]