/home/liwentao/miniconda3/envs/py38/lib/python3.8/site-packages/transformers/generation_utils.py:24: FutureWarning: Importing `GenerationMixin` from `src/transformers/generation_utils.py` is deprecated and will be removed in Transformers v5. Import as `from transformers import GenerationMixin` instead.
  warnings.warn(
05/31/2023 14:50:10 - INFO - __main__ - Distributed environment: NO
Num processes: 1
Process index: 0
Local process index: 0
Device: cuda

Mixed precision type: no

05/31/2023 14:50:11 - WARNING - datasets.builder - Found cached dataset json (/home/liwentao/.cache/huggingface/datasets/json/default-9dfab3336ef43c32/0.0.0/0f7e3662623656454fcd2b650f34e886a7db4b9104504885bd462096cc7a9f51)
################## Hyper-parameters: ##################
epochs:100,lr:0.005, batch_size:4, shot:4, proto_dim:160, logits_weight:10.0, weight_decay:1e-05 
################## Hyper-parameters: ##################
shot and proto_dim
proto_dim: 32
model_logits_weight: 20
num_train_epochs: 35
  0%|          | 0/2 [00:00<?, ?it/s]100%|██████████| 2/2 [00:00<00:00, 935.18it/s]
loading configuration file config.json from cache at /home/liwentao/.cache/huggingface/hub/models--roberta-large/snapshots/716877d372b884cad6d419d828bac6c85b3b18d9/config.json
Model config RobertaConfig {
  "_name_or_path": "roberta-large",
  "architectures": [
    "RobertaForMaskedLM"
  ],
  "attention_probs_dropout_prob": 0.1,
  "bos_token_id": 0,
  "classifier_dropout": null,
  "eos_token_id": 2,
  "hidden_act": "gelu",
  "hidden_dropout_prob": 0.1,
  "hidden_size": 1024,
  "initializer_range": 0.02,
  "intermediate_size": 4096,
  "layer_norm_eps": 1e-05,
  "max_position_embeddings": 514,
  "model_type": "roberta",
  "num_attention_heads": 16,
  "num_hidden_layers": 24,
  "pad_token_id": 1,
  "position_embedding_type": "absolute",
  "transformers_version": "4.27.1",
  "type_vocab_size": 1,
  "use_cache": true,
  "vocab_size": 50265
}

Could not locate the tokenizer configuration file, will try to use the model config instead.
loading configuration file config.json from cache at /home/liwentao/.cache/huggingface/hub/models--roberta-large/snapshots/716877d372b884cad6d419d828bac6c85b3b18d9/config.json
Model config RobertaConfig {
  "_name_or_path": "roberta-large",
  "architectures": [
    "RobertaForMaskedLM"
  ],
  "attention_probs_dropout_prob": 0.1,
  "bos_token_id": 0,
  "classifier_dropout": null,
  "eos_token_id": 2,
  "hidden_act": "gelu",
  "hidden_dropout_prob": 0.1,
  "hidden_size": 1024,
  "initializer_range": 0.02,
  "intermediate_size": 4096,
  "layer_norm_eps": 1e-05,
  "max_position_embeddings": 514,
  "model_type": "roberta",
  "num_attention_heads": 16,
  "num_hidden_layers": 24,
  "pad_token_id": 1,
  "position_embedding_type": "absolute",
  "transformers_version": "4.27.1",
  "type_vocab_size": 1,
  "use_cache": true,
  "vocab_size": 50265
}

loading file vocab.json from cache at /home/liwentao/.cache/huggingface/hub/models--roberta-large/snapshots/716877d372b884cad6d419d828bac6c85b3b18d9/vocab.json
loading file merges.txt from cache at /home/liwentao/.cache/huggingface/hub/models--roberta-large/snapshots/716877d372b884cad6d419d828bac6c85b3b18d9/merges.txt
loading file tokenizer.json from cache at /home/liwentao/.cache/huggingface/hub/models--roberta-large/snapshots/716877d372b884cad6d419d828bac6c85b3b18d9/tokenizer.json
loading file added_tokens.json from cache at None
loading file special_tokens_map.json from cache at None
loading file tokenizer_config.json from cache at None
loading configuration file config.json from cache at /home/liwentao/.cache/huggingface/hub/models--roberta-large/snapshots/716877d372b884cad6d419d828bac6c85b3b18d9/config.json
Model config RobertaConfig {
  "_name_or_path": "roberta-large",
  "architectures": [
    "RobertaForMaskedLM"
  ],
  "attention_probs_dropout_prob": 0.1,
  "bos_token_id": 0,
  "classifier_dropout": null,
  "eos_token_id": 2,
  "hidden_act": "gelu",
  "hidden_dropout_prob": 0.1,
  "hidden_size": 1024,
  "initializer_range": 0.02,
  "intermediate_size": 4096,
  "layer_norm_eps": 1e-05,
  "max_position_embeddings": 514,
  "model_type": "roberta",
  "num_attention_heads": 16,
  "num_hidden_layers": 24,
  "pad_token_id": 1,
  "position_embedding_type": "absolute",
  "transformers_version": "4.27.1",
  "type_vocab_size": 1,
  "use_cache": true,
  "vocab_size": 50265
}

loading weights file pytorch_model.bin from cache at /home/liwentao/.cache/huggingface/hub/models--roberta-large/snapshots/716877d372b884cad6d419d828bac6c85b3b18d9/pytorch_model.bin
All model checkpoint weights were used when initializing RobertaForMaskedLM.

All the weights of RobertaForMaskedLM were initialized from the model checkpoint at roberta-large.
If your task is similar to the task the model of the checkpoint was trained on, you can already use RobertaForMaskedLM for predictions without further training.
Loading label map from scripts/matsciner/proto_verbalizer.json...
{'I-CMT': ['electron'], 'I-MAT': ['silicon'], 'I-DSC': ['doped'], 'I-PRO': ['properties'], 'I-SMT': ['annealing'], 'I-APL': ['coating'], 'I-SPL': ['cubic']}
{'O': 0, 'I-CMT': 1, 'I-MAT': 2, 'I-DSC': 3, 'I-PRO': 4, 'I-SMT': 5, 'I-APL': 6, 'I-SPL': 7, 'B-CMT': 8, 'B-MAT': 9, 'B-DSC': 10, 'B-PRO': 11, 'B-SMT': 12, 'B-APL': 13, 'B-SPL': 14}
{'I-CMT': ['electron'], 'I-MAT': ['silicon'], 'I-DSC': ['doped'], 'I-PRO': ['properties'], 'I-SMT': ['annealing'], 'I-APL': ['coating'], 'I-SPL': ['cubic']}
Running tokenizer on dataset:   0%|          | 0/13 [00:00<?, ? examples/s]                                                                           Running tokenizer on dataset:   0%|          | 0/546 [00:00<?, ? examples/s]Running tokenizer on dataset: 100%|██████████| 546/546 [00:00<00:00, 1958.90 examples/s]                                                                                        /home/liwentao/Dec-Tuning-in-Mat/run_ner_dect.py:563: FutureWarning: load_metric is deprecated and will be removed in the next major version of datasets. Use 'evaluate.load' instead, from the new library 🤗 Evaluate: https://huggingface.co/docs/evaluate
  metric = load_metric("./seqeval_metric.py")
05/31/2023 14:50:22 - INFO - __main__ - ***** Running training *****
05/31/2023 14:50:22 - INFO - __main__ -   Num examples = 13
05/31/2023 14:50:22 - INFO - __main__ -   Num Epochs = 35
05/31/2023 14:50:22 - INFO - __main__ -   Instantaneous batch size per device = 4
05/31/2023 14:50:22 - INFO - __main__ -   Total train batch size (w. parallel, distributed & accumulation) = 4
05/31/2023 14:50:22 - INFO - __main__ -   Gradient Accumulation steps = 1
05/31/2023 14:50:22 - INFO - __main__ -   Total optimization steps = 140
tensor([3, 3, 3, 3, 3, 3, 3], device='cuda:0')
  0%|          | 0/140 [00:00<?, ?it/s]/home/liwentao/Dec-Tuning-in-Mat/dect_trainer.py:379: UserWarning: Implicit dimension choice for softmax has been deprecated. Change the call to include dim=X as an argument.
  logits = F.softmax(self.extract_logits(batch_logits))
Total epoch: 0. epoch loss: 16.447254180908203
Total epoch: 1. epoch loss: 16.219093322753906
Total epoch: 2. epoch loss: 15.991547584533691
Total epoch: 3. epoch loss: 15.76408863067627
Total epoch: 4. epoch loss: 15.536434173583984
Total epoch: 5. epoch loss: 15.308634757995605
Total epoch: 6. epoch loss: 15.080835342407227
Total epoch: 7. epoch loss: 14.853206634521484
Total epoch: 8. epoch loss: 14.62594223022461
Total epoch: 9. epoch loss: 14.399238586425781
Total epoch: 10. epoch loss: 14.173291206359863
Total epoch: 11. epoch loss: 13.948298454284668
Total epoch: 12. epoch loss: 13.724472999572754
Total epoch: 13. epoch loss: 13.502035140991211
Total epoch: 14. epoch loss: 13.28118896484375
Total epoch: 15. epoch loss: 13.062142372131348
Total epoch: 16. epoch loss: 12.84508991241455
Total epoch: 17. epoch loss: 12.630208969116211
Total epoch: 18. epoch loss: 12.417655944824219
Total epoch: 19. epoch loss: 12.207554817199707
Total epoch: 20. epoch loss: 11.999988555908203
Total epoch: 21. epoch loss: 11.795052528381348
Total epoch: 22. epoch loss: 11.592802047729492
Total epoch: 23. epoch loss: 11.393239974975586
Total epoch: 24. epoch loss: 11.196390151977539
Total epoch: 25. epoch loss: 11.002230644226074
Total epoch: 26. epoch loss: 10.810792922973633
Total epoch: 27. epoch loss: 10.621973991394043
Total epoch: 28. epoch loss: 10.435762405395508
Total epoch: 29. epoch loss: 10.252070426940918
Total epoch: 30. epoch loss: 10.07087516784668
Total epoch: 31. epoch loss: 9.892128944396973
Total epoch: 32. epoch loss: 9.715710639953613
Total epoch: 33. epoch loss: 9.541548728942871
Total epoch: 34. epoch loss: 9.369617462158203
Total epoch: 34. DecT loss: 9.369617462158203
Training time: 0.2227492332458496
APL_precision: 0.07775377969762419, APL_recall: 0.21176470588235294, APL_f1: 0.1137440758293839, APL_number: 170
CMT_precision: 0.09649122807017543, CMT_recall: 0.3384615384615385, CMT_f1: 0.15017064846416384, CMT_number: 195
DSC_precision: 0.16329113924050634, DSC_recall: 0.2951945080091533, DSC_f1: 0.21026894865525672, DSC_number: 437
MAT_precision: 0.3706233988044407, MAT_recall: 0.6363636363636364, MAT_f1: 0.46842957366432814, MAT_number: 682
PRO_precision: 0.16817724068479356, PRO_recall: 0.21660181582360571, PRO_f1: 0.18934240362811794, PRO_number: 771
SMT_precision: 0.05102040816326531, SMT_recall: 0.11695906432748537, SMT_f1: 0.07104795737122557, SMT_number: 171
SPL_precision: 0.048582995951417005, SPL_recall: 0.16, SPL_f1: 0.07453416149068323, SPL_number: 75
overall_precision: 0.18227848101265823, overall_recall: 0.34546181527389047, overall_f1: 0.238641071675183, overall_accuracy: 0.6874151361394983
finish test
Traceback (most recent call last):
  File "/home/liwentao/Dec-Tuning-in-Mat/run_ner_dect.py", line 985, in <module>
    main()
  File "/home/liwentao/Dec-Tuning-in-Mat/run_ner_dect.py", line 808, in main
    runner.run(train_dataloader,None ,eval_dataloader)
  File "/home/liwentao/Dec-Tuning-in-Mat/dect_trainer.py", line 487, in run
    return score
NameError: name 'score' is not defined
  0%|          | 0/140 [00:03<?, ?it/s]