/home/liwentao/miniconda3/envs/py38/lib/python3.8/site-packages/transformers/generation_utils.py:24: FutureWarning: Importing `GenerationMixin` from `src/transformers/generation_utils.py` is deprecated and will be removed in Transformers v5. Import as `from transformers import GenerationMixin` instead.
  warnings.warn(
05/31/2023 14:50:10 - INFO - __main__ - Distributed environment: NO
Num processes: 1
Process index: 0
Local process index: 0
Device: cuda

Mixed precision type: no

05/31/2023 14:50:12 - WARNING - datasets.builder - Found cached dataset json (/home/liwentao/.cache/huggingface/datasets/json/default-a4856243bf4ac2f7/0.0.0/0f7e3662623656454fcd2b650f34e886a7db4b9104504885bd462096cc7a9f51)
################## Hyper-parameters: ##################
epochs:100,lr:0.005, batch_size:4, shot:4, proto_dim:160, logits_weight:10.0, weight_decay:1e-05 
################## Hyper-parameters: ##################
shot and proto_dim
proto_dim: 32
model_logits_weight: 20
num_train_epochs: 35
  0%|          | 0/2 [00:00<?, ?it/s]100%|██████████| 2/2 [00:00<00:00, 1208.38it/s]
loading configuration file config.json from cache at /home/liwentao/.cache/huggingface/hub/models--roberta-large/snapshots/716877d372b884cad6d419d828bac6c85b3b18d9/config.json
Model config RobertaConfig {
  "_name_or_path": "roberta-large",
  "architectures": [
    "RobertaForMaskedLM"
  ],
  "attention_probs_dropout_prob": 0.1,
  "bos_token_id": 0,
  "classifier_dropout": null,
  "eos_token_id": 2,
  "hidden_act": "gelu",
  "hidden_dropout_prob": 0.1,
  "hidden_size": 1024,
  "initializer_range": 0.02,
  "intermediate_size": 4096,
  "layer_norm_eps": 1e-05,
  "max_position_embeddings": 514,
  "model_type": "roberta",
  "num_attention_heads": 16,
  "num_hidden_layers": 24,
  "pad_token_id": 1,
  "position_embedding_type": "absolute",
  "transformers_version": "4.27.1",
  "type_vocab_size": 1,
  "use_cache": true,
  "vocab_size": 50265
}

Could not locate the tokenizer configuration file, will try to use the model config instead.
loading configuration file config.json from cache at /home/liwentao/.cache/huggingface/hub/models--roberta-large/snapshots/716877d372b884cad6d419d828bac6c85b3b18d9/config.json
Model config RobertaConfig {
  "_name_or_path": "roberta-large",
  "architectures": [
    "RobertaForMaskedLM"
  ],
  "attention_probs_dropout_prob": 0.1,
  "bos_token_id": 0,
  "classifier_dropout": null,
  "eos_token_id": 2,
  "hidden_act": "gelu",
  "hidden_dropout_prob": 0.1,
  "hidden_size": 1024,
  "initializer_range": 0.02,
  "intermediate_size": 4096,
  "layer_norm_eps": 1e-05,
  "max_position_embeddings": 514,
  "model_type": "roberta",
  "num_attention_heads": 16,
  "num_hidden_layers": 24,
  "pad_token_id": 1,
  "position_embedding_type": "absolute",
  "transformers_version": "4.27.1",
  "type_vocab_size": 1,
  "use_cache": true,
  "vocab_size": 50265
}

loading file vocab.json from cache at /home/liwentao/.cache/huggingface/hub/models--roberta-large/snapshots/716877d372b884cad6d419d828bac6c85b3b18d9/vocab.json
loading file merges.txt from cache at /home/liwentao/.cache/huggingface/hub/models--roberta-large/snapshots/716877d372b884cad6d419d828bac6c85b3b18d9/merges.txt
loading file tokenizer.json from cache at /home/liwentao/.cache/huggingface/hub/models--roberta-large/snapshots/716877d372b884cad6d419d828bac6c85b3b18d9/tokenizer.json
loading file added_tokens.json from cache at None
loading file special_tokens_map.json from cache at None
loading file tokenizer_config.json from cache at None
loading configuration file config.json from cache at /home/liwentao/.cache/huggingface/hub/models--roberta-large/snapshots/716877d372b884cad6d419d828bac6c85b3b18d9/config.json
Model config RobertaConfig {
  "_name_or_path": "roberta-large",
  "architectures": [
    "RobertaForMaskedLM"
  ],
  "attention_probs_dropout_prob": 0.1,
  "bos_token_id": 0,
  "classifier_dropout": null,
  "eos_token_id": 2,
  "hidden_act": "gelu",
  "hidden_dropout_prob": 0.1,
  "hidden_size": 1024,
  "initializer_range": 0.02,
  "intermediate_size": 4096,
  "layer_norm_eps": 1e-05,
  "max_position_embeddings": 514,
  "model_type": "roberta",
  "num_attention_heads": 16,
  "num_hidden_layers": 24,
  "pad_token_id": 1,
  "position_embedding_type": "absolute",
  "transformers_version": "4.27.1",
  "type_vocab_size": 1,
  "use_cache": true,
  "vocab_size": 50265
}

loading weights file pytorch_model.bin from cache at /home/liwentao/.cache/huggingface/hub/models--roberta-large/snapshots/716877d372b884cad6d419d828bac6c85b3b18d9/pytorch_model.bin
All model checkpoint weights were used when initializing RobertaForMaskedLM.

All the weights of RobertaForMaskedLM were initialized from the model checkpoint at roberta-large.
If your task is similar to the task the model of the checkpoint was trained on, you can already use RobertaForMaskedLM for predictions without further training.
Loading label map from scripts/matsciner/proto_verbalizer.json...
{'I-CMT': ['electron'], 'I-MAT': ['silicon'], 'I-DSC': ['doped'], 'I-PRO': ['properties'], 'I-SMT': ['annealing'], 'I-APL': ['coating'], 'I-SPL': ['cubic']}
{'O': 0, 'I-CMT': 1, 'I-MAT': 2, 'I-DSC': 3, 'I-PRO': 4, 'I-SMT': 5, 'I-APL': 6, 'I-SPL': 7, 'B-CMT': 8, 'B-MAT': 9, 'B-DSC': 10, 'B-PRO': 11, 'B-SMT': 12, 'B-APL': 13, 'B-SPL': 14}
{'I-CMT': ['electron'], 'I-MAT': ['silicon'], 'I-DSC': ['doped'], 'I-PRO': ['properties'], 'I-SMT': ['annealing'], 'I-APL': ['coating'], 'I-SPL': ['cubic']}
Running tokenizer on dataset:   0%|          | 0/14 [00:00<?, ? examples/s]                                                                           Running tokenizer on dataset:   0%|          | 0/546 [00:00<?, ? examples/s]Running tokenizer on dataset: 100%|██████████| 546/546 [00:00<00:00, 2915.28 examples/s]                                                                                        /home/liwentao/Dec-Tuning-in-Mat/run_ner_dect.py:563: FutureWarning: load_metric is deprecated and will be removed in the next major version of datasets. Use 'evaluate.load' instead, from the new library 🤗 Evaluate: https://huggingface.co/docs/evaluate
  metric = load_metric("./seqeval_metric.py")
05/31/2023 14:50:23 - INFO - __main__ - ***** Running training *****
05/31/2023 14:50:23 - INFO - __main__ -   Num examples = 14
05/31/2023 14:50:23 - INFO - __main__ -   Num Epochs = 35
05/31/2023 14:50:23 - INFO - __main__ -   Instantaneous batch size per device = 4
05/31/2023 14:50:23 - INFO - __main__ -   Total train batch size (w. parallel, distributed & accumulation) = 4
05/31/2023 14:50:23 - INFO - __main__ -   Gradient Accumulation steps = 1
05/31/2023 14:50:23 - INFO - __main__ -   Total optimization steps = 140
tensor([3, 3, 3, 3, 3, 3, 3], device='cuda:0')
  0%|          | 0/140 [00:00<?, ?it/s]/home/liwentao/Dec-Tuning-in-Mat/dect_trainer.py:379: UserWarning: Implicit dimension choice for softmax has been deprecated. Change the call to include dim=X as an argument.
  logits = F.softmax(self.extract_logits(batch_logits))
Total epoch: 0. epoch loss: 16.4405517578125
Total epoch: 1. epoch loss: 16.18958854675293
Total epoch: 2. epoch loss: 15.939375877380371
Total epoch: 3. epoch loss: 15.689205169677734
Total epoch: 4. epoch loss: 15.438882827758789
Total epoch: 5. epoch loss: 15.188587188720703
Total epoch: 6. epoch loss: 14.938532829284668
Total epoch: 7. epoch loss: 14.688949584960938
Total epoch: 8. epoch loss: 14.44006633758545
Total epoch: 9. epoch loss: 14.192107200622559
Total epoch: 10. epoch loss: 13.945329666137695
Total epoch: 11. epoch loss: 13.69996452331543
Total epoch: 12. epoch loss: 13.456249237060547
Total epoch: 13. epoch loss: 13.214420318603516
Total epoch: 14. epoch loss: 12.974717140197754
Total epoch: 15. epoch loss: 12.73733139038086
Total epoch: 16. epoch loss: 12.502458572387695
Total epoch: 17. epoch loss: 12.270249366760254
Total epoch: 18. epoch loss: 12.040851593017578
Total epoch: 19. epoch loss: 11.814401626586914
Total epoch: 20. epoch loss: 11.590948104858398
Total epoch: 21. epoch loss: 11.370543479919434
Total epoch: 22. epoch loss: 11.1532564163208
Total epoch: 23. epoch loss: 10.93907356262207
Total epoch: 24. epoch loss: 10.72795581817627
Total epoch: 25. epoch loss: 10.51994514465332
Total epoch: 26. epoch loss: 10.314949989318848
Total epoch: 27. epoch loss: 10.113004684448242
Total epoch: 28. epoch loss: 9.913968086242676
Total epoch: 29. epoch loss: 9.7178316116333
Total epoch: 30. epoch loss: 9.52452278137207
Total epoch: 31. epoch loss: 9.333966255187988
Total epoch: 32. epoch loss: 9.14609432220459
Total epoch: 33. epoch loss: 8.960871696472168
Total epoch: 34. epoch loss: 8.778152465820312
Total epoch: 34. DecT loss: 8.778152465820312
Training time: 0.2374265193939209
APL_precision: 0.04741379310344827, APL_recall: 0.25882352941176473, APL_f1: 0.08014571948998178, APL_number: 170
CMT_precision: 0.05334394904458599, CMT_recall: 0.3435897435897436, CMT_f1: 0.0923501033769814, CMT_number: 195
DSC_precision: 0.15632754342431762, DSC_recall: 0.14416475972540047, DSC_f1: 0.15, DSC_number: 437
MAT_precision: 0.3628396143733567, MAT_recall: 0.6070381231671554, MAT_f1: 0.4541963795940757, MAT_number: 682
PRO_precision: 0.16436251920122888, PRO_recall: 0.13878080415045396, PRO_f1: 0.15049226441631508, PRO_number: 771
SMT_precision: 0.0942622950819672, SMT_recall: 0.13450292397660818, SMT_f1: 0.1108433734939759, SMT_number: 171
SPL_precision: 0.0653061224489796, SPL_recall: 0.21333333333333335, SPL_f1: 0.1, SPL_number: 75
overall_precision: 0.15078060805258833, overall_recall: 0.2934826069572171, overall_f1: 0.1992129189849369, overall_accuracy: 0.6466804830986922
finish test
Traceback (most recent call last):
  File "/home/liwentao/Dec-Tuning-in-Mat/run_ner_dect.py", line 985, in <module>
    main()
  File "/home/liwentao/Dec-Tuning-in-Mat/run_ner_dect.py", line 808, in main
    runner.run(train_dataloader,None ,eval_dataloader)
  File "/home/liwentao/Dec-Tuning-in-Mat/dect_trainer.py", line 487, in run
    return score
NameError: name 'score' is not defined
  0%|          | 0/140 [00:04<?, ?it/s]