Some weights of the model checkpoint at m3rg-iitd/matscibert were not used when initializing BertForTokenClassification: ['cls.predictions.decoder.weight', 'cls.predictions.transform.LayerNorm.weight', 'cls.predictions.transform.dense.weight', 'cls.predictions.transform.LayerNorm.bias', 'cls.predictions.bias', 'cls.predictions.decoder.bias', 'cls.predictions.transform.dense.bias']
- This IS expected if you are initializing BertForTokenClassification from the checkpoint of a model trained on another task or with another architecture (e.g. initializing a BertForSequenceClassification model from a BertForPreTraining model).
- This IS NOT expected if you are initializing BertForTokenClassification from the checkpoint of a model that you expect to be exactly identical (initializing a BertForSequenceClassification model from a BertForSequenceClassification model).
Some weights of BertForTokenClassification were not initialized from the model checkpoint at m3rg-iitd/matscibert and are newly initialized: ['classifier.weight', 'classifier.bias']
You should probably TRAIN this model on a down-stream task to be able to use it for predictions and inference.
using device: cuda
4 511 546
['I-APL', 'I-CMT', 'I-DSC', 'I-MAT', 'I-PRO', 'I-SMT', 'I-SPL', 'O']
training_time:0.1170797348022461
loss:2.153597831726074
training_time:0.06498289108276367
loss:0.4739336669445038
training_time:0.06136679649353027
loss:0.3638918101787567
training_time:0.05920720100402832
loss:0.2121354043483734
{'APL': 0.0, 'CMT': 0.0, 'DSC': 0.0, 'MAT': 0.0, 'PRO': 1.6194331983805668, 'SMT': 0.0, 'SPL': 0.0, 'macro_f1': 0.0023134759976865243, 'micro_f1': 0.005170185264971995}
training_time:0.06374573707580566
loss:0.09564803540706635
{'APL': 0.0, 'CMT': 1.0869565217391306, 'DSC': 0.0, 'MAT': 0.0, 'PRO': 2.13903743315508, 'SMT': 0.0, 'SPL': 0.0, 'macro_f1': 0.0046085627927060155, 'micro_f1': 0.007725321888412018}
training_time:0.06151390075683594
loss:0.03826857730746269
{'APL': 0.0, 'CMT': 1.0752688172043012, 'DSC': 0.4889975550122249, 'MAT': 0.0, 'PRO': 2.6595744680851063, 'SMT': 0.0, 'SPL': 0.0, 'macro_f1': 0.0060340583432880466, 'micro_f1': 0.010265183917878527}
training_time:0.06006050109863281
loss:0.02059069089591503
{'APL': 0.0, 'CMT': 1.0695187165775402, 'DSC': 1.4492753623188406, 'MAT': 0.3215434083601286, 'PRO': 3.3986928104575167, 'SMT': 0.0, 'SPL': 5.555555555555556, 'macro_f1': 0.016849408361813686, 'micro_f1': 0.0169419737399407}
training_time:0.06470680236816406
loss:0.0146436532959342
{'APL': 0.0, 'CMT': 1.0695187165775402, 'DSC': 4.739336492890995, 'MAT': 0.31948881789137384, 'PRO': 4.353393085787452, 'SMT': 0.0, 'SPL': 5.555555555555556, 'macro_f1': 0.022910418098147027, 'micro_f1': 0.025930572982015895}
training_time:0.07114243507385254
loss:0.005472549237310886
{'APL': 0.0, 'CMT': 1.0695187165775402, 'DSC': 5.633802816901409, 'MAT': 0.6379585326953748, 'PRO': 3.608247422680412, 'SMT': 0.0, 'SPL': 5.555555555555556, 'macro_f1': 0.023578690063443274, 'micro_f1': 0.02590890096113665}
training_time:0.06568741798400879
loss:0.002715746872127056
training_time:0.06119966506958008
loss:0.0017195841064676642
training_time:0.062195539474487305
loss:0.001462803571484983
training_time:0.06267952919006348
loss:0.0009546360233798623
training_time:0.06673932075500488
loss:0.001657553599216044
training_time:0.058973073959350586
loss:0.0008555444655939937
{'APL': 0.0, 'CMT': 1.0582010582010584, 'DSC': 8.57787810383747, 'MAT': 0.6379585326953748, 'PRO': 3.931847968545216, 'SMT': 0.0, 'SPL': 2.8169014084507045, 'macro_f1': 0.02431826724532832, 'micro_f1': 0.03166666666666667}
training_time:0.07152676582336426
loss:0.0005747194518335164
{'APL': 0.0, 'CMT': 1.0582010582010584, 'DSC': 8.908685968819599, 'MAT': 0.6359300476947536, 'PRO': 3.901170351105331, 'SMT': 0.0, 'SPL': 2.8169014084507045, 'macro_f1': 0.02474412690610207, 'micro_f1': 0.032284768211920535}
training_time:0.06616330146789551
loss:0.0005798890488222241
{'APL': 0.0, 'CMT': 1.0471204188481675, 'DSC': 8.928571428571429, 'MAT': 0.6339144215530903, 'PRO': 4.150453955901426, 'SMT': 0.0, 'SPL': 2.8169014084507045, 'macro_f1': 0.025109945190464025, 'micro_f1': 0.0330169211721007}
training_time:0.06715774536132812
loss:0.0006545376381836832
{'APL': 0.0, 'CMT': 1.0471204188481675, 'DSC': 8.888888888888888, 'MAT': 0.6319115323854659, 'PRO': 4.1558441558441555, 'SMT': 1.2903225806451613, 'SPL': 2.8169014084507045, 'macro_f1': 0.026901412835803634, 'micro_f1': 0.03375874845615479}
training_time:0.06982755661010742
loss:0.000499594840221107
{'APL': 0.0, 'CMT': 2.083333333333334, 'DSC': 8.849557522123893, 'MAT': 0.6319115323854659, 'PRO': 4.657179818887451, 'SMT': 1.2820512820512822, 'SPL': 2.8169014084507045, 'macro_f1': 0.029029906996045903, 'micro_f1': 0.036124794745484405}
training_time:0.0629887580871582
loss:0.0004456652677617967
{'APL': 0.0, 'CMT': 2.083333333333334, 'DSC': 8.810572687224669, 'MAT': 0.6319115323854659, 'PRO': 4.89060489060489, 'SMT': 1.2658227848101267, 'SPL': 5.555555555555556, 'macro_f1': 0.03319685826273435, 'micro_f1': 0.0376278118609407}
training_time:0.0776371955871582
loss:0.0004504755779635161
{'APL': 0.0, 'CMT': 2.083333333333334, 'DSC': 9.130434782608695, 'MAT': 0.6309148264984227, 'PRO': 5.134788189987162, 'SMT': 1.25, 'SPL': 5.555555555555556, 'macro_f1': 0.03397860955426167, 'micro_f1': 0.03908794788273616}
training_time:0.051667213439941406
loss:0.0004583035479299724
training_time:0.0649716854095459
loss:0.00036914911470375955
{'APL': 0.0, 'CMT': 2.083333333333334, 'DSC': 9.503239740820735, 'MAT': 0.6309148264984227, 'PRO': 5.108556832694763, 'SMT': 1.2422360248447206, 'SPL': 5.555555555555556, 'macro_f1': 0.034462623305353615, 'micro_f1': 0.03977272727272727}
training_time:0.06403994560241699
loss:0.00036491890205070376
training_time:0.0615382194519043
loss:0.0003819619305431843
training_time:0.06016206741333008
loss:0.00034740797127597034
training_time:0.06199312210083008
loss:0.0003122474590782076
training_time:0.06126070022583008
loss:0.0003591215063352138
training_time:0.05931663513183594
loss:0.000328672060277313
training_time:0.058142900466918945
loss:0.0003409715136513114
{'APL': 0.0, 'CMT': 1.9417475728155342, 'DSC': 9.696969696969697, 'MAT': 1.7167381974248923, 'PRO': 4.8543689320388355, 'SMT': 1.0526315789473684, 'SPL': 5.194805194805195, 'macro_f1': 0.03493894453285932, 'micro_f1': 0.041322314049586785}
