Some weights of the model checkpoint at m3rg-iitd/matscibert were not used when initializing BertForTokenClassification: ['cls.predictions.bias', 'cls.predictions.transform.dense.weight', 'cls.predictions.transform.LayerNorm.bias', 'cls.predictions.decoder.bias', 'cls.predictions.transform.dense.bias', 'cls.predictions.decoder.weight', 'cls.predictions.transform.LayerNorm.weight']
- This IS expected if you are initializing BertForTokenClassification from the checkpoint of a model trained on another task or with another architecture (e.g. initializing a BertForSequenceClassification model from a BertForPreTraining model).
- This IS NOT expected if you are initializing BertForTokenClassification from the checkpoint of a model that you expect to be exactly identical (initializing a BertForSequenceClassification model from a BertForSequenceClassification model).
Some weights of BertForTokenClassification were not initialized from the model checkpoint at m3rg-iitd/matscibert and are newly initialized: ['classifier.bias', 'classifier.weight']
You should probably TRAIN this model on a down-stream task to be able to use it for predictions and inference.
using device: cuda
4 511 546
['I-APL', 'I-CMT', 'I-DSC', 'I-MAT', 'I-PRO', 'I-SMT', 'I-SPL', 'O']
training_time:0.18590402603149414
loss:2.111257791519165
training_time:0.07426714897155762
loss:0.9208194613456726
{'APL': 2.9919447640966625, 'CMT': 0.0, 'DSC': 0.0, 'MAT': 0.0, 'PRO': 0.0, 'SMT': 0.0, 'SPL': 0.0, 'macro_f1': 0.004274206805852375, 'micro_f1': 0.008592200925313946}
training_time:0.07404255867004395
loss:1.1646432876586914
training_time:0.06563591957092285
loss:0.6252709627151489
training_time:0.0745396614074707
loss:0.45177409052848816
training_time:0.06220436096191406
loss:0.36799156665802
training_time:0.06923222541809082
loss:0.2538994252681732
training_time:0.06476640701293945
loss:0.1841280460357666
{'APL': 2.380952380952381, 'CMT': 0.0, 'DSC': 0.0, 'MAT': 0.32206119162640895, 'PRO': 0.5434782608695652, 'SMT': 0.0, 'SPL': 0.0, 'macro_f1': 0.004637845476354793, 'micro_f1': 0.004280821917808219}
training_time:0.07490348815917969
loss:0.11214834451675415
{'APL': 5.5865921787709505, 'CMT': 0.0, 'DSC': 0.48309178743961356, 'MAT': 0.0, 'PRO': 0.54421768707483, 'SMT': 0.0, 'SPL': 0.0, 'macro_f1': 0.009448430933264848, 'micro_f1': 0.0068259385665529}
training_time:0.08259201049804688
loss:0.06156670302152634
{'APL': 9.424083769633508, 'CMT': 0.0, 'DSC': 0.0, 'MAT': 0.32206119162640895, 'PRO': 1.0840108401084012, 'SMT': 0.0, 'SPL': 2.8169014084507045, 'macro_f1': 0.019495796014027175, 'micro_f1': 0.01267962806424345}
training_time:0.07745838165283203
loss:0.03524034470319748
{'APL': 12.903225806451612, 'CMT': 0.0, 'DSC': 0.8908685968819599, 'MAT': 5.564142194744978, 'PRO': 1.3513513513513513, 'SMT': 0.0, 'SPL': 2.8169014084507045, 'macro_f1': 0.033609270511258005, 'micro_f1': 0.032613126783530365}
training_time:0.08487772941589355
loss:0.01848282665014267
{'APL': 14.479638009049776, 'CMT': 0.0, 'DSC': 1.2847965738758031, 'MAT': 9.850746268656717, 'PRO': 1.6194331983805668, 'SMT': 0.0, 'SPL': 5.47945205479452, 'macro_f1': 0.0467343801496534, 'micro_f1': 0.047942469037155405}
training_time:0.07748055458068848
loss:0.011335368268191814
{'APL': 14.349775784753364, 'CMT': 0.0, 'DSC': 1.6985138004246285, 'MAT': 11.403508771929825, 'PRO': 1.6172506738544474, 'SMT': 0.0, 'SPL': 5.47945205479452, 'macro_f1': 0.049355001551081114, 'micro_f1': 0.05311137534680936}
training_time:0.07553458213806152
loss:0.0074010747484862804
{'APL': 14.678899082568808, 'CMT': 0.0, 'DSC': 1.7241379310344827, 'MAT': 11.935953420669577, 'PRO': 1.6194331983805668, 'SMT': 0.0, 'SPL': 5.333333333333333, 'macro_f1': 0.05041679566569539, 'micro_f1': 0.05491444488658973}
training_time:0.06740760803222656
loss:0.00848634634166956
{'APL': 17.040358744394617, 'CMT': 0.0, 'DSC': 2.1052631578947367, 'MAT': 15.126050420168067, 'PRO': 1.6150740242261103, 'SMT': 0.0, 'SPL': 12.658227848101264, 'macro_f1': 0.06934996313540685, 'micro_f1': 0.06944986344127975}
training_time:0.0758371353149414
loss:0.003039322094991803
{'APL': 17.69911504424779, 'CMT': 0.0, 'DSC': 2.0618556701030926, 'MAT': 19.137466307277627, 'PRO': 1.6150740242261103, 'SMT': 0.0, 'SPL': 14.814814814814813, 'macro_f1': 0.07904046551524205, 'micro_f1': 0.08279034112686853}
training_time:0.07803153991699219
loss:0.0022857303265482187
{'APL': 20.087336244541483, 'CMT': 0.0, 'DSC': 3.187250996015936, 'MAT': 22.07792207792208, 'PRO': 1.6129032258064515, 'SMT': 0.0, 'SPL': 14.117647058823529, 'macro_f1': 0.08726151371872783, 'micro_f1': 0.0960960960960961}
training_time:0.07420063018798828
loss:0.002214198000729084
{'APL': 19.40928270042194, 'CMT': 0.0, 'DSC': 3.118908382066277, 'MAT': 23.959646910466585, 'PRO': 2.14190093708166, 'SMT': 0.0, 'SPL': 13.95348837209302, 'macro_f1': 0.08940461043161355, 'micro_f1': 0.10316875460574798}
training_time:0.08517169952392578
loss:0.001595109817571938
{'APL': 19.834710743801654, 'CMT': 0.0, 'DSC': 3.0947775628626695, 'MAT': 25.893958076448826, 'PRO': 2.921646746347941, 'SMT': 0.0, 'SPL': 13.793103448275865, 'macro_f1': 0.09362599511105278, 'micro_f1': 0.11183732752360202}
training_time:0.06723713874816895
loss:0.0015764577547088265
{'APL': 20.0, 'CMT': 0.0, 'DSC': 3.0303030303030303, 'MAT': 26.699029126213595, 'PRO': 2.9139072847682117, 'SMT': 0.0, 'SPL': 13.636363636363638, 'macro_f1': 0.09468514725378353, 'micro_f1': 0.1144082946013586}
training_time:0.06550216674804688
loss:0.0015538724837824702
{'APL': 19.76284584980237, 'CMT': 1.8604651162790702, 'DSC': 3.0303030303030303, 'MAT': 27.469879518072286, 'PRO': 2.9139072847682117, 'SMT': 1.3793103448275863, 'SPL': 13.333333333333334, 'macro_f1': 0.09964292068197983, 'micro_f1': 0.11860795454545456}
training_time:0.06743597984313965
loss:0.0010346084600314498
{'APL': 19.923371647509576, 'CMT': 1.834862385321101, 'DSC': 3.0018761726078798, 'MAT': 27.718040621266425, 'PRO': 2.9062087186261554, 'SMT': 2.7397260273972606, 'SPL': 15.217391304347828, 'macro_f1': 0.10477353839582318, 'micro_f1': 0.12095639943741211}
training_time:0.06838583946228027
loss:0.0010167482541874051
{'APL': 20.610687022900763, 'CMT': 1.809954751131222, 'DSC': 2.990654205607477, 'MAT': 28.16229116945107, 'PRO': 2.9062087186261554, 'SMT': 5.405405405405405, 'SPL': 15.053763440860218, 'macro_f1': 0.10991280673426043, 'micro_f1': 0.12403644008409252}
training_time:0.06685662269592285
loss:0.0011639157310128212
training_time:0.05799508094787598
loss:0.0009771836921572685
{'APL': 21.052631578947366, 'CMT': 1.809954751131222, 'DSC': 3.036053130929792, 'MAT': 28.299643281807374, 'PRO': 2.9062087186261554, 'SMT': 5.405405405405405, 'SPL': 15.053763440860218, 'macro_f1': 0.11080522901101075, 'micro_f1': 0.1254819488257974}
training_time:0.05826377868652344
loss:0.0009344732970930636
{'APL': 20.973782771535582, 'CMT': 1.809954751131222, 'DSC': 3.047619047619048, 'MAT': 28.50356294536817, 'PRO': 2.9062087186261554, 'SMT': 5.405405405405405, 'SPL': 15.053763440860218, 'macro_f1': 0.1110004244007797, 'micro_f1': 0.12618296529968454}
training_time:0.05806756019592285
loss:0.0007941290969029069
training_time:0.05687236785888672
loss:0.0006865402101539075
{'APL': 20.973782771535582, 'CMT': 1.809954751131222, 'DSC': 3.0592734225621414, 'MAT': 28.50356294536817, 'PRO': 2.9062087186261554, 'SMT': 5.405405405405405, 'SPL': 15.053763440860218, 'macro_f1': 0.11101707350784126, 'micro_f1': 0.12627148368993335}
training_time:0.06354141235351562
loss:0.0007546046399511397
training_time:0.05654025077819824
loss:0.0007068651611916721
{'APL': 23.52941176470588, 'CMT': 1.694915254237288, 'DSC': 3.225806451612903, 'MAT': 28.540305010893253, 'PRO': 3.2418952618453867, 'SMT': 4.571428571428571, 'SPL': 14.285714285714288, 'macro_f1': 0.11298496657205367, 'micro_f1': 0.13003901170351106}
