/home/liwentao/miniconda3/envs/py38/lib/python3.8/site-packages/transformers/generation_utils.py:24: FutureWarning: Importing `GenerationMixin` from `src/transformers/generation_utils.py` is deprecated and will be removed in Transformers v5. Import as `from transformers import GenerationMixin` instead.
  warnings.warn(
05/31/2023 13:43:18 - INFO - __main__ - Distributed environment: NO
Num processes: 1
Process index: 0
Local process index: 0
Device: cuda

Mixed precision type: no

05/31/2023 13:43:19 - WARNING - datasets.builder - Found cached dataset json (/home/liwentao/.cache/huggingface/datasets/json/default-047bc124c66a88ee/0.0.0/0f7e3662623656454fcd2b650f34e886a7db4b9104504885bd462096cc7a9f51)
################## Hyper-parameters: ##################
epochs:100,lr:0.005, batch_size:32, shot:2, proto_dim:160, logits_weight:10.0, weight_decay:1e-05 
################## Hyper-parameters: ##################
shot and proto_dim
proto_dim: 32
model_logits_weight: 20
num_train_epochs: 35
  0%|          | 0/2 [00:00<?, ?it/s]100%|██████████| 2/2 [00:00<00:00, 789.74it/s]
loading configuration file config.json from cache at /home/liwentao/.cache/huggingface/hub/models--m3rg-iitd--matscibert/snapshots/24a4e4318dda9bc18bff5e6a45debdcb3e1780e3/config.json
Model config BertConfig {
  "_name_or_path": "m3rg-iitd/matscibert",
  "architectures": [
    "BertForMaskedLM"
  ],
  "attention_probs_dropout_prob": 0.1,
  "classifier_dropout": null,
  "gradient_checkpointing": false,
  "hidden_act": "gelu",
  "hidden_dropout_prob": 0.1,
  "hidden_size": 768,
  "initializer_range": 0.02,
  "intermediate_size": 3072,
  "layer_norm_eps": 1e-12,
  "max_position_embeddings": 512,
  "model_type": "bert",
  "num_attention_heads": 12,
  "num_hidden_layers": 12,
  "pad_token_id": 0,
  "position_embedding_type": "absolute",
  "transformers_version": "4.27.1",
  "type_vocab_size": 2,
  "use_cache": true,
  "vocab_size": 31090
}

loading configuration file config.json from cache at /home/liwentao/.cache/huggingface/hub/models--m3rg-iitd--matscibert/snapshots/24a4e4318dda9bc18bff5e6a45debdcb3e1780e3/config.json
Model config BertConfig {
  "_name_or_path": "m3rg-iitd/matscibert",
  "architectures": [
    "BertForMaskedLM"
  ],
  "attention_probs_dropout_prob": 0.1,
  "classifier_dropout": null,
  "gradient_checkpointing": false,
  "hidden_act": "gelu",
  "hidden_dropout_prob": 0.1,
  "hidden_size": 768,
  "initializer_range": 0.02,
  "intermediate_size": 3072,
  "layer_norm_eps": 1e-12,
  "max_position_embeddings": 512,
  "model_type": "bert",
  "num_attention_heads": 12,
  "num_hidden_layers": 12,
  "pad_token_id": 0,
  "position_embedding_type": "absolute",
  "transformers_version": "4.27.1",
  "type_vocab_size": 2,
  "use_cache": true,
  "vocab_size": 31090
}

loading file vocab.txt from cache at /home/liwentao/.cache/huggingface/hub/models--m3rg-iitd--matscibert/snapshots/24a4e4318dda9bc18bff5e6a45debdcb3e1780e3/vocab.txt
loading file tokenizer.json from cache at /home/liwentao/.cache/huggingface/hub/models--m3rg-iitd--matscibert/snapshots/24a4e4318dda9bc18bff5e6a45debdcb3e1780e3/tokenizer.json
loading file added_tokens.json from cache at None
loading file special_tokens_map.json from cache at /home/liwentao/.cache/huggingface/hub/models--m3rg-iitd--matscibert/snapshots/24a4e4318dda9bc18bff5e6a45debdcb3e1780e3/special_tokens_map.json
loading file tokenizer_config.json from cache at /home/liwentao/.cache/huggingface/hub/models--m3rg-iitd--matscibert/snapshots/24a4e4318dda9bc18bff5e6a45debdcb3e1780e3/tokenizer_config.json
loading configuration file config.json from cache at /home/liwentao/.cache/huggingface/hub/models--m3rg-iitd--matscibert/snapshots/24a4e4318dda9bc18bff5e6a45debdcb3e1780e3/config.json
Model config BertConfig {
  "_name_or_path": "m3rg-iitd/matscibert",
  "architectures": [
    "BertForMaskedLM"
  ],
  "attention_probs_dropout_prob": 0.1,
  "classifier_dropout": null,
  "gradient_checkpointing": false,
  "hidden_act": "gelu",
  "hidden_dropout_prob": 0.1,
  "hidden_size": 768,
  "initializer_range": 0.02,
  "intermediate_size": 3072,
  "layer_norm_eps": 1e-12,
  "max_position_embeddings": 512,
  "model_type": "bert",
  "num_attention_heads": 12,
  "num_hidden_layers": 12,
  "pad_token_id": 0,
  "position_embedding_type": "absolute",
  "transformers_version": "4.27.1",
  "type_vocab_size": 2,
  "use_cache": true,
  "vocab_size": 31090
}

loading weights file pytorch_model.bin from cache at /home/liwentao/.cache/huggingface/hub/models--m3rg-iitd--matscibert/snapshots/24a4e4318dda9bc18bff5e6a45debdcb3e1780e3/pytorch_model.bin
Generate config GenerationConfig {
  "_from_model_config": true,
  "pad_token_id": 0,
  "transformers_version": "4.27.1"
}

All model checkpoint weights were used when initializing BertForMaskedLM.

All the weights of BertForMaskedLM were initialized from the model checkpoint at m3rg-iitd/matscibert.
If your task is similar to the task the model of the checkpoint was trained on, you can already use BertForMaskedLM for predictions without further training.
Generation config file not found, using a generation config created from the model config.
Loading label map from scripts/matsciner/proto_verbalizer.json...
{'I-CMT': ['electron'], 'I-MAT': ['silicon'], 'I-DSC': ['doped'], 'I-PRO': ['properties'], 'I-SMT': ['annealing'], 'I-APL': ['coating'], 'I-SPL': ['cubic']}
{'O': 0, 'I-CMT': 1, 'I-MAT': 2, 'I-DSC': 3, 'I-PRO': 4, 'I-SMT': 5, 'I-APL': 6, 'I-SPL': 7, 'B-CMT': 8, 'B-MAT': 9, 'B-DSC': 10, 'B-PRO': 11, 'B-SMT': 12, 'B-APL': 13, 'B-SPL': 14}
{'I-CMT': ['electron'], 'I-MAT': ['silicon'], 'I-DSC': ['doped'], 'I-PRO': ['properties'], 'I-SMT': ['annealing'], 'I-APL': ['coating'], 'I-SPL': ['cubic']}
Running tokenizer on dataset:   0%|          | 0/9 [00:00<?, ? examples/s]                                                                          Running tokenizer on dataset:   0%|          | 0/546 [00:00<?, ? examples/s]Running tokenizer on dataset: 100%|██████████| 546/546 [00:00<00:00, 4983.36 examples/s]                                                                                        /home/liwentao/Dec-Tuning-in-Mat/run_ner_dect.py:563: FutureWarning: load_metric is deprecated and will be removed in the next major version of datasets. Use 'evaluate.load' instead, from the new library 🤗 Evaluate: https://huggingface.co/docs/evaluate
  metric = load_metric("./seqeval_metric.py")
05/31/2023 13:43:28 - INFO - __main__ - ***** Running training *****
05/31/2023 13:43:28 - INFO - __main__ -   Num examples = 9
05/31/2023 13:43:28 - INFO - __main__ -   Num Epochs = 35
05/31/2023 13:43:28 - INFO - __main__ -   Instantaneous batch size per device = 32
05/31/2023 13:43:28 - INFO - __main__ -   Total train batch size (w. parallel, distributed & accumulation) = 32
05/31/2023 13:43:28 - INFO - __main__ -   Gradient Accumulation steps = 1
05/31/2023 13:43:28 - INFO - __main__ -   Total optimization steps = 35
tensor([101, 101, 101, 101, 101, 101, 101], device='cuda:0')
  0%|          | 0/35 [00:00<?, ?it/s]/home/liwentao/Dec-Tuning-in-Mat/dect_trainer.py:377: UserWarning: Implicit dimension choice for softmax has been deprecated. Change the call to include dim=X as an argument.
  logits = F.softmax(self.extract_logits(batch_logits))
Total epoch: 0. epoch loss: 15.159661293029785
Total epoch: 1. epoch loss: 14.305289268493652
Total epoch: 2. epoch loss: 13.462196350097656
Total epoch: 3. epoch loss: 12.633002281188965
Total epoch: 4. epoch loss: 11.821247100830078
Total epoch: 5. epoch loss: 11.031323432922363
Total epoch: 6. epoch loss: 10.268229484558105
Total epoch: 7. epoch loss: 9.537176132202148
Total epoch: 8. epoch loss: 8.84267807006836
Total epoch: 9. epoch loss: 8.188016891479492
Total epoch: 10. epoch loss: 7.574465751647949
Total epoch: 11. epoch loss: 7.001623630523682
Total epoch: 12. epoch loss: 6.467648506164551
Total epoch: 13. epoch loss: 5.970057964324951
Total epoch: 14. epoch loss: 5.506194591522217
Total epoch: 15. epoch loss: 5.073662281036377
Total epoch: 16. epoch loss: 4.670235633850098
Total epoch: 17. epoch loss: 4.293933868408203
Total epoch: 18. epoch loss: 3.943127393722534
Total epoch: 19. epoch loss: 3.6162831783294678
Total epoch: 20. epoch loss: 3.3122615814208984
Total epoch: 21. epoch loss: 3.02986741065979
Total epoch: 22. epoch loss: 2.7682511806488037
Total epoch: 23. epoch loss: 2.5264816284179688
Total epoch: 24. epoch loss: 2.3037314414978027
Total epoch: 25. epoch loss: 2.0991506576538086
Total epoch: 26. epoch loss: 1.911854863166809
Total epoch: 27. epoch loss: 1.740936517715454
Total epoch: 28. epoch loss: 1.585397481918335
Total epoch: 29. epoch loss: 1.4441207647323608
Total epoch: 30. epoch loss: 1.3162332773208618
Total epoch: 31. epoch loss: 1.2011229991912842
Total epoch: 32. epoch loss: 1.0979037284851074
Total epoch: 33. epoch loss: 1.0054726600646973
Total epoch: 34. epoch loss: 0.9228594303131104
Total epoch: 34. DecT loss: 0.9228594303131104
Training time: 0.1602027416229248
APL_precision: 0.14545454545454545, APL_recall: 0.047058823529411764, APL_f1: 0.07111111111111111, APL_number: 170
CMT_precision: 0.06201550387596899, CMT_recall: 0.08205128205128205, CMT_f1: 0.0706401766004415, CMT_number: 195
DSC_precision: 0.2127659574468085, DSC_recall: 0.02288329519450801, DSC_f1: 0.04132231404958677, DSC_number: 437
MAT_precision: 0.5894039735099338, MAT_recall: 0.26099706744868034, MAT_f1: 0.36178861788617883, MAT_number: 682
PRO_precision: 0.3125, PRO_recall: 0.02594033722438392, PRO_f1: 0.04790419161676647, PRO_number: 771
SMT_precision: 0.03468208092485549, SMT_recall: 0.03508771929824561, SMT_f1: 0.03488372093023255, SMT_number: 171
SPL_precision: 0.26666666666666666, SPL_recall: 0.05333333333333334, SPL_f1: 0.08888888888888889, SPL_number: 75
overall_precision: 0.2647702407002188, overall_recall: 0.09676129548180727, overall_f1: 0.14172767203513909, overall_accuracy: 0.7045243370738332
finish test
Traceback (most recent call last):
  File "/home/liwentao/Dec-Tuning-in-Mat/run_ner_dect.py", line 985, in <module>
    main()
  File "/home/liwentao/Dec-Tuning-in-Mat/run_ner_dect.py", line 808, in main
    runner.run(train_dataloader,None ,eval_dataloader)
  File "/home/liwentao/Dec-Tuning-in-Mat/dect_trainer.py", line 484, in run
    return score
NameError: name 'score' is not defined
  0%|          | 0/35 [00:02<?, ?it/s]