/home/liwentao/miniconda3/envs/py38/lib/python3.8/site-packages/transformers/generation_utils.py:24: FutureWarning: Importing `GenerationMixin` from `src/transformers/generation_utils.py` is deprecated and will be removed in Transformers v5. Import as `from transformers import GenerationMixin` instead.
  warnings.warn(
05/31/2023 14:50:35 - INFO - __main__ - Distributed environment: NO
Num processes: 1
Process index: 0
Local process index: 0
Device: cuda

Mixed precision type: no

05/31/2023 14:50:36 - WARNING - datasets.builder - Found cached dataset json (/home/liwentao/.cache/huggingface/datasets/json/default-0af7def6dc20224d/0.0.0/0f7e3662623656454fcd2b650f34e886a7db4b9104504885bd462096cc7a9f51)
################## Hyper-parameters: ##################
epochs:100,lr:0.005, batch_size:4, shot:8, proto_dim:160, logits_weight:10.0, weight_decay:1e-05 
################## Hyper-parameters: ##################
shot and proto_dim
proto_dim: 128
model_logits_weight: 10
num_train_epochs: 100
  0%|          | 0/2 [00:00<?, ?it/s]100%|██████████| 2/2 [00:00<00:00, 1019.02it/s]
loading configuration file config.json from cache at /home/liwentao/.cache/huggingface/hub/models--roberta-large/snapshots/716877d372b884cad6d419d828bac6c85b3b18d9/config.json
Model config RobertaConfig {
  "_name_or_path": "roberta-large",
  "architectures": [
    "RobertaForMaskedLM"
  ],
  "attention_probs_dropout_prob": 0.1,
  "bos_token_id": 0,
  "classifier_dropout": null,
  "eos_token_id": 2,
  "hidden_act": "gelu",
  "hidden_dropout_prob": 0.1,
  "hidden_size": 1024,
  "initializer_range": 0.02,
  "intermediate_size": 4096,
  "layer_norm_eps": 1e-05,
  "max_position_embeddings": 514,
  "model_type": "roberta",
  "num_attention_heads": 16,
  "num_hidden_layers": 24,
  "pad_token_id": 1,
  "position_embedding_type": "absolute",
  "transformers_version": "4.27.1",
  "type_vocab_size": 1,
  "use_cache": true,
  "vocab_size": 50265
}

Could not locate the tokenizer configuration file, will try to use the model config instead.
loading configuration file config.json from cache at /home/liwentao/.cache/huggingface/hub/models--roberta-large/snapshots/716877d372b884cad6d419d828bac6c85b3b18d9/config.json
Model config RobertaConfig {
  "_name_or_path": "roberta-large",
  "architectures": [
    "RobertaForMaskedLM"
  ],
  "attention_probs_dropout_prob": 0.1,
  "bos_token_id": 0,
  "classifier_dropout": null,
  "eos_token_id": 2,
  "hidden_act": "gelu",
  "hidden_dropout_prob": 0.1,
  "hidden_size": 1024,
  "initializer_range": 0.02,
  "intermediate_size": 4096,
  "layer_norm_eps": 1e-05,
  "max_position_embeddings": 514,
  "model_type": "roberta",
  "num_attention_heads": 16,
  "num_hidden_layers": 24,
  "pad_token_id": 1,
  "position_embedding_type": "absolute",
  "transformers_version": "4.27.1",
  "type_vocab_size": 1,
  "use_cache": true,
  "vocab_size": 50265
}

loading file vocab.json from cache at /home/liwentao/.cache/huggingface/hub/models--roberta-large/snapshots/716877d372b884cad6d419d828bac6c85b3b18d9/vocab.json
loading file merges.txt from cache at /home/liwentao/.cache/huggingface/hub/models--roberta-large/snapshots/716877d372b884cad6d419d828bac6c85b3b18d9/merges.txt
loading file tokenizer.json from cache at /home/liwentao/.cache/huggingface/hub/models--roberta-large/snapshots/716877d372b884cad6d419d828bac6c85b3b18d9/tokenizer.json
loading file added_tokens.json from cache at None
loading file special_tokens_map.json from cache at None
loading file tokenizer_config.json from cache at None
loading configuration file config.json from cache at /home/liwentao/.cache/huggingface/hub/models--roberta-large/snapshots/716877d372b884cad6d419d828bac6c85b3b18d9/config.json
Model config RobertaConfig {
  "_name_or_path": "roberta-large",
  "architectures": [
    "RobertaForMaskedLM"
  ],
  "attention_probs_dropout_prob": 0.1,
  "bos_token_id": 0,
  "classifier_dropout": null,
  "eos_token_id": 2,
  "hidden_act": "gelu",
  "hidden_dropout_prob": 0.1,
  "hidden_size": 1024,
  "initializer_range": 0.02,
  "intermediate_size": 4096,
  "layer_norm_eps": 1e-05,
  "max_position_embeddings": 514,
  "model_type": "roberta",
  "num_attention_heads": 16,
  "num_hidden_layers": 24,
  "pad_token_id": 1,
  "position_embedding_type": "absolute",
  "transformers_version": "4.27.1",
  "type_vocab_size": 1,
  "use_cache": true,
  "vocab_size": 50265
}

loading weights file pytorch_model.bin from cache at /home/liwentao/.cache/huggingface/hub/models--roberta-large/snapshots/716877d372b884cad6d419d828bac6c85b3b18d9/pytorch_model.bin
All model checkpoint weights were used when initializing RobertaForMaskedLM.

All the weights of RobertaForMaskedLM were initialized from the model checkpoint at roberta-large.
If your task is similar to the task the model of the checkpoint was trained on, you can already use RobertaForMaskedLM for predictions without further training.
Loading label map from scripts/matsciner/proto_verbalizer.json...
{'I-CMT': ['electron'], 'I-MAT': ['silicon'], 'I-DSC': ['doped'], 'I-PRO': ['properties'], 'I-SMT': ['annealing'], 'I-APL': ['coating'], 'I-SPL': ['cubic']}
{'O': 0, 'I-CMT': 1, 'I-MAT': 2, 'I-DSC': 3, 'I-PRO': 4, 'I-SMT': 5, 'I-APL': 6, 'I-SPL': 7, 'B-CMT': 8, 'B-MAT': 9, 'B-DSC': 10, 'B-PRO': 11, 'B-SMT': 12, 'B-APL': 13, 'B-SPL': 14}
{'I-CMT': ['electron'], 'I-MAT': ['silicon'], 'I-DSC': ['doped'], 'I-PRO': ['properties'], 'I-SMT': ['annealing'], 'I-APL': ['coating'], 'I-SPL': ['cubic']}
Running tokenizer on dataset:   0%|          | 0/21 [00:00<?, ? examples/s]                                                                           Running tokenizer on dataset:   0%|          | 0/546 [00:00<?, ? examples/s]Running tokenizer on dataset: 100%|██████████| 546/546 [00:00<00:00, 3080.22 examples/s]                                                                                        /home/liwentao/Dec-Tuning-in-Mat/run_ner_dect.py:563: FutureWarning: load_metric is deprecated and will be removed in the next major version of datasets. Use 'evaluate.load' instead, from the new library 🤗 Evaluate: https://huggingface.co/docs/evaluate
  metric = load_metric("./seqeval_metric.py")
05/31/2023 14:50:47 - INFO - __main__ - ***** Running training *****
05/31/2023 14:50:47 - INFO - __main__ -   Num examples = 21
05/31/2023 14:50:47 - INFO - __main__ -   Num Epochs = 100
05/31/2023 14:50:47 - INFO - __main__ -   Instantaneous batch size per device = 4
05/31/2023 14:50:47 - INFO - __main__ -   Total train batch size (w. parallel, distributed & accumulation) = 4
05/31/2023 14:50:47 - INFO - __main__ -   Gradient Accumulation steps = 1
05/31/2023 14:50:47 - INFO - __main__ -   Total optimization steps = 600
tensor([3, 3, 3, 3, 3, 3, 3], device='cuda:0')
  0%|          | 0/600 [00:00<?, ?it/s]/home/liwentao/Dec-Tuning-in-Mat/dect_trainer.py:379: UserWarning: Implicit dimension choice for softmax has been deprecated. Change the call to include dim=X as an argument.
  logits = F.softmax(self.extract_logits(batch_logits))
Total epoch: 0. epoch loss: 16.59139633178711
Total epoch: 1. epoch loss: 16.192298889160156
Total epoch: 2. epoch loss: 15.795324325561523
Total epoch: 3. epoch loss: 15.398563385009766
Total epoch: 4. epoch loss: 15.002262115478516
Total epoch: 5. epoch loss: 14.607620239257812
Total epoch: 6. epoch loss: 14.215924263000488
Total epoch: 7. epoch loss: 13.828441619873047
Total epoch: 8. epoch loss: 13.446372032165527
Total epoch: 9. epoch loss: 13.070819854736328
Total epoch: 10. epoch loss: 12.702712059020996
Total epoch: 11. epoch loss: 12.342753410339355
Total epoch: 12. epoch loss: 11.991414070129395
Total epoch: 13. epoch loss: 11.648920059204102
Total epoch: 14. epoch loss: 11.315287590026855
Total epoch: 15. epoch loss: 10.990406036376953
Total epoch: 16. epoch loss: 10.674029350280762
Total epoch: 17. epoch loss: 10.365812301635742
Total epoch: 18. epoch loss: 10.065376281738281
Total epoch: 19. epoch loss: 9.772285461425781
Total epoch: 20. epoch loss: 9.486119270324707
Total epoch: 21. epoch loss: 9.206469535827637
Total epoch: 22. epoch loss: 8.932917594909668
Total epoch: 23. epoch loss: 8.665156364440918
Total epoch: 24. epoch loss: 8.402877807617188
Total epoch: 25. epoch loss: 8.145865440368652
Total epoch: 26. epoch loss: 7.893935203552246
Total epoch: 27. epoch loss: 7.647331237792969
Total epoch: 28. epoch loss: 7.406644821166992
Total epoch: 29. epoch loss: 7.172351837158203
Total epoch: 30. epoch loss: 6.944759845733643
Total epoch: 31. epoch loss: 6.724090576171875
Total epoch: 32. epoch loss: 6.510484218597412
Total epoch: 33. epoch loss: 6.303999900817871
Total epoch: 34. epoch loss: 6.104639053344727
Total epoch: 35. epoch loss: 5.9123735427856445
Total epoch: 36. epoch loss: 5.727088451385498
Total epoch: 37. epoch loss: 5.548655986785889
Total epoch: 38. epoch loss: 5.376909255981445
Total epoch: 39. epoch loss: 5.211666584014893
Total epoch: 40. epoch loss: 5.052737712860107
Total epoch: 41. epoch loss: 4.899927139282227
Total epoch: 42. epoch loss: 4.753023624420166
Total epoch: 43. epoch loss: 4.611878871917725
Total epoch: 44. epoch loss: 4.4762372970581055
Total epoch: 45. epoch loss: 4.345940589904785
Total epoch: 46. epoch loss: 4.220803737640381
Total epoch: 47. epoch loss: 4.100628852844238
Total epoch: 48. epoch loss: 3.985212802886963
Total epoch: 49. epoch loss: 3.8744189739227295
Total epoch: 50. epoch loss: 3.768012523651123
Total epoch: 51. epoch loss: 3.6658670902252197
Total epoch: 52. epoch loss: 3.5677947998046875
Total epoch: 53. epoch loss: 3.473623037338257
Total epoch: 54. epoch loss: 3.3831913471221924
Total epoch: 55. epoch loss: 3.2963461875915527
Total epoch: 56. epoch loss: 3.212951898574829
Total epoch: 57. epoch loss: 3.1328370571136475
Total epoch: 58. epoch loss: 3.055879831314087
Total epoch: 59. epoch loss: 2.9819087982177734
Total epoch: 60. epoch loss: 2.9108312129974365
Total epoch: 61. epoch loss: 2.842494010925293
Total epoch: 62. epoch loss: 2.7768068313598633
Total epoch: 63. epoch loss: 2.7136011123657227
Total epoch: 64. epoch loss: 2.6528067588806152
Total epoch: 65. epoch loss: 2.59429931640625
Total epoch: 66. epoch loss: 2.537975788116455
Total epoch: 67. epoch loss: 2.4837331771850586
Total epoch: 68. epoch loss: 2.431494951248169
Total epoch: 69. epoch loss: 2.3811511993408203
Total epoch: 70. epoch loss: 2.332627058029175
Total epoch: 71. epoch loss: 2.2858338356018066
Total epoch: 72. epoch loss: 2.2407093048095703
Total epoch: 73. epoch loss: 2.1971569061279297
Total epoch: 74. epoch loss: 2.155116558074951
Total epoch: 75. epoch loss: 2.114513874053955
Total epoch: 76. epoch loss: 2.075293779373169
Total epoch: 77. epoch loss: 2.037398099899292
Total epoch: 78. epoch loss: 2.0007429122924805
Total epoch: 79. epoch loss: 1.9652982950210571
Total epoch: 80. epoch loss: 1.9310013055801392
Total epoch: 81. epoch loss: 1.897792100906372
Total epoch: 82. epoch loss: 1.8656429052352905
Total epoch: 83. epoch loss: 1.834494948387146
Total epoch: 84. epoch loss: 1.8043065071105957
Total epoch: 85. epoch loss: 1.775038480758667
Total epoch: 86. epoch loss: 1.7466566562652588
Total epoch: 87. epoch loss: 1.7191150188446045
Total epoch: 88. epoch loss: 1.6923896074295044
Total epoch: 89. epoch loss: 1.6664412021636963
Total epoch: 90. epoch loss: 1.6412376165390015
Total epoch: 91. epoch loss: 1.616749882698059
Total epoch: 92. epoch loss: 1.592954397201538
Total epoch: 93. epoch loss: 1.5698182582855225
Total epoch: 94. epoch loss: 1.5473283529281616
Total epoch: 95. epoch loss: 1.5254454612731934
Total epoch: 96. epoch loss: 1.5041488409042358
Total epoch: 97. epoch loss: 1.4834189414978027
Total epoch: 98. epoch loss: 1.463252067565918
Total epoch: 99. epoch loss: 1.4435933828353882
Total epoch: 99. DecT loss: 1.4435933828353882
Training time: 0.510826826095581
APL_precision: 0.172, APL_recall: 0.2529411764705882, APL_f1: 0.20476190476190476, APL_number: 170
CMT_precision: 0.058423913043478264, CMT_recall: 0.2205128205128205, CMT_f1: 0.09237379162191192, CMT_number: 195
DSC_precision: 0.3774193548387097, DSC_recall: 0.26773455377574373, DSC_f1: 0.3132530120481928, DSC_number: 437
MAT_precision: 0.4803788903924222, MAT_recall: 0.5205278592375366, MAT_f1: 0.49964813511611544, MAT_number: 682
PRO_precision: 0.33079847908745247, PRO_recall: 0.33852140077821014, PRO_f1: 0.33461538461538465, PRO_number: 771
SMT_precision: 0.09404388714733543, SMT_recall: 0.3508771929824561, SMT_f1: 0.14833127317676142, SMT_number: 171
SPL_precision: 0.13247863247863248, SPL_recall: 0.41333333333333333, SPL_f1: 0.20064724919093851, SPL_number: 75
overall_precision: 0.24621212121212122, overall_recall: 0.3638544582167133, overall_f1: 0.2936904954010005, overall_accuracy: 0.7377974701636533
finish test
Traceback (most recent call last):
  File "/home/liwentao/Dec-Tuning-in-Mat/run_ner_dect.py", line 985, in <module>
    main()
  File "/home/liwentao/Dec-Tuning-in-Mat/run_ner_dect.py", line 808, in main
    runner.run(train_dataloader,None ,eval_dataloader)
  File "/home/liwentao/Dec-Tuning-in-Mat/dect_trainer.py", line 487, in run
    return score
NameError: name 'score' is not defined
  0%|          | 0/600 [00:05<?, ?it/s]