/home/liwentao/miniconda3/envs/py38/lib/python3.8/site-packages/transformers/generation_utils.py:24: FutureWarning: Importing `GenerationMixin` from `src/transformers/generation_utils.py` is deprecated and will be removed in Transformers v5. Import as `from transformers import GenerationMixin` instead.
  warnings.warn(
05/31/2023 14:50:35 - INFO - __main__ - Distributed environment: NO
Num processes: 1
Process index: 0
Local process index: 0
Device: cuda

Mixed precision type: no

05/31/2023 14:50:36 - WARNING - datasets.builder - Found cached dataset json (/home/liwentao/.cache/huggingface/datasets/json/default-e2e87af22853dbef/0.0.0/0f7e3662623656454fcd2b650f34e886a7db4b9104504885bd462096cc7a9f51)
################## Hyper-parameters: ##################
epochs:100,lr:0.005, batch_size:4, shot:8, proto_dim:160, logits_weight:10.0, weight_decay:1e-05 
################## Hyper-parameters: ##################
shot and proto_dim
proto_dim: 128
model_logits_weight: 10
num_train_epochs: 100
  0%|          | 0/2 [00:00<?, ?it/s]100%|██████████| 2/2 [00:00<00:00, 1152.12it/s]
loading configuration file config.json from cache at /home/liwentao/.cache/huggingface/hub/models--roberta-large/snapshots/716877d372b884cad6d419d828bac6c85b3b18d9/config.json
Model config RobertaConfig {
  "_name_or_path": "roberta-large",
  "architectures": [
    "RobertaForMaskedLM"
  ],
  "attention_probs_dropout_prob": 0.1,
  "bos_token_id": 0,
  "classifier_dropout": null,
  "eos_token_id": 2,
  "hidden_act": "gelu",
  "hidden_dropout_prob": 0.1,
  "hidden_size": 1024,
  "initializer_range": 0.02,
  "intermediate_size": 4096,
  "layer_norm_eps": 1e-05,
  "max_position_embeddings": 514,
  "model_type": "roberta",
  "num_attention_heads": 16,
  "num_hidden_layers": 24,
  "pad_token_id": 1,
  "position_embedding_type": "absolute",
  "transformers_version": "4.27.1",
  "type_vocab_size": 1,
  "use_cache": true,
  "vocab_size": 50265
}

Could not locate the tokenizer configuration file, will try to use the model config instead.
loading configuration file config.json from cache at /home/liwentao/.cache/huggingface/hub/models--roberta-large/snapshots/716877d372b884cad6d419d828bac6c85b3b18d9/config.json
Model config RobertaConfig {
  "_name_or_path": "roberta-large",
  "architectures": [
    "RobertaForMaskedLM"
  ],
  "attention_probs_dropout_prob": 0.1,
  "bos_token_id": 0,
  "classifier_dropout": null,
  "eos_token_id": 2,
  "hidden_act": "gelu",
  "hidden_dropout_prob": 0.1,
  "hidden_size": 1024,
  "initializer_range": 0.02,
  "intermediate_size": 4096,
  "layer_norm_eps": 1e-05,
  "max_position_embeddings": 514,
  "model_type": "roberta",
  "num_attention_heads": 16,
  "num_hidden_layers": 24,
  "pad_token_id": 1,
  "position_embedding_type": "absolute",
  "transformers_version": "4.27.1",
  "type_vocab_size": 1,
  "use_cache": true,
  "vocab_size": 50265
}

loading file vocab.json from cache at /home/liwentao/.cache/huggingface/hub/models--roberta-large/snapshots/716877d372b884cad6d419d828bac6c85b3b18d9/vocab.json
loading file merges.txt from cache at /home/liwentao/.cache/huggingface/hub/models--roberta-large/snapshots/716877d372b884cad6d419d828bac6c85b3b18d9/merges.txt
loading file tokenizer.json from cache at /home/liwentao/.cache/huggingface/hub/models--roberta-large/snapshots/716877d372b884cad6d419d828bac6c85b3b18d9/tokenizer.json
loading file added_tokens.json from cache at None
loading file special_tokens_map.json from cache at None
loading file tokenizer_config.json from cache at None
loading configuration file config.json from cache at /home/liwentao/.cache/huggingface/hub/models--roberta-large/snapshots/716877d372b884cad6d419d828bac6c85b3b18d9/config.json
Model config RobertaConfig {
  "_name_or_path": "roberta-large",
  "architectures": [
    "RobertaForMaskedLM"
  ],
  "attention_probs_dropout_prob": 0.1,
  "bos_token_id": 0,
  "classifier_dropout": null,
  "eos_token_id": 2,
  "hidden_act": "gelu",
  "hidden_dropout_prob": 0.1,
  "hidden_size": 1024,
  "initializer_range": 0.02,
  "intermediate_size": 4096,
  "layer_norm_eps": 1e-05,
  "max_position_embeddings": 514,
  "model_type": "roberta",
  "num_attention_heads": 16,
  "num_hidden_layers": 24,
  "pad_token_id": 1,
  "position_embedding_type": "absolute",
  "transformers_version": "4.27.1",
  "type_vocab_size": 1,
  "use_cache": true,
  "vocab_size": 50265
}

loading weights file pytorch_model.bin from cache at /home/liwentao/.cache/huggingface/hub/models--roberta-large/snapshots/716877d372b884cad6d419d828bac6c85b3b18d9/pytorch_model.bin
All model checkpoint weights were used when initializing RobertaForMaskedLM.

All the weights of RobertaForMaskedLM were initialized from the model checkpoint at roberta-large.
If your task is similar to the task the model of the checkpoint was trained on, you can already use RobertaForMaskedLM for predictions without further training.
Loading label map from scripts/matsciner/proto_verbalizer.json...
{'I-CMT': ['electron'], 'I-MAT': ['silicon'], 'I-DSC': ['doped'], 'I-PRO': ['properties'], 'I-SMT': ['annealing'], 'I-APL': ['coating'], 'I-SPL': ['cubic']}
{'O': 0, 'I-CMT': 1, 'I-MAT': 2, 'I-DSC': 3, 'I-PRO': 4, 'I-SMT': 5, 'I-APL': 6, 'I-SPL': 7, 'B-CMT': 8, 'B-MAT': 9, 'B-DSC': 10, 'B-PRO': 11, 'B-SMT': 12, 'B-APL': 13, 'B-SPL': 14}
{'I-CMT': ['electron'], 'I-MAT': ['silicon'], 'I-DSC': ['doped'], 'I-PRO': ['properties'], 'I-SMT': ['annealing'], 'I-APL': ['coating'], 'I-SPL': ['cubic']}
Running tokenizer on dataset:   0%|          | 0/22 [00:00<?, ? examples/s]                                                                           Running tokenizer on dataset:   0%|          | 0/546 [00:00<?, ? examples/s]Running tokenizer on dataset: 100%|██████████| 546/546 [00:00<00:00, 2024.49 examples/s]                                                                                        /home/liwentao/Dec-Tuning-in-Mat/run_ner_dect.py:563: FutureWarning: load_metric is deprecated and will be removed in the next major version of datasets. Use 'evaluate.load' instead, from the new library 🤗 Evaluate: https://huggingface.co/docs/evaluate
  metric = load_metric("./seqeval_metric.py")
05/31/2023 14:50:46 - INFO - __main__ - ***** Running training *****
05/31/2023 14:50:46 - INFO - __main__ -   Num examples = 22
05/31/2023 14:50:46 - INFO - __main__ -   Num Epochs = 100
05/31/2023 14:50:46 - INFO - __main__ -   Instantaneous batch size per device = 4
05/31/2023 14:50:46 - INFO - __main__ -   Total train batch size (w. parallel, distributed & accumulation) = 4
05/31/2023 14:50:46 - INFO - __main__ -   Gradient Accumulation steps = 1
05/31/2023 14:50:46 - INFO - __main__ -   Total optimization steps = 600
tensor([3, 3, 3, 3, 3, 3, 3], device='cuda:0')
  0%|          | 0/600 [00:00<?, ?it/s]/home/liwentao/Dec-Tuning-in-Mat/dect_trainer.py:379: UserWarning: Implicit dimension choice for softmax has been deprecated. Change the call to include dim=X as an argument.
  logits = F.softmax(self.extract_logits(batch_logits))
Total epoch: 0. epoch loss: 16.579877853393555
Total epoch: 1. epoch loss: 16.166419982910156
Total epoch: 2. epoch loss: 15.754612922668457
Total epoch: 3. epoch loss: 15.34292221069336
Total epoch: 4. epoch loss: 14.932254791259766
Total epoch: 5. epoch loss: 14.523968696594238
Total epoch: 6. epoch loss: 14.11943244934082
Total epoch: 7. epoch loss: 13.719931602478027
Total epoch: 8. epoch loss: 13.326653480529785
Total epoch: 9. epoch loss: 12.940605163574219
Total epoch: 10. epoch loss: 12.562555313110352
Total epoch: 11. epoch loss: 12.193014144897461
Total epoch: 12. epoch loss: 11.832290649414062
Total epoch: 13. epoch loss: 11.480450630187988
Total epoch: 14. epoch loss: 11.137497901916504
Total epoch: 15. epoch loss: 10.8032865524292
Total epoch: 16. epoch loss: 10.477627754211426
Total epoch: 17. epoch loss: 10.16025161743164
Total epoch: 18. epoch loss: 9.850834846496582
Total epoch: 19. epoch loss: 9.54909896850586
Total epoch: 20. epoch loss: 9.254694938659668
Total epoch: 21. epoch loss: 8.96732234954834
Total epoch: 22. epoch loss: 8.686640739440918
Total epoch: 23. epoch loss: 8.412444114685059
Total epoch: 24. epoch loss: 8.144463539123535
Total epoch: 25. epoch loss: 7.882504940032959
Total epoch: 26. epoch loss: 7.626434803009033
Total epoch: 27. epoch loss: 7.376347541809082
Total epoch: 28. epoch loss: 7.132967948913574
Total epoch: 29. epoch loss: 6.896777153015137
Total epoch: 30. epoch loss: 6.668073654174805
Total epoch: 31. epoch loss: 6.447051048278809
Total epoch: 32. epoch loss: 6.233761310577393
Total epoch: 33. epoch loss: 6.028197765350342
Total epoch: 34. epoch loss: 5.8302903175354
Total epoch: 35. epoch loss: 5.639967918395996
Total epoch: 36. epoch loss: 5.457056999206543
Total epoch: 37. epoch loss: 5.281413555145264
Total epoch: 38. epoch loss: 5.112850666046143
Total epoch: 39. epoch loss: 4.951186656951904
Total epoch: 40. epoch loss: 4.796186447143555
Total epoch: 41. epoch loss: 4.647665023803711
Total epoch: 42. epoch loss: 4.505393028259277
Total epoch: 43. epoch loss: 4.3691582679748535
Total epoch: 44. epoch loss: 4.238731384277344
Total epoch: 45. epoch loss: 4.113907814025879
Total epoch: 46. epoch loss: 3.994471311569214
Total epoch: 47. epoch loss: 3.880195140838623
Total epoch: 48. epoch loss: 3.7708611488342285
Total epoch: 49. epoch loss: 3.6662509441375732
Total epoch: 50. epoch loss: 3.5661556720733643
Total epoch: 51. epoch loss: 3.470386266708374
Total epoch: 52. epoch loss: 3.3786938190460205
Total epoch: 53. epoch loss: 3.290893077850342
Total epoch: 54. epoch loss: 3.2068212032318115
Total epoch: 55. epoch loss: 3.1262476444244385
Total epoch: 56. epoch loss: 3.049021005630493
Total epoch: 57. epoch loss: 2.974966526031494
Total epoch: 58. epoch loss: 2.903928279876709
Total epoch: 59. epoch loss: 2.8357536792755127
Total epoch: 60. epoch loss: 2.7702999114990234
Total epoch: 61. epoch loss: 2.7074224948883057
Total epoch: 62. epoch loss: 2.6469972133636475
Total epoch: 63. epoch loss: 2.588916063308716
Total epoch: 64. epoch loss: 2.5330495834350586
Total epoch: 65. epoch loss: 2.4792964458465576
Total epoch: 66. epoch loss: 2.427565097808838
Total epoch: 67. epoch loss: 2.37772274017334
Total epoch: 68. epoch loss: 2.3297324180603027
Total epoch: 69. epoch loss: 2.283459424972534
Total epoch: 70. epoch loss: 2.23884654045105
Total epoch: 71. epoch loss: 2.195805788040161
Total epoch: 72. epoch loss: 2.1542835235595703
Total epoch: 73. epoch loss: 2.1141841411590576
Total epoch: 74. epoch loss: 2.0754640102386475
Total epoch: 75. epoch loss: 2.038034200668335
Total epoch: 76. epoch loss: 2.0018668174743652
Total epoch: 77. epoch loss: 1.9668751955032349
Total epoch: 78. epoch loss: 1.9330188035964966
Total epoch: 79. epoch loss: 1.9002597332000732
Total epoch: 80. epoch loss: 1.8685270547866821
Total epoch: 81. epoch loss: 1.8377970457077026
Total epoch: 82. epoch loss: 1.8080024719238281
Total epoch: 83. epoch loss: 1.7791141271591187
Total epoch: 84. epoch loss: 1.7510944604873657
Total epoch: 85. epoch loss: 1.7239148616790771
Total epoch: 86. epoch loss: 1.6975293159484863
Total epoch: 87. epoch loss: 1.6718997955322266
Total epoch: 88. epoch loss: 1.6470110416412354
Total epoch: 89. epoch loss: 1.6228107213974
Total epoch: 90. epoch loss: 1.5992882251739502
Total epoch: 91. epoch loss: 1.5764193534851074
Total epoch: 92. epoch loss: 1.5541642904281616
Total epoch: 93. epoch loss: 1.5325031280517578
Total epoch: 94. epoch loss: 1.5114245414733887
Total epoch: 95. epoch loss: 1.4908925294876099
Total epoch: 96. epoch loss: 1.470892310142517
Total epoch: 97. epoch loss: 1.451395034790039
Total epoch: 98. epoch loss: 1.4323939085006714
Total epoch: 99. epoch loss: 1.4138692617416382
Total epoch: 99. DecT loss: 1.4138692617416382
Training time: 0.5725231170654297
APL_precision: 0.06144393241167435, APL_recall: 0.23529411764705882, APL_f1: 0.097442143727162, APL_number: 170
CMT_precision: 0.13800424628450106, CMT_recall: 0.3333333333333333, CMT_f1: 0.19519519519519518, CMT_number: 195
DSC_precision: 0.4328767123287671, DSC_recall: 0.36155606407322655, DSC_f1: 0.3940149625935162, DSC_number: 437
MAT_precision: 0.5176933158584535, MAT_recall: 0.5791788856304986, MAT_f1: 0.5467128027681661, MAT_number: 682
PRO_precision: 0.16971713810316139, PRO_recall: 0.13229571984435798, PRO_f1: 0.14868804664723032, PRO_number: 771
SMT_precision: 0.12468827930174564, SMT_recall: 0.29239766081871343, SMT_f1: 0.17482517482517482, SMT_number: 171
SPL_precision: 0.14482758620689656, SPL_recall: 0.28, SPL_f1: 0.19090909090909092, SPL_number: 75
overall_precision: 0.24462761259935237, overall_recall: 0.3322670931627349, overall_f1: 0.28179043743641913, overall_accuracy: 0.7463017222897163
finish test
Traceback (most recent call last):
  File "/home/liwentao/Dec-Tuning-in-Mat/run_ner_dect.py", line 985, in <module>
    main()
  File "/home/liwentao/Dec-Tuning-in-Mat/run_ner_dect.py", line 808, in main
    runner.run(train_dataloader,None ,eval_dataloader)
  File "/home/liwentao/Dec-Tuning-in-Mat/dect_trainer.py", line 487, in run
    return score
NameError: name 'score' is not defined
  0%|          | 0/600 [00:05<?, ?it/s]