/home/liwentao/miniconda3/envs/py38/lib/python3.8/site-packages/transformers/generation_utils.py:24: FutureWarning: Importing `GenerationMixin` from `src/transformers/generation_utils.py` is deprecated and will be removed in Transformers v5. Import as `from transformers import GenerationMixin` instead.
  warnings.warn(
05/31/2023 14:50:35 - INFO - __main__ - Distributed environment: NO
Num processes: 1
Process index: 0
Local process index: 0
Device: cuda

Mixed precision type: no

05/31/2023 14:50:37 - WARNING - datasets.builder - Found cached dataset json (/home/liwentao/.cache/huggingface/datasets/json/default-90b165f8431f5e0a/0.0.0/0f7e3662623656454fcd2b650f34e886a7db4b9104504885bd462096cc7a9f51)
################## Hyper-parameters: ##################
epochs:100,lr:0.005, batch_size:4, shot:8, proto_dim:160, logits_weight:10.0, weight_decay:1e-05 
################## Hyper-parameters: ##################
shot and proto_dim
proto_dim: 128
model_logits_weight: 10
num_train_epochs: 100
  0%|          | 0/2 [00:00<?, ?it/s]100%|██████████| 2/2 [00:00<00:00, 985.74it/s]
loading configuration file config.json from cache at /home/liwentao/.cache/huggingface/hub/models--roberta-large/snapshots/716877d372b884cad6d419d828bac6c85b3b18d9/config.json
Model config RobertaConfig {
  "_name_or_path": "roberta-large",
  "architectures": [
    "RobertaForMaskedLM"
  ],
  "attention_probs_dropout_prob": 0.1,
  "bos_token_id": 0,
  "classifier_dropout": null,
  "eos_token_id": 2,
  "hidden_act": "gelu",
  "hidden_dropout_prob": 0.1,
  "hidden_size": 1024,
  "initializer_range": 0.02,
  "intermediate_size": 4096,
  "layer_norm_eps": 1e-05,
  "max_position_embeddings": 514,
  "model_type": "roberta",
  "num_attention_heads": 16,
  "num_hidden_layers": 24,
  "pad_token_id": 1,
  "position_embedding_type": "absolute",
  "transformers_version": "4.27.1",
  "type_vocab_size": 1,
  "use_cache": true,
  "vocab_size": 50265
}

Could not locate the tokenizer configuration file, will try to use the model config instead.
loading configuration file config.json from cache at /home/liwentao/.cache/huggingface/hub/models--roberta-large/snapshots/716877d372b884cad6d419d828bac6c85b3b18d9/config.json
Model config RobertaConfig {
  "_name_or_path": "roberta-large",
  "architectures": [
    "RobertaForMaskedLM"
  ],
  "attention_probs_dropout_prob": 0.1,
  "bos_token_id": 0,
  "classifier_dropout": null,
  "eos_token_id": 2,
  "hidden_act": "gelu",
  "hidden_dropout_prob": 0.1,
  "hidden_size": 1024,
  "initializer_range": 0.02,
  "intermediate_size": 4096,
  "layer_norm_eps": 1e-05,
  "max_position_embeddings": 514,
  "model_type": "roberta",
  "num_attention_heads": 16,
  "num_hidden_layers": 24,
  "pad_token_id": 1,
  "position_embedding_type": "absolute",
  "transformers_version": "4.27.1",
  "type_vocab_size": 1,
  "use_cache": true,
  "vocab_size": 50265
}

loading file vocab.json from cache at /home/liwentao/.cache/huggingface/hub/models--roberta-large/snapshots/716877d372b884cad6d419d828bac6c85b3b18d9/vocab.json
loading file merges.txt from cache at /home/liwentao/.cache/huggingface/hub/models--roberta-large/snapshots/716877d372b884cad6d419d828bac6c85b3b18d9/merges.txt
loading file tokenizer.json from cache at /home/liwentao/.cache/huggingface/hub/models--roberta-large/snapshots/716877d372b884cad6d419d828bac6c85b3b18d9/tokenizer.json
loading file added_tokens.json from cache at None
loading file special_tokens_map.json from cache at None
loading file tokenizer_config.json from cache at None
loading configuration file config.json from cache at /home/liwentao/.cache/huggingface/hub/models--roberta-large/snapshots/716877d372b884cad6d419d828bac6c85b3b18d9/config.json
Model config RobertaConfig {
  "_name_or_path": "roberta-large",
  "architectures": [
    "RobertaForMaskedLM"
  ],
  "attention_probs_dropout_prob": 0.1,
  "bos_token_id": 0,
  "classifier_dropout": null,
  "eos_token_id": 2,
  "hidden_act": "gelu",
  "hidden_dropout_prob": 0.1,
  "hidden_size": 1024,
  "initializer_range": 0.02,
  "intermediate_size": 4096,
  "layer_norm_eps": 1e-05,
  "max_position_embeddings": 514,
  "model_type": "roberta",
  "num_attention_heads": 16,
  "num_hidden_layers": 24,
  "pad_token_id": 1,
  "position_embedding_type": "absolute",
  "transformers_version": "4.27.1",
  "type_vocab_size": 1,
  "use_cache": true,
  "vocab_size": 50265
}

loading weights file pytorch_model.bin from cache at /home/liwentao/.cache/huggingface/hub/models--roberta-large/snapshots/716877d372b884cad6d419d828bac6c85b3b18d9/pytorch_model.bin
All model checkpoint weights were used when initializing RobertaForMaskedLM.

All the weights of RobertaForMaskedLM were initialized from the model checkpoint at roberta-large.
If your task is similar to the task the model of the checkpoint was trained on, you can already use RobertaForMaskedLM for predictions without further training.
Loading label map from scripts/matsciner/proto_verbalizer.json...
{'I-CMT': ['electron'], 'I-MAT': ['silicon'], 'I-DSC': ['doped'], 'I-PRO': ['properties'], 'I-SMT': ['annealing'], 'I-APL': ['coating'], 'I-SPL': ['cubic']}
{'O': 0, 'I-CMT': 1, 'I-MAT': 2, 'I-DSC': 3, 'I-PRO': 4, 'I-SMT': 5, 'I-APL': 6, 'I-SPL': 7, 'B-CMT': 8, 'B-MAT': 9, 'B-DSC': 10, 'B-PRO': 11, 'B-SMT': 12, 'B-APL': 13, 'B-SPL': 14}
{'I-CMT': ['electron'], 'I-MAT': ['silicon'], 'I-DSC': ['doped'], 'I-PRO': ['properties'], 'I-SMT': ['annealing'], 'I-APL': ['coating'], 'I-SPL': ['cubic']}
Running tokenizer on dataset:   0%|          | 0/24 [00:00<?, ? examples/s]                                                                           Running tokenizer on dataset:   0%|          | 0/546 [00:00<?, ? examples/s]Running tokenizer on dataset: 100%|██████████| 546/546 [00:00<00:00, 2686.90 examples/s]                                                                                        /home/liwentao/Dec-Tuning-in-Mat/run_ner_dect.py:563: FutureWarning: load_metric is deprecated and will be removed in the next major version of datasets. Use 'evaluate.load' instead, from the new library 🤗 Evaluate: https://huggingface.co/docs/evaluate
  metric = load_metric("./seqeval_metric.py")
05/31/2023 14:50:46 - INFO - __main__ - ***** Running training *****
05/31/2023 14:50:46 - INFO - __main__ -   Num examples = 24
05/31/2023 14:50:46 - INFO - __main__ -   Num Epochs = 100
05/31/2023 14:50:46 - INFO - __main__ -   Instantaneous batch size per device = 4
05/31/2023 14:50:46 - INFO - __main__ -   Total train batch size (w. parallel, distributed & accumulation) = 4
05/31/2023 14:50:46 - INFO - __main__ -   Gradient Accumulation steps = 1
05/31/2023 14:50:46 - INFO - __main__ -   Total optimization steps = 600
tensor([3, 3, 3, 3, 3, 3, 3], device='cuda:0')
  0%|          | 0/600 [00:00<?, ?it/s]/home/liwentao/Dec-Tuning-in-Mat/dect_trainer.py:379: UserWarning: Implicit dimension choice for softmax has been deprecated. Change the call to include dim=X as an argument.
  logits = F.softmax(self.extract_logits(batch_logits))
Total epoch: 0. epoch loss: 16.5219669342041
Total epoch: 1. epoch loss: 16.14951515197754
Total epoch: 2. epoch loss: 15.779007911682129
Total epoch: 3. epoch loss: 15.40832233428955
Total epoch: 4. epoch loss: 15.03809642791748
Total epoch: 5. epoch loss: 14.669140815734863
Total epoch: 6. epoch loss: 14.302122116088867
Total epoch: 7. epoch loss: 13.937678337097168
Total epoch: 8. epoch loss: 13.576461791992188
Total epoch: 9. epoch loss: 13.219152450561523
Total epoch: 10. epoch loss: 12.86640739440918
Total epoch: 11. epoch loss: 12.518819808959961
Total epoch: 12. epoch loss: 12.17690372467041
Total epoch: 13. epoch loss: 11.84110164642334
Total epoch: 14. epoch loss: 11.511748313903809
Total epoch: 15. epoch loss: 11.189101219177246
Total epoch: 16. epoch loss: 10.873353958129883
Total epoch: 17. epoch loss: 10.564579010009766
Total epoch: 18. epoch loss: 10.262828826904297
Total epoch: 19. epoch loss: 9.968018531799316
Total epoch: 20. epoch loss: 9.68005084991455
Total epoch: 21. epoch loss: 9.39872932434082
Total epoch: 22. epoch loss: 9.123831748962402
Total epoch: 23. epoch loss: 8.855077743530273
Total epoch: 24. epoch loss: 8.592214584350586
Total epoch: 25. epoch loss: 8.334933280944824
Total epoch: 26. epoch loss: 8.083104133605957
Total epoch: 27. epoch loss: 7.837307929992676
Total epoch: 28. epoch loss: 7.597962856292725
Total epoch: 29. epoch loss: 7.3653740882873535
Total epoch: 30. epoch loss: 7.139723300933838
Total epoch: 31. epoch loss: 6.921065330505371
Total epoch: 32. epoch loss: 6.709421634674072
Total epoch: 33. epoch loss: 6.504763603210449
Total epoch: 34. epoch loss: 6.306943893432617
Total epoch: 35. epoch loss: 6.115893840789795
Total epoch: 36. epoch loss: 5.931461811065674
Total epoch: 37. epoch loss: 5.753480434417725
Total epoch: 38. epoch loss: 5.5818071365356445
Total epoch: 39. epoch loss: 5.41627836227417
Total epoch: 40. epoch loss: 5.256718158721924
Total epoch: 41. epoch loss: 5.102960586547852
Total epoch: 42. epoch loss: 4.954843997955322
Total epoch: 43. epoch loss: 4.812221527099609
Total epoch: 44. epoch loss: 4.674931049346924
Total epoch: 45. epoch loss: 4.542801380157471
Total epoch: 46. epoch loss: 4.41568660736084
Total epoch: 47. epoch loss: 4.293426513671875
Total epoch: 48. epoch loss: 4.1758246421813965
Total epoch: 49. epoch loss: 4.062769889831543
Total epoch: 50. epoch loss: 3.95406436920166
Total epoch: 51. epoch loss: 3.849569320678711
Total epoch: 52. epoch loss: 3.749108076095581
Total epoch: 53. epoch loss: 3.6525166034698486
Total epoch: 54. epoch loss: 3.5596487522125244
Total epoch: 55. epoch loss: 3.4703376293182373
Total epoch: 56. epoch loss: 3.3844473361968994
Total epoch: 57. epoch loss: 3.301830530166626
Total epoch: 58. epoch loss: 3.222325563430786
Total epoch: 59. epoch loss: 3.1458349227905273
Total epoch: 60. epoch loss: 3.072192668914795
Total epoch: 61. epoch loss: 3.0013015270233154
Total epoch: 62. epoch loss: 2.9330384731292725
Total epoch: 63. epoch loss: 2.867274045944214
Total epoch: 64. epoch loss: 2.8039090633392334
Total epoch: 65. epoch loss: 2.7428698539733887
Total epoch: 66. epoch loss: 2.684023857116699
Total epoch: 67. epoch loss: 2.6272852420806885
Total epoch: 68. epoch loss: 2.5725789070129395
Total epoch: 69. epoch loss: 2.5197954177856445
Total epoch: 70. epoch loss: 2.468871593475342
Total epoch: 71. epoch loss: 2.4197282791137695
Total epoch: 72. epoch loss: 2.3722825050354004
Total epoch: 73. epoch loss: 2.326455593109131
Total epoch: 74. epoch loss: 2.282196283340454
Total epoch: 75. epoch loss: 2.2394237518310547
Total epoch: 76. epoch loss: 2.198084831237793
Total epoch: 77. epoch loss: 2.1581099033355713
Total epoch: 78. epoch loss: 2.119454860687256
Total epoch: 79. epoch loss: 2.0820508003234863
Total epoch: 80. epoch loss: 2.045846700668335
Total epoch: 81. epoch loss: 2.0108022689819336
Total epoch: 82. epoch loss: 1.9768669605255127
Total epoch: 83. epoch loss: 1.9439841508865356
Total epoch: 84. epoch loss: 1.912121057510376
Total epoch: 85. epoch loss: 1.8812323808670044
Total epoch: 86. epoch loss: 1.8512790203094482
Total epoch: 87. epoch loss: 1.822234869003296
Total epoch: 88. epoch loss: 1.7940444946289062
Total epoch: 89. epoch loss: 1.7666774988174438
Total epoch: 90. epoch loss: 1.7401107549667358
Total epoch: 91. epoch loss: 1.7143064737319946
Total epoch: 92. epoch loss: 1.6892322301864624
Total epoch: 93. epoch loss: 1.66487455368042
Total epoch: 94. epoch loss: 1.6411844491958618
Total epoch: 95. epoch loss: 1.6181559562683105
Total epoch: 96. epoch loss: 1.595745325088501
Total epoch: 97. epoch loss: 1.5739446878433228
Total epoch: 98. epoch loss: 1.552726149559021
Total epoch: 99. epoch loss: 1.5320680141448975
Total epoch: 99. DecT loss: 1.5320680141448975
Training time: 0.5155248641967773
APL_precision: 0.1370309951060359, APL_recall: 0.49411764705882355, APL_f1: 0.2145593869731801, APL_number: 170
CMT_precision: 0.1552511415525114, CMT_recall: 0.3487179487179487, CMT_f1: 0.21484992101105846, CMT_number: 195
DSC_precision: 0.25, DSC_recall: 0.3157894736842105, DSC_f1: 0.27906976744186046, DSC_number: 437
MAT_precision: 0.5626072041166381, MAT_recall: 0.4809384164222874, MAT_f1: 0.5185770750988142, MAT_number: 682
PRO_precision: 0.26631853785900783, PRO_recall: 0.26459143968871596, PRO_f1: 0.2654521795705921, PRO_number: 771
SMT_precision: 0.13, SMT_recall: 0.22807017543859648, SMT_f1: 0.16560509554140126, SMT_number: 171
SPL_precision: 0.1390728476821192, SPL_recall: 0.28, SPL_f1: 0.18584070796460175, SPL_number: 75
overall_precision: 0.2591830737584484, overall_recall: 0.35265893642542984, overall_f1: 0.2987804878048781, overall_accuracy: 0.7566640463088687
finish test
Traceback (most recent call last):
  File "/home/liwentao/Dec-Tuning-in-Mat/run_ner_dect.py", line 985, in <module>
    main()
  File "/home/liwentao/Dec-Tuning-in-Mat/run_ner_dect.py", line 808, in main
    runner.run(train_dataloader,None ,eval_dataloader)
  File "/home/liwentao/Dec-Tuning-in-Mat/dect_trainer.py", line 487, in run
    return score
NameError: name 'score' is not defined
  0%|          | 0/600 [00:05<?, ?it/s]