/home/liwentao/miniconda3/envs/py38/lib/python3.8/site-packages/transformers/generation_utils.py:24: FutureWarning: Importing `GenerationMixin` from `src/transformers/generation_utils.py` is deprecated and will be removed in Transformers v5. Import as `from transformers import GenerationMixin` instead.
  warnings.warn(
06/01/2023 02:30:20 - INFO - __main__ - Distributed environment: NO
Num processes: 1
Process index: 0
Local process index: 0
Device: cuda

Mixed precision type: no

06/01/2023 02:30:21 - WARNING - datasets.builder - Found cached dataset json (/home/liwentao/.cache/huggingface/datasets/json/default-fb581e99de8caec0/0.0.0/0f7e3662623656454fcd2b650f34e886a7db4b9104504885bd462096cc7a9f51)
################## Hyper-parameters: ##################
epochs:100,lr:0.005, batch_size:32, shot:4, proto_dim:160, logits_weight:10.0, weight_decay:1e-07 
################## Hyper-parameters: ##################
shot and proto_dim
proto_dim: 32
model_logits_weight: 20
num_train_epochs: 35
  0%|          | 0/2 [00:00<?, ?it/s]100%|██████████| 2/2 [00:00<00:00, 1164.92it/s]
loading configuration file config.json from cache at /home/liwentao/.cache/huggingface/hub/models--pranav-s--MaterialsBERT/snapshots/8a7378e9cdeae17fb808482ae367e4bd995fe223/config.json
Model config BertConfig {
  "_name_or_path": "pranav-s/MaterialsBERT",
  "architectures": [
    "BertForMaskedLM"
  ],
  "attention_probs_dropout_prob": 0.1,
  "classifier_dropout": null,
  "hidden_act": "gelu",
  "hidden_dropout_prob": 0.1,
  "hidden_size": 768,
  "initializer_range": 0.02,
  "intermediate_size": 3072,
  "layer_norm_eps": 1e-12,
  "max_position_embeddings": 512,
  "model_type": "bert",
  "num_attention_heads": 12,
  "num_hidden_layers": 12,
  "pad_token_id": 0,
  "position_embedding_type": "absolute",
  "torch_dtype": "float32",
  "transformers_version": "4.27.1",
  "type_vocab_size": 2,
  "use_cache": true,
  "vocab_size": 30522
}

Could not locate the tokenizer configuration file, will try to use the model config instead.
loading configuration file config.json from cache at /home/liwentao/.cache/huggingface/hub/models--pranav-s--MaterialsBERT/snapshots/8a7378e9cdeae17fb808482ae367e4bd995fe223/config.json
Model config BertConfig {
  "_name_or_path": "pranav-s/MaterialsBERT",
  "architectures": [
    "BertForMaskedLM"
  ],
  "attention_probs_dropout_prob": 0.1,
  "classifier_dropout": null,
  "hidden_act": "gelu",
  "hidden_dropout_prob": 0.1,
  "hidden_size": 768,
  "initializer_range": 0.02,
  "intermediate_size": 3072,
  "layer_norm_eps": 1e-12,
  "max_position_embeddings": 512,
  "model_type": "bert",
  "num_attention_heads": 12,
  "num_hidden_layers": 12,
  "pad_token_id": 0,
  "position_embedding_type": "absolute",
  "torch_dtype": "float32",
  "transformers_version": "4.27.1",
  "type_vocab_size": 2,
  "use_cache": true,
  "vocab_size": 30522
}

loading file vocab.txt from cache at /home/liwentao/.cache/huggingface/hub/models--pranav-s--MaterialsBERT/snapshots/8a7378e9cdeae17fb808482ae367e4bd995fe223/vocab.txt
loading file tokenizer.json from cache at None
loading file added_tokens.json from cache at None
loading file special_tokens_map.json from cache at None
loading file tokenizer_config.json from cache at None
loading configuration file config.json from cache at /home/liwentao/.cache/huggingface/hub/models--pranav-s--MaterialsBERT/snapshots/8a7378e9cdeae17fb808482ae367e4bd995fe223/config.json
Model config BertConfig {
  "_name_or_path": "pranav-s/MaterialsBERT",
  "architectures": [
    "BertForMaskedLM"
  ],
  "attention_probs_dropout_prob": 0.1,
  "classifier_dropout": null,
  "hidden_act": "gelu",
  "hidden_dropout_prob": 0.1,
  "hidden_size": 768,
  "initializer_range": 0.02,
  "intermediate_size": 3072,
  "layer_norm_eps": 1e-12,
  "max_position_embeddings": 512,
  "model_type": "bert",
  "num_attention_heads": 12,
  "num_hidden_layers": 12,
  "pad_token_id": 0,
  "position_embedding_type": "absolute",
  "torch_dtype": "float32",
  "transformers_version": "4.27.1",
  "type_vocab_size": 2,
  "use_cache": true,
  "vocab_size": 30522
}

loading configuration file config.json from cache at /home/liwentao/.cache/huggingface/hub/models--pranav-s--MaterialsBERT/snapshots/8a7378e9cdeae17fb808482ae367e4bd995fe223/config.json
Model config BertConfig {
  "_name_or_path": "pranav-s/MaterialsBERT",
  "architectures": [
    "BertForMaskedLM"
  ],
  "attention_probs_dropout_prob": 0.1,
  "classifier_dropout": null,
  "hidden_act": "gelu",
  "hidden_dropout_prob": 0.1,
  "hidden_size": 768,
  "initializer_range": 0.02,
  "intermediate_size": 3072,
  "layer_norm_eps": 1e-12,
  "max_position_embeddings": 512,
  "model_type": "bert",
  "num_attention_heads": 12,
  "num_hidden_layers": 12,
  "pad_token_id": 0,
  "position_embedding_type": "absolute",
  "torch_dtype": "float32",
  "transformers_version": "4.27.1",
  "type_vocab_size": 2,
  "use_cache": true,
  "vocab_size": 30522
}

loading weights file pytorch_model.bin from cache at /home/liwentao/.cache/huggingface/hub/models--pranav-s--MaterialsBERT/snapshots/8a7378e9cdeae17fb808482ae367e4bd995fe223/pytorch_model.bin
Generate config GenerationConfig {
  "_from_model_config": true,
  "pad_token_id": 0,
  "transformers_version": "4.27.1"
}

All model checkpoint weights were used when initializing BertForMaskedLM.

All the weights of BertForMaskedLM were initialized from the model checkpoint at pranav-s/MaterialsBERT.
If your task is similar to the task the model of the checkpoint was trained on, you can already use BertForMaskedLM for predictions without further training.
Generation config file not found, using a generation config created from the model config.
Loading label map from scripts/matsciner/proto_verbalizer.json...
{'I-CMT': ['electron'], 'I-MAT': ['silicon'], 'I-DSC': ['doped'], 'I-PRO': ['properties'], 'I-SMT': ['annealing'], 'I-APL': ['coating'], 'I-SPL': ['cubic']}
{'O': 0, 'I-CMT': 1, 'I-MAT': 2, 'I-DSC': 3, 'I-PRO': 4, 'I-SMT': 5, 'I-APL': 6, 'I-SPL': 7, 'B-CMT': 8, 'B-MAT': 9, 'B-DSC': 10, 'B-PRO': 11, 'B-SMT': 12, 'B-APL': 13, 'B-SPL': 14}
{'I-CMT': ['electron'], 'I-MAT': ['silicon'], 'I-DSC': ['doped'], 'I-PRO': ['properties'], 'I-SMT': ['annealing'], 'I-APL': ['coating'], 'I-SPL': ['cubic']}
Running tokenizer on dataset:   0%|          | 0/14 [00:00<?, ? examples/s]                                                                           Running tokenizer on dataset:   0%|          | 0/546 [00:00<?, ? examples/s]                                                                            /home/liwentao/Dec-Tuning-in-Mat/run_ner_dect.py:569: FutureWarning: load_metric is deprecated and will be removed in the next major version of datasets. Use 'evaluate.load' instead, from the new library 🤗 Evaluate: https://huggingface.co/docs/evaluate
  metric = load_metric("./seqeval_metric.py")
06/01/2023 02:30:28 - INFO - __main__ - ***** Running training *****
06/01/2023 02:30:28 - INFO - __main__ -   Num examples = 14
06/01/2023 02:30:28 - INFO - __main__ -   Num Epochs = 35
06/01/2023 02:30:28 - INFO - __main__ -   Instantaneous batch size per device = 32
06/01/2023 02:30:28 - INFO - __main__ -   Total train batch size (w. parallel, distributed & accumulation) = 32
06/01/2023 02:30:28 - INFO - __main__ -   Gradient Accumulation steps = 1
06/01/2023 02:30:28 - INFO - __main__ -   Total optimization steps = 35
tensor([1, 1, 1, 1, 1, 1, 1], device='cuda:0')
  0%|          | 0/35 [00:00<?, ?it/s]/home/liwentao/Dec-Tuning-in-Mat/dect_trainer.py:405: UserWarning: Implicit dimension choice for softmax has been deprecated. Change the call to include dim=X as an argument.
  logits = F.softmax(self.extract_logits(batch_logits))
Total epoch: 0. epoch loss: 15.251593589782715
Total epoch: 1. epoch loss: 14.767754554748535
Total epoch: 2. epoch loss: 14.290075302124023
Total epoch: 3. epoch loss: 13.818740844726562
Total epoch: 4. epoch loss: 13.35396671295166
Total epoch: 5. epoch loss: 12.89589786529541
Total epoch: 6. epoch loss: 12.444650650024414
Total epoch: 7. epoch loss: 12.000482559204102
Total epoch: 8. epoch loss: 11.56370735168457
Total epoch: 9. epoch loss: 11.134726524353027
Total epoch: 10. epoch loss: 10.713818550109863
Total epoch: 11. epoch loss: 10.301389694213867
Total epoch: 12. epoch loss: 9.897743225097656
Total epoch: 13. epoch loss: 9.503138542175293
Total epoch: 14. epoch loss: 9.117813110351562
Total epoch: 15. epoch loss: 8.741950035095215
Total epoch: 16. epoch loss: 8.37571907043457
Total epoch: 17. epoch loss: 8.019335746765137
Total epoch: 18. epoch loss: 7.6728515625
Total epoch: 19. epoch loss: 7.336491584777832
Total epoch: 20. epoch loss: 7.010338306427002
Total epoch: 21. epoch loss: 6.6945672035217285
Total epoch: 22. epoch loss: 6.389222621917725
Total epoch: 23. epoch loss: 6.094400882720947
Total epoch: 24. epoch loss: 5.810140609741211
Total epoch: 25. epoch loss: 5.536479949951172
Total epoch: 26. epoch loss: 5.273361682891846
Total epoch: 27. epoch loss: 5.0208024978637695
Total epoch: 28. epoch loss: 4.778608798980713
Total epoch: 29. epoch loss: 4.546723365783691
Total epoch: 30. epoch loss: 4.324985980987549
Total epoch: 31. epoch loss: 4.113162994384766
Total epoch: 32. epoch loss: 3.911036968231201
Total epoch: 33. epoch loss: 3.718353033065796
Total epoch: 34. epoch loss: 3.5348894596099854
Total epoch: 34. DecT loss: 3.5348894596099854
Training time: 0.18002724647521973
APL_precision: 0.11570247933884298, APL_recall: 0.08235294117647059, APL_f1: 0.09621993127147767, APL_number: 170
CMT_precision: 0.1354679802955665, CMT_recall: 0.28205128205128205, CMT_f1: 0.18302828618968384, CMT_number: 195
DSC_precision: 0.18435754189944134, DSC_recall: 0.22654462242562928, DSC_f1: 0.20328542094455848, DSC_number: 437
MAT_precision: 0.5115384615384615, MAT_recall: 0.19501466275659823, MAT_f1: 0.2823779193205944, MAT_number: 682
PRO_precision: 0.08866995073891626, PRO_recall: 0.14007782101167315, PRO_f1: 0.1085972850678733, PRO_number: 771
SMT_precision: 0.27586206896551724, SMT_recall: 0.14035087719298245, SMT_f1: 0.18604651162790697, SMT_number: 171
SPL_precision: 0.5, SPL_recall: 0.26666666666666666, SPL_f1: 0.3478260869565218, SPL_number: 75
overall_precision: 0.1697264893218434, overall_recall: 0.18112754898040784, overall_f1: 0.17524177949709863, overall_accuracy: 0.6940890572510899
finish test
Traceback (most recent call last):
  File "/home/liwentao/Dec-Tuning-in-Mat/run_ner_dect.py", line 992, in <module>
    main()
  File "/home/liwentao/Dec-Tuning-in-Mat/run_ner_dect.py", line 815, in main
    runner.run(train_dataloader,None ,eval_dataloader)
  File "/home/liwentao/Dec-Tuning-in-Mat/dect_trainer.py", line 513, in run
    return score
NameError: name 'score' is not defined
  0%|          | 0/35 [00:02<?, ?it/s]