Some weights of the model checkpoint at m3rg-iitd/matscibert were not used when initializing BertForTokenClassification: ['cls.predictions.transform.dense.bias', 'cls.predictions.transform.LayerNorm.weight', 'cls.predictions.transform.LayerNorm.bias', 'cls.predictions.decoder.weight', 'cls.predictions.decoder.bias', 'cls.predictions.bias', 'cls.predictions.transform.dense.weight']
- This IS expected if you are initializing BertForTokenClassification from the checkpoint of a model trained on another task or with another architecture (e.g. initializing a BertForSequenceClassification model from a BertForPreTraining model).
- This IS NOT expected if you are initializing BertForTokenClassification from the checkpoint of a model that you expect to be exactly identical (initializing a BertForSequenceClassification model from a BertForSequenceClassification model).
Some weights of BertForTokenClassification were not initialized from the model checkpoint at m3rg-iitd/matscibert and are newly initialized: ['classifier.bias', 'classifier.weight']
You should probably TRAIN this model on a down-stream task to be able to use it for predictions and inference.
using device: cuda
21 511 546
['I-APL', 'I-CMT', 'I-DSC', 'I-MAT', 'I-PRO', 'I-SMT', 'I-SPL', 'O']
training_time:0.1274118423461914
loss:2.15706467628479
training_time:0.0724184513092041
loss:1.1752644777297974
training_time:0.06425666809082031
loss:0.8406201601028442
training_time:0.06759238243103027
loss:0.6073898673057556
{'APL': 7.086614173228346, 'CMT': 6.0, 'DSC': 0.0, 'MAT': 1.2738853503184713, 'PRO': 4.522613065326634, 'SMT': 0.0, 'SPL': 0.0, 'macro_f1': 0.026975875126962073, 'micro_f1': 0.03343023255813953}
training_time:0.0706028938293457
loss:0.4291720390319824
{'APL': 11.411411411411411, 'CMT': 23.357664233576642, 'DSC': 0.0, 'MAT': 10.19830028328612, 'PRO': 9.029345372460497, 'SMT': 0.0, 'SPL': 10.38961038961039, 'macro_f1': 0.09198047384335009, 'micro_f1': 0.09261223047013077}
training_time:0.07689237594604492
loss:0.2705537974834442
{'APL': 16.393442622950822, 'CMT': 43.733333333333334, 'DSC': 0.0, 'MAT': 43.756243756243755, 'PRO': 18.637274549098194, 'SMT': 4.761904761904762, 'SPL': 48.484848484848484, 'macro_f1': 0.25109578215482764, 'micro_f1': 0.2684482235044033}
training_time:0.07735466957092285
loss:0.15078701078891754
{'APL': 36.67621776504297, 'CMT': 53.88127853881279, 'DSC': 5.56844547563805, 'MAT': 58.09450038729666, 'PRO': 39.04052936311001, 'SMT': 12.972972972972974, 'SPL': 55.319148936170215, 'macro_f1': 0.373647276341491, 'micro_f1': 0.42334322453016815}
training_time:0.06510496139526367
loss:0.08039740473031998
{'APL': 36.86006825938567, 'CMT': 55.7919621749409, 'DSC': 10.267857142857144, 'MAT': 60.53511705685618, 'PRO': 27.323420074349443, 'SMT': 12.222222222222221, 'SPL': 61.904761904761905, 'macro_f1': 0.3784362983362478, 'micro_f1': 0.4029930518439337}
training_time:0.06788492202758789
loss:0.05471867322921753
{'APL': 41.690140845070424, 'CMT': 57.6923076923077, 'DSC': 19.9203187250996, 'MAT': 60.218671152228765, 'PRO': 33.42415985467756, 'SMT': 16.243654822335024, 'SPL': 58.57142857142858, 'macro_f1': 0.41108668809021087, 'micro_f1': 0.4323076923076923}
training_time:0.08157229423522949
loss:0.021079689264297485
{'APL': 41.74311926605505, 'CMT': 58.27505827505828, 'DSC': 30.531732418524875, 'MAT': 62.890955198647504, 'PRO': 43.78600823045267, 'SMT': 21.81818181818182, 'SPL': 57.69230769230771, 'macro_f1': 0.4524819469988971, 'micro_f1': 0.47939365229748937}
training_time:0.07109761238098145
loss:0.015241018496453762
{'APL': 44.907407407407405, 'CMT': 59.86078886310906, 'DSC': 35.257410296411855, 'MAT': 65.54903604358758, 'PRO': 47.02093397745572, 'SMT': 23.931623931623932, 'SPL': 53.65853658536586, 'macro_f1': 0.47169391014994483, 'micro_f1': 0.504496195526862}
training_time:0.08049678802490234
loss:0.017612716183066368
training_time:0.06125307083129883
loss:0.005997173022478819
training_time:0.059282779693603516
loss:0.0031662157271057367
training_time:0.060240745544433594
loss:0.004895378369837999
training_time:0.06483054161071777
loss:0.002577576320618391
training_time:0.06183123588562012
loss:0.002133913105353713
training_time:0.06264162063598633
loss:0.001285060658119619
training_time:0.06007814407348633
loss:0.0013118298957124352
training_time:0.06326842308044434
loss:0.0011647463543340564
training_time:0.06035137176513672
loss:0.0008862030226737261
training_time:0.06293582916259766
loss:0.0010362679604440928
training_time:0.06143975257873535
loss:0.0008254711283370852
{'APL': 49.517684887459815, 'CMT': 53.186813186813175, 'DSC': 45.54455445544555, 'MAT': 68.97133220910624, 'PRO': 34.68834688346883, 'SMT': 22.962962962962962, 'SPL': 56.77419354838711, 'macro_f1': 0.4737798401909196, 'micro_f1': 0.493915533285612}
training_time:0.06471753120422363
loss:0.0006989443209022284
{'APL': 47.92332268370607, 'CMT': 54.18502202643173, 'DSC': 46.478873239436616, 'MAT': 68.68178001679262, 'PRO': 35.989256938227385, 'SMT': 23.616236162361627, 'SPL': 56.41025641025641, 'macro_f1': 0.4761210678245892, 'micro_f1': 0.49810066476733145}
training_time:0.07520270347595215
loss:0.0007917734910733998
{'APL': 48.253968253968246, 'CMT': 53.94736842105263, 'DSC': 46.304044630404455, 'MAT': 68.50921273031825, 'PRO': 36.39607493309545, 'SMT': 23.616236162361627, 'SPL': 58.59872611464969, 'macro_f1': 0.47946518749407196, 'micro_f1': 0.499172772394233}
training_time:0.07157516479492188
loss:0.0007528552087023854
{'APL': 49.36708860759494, 'CMT': 53.829321663019705, 'DSC': 46.58298465829847, 'MAT': 68.73428331936294, 'PRO': 37.089618456078085, 'SMT': 23.443223443223445, 'SPL': 58.97435897435898, 'macro_f1': 0.4828869701741951, 'micro_f1': 0.502476999292286}
training_time:0.07271218299865723
loss:0.0006708582513965666
{'APL': 50.0, 'CMT': 54.26695842450766, 'DSC': 46.51810584958217, 'MAT': 68.84422110552764, 'PRO': 38.01065719360569, 'SMT': 23.443223443223445, 'SPL': 59.354838709677416, 'macro_f1': 0.48634000675160577, 'micro_f1': 0.5062514744043406}
training_time:0.07860970497131348
loss:0.000735938607249409
{'APL': 50.0, 'CMT': 54.50549450549451, 'DSC': 46.368715083798875, 'MAT': 69.17293233082708, 'PRO': 38.44109831709477, 'SMT': 23.443223443223445, 'SPL': 60.64516129032258, 'macro_f1': 0.4893951785296589, 'micro_f1': 0.5088422541853337}
training_time:0.0739142894744873
loss:0.0005555787938646972
{'APL': 49.8422712933754, 'CMT': 54.50549450549451, 'DSC': 46.304044630404455, 'MAT': 69.1151919866444, 'PRO': 38.40707964601769, 'SMT': 24.000000000000004, 'SPL': 60.64516129032258, 'macro_f1': 0.48974177621751286, 'micro_f1': 0.5085943018601365}
training_time:0.06762456893920898
loss:0.0014156808611005545
{'APL': 51.32743362831857, 'CMT': 53.87755102040816, 'DSC': 47.40932642487047, 'MAT': 70.8112206216831, 'PRO': 39.267886855241265, 'SMT': 25.316455696202528, 'SPL': 60.97560975609757, 'macro_f1': 0.49855069143260244, 'micro_f1': 0.5193394176445024}
