Some weights of the model checkpoint at m3rg-iitd/matscibert were not used when initializing BertForTokenClassification: ['cls.predictions.transform.LayerNorm.weight', 'cls.predictions.bias', 'cls.predictions.transform.dense.weight', 'cls.predictions.transform.LayerNorm.bias', 'cls.predictions.decoder.weight', 'cls.predictions.decoder.bias', 'cls.predictions.transform.dense.bias']
- This IS expected if you are initializing BertForTokenClassification from the checkpoint of a model trained on another task or with another architecture (e.g. initializing a BertForSequenceClassification model from a BertForPreTraining model).
- This IS NOT expected if you are initializing BertForTokenClassification from the checkpoint of a model that you expect to be exactly identical (initializing a BertForSequenceClassification model from a BertForSequenceClassification model).
Some weights of BertForTokenClassification were not initialized from the model checkpoint at m3rg-iitd/matscibert and are newly initialized: ['classifier.bias', 'classifier.weight']
You should probably TRAIN this model on a down-stream task to be able to use it for predictions and inference.
using device: cuda
22 511 546
['I-APL', 'I-CMT', 'I-DSC', 'I-MAT', 'I-PRO', 'I-SMT', 'I-SPL', 'O']
training_time:0.17427778244018555
loss:2.140679359436035
training_time:0.13681459426879883
loss:0.9687390327453613
training_time:0.060173749923706055
loss:0.7348043918609619
{'APL': 4.460518384569017, 'CMT': 7.4074074074074066, 'DSC': 0.0, 'MAT': 0.0, 'PRO': 9.845031905195988, 'SMT': 1.9047619047619047, 'SPL': 0.0, 'macro_f1': 0.03373959943133474, 'micro_f1': 0.04709141274238227}
training_time:0.07480382919311523
loss:1.1439770460128784
{'APL': 3.75, 'CMT': 28.282828282828287, 'DSC': 0.0, 'MAT': 5.042016806722689, 'PRO': 18.226200162733928, 'SMT': 6.796116504854369, 'SPL': 0.0, 'macro_f1': 0.08871023108162754, 'micro_f1': 0.09655172413793105}
training_time:0.08187341690063477
loss:0.9073735475540161
training_time:0.06054997444152832
loss:0.4087360203266144
training_time:0.05923819541931152
loss:0.281843900680542
{'APL': 26.811594202898554, 'CMT': 30.87719298245614, 'DSC': 3.5955056179775275, 'MAT': 15.147265077138853, 'PRO': 3.5897435897435894, 'SMT': 17.22488038277512, 'SPL': 19.753086419753085, 'macro_f1': 0.16714181181820412, 'micro_f1': 0.1312298314808175}
training_time:0.05970406532287598
loss:0.17315343022346497
{'APL': 31.615120274914087, 'CMT': 35.11904761904762, 'DSC': 6.5134099616858245, 'MAT': 37.50000000000001, 'PRO': 5.9186189889025895, 'SMT': 33.582089552238806, 'SPL': 36.0, 'macro_f1': 0.26606898056684136, 'micro_f1': 0.2338709677419355}
training_time:0.06396150588989258
loss:0.09619095176458359
training_time:0.06259989738464355
loss:0.0530242994427681
{'APL': 28.985507246376812, 'CMT': 40.0, 'DSC': 9.23076923076923, 'MAT': 45.3475935828877, 'PRO': 8.430913348946136, 'SMT': 33.684210526315795, 'SPL': 48.695652173913054, 'macro_f1': 0.3062494944417268, 'micro_f1': 0.27248908296943225}
training_time:0.07493400573730469
loss:0.02572440728545189
{'APL': 33.116883116883116, 'CMT': 43.340857787810386, 'DSC': 17.054263565891475, 'MAT': 54.028436018957336, 'PRO': 15.219721329046088, 'SMT': 40.50632911392405, 'SPL': 50.0, 'macro_f1': 0.36180927276073205, 'micro_f1': 0.3420229405630865}
training_time:0.06072640419006348
loss:0.015571453608572483
{'APL': 36.19631901840491, 'CMT': 42.622950819672134, 'DSC': 21.758569299552907, 'MAT': 57.78175313059033, 'PRO': 22.762645914396888, 'SMT': 40.993788819875775, 'SPL': 52.70270270270271, 'macro_f1': 0.39259818529313667, 'micro_f1': 0.38088271153377223}
training_time:0.0604093074798584
loss:0.011071941815316677
{'APL': 34.25076452599389, 'CMT': 43.222003929273086, 'DSC': 23.076923076923077, 'MAT': 61.724137931034484, 'PRO': 29.741763134461262, 'SMT': 40.853658536585364, 'SPL': 54.666666666666664, 'macro_f1': 0.4107655968584826, 'micro_f1': 0.4093975343103047}
training_time:0.08858466148376465
loss:0.0059953066520392895
{'APL': 33.33333333333333, 'CMT': 43.798449612403104, 'DSC': 23.743016759776538, 'MAT': 62.447257383966246, 'PRO': 33.47493627867459, 'SMT': 41.717791411042946, 'SPL': 55.033557046979865, 'macro_f1': 0.4193547740373952, 'micro_f1': 0.42249032551786936}
training_time:0.07380151748657227
loss:0.008682812564074993
{'APL': 39.76261127596439, 'CMT': 46.728971962616825, 'DSC': 31.895424836601304, 'MAT': 64.4573322286661, 'PRO': 36.80781758957655, 'SMT': 44.508670520231206, 'SPL': 54.19354838709677, 'macro_f1': 0.4547919668582188, 'micro_f1': 0.4583424447846053}
training_time:0.07610154151916504
loss:0.004186851438134909
{'APL': 44.25770308123249, 'CMT': 45.632798573975045, 'DSC': 37.17948717948719, 'MAT': 65.53122465531224, 'PRO': 36.334144363341444, 'SMT': 45.01424501424501, 'SPL': 55.12820512820513, 'macro_f1': 0.4701111542797122, 'micro_f1': 0.4718475701134661}
training_time:0.06386137008666992
loss:0.0022539508063346148
{'APL': 48.108108108108105, 'CMT': 44.86956521739131, 'DSC': 42.30287859824781, 'MAT': 66.45264847512038, 'PRO': 36.08163265306123, 'SMT': 46.28571428571429, 'SPL': 52.830188679245296, 'macro_f1': 0.4813296228812692, 'micro_f1': 0.4847586790855208}
training_time:0.0747828483581543
loss:0.012403306551277637
{'APL': 49.599999999999994, 'CMT': 43.03350970017637, 'DSC': 43.43434343434344, 'MAT': 67.20128307939055, 'PRO': 35.304054054054056, 'SMT': 47.447447447447445, 'SPL': 55.033557046979865, 'macro_f1': 0.48722027823198816, 'micro_f1': 0.48848719604045615}
training_time:0.06833410263061523
loss:0.0029139709658920765
training_time:0.06357526779174805
loss:0.0017496420769020915
training_time:0.0658712387084961
loss:0.0024627959355711937
training_time:0.062496185302734375
loss:0.0014985176967456937
training_time:0.06355166435241699
loss:0.0013177922228351235
training_time:0.06707262992858887
loss:0.00094072544015944
training_time:0.06579065322875977
loss:0.0009313204209320247
training_time:0.06038188934326172
loss:0.001495135365985334
training_time:0.060894012451171875
loss:0.0010896677849814296
training_time:0.05899524688720703
loss:0.0010007633827626705
training_time:0.062166452407836914
loss:0.0039067743346095085
training_time:0.060454607009887695
loss:0.0008203200995922089
{'APL': 51.010101010101, 'CMT': 42.64462809917355, 'DSC': 44.260355029585796, 'MAT': 68.7224669603524, 'PRO': 35.471100554235946, 'SMT': 50.76923076923077, 'SPL': 56.25, 'macro_f1': 0.498754117746685, 'micro_f1': 0.49910376419040037}
