Some weights of the model checkpoint at m3rg-iitd/matscibert were not used when initializing BertForTokenClassification: ['cls.predictions.transform.LayerNorm.bias', 'cls.predictions.transform.dense.bias', 'cls.predictions.decoder.weight', 'cls.predictions.transform.dense.weight', 'cls.predictions.decoder.bias', 'cls.predictions.bias', 'cls.predictions.transform.LayerNorm.weight']
- This IS expected if you are initializing BertForTokenClassification from the checkpoint of a model trained on another task or with another architecture (e.g. initializing a BertForSequenceClassification model from a BertForPreTraining model).
- This IS NOT expected if you are initializing BertForTokenClassification from the checkpoint of a model that you expect to be exactly identical (initializing a BertForSequenceClassification model from a BertForSequenceClassification model).
Some weights of BertForTokenClassification were not initialized from the model checkpoint at m3rg-iitd/matscibert and are newly initialized: ['classifier.weight', 'classifier.bias']
You should probably TRAIN this model on a down-stream task to be able to use it for predictions and inference.
using device: cuda
24 511 546
['I-APL', 'I-CMT', 'I-DSC', 'I-MAT', 'I-PRO', 'I-SMT', 'I-SPL', 'O']
training_time:0.12077903747558594
loss:2.1780872344970703
training_time:0.07511544227600098
loss:0.8387829065322876
training_time:0.06316804885864258
loss:0.6505533456802368
training_time:0.062072038650512695
loss:0.44481420516967773
{'APL': 4.2105263157894735, 'CMT': 14.814814814814817, 'DSC': 0.0, 'MAT': 2.5, 'PRO': 0.2702702702702703, 'SMT': 2.547770700636943, 'SPL': 5.47945205479452, 'macro_f1': 0.04260404879472289, 'micro_f1': 0.02722772277227723}
training_time:0.06068611145019531
loss:0.32048431038856506
{'APL': 16.666666666666664, 'CMT': 34.385964912280706, 'DSC': 8.610567514677104, 'MAT': 25.03097893432466, 'PRO': 4.8309178743961345, 'SMT': 15.544041450777202, 'SPL': 34.34343434343434, 'macro_f1': 0.1991608167093669, 'micro_f1': 0.16474464579901155}
training_time:0.06677460670471191
loss:0.2948722541332245
{'APL': 35.195530726256976, 'CMT': 45.962732919254655, 'DSC': 18.269230769230766, 'MAT': 37.9690949227373, 'PRO': 15.098468271334792, 'SMT': 21.49532710280374, 'SPL': 32.432432432432435, 'macro_f1': 0.29488973877721525, 'micro_f1': 0.27602203537257175}
training_time:0.07505416870117188
loss:0.12607835233211517
{'APL': 33.9622641509434, 'CMT': 51.07692307692307, 'DSC': 24.961948249619482, 'MAT': 36.050516647531566, 'PRO': 15.18987341772152, 'SMT': 22.222222222222225, 'SPL': 34.862385321100916, 'macro_f1': 0.31189447583723173, 'micro_f1': 0.2882615156017831}
training_time:0.08211755752563477
loss:0.07121974229812622
{'APL': 37.27810650887574, 'CMT': 55.907780979827095, 'DSC': 32.83582089552239, 'MAT': 35.879629629629626, 'PRO': 18.2648401826484, 'SMT': 26.294820717131472, 'SPL': 41.935483870967744, 'macro_f1': 0.3548521182637178, 'micro_f1': 0.3251342945999435}
training_time:0.0625302791595459
loss:0.03717166930437088
{'APL': 39.528023598820056, 'CMT': 59.55056179775282, 'DSC': 35.816993464052295, 'MAT': 34.80333730631705, 'PRO': 19.630484988452658, 'SMT': 30.0, 'SPL': 44.62809917355372, 'macro_f1': 0.37708214332706935, 'micro_f1': 0.34212002243409984}
training_time:0.07679939270019531
loss:0.021010689437389374
{'APL': 42.10526315789474, 'CMT': 58.22102425876011, 'DSC': 36.0613810741688, 'MAT': 32.068543451652396, 'PRO': 19.5852534562212, 'SMT': 35.17241379310345, 'SPL': 47.05882352941176, 'macro_f1': 0.38610386103030353, 'micro_f1': 0.3432711061577041}
training_time:0.06606030464172363
loss:0.014112667180597782
{'APL': 44.38040345821325, 'CMT': 58.666666666666664, 'DSC': 36.04060913705584, 'MAT': 31.578947368421044, 'PRO': 20.861678004535147, 'SMT': 35.99999999999999, 'SPL': 49.18032786885245, 'macro_f1': 0.39529804643392064, 'micro_f1': 0.3492150922610851}
training_time:0.07305049896240234
loss:0.010378215461969376
{'APL': 45.714285714285715, 'CMT': 58.730158730158735, 'DSC': 37.577255871446226, 'MAT': 33.41404358353511, 'PRO': 22.569832402234642, 'SMT': 35.6687898089172, 'SPL': 48.387096774193544, 'macro_f1': 0.40294494697824457, 'micro_f1': 0.3614718614718615}
training_time:0.07038283348083496
loss:0.007569959387183189
{'APL': 49.717514124293785, 'CMT': 57.89473684210527, 'DSC': 39.32038834951456, 'MAT': 34.57382953181272, 'PRO': 23.32233223322332, 'SMT': 37.460317460317455, 'SPL': 47.61904761904761, 'macro_f1': 0.41415452308616385, 'micro_f1': 0.3736968724939856}
training_time:0.07531952857971191
loss:0.007550218608230352
{'APL': 50.27624309392266, 'CMT': 58.85416666666667, 'DSC': 41.31455399061033, 'MAT': 34.96503496503497, 'PRO': 25.559105431309902, 'SMT': 39.0092879256966, 'SPL': 48.78048780487805, 'macro_f1': 0.4267983998258845, 'micro_f1': 0.3868784170788857}
training_time:0.07733774185180664
loss:0.004875871818512678
{'APL': 52.07756232686981, 'CMT': 58.85416666666667, 'DSC': 39.76744186046511, 'MAT': 36.23853211009174, 'PRO': 26.666666666666668, 'SMT': 40.36697247706422, 'SPL': 49.999999999999986, 'macro_f1': 0.4342447744397488, 'micro_f1': 0.3914609053497942}
training_time:0.07674551010131836
loss:0.0044393655844032764
{'APL': 51.79063360881542, 'CMT': 61.05263157894737, 'DSC': 39.63963963963965, 'MAT': 36.07666290868095, 'PRO': 28.630278063851698, 'SMT': 41.56626506024096, 'SPL': 48.387096774193544, 'macro_f1': 0.4387760109062423, 'micro_f1': 0.3974651457541191}
training_time:0.08064746856689453
loss:0.004515198990702629
training_time:0.057700395584106445
loss:0.0046473038382828236
training_time:0.06547355651855469
loss:0.0044973259791731834
{'APL': 52.63157894736842, 'CMT': 62.03208556149733, 'DSC': 37.67798466593648, 'MAT': 37.21973094170403, 'PRO': 29.77867203219316, 'SMT': 43.07692307692308, 'SPL': 47.933884297520656, 'macro_f1': 0.44335837074734735, 'micro_f1': 0.3993940924009088}
training_time:0.0864715576171875
loss:0.0044174096547067165
{'APL': 53.84615384615385, 'CMT': 61.70212765957446, 'DSC': 36.72131147540984, 'MAT': 37.76536312849162, 'PRO': 31.274900398406373, 'SMT': 43.07692307692308, 'SPL': 46.666666666666664, 'macro_f1': 0.44436206607375134, 'micro_f1': 0.40221495091870124}
training_time:0.08483529090881348
loss:0.003837652737274766
training_time:0.06540369987487793
loss:0.00252544111572206
training_time:0.06148219108581543
loss:0.0032233232632279396
training_time:0.06342816352844238
loss:0.004373698960989714
training_time:0.0641484260559082
loss:0.0059771244414150715
training_time:0.06462740898132324
loss:0.0029504229314625263
training_time:0.06370234489440918
loss:0.0036674588918685913
training_time:0.06015920639038086
loss:0.0035122365225106478
training_time:0.06115317344665527
loss:0.003596050199121237
{'APL': 54.65116279069767, 'CMT': 61.096605744125334, 'DSC': 36.79342240493319, 'MAT': 38.79310344827586, 'PRO': 34.04255319148936, 'SMT': 45.31722054380665, 'SPL': 40.98360655737705, 'macro_f1': 0.44525382097243593, 'micro_f1': 0.4111786148238153}
training_time:0.07775282859802246
loss:0.0025974579621106386
{'APL': 54.65116279069767, 'CMT': 61.61879895561357, 'DSC': 36.99897225077081, 'MAT': 38.96663078579117, 'PRO': 34.3297974927676, 'SMT': 45.45454545454546, 'SPL': 42.97520661157025, 'macro_f1': 0.4499930204882236, 'micro_f1': 0.4138936118532912}
{'APL': 55.04087193460491, 'CMT': 61.835748792270536, 'DSC': 37.84822286263208, 'MAT': 40.66797642436149, 'PRO': 33.72835004557885, 'SMT': 49.608355091383814, 'SPL': 43.74999999999999, 'macro_f1': 0.4606850359297595, 'micro_f1': 0.4231115107913669}
