06/01/2023 02:41:38 - INFO - __main__ - Distributed environment: NO
Num processes: 1
Process index: 0
Local process index: 0
Device: cuda

Mixed precision type: no

06/01/2023 02:41:39 - WARNING - datasets.builder - Found cached dataset json (/home/liwentao/.cache/huggingface/datasets/json/default-0af7def6dc20224d/0.0.0/0f7e3662623656454fcd2b650f34e886a7db4b9104504885bd462096cc7a9f51)
  0%|          | 0/2 [00:00<?, ?it/s]100%|██████████| 2/2 [00:00<00:00, 1115.51it/s]
loading configuration file config.json from cache at /home/liwentao/.cache/huggingface/hub/models--pranav-s--MaterialsBERT/snapshots/8a7378e9cdeae17fb808482ae367e4bd995fe223/config.json
Model config BertConfig {
  "_name_or_path": "pranav-s/MaterialsBERT",
  "architectures": [
    "BertForMaskedLM"
  ],
  "attention_probs_dropout_prob": 0.1,
  "classifier_dropout": null,
  "hidden_act": "gelu",
  "hidden_dropout_prob": 0.1,
  "hidden_size": 768,
  "initializer_range": 0.02,
  "intermediate_size": 3072,
  "layer_norm_eps": 1e-12,
  "max_position_embeddings": 512,
  "model_type": "bert",
  "num_attention_heads": 12,
  "num_hidden_layers": 12,
  "pad_token_id": 0,
  "position_embedding_type": "absolute",
  "torch_dtype": "float32",
  "transformers_version": "4.27.1",
  "type_vocab_size": 2,
  "use_cache": true,
  "vocab_size": 30522
}

Could not locate the tokenizer configuration file, will try to use the model config instead.
loading configuration file config.json from cache at /home/liwentao/.cache/huggingface/hub/models--pranav-s--MaterialsBERT/snapshots/8a7378e9cdeae17fb808482ae367e4bd995fe223/config.json
Model config BertConfig {
  "_name_or_path": "pranav-s/MaterialsBERT",
  "architectures": [
    "BertForMaskedLM"
  ],
  "attention_probs_dropout_prob": 0.1,
  "classifier_dropout": null,
  "hidden_act": "gelu",
  "hidden_dropout_prob": 0.1,
  "hidden_size": 768,
  "initializer_range": 0.02,
  "intermediate_size": 3072,
  "layer_norm_eps": 1e-12,
  "max_position_embeddings": 512,
  "model_type": "bert",
  "num_attention_heads": 12,
  "num_hidden_layers": 12,
  "pad_token_id": 0,
  "position_embedding_type": "absolute",
  "torch_dtype": "float32",
  "transformers_version": "4.27.1",
  "type_vocab_size": 2,
  "use_cache": true,
  "vocab_size": 30522
}

loading file vocab.txt from cache at /home/liwentao/.cache/huggingface/hub/models--pranav-s--MaterialsBERT/snapshots/8a7378e9cdeae17fb808482ae367e4bd995fe223/vocab.txt
loading file tokenizer.json from cache at None
loading file added_tokens.json from cache at None
loading file special_tokens_map.json from cache at None
loading file tokenizer_config.json from cache at None
loading configuration file config.json from cache at /home/liwentao/.cache/huggingface/hub/models--pranav-s--MaterialsBERT/snapshots/8a7378e9cdeae17fb808482ae367e4bd995fe223/config.json
Model config BertConfig {
  "_name_or_path": "pranav-s/MaterialsBERT",
  "architectures": [
    "BertForMaskedLM"
  ],
  "attention_probs_dropout_prob": 0.1,
  "classifier_dropout": null,
  "hidden_act": "gelu",
  "hidden_dropout_prob": 0.1,
  "hidden_size": 768,
  "initializer_range": 0.02,
  "intermediate_size": 3072,
  "layer_norm_eps": 1e-12,
  "max_position_embeddings": 512,
  "model_type": "bert",
  "num_attention_heads": 12,
  "num_hidden_layers": 12,
  "pad_token_id": 0,
  "position_embedding_type": "absolute",
  "torch_dtype": "float32",
  "transformers_version": "4.27.1",
  "type_vocab_size": 2,
  "use_cache": true,
  "vocab_size": 30522
}

loading configuration file config.json from cache at /home/liwentao/.cache/huggingface/hub/models--pranav-s--MaterialsBERT/snapshots/8a7378e9cdeae17fb808482ae367e4bd995fe223/config.json
Model config BertConfig {
  "_name_or_path": "pranav-s/MaterialsBERT",
  "architectures": [
    "BertForMaskedLM"
  ],
  "attention_probs_dropout_prob": 0.1,
  "classifier_dropout": null,
  "hidden_act": "gelu",
  "hidden_dropout_prob": 0.1,
  "hidden_size": 768,
  "initializer_range": 0.02,
  "intermediate_size": 3072,
  "layer_norm_eps": 1e-12,
  "max_position_embeddings": 512,
  "model_type": "bert",
  "num_attention_heads": 12,
  "num_hidden_layers": 12,
  "pad_token_id": 0,
  "position_embedding_type": "absolute",
  "torch_dtype": "float32",
  "transformers_version": "4.27.1",
  "type_vocab_size": 2,
  "use_cache": true,
  "vocab_size": 30522
}

loading weights file pytorch_model.bin from cache at /home/liwentao/.cache/huggingface/hub/models--pranav-s--MaterialsBERT/snapshots/8a7378e9cdeae17fb808482ae367e4bd995fe223/pytorch_model.bin
Generate config GenerationConfig {
  "_from_model_config": true,
  "pad_token_id": 0,
  "transformers_version": "4.27.1"
}

All model checkpoint weights were used when initializing BertForMaskedLM.

All the weights of BertForMaskedLM were initialized from the model checkpoint at pranav-s/MaterialsBERT.
If your task is similar to the task the model of the checkpoint was trained on, you can already use BertForMaskedLM for predictions without further training.
Generation config file not found, using a generation config created from the model config.
Loading label map from scripts/matsciner/final_verbalizer.json...
{'I-CMT': ['electron', 'diffraction', 'microscopy', 'spectroscopy', 'scanning', 'raman', 'transmission', 'test', 'neutron'], 'I-MAT': ['oxide', 'silicon', 'carbon', 'graphene', 'aluminum', 'titanium', 'steel', 'oxides'], 'I-DSC': ['films', 'doped', 'thin', 'film', 'alloy', 'substrate', 'layer', 'single', 'alloys'], 'I-PRO': ['properties', 'structure', 'magnetic', 'band', 'conductivity', 'resistance', 'density', 'behavior', 'electrical'], 'I-SMT': ['annealing', 'gel', 'plasma', 'hydrothermal', 'annealed', 'sol', 'treatment', 'irradiation', 'vapor'], 'I-APL': ['coatings', 'coating', 'solar', 'cells', 'electrode', 'applications', 'electrodes', 'catalysts', 'cathode'], 'I-SPL': ['cubic', 'hexagonal', 'rock', 'ch']}
{'O': 0, 'I-CMT': 1, 'I-MAT': 2, 'I-DSC': 3, 'I-PRO': 4, 'I-SMT': 5, 'I-APL': 6, 'I-SPL': 7, 'B-CMT': 8, 'B-MAT': 9, 'B-DSC': 10, 'B-PRO': 11, 'B-SMT': 12, 'B-APL': 13, 'B-SPL': 14}
{'I-CMT': ['electron', 'diffraction', 'microscopy', 'spectroscopy', 'scanning', 'raman', 'transmission', 'test', 'neutron'], 'I-MAT': ['oxide', 'silicon', 'carbon', 'graphene', 'aluminum', 'titanium', 'steel', 'oxides'], 'I-DSC': ['films', 'doped', 'thin', 'film', 'alloy', 'substrate', 'layer', 'single', 'alloys'], 'I-PRO': ['properties', 'structure', 'magnetic', 'band', 'conductivity', 'resistance', 'density', 'behavior', 'electrical'], 'I-SMT': ['annealing', 'gel', 'plasma', 'hydrothermal', 'annealed', 'sol', 'treatment', 'irradiation', 'vapor'], 'I-APL': ['coatings', 'coating', 'solar', 'cells', 'electrode', 'applications', 'electrodes', 'catalysts', 'cathode'], 'I-SPL': ['cubic', 'hexagonal', 'rock', 'ch']}
Running tokenizer on dataset:   0%|          | 0/21 [00:00<?, ? examples/s]                                                                           Running tokenizer on dataset:   0%|          | 0/546 [00:00<?, ? examples/s]                                                                            /home/liwentao/Dec-Tuning-in-Mat/train_transformer.py:548: FutureWarning: load_metric is deprecated and will be removed in the next major version of datasets. Use 'evaluate.load' instead, from the new library 🤗 Evaluate: https://huggingface.co/docs/evaluate
  metric = load_metric("./seqeval_metric.py")
06/01/2023 02:41:57 - INFO - __main__ - ***** Running training *****
06/01/2023 02:41:57 - INFO - __main__ -   Num examples = 21
06/01/2023 02:41:57 - INFO - __main__ -   Num Epochs = 10
06/01/2023 02:41:57 - INFO - __main__ -   Instantaneous batch size per device = 32
06/01/2023 02:41:57 - INFO - __main__ -   Total train batch size (w. parallel, distributed & accumulation) = 32
06/01/2023 02:41:57 - INFO - __main__ -   Gradient Accumulation steps = 1
06/01/2023 02:41:57 - INFO - __main__ -   Total optimization steps = 10
tensor([1, 1, 1, 1, 1, 1, 1], device='cuda:0')
  0%|          | 0/10 [00:00<?, ?it/s] 10%|█         | 1/10 [00:00<00:01,  7.39it/s] 20%|██        | 2/10 [00:00<00:00,  8.13it/s] 30%|███       | 3/10 [00:00<00:00,  8.60it/s] 40%|████      | 4/10 [00:00<00:00,  8.86it/s] 50%|█████     | 5/10 [00:00<00:00,  9.02it/s] 60%|██████    | 6/10 [00:00<00:00,  9.12it/s] 70%|███████   | 7/10 [00:00<00:00,  9.18it/s] 80%|████████  | 8/10 [00:00<00:00,  9.22it/s] 90%|█████████ | 9/10 [00:01<00:00,  9.25it/s]100%|██████████| 10/10 [00:01<00:00,  9.26it/s]/home/liwentao/miniconda3/envs/py38/lib/python3.8/site-packages/seqeval/metrics/v1.py:57: UndefinedMetricWarning: Precision and F-score are ill-defined and being set to 0.0 in labels with no predicted samples. Use `zero_division` parameter to control this behavior.
  _warn_prf(average, modifier, msg_start, len(result))
Configuration saved in models/matsciner-fewshot-test/config.json
Configuration saved in models/matsciner-fewshot-test/generation_config.json
Model weights saved in models/matsciner-fewshot-test/pytorch_model.bin
tokenizer config file saved in models/matsciner-fewshot-test/tokenizer_config.json
Special tokens file saved in models/matsciner-fewshot-test/special_tokens_map.json
100%|██████████| 10/10 [00:05<00:00,  1.99it/s]
Decoding time: 2.1671392917633057s
APL_precision: 0.0, APL_recall: 0.0, APL_f1: 0.0, APL_number: 170
CMT_precision: 0.0, CMT_recall: 0.0, CMT_f1: 0.0, CMT_number: 195
DSC_precision: 0.0, DSC_recall: 0.0, DSC_f1: 0.0, DSC_number: 437
MAT_precision: 0.0, MAT_recall: 0.0, MAT_f1: 0.0, MAT_number: 682
PRO_precision: 0.0, PRO_recall: 0.0, PRO_f1: 0.0, PRO_number: 771
SMT_precision: 0.0, SMT_recall: 0.0, SMT_f1: 0.0, SMT_number: 171
SPL_precision: 0.024429967426710098, SPL_recall: 0.6, SPL_f1: 0.046948356807511735, SPL_number: 75
overall_precision: 0.024429967426710098, overall_recall: 0.01799280287884846, overall_f1: 0.02072300253281142, overall_accuracy: 0.6655707240368809
Finish training, best metric: 
{'APL_precision': 0.0, 'APL_recall': 0.0, 'APL_f1': 0.0, 'APL_number': 170, 'CMT_precision': 0.0, 'CMT_recall': 0.0, 'CMT_f1': 0.0, 'CMT_number': 195, 'DSC_precision': 0.0, 'DSC_recall': 0.0, 'DSC_f1': 0.0, 'DSC_number': 437, 'MAT_precision': 0.0, 'MAT_recall': 0.0, 'MAT_f1': 0.0, 'MAT_number': 682, 'PRO_precision': 0.0, 'PRO_recall': 0.0, 'PRO_f1': 0.0, 'PRO_number': 771, 'SMT_precision': 0.0, 'SMT_recall': 0.0, 'SMT_f1': 0.0, 'SMT_number': 171, 'SPL_precision': 0.024429967426710098, 'SPL_recall': 0.6, 'SPL_f1': 0.046948356807511735, 'SPL_number': 75, 'overall_precision': 0.024429967426710098, 'overall_recall': 0.01799280287884846, 'overall_f1': 0.02072300253281142, 'overall_accuracy': 0.6655707240368809}
