Some weights of the model checkpoint at m3rg-iitd/matscibert were not used when initializing BertForTokenClassification: ['cls.predictions.decoder.weight', 'cls.predictions.transform.LayerNorm.weight', 'cls.predictions.transform.LayerNorm.bias', 'cls.predictions.transform.dense.weight', 'cls.predictions.decoder.bias', 'cls.predictions.transform.dense.bias', 'cls.predictions.bias']
- This IS expected if you are initializing BertForTokenClassification from the checkpoint of a model trained on another task or with another architecture (e.g. initializing a BertForSequenceClassification model from a BertForPreTraining model).
- This IS NOT expected if you are initializing BertForTokenClassification from the checkpoint of a model that you expect to be exactly identical (initializing a BertForSequenceClassification model from a BertForSequenceClassification model).
Some weights of BertForTokenClassification were not initialized from the model checkpoint at m3rg-iitd/matscibert and are newly initialized: ['classifier.bias', 'classifier.weight']
You should probably TRAIN this model on a down-stream task to be able to use it for predictions and inference.
using device: cuda
14 511 546
['I-APL', 'I-CMT', 'I-DSC', 'I-MAT', 'I-PRO', 'I-SMT', 'I-SPL', 'O']
training_time:0.1422133445739746
loss:2.215894937515259
training_time:0.05864572525024414
loss:0.751596212387085
training_time:0.047807931900024414
loss:0.5853311419487
training_time:0.047345876693725586
loss:0.4584284722805023
{'APL': 0.0, 'CMT': 0.0, 'DSC': 0.0, 'MAT': 0.31746031746031744, 'PRO': 0.0, 'SMT': 0.0, 'SPL': 0.0, 'macro_f1': 0.0004535147392290249, 'micro_f1': 0.0008598452278589854}
training_time:0.06499290466308594
loss:0.33066150546073914
{'APL': 14.652014652014653, 'CMT': 10.42654028436019, 'DSC': 0.0, 'MAT': 16.915422885572138, 'PRO': 1.7879948914431676, 'SMT': 0.0, 'SPL': 8.21917808219178, 'macro_f1': 0.07428735827940276, 'micro_f1': 0.08083055246570264}
training_time:0.0672922134399414
loss:0.21047811210155487
{'APL': 10.2803738317757, 'CMT': 29.045643153526974, 'DSC': 1.3953488372093024, 'MAT': 17.08945260347129, 'PRO': 4.066073697585769, 'SMT': 0.0, 'SPL': 17.948717948717952, 'macro_f1': 0.11403658581755284, 'micro_f1': 0.10295230885692656}
training_time:0.06303691864013672
loss:0.11711814999580383
{'APL': 8.91089108910891, 'CMT': 38.75432525951557, 'DSC': 1.7660044150110374, 'MAT': 14.794520547945206, 'PRO': 5.5, 'SMT': 0.0, 'SPL': 25.287356321839077, 'macro_f1': 0.13573299661917113, 'micro_f1': 0.11534195933456562}
training_time:0.05589151382446289
loss:0.10181370377540588
{'APL': 19.083969465648856, 'CMT': 37.13527851458886, 'DSC': 2.1238938053097343, 'MAT': 24.36548223350254, 'PRO': 10.635838150289016, 'SMT': 12.34567901234568, 'SPL': 37.28813559322034, 'macro_f1': 0.20425468110700717, 'micro_f1': 0.17532674529805545}
training_time:0.06030893325805664
loss:0.06278711557388306
{'APL': 19.78021978021978, 'CMT': 37.40259740259741, 'DSC': 5.466237942122187, 'MAT': 37.65501691093574, 'PRO': 11.283185840707963, 'SMT': 22.93577981651376, 'SPL': 39.097744360902254, 'macro_f1': 0.24802968864857014, 'micro_f1': 0.22501461133839862}
training_time:0.0576016902923584
loss:0.038992591202259064
training_time:0.06472444534301758
loss:0.014309477061033249
training_time:0.05940961837768555
loss:0.012378023937344551
training_time:0.060769081115722656
loss:0.007173571269959211
training_time:0.057976722717285156
loss:0.00816143024712801
training_time:0.06132769584655762
loss:0.005131135694682598
training_time:0.07129573822021484
loss:0.004356127232313156
{'APL': 9.523809523809524, 'CMT': 42.69005847953217, 'DSC': 5.039370078740158, 'MAT': 38.91891891891892, 'PRO': 5.223880597014926, 'SMT': 19.900497512437813, 'SPL': 53.73134328358209, 'macro_f1': 0.25003982627719373, 'micro_f1': 0.2198142414860681}
training_time:0.06470203399658203
loss:0.0020484637934714556
{'APL': 9.374999999999998, 'CMT': 45.27220630372493, 'DSC': 5.8551617873651765, 'MAT': 39.61248654467169, 'PRO': 5.185185185185186, 'SMT': 19.70443349753695, 'SPL': 55.474452554744516, 'macro_f1': 0.2578270369617549, 'micro_f1': 0.22636892015907006}
training_time:0.06529855728149414
loss:0.002246016403660178
{'APL': 10.256410256410257, 'CMT': 44.81792717086835, 'DSC': 6.363636363636364, 'MAT': 40.42780748663102, 'PRO': 5.804111245465538, 'SMT': 19.70443349753695, 'SPL': 56.11510791366906, 'macro_f1': 0.2621277627631679, 'micro_f1': 0.23100120627261758}
training_time:0.06843113899230957
loss:0.001929484773427248
{'APL': 10.050251256281408, 'CMT': 45.90163934426229, 'DSC': 6.845238095238096, 'MAT': 40.84656084656084, 'PRO': 6.658739595719382, 'SMT': 21.256038647342997, 'SPL': 55.94405594405595, 'macro_f1': 0.2678607481849442, 'micro_f1': 0.23717758671805517}
training_time:0.07970046997070312
loss:0.0014584000455215573
{'APL': 11.822660098522167, 'CMT': 45.28301886792453, 'DSC': 7.703703703703704, 'MAT': 41.79728317659352, 'PRO': 6.8476977567886665, 'SMT': 22.857142857142858, 'SPL': 55.17241379310344, 'macro_f1': 0.2735484575053984, 'micro_f1': 0.24354460093896713}
training_time:0.07681655883789062
loss:0.0014484213897958398
{'APL': 11.822660098522167, 'CMT': 45.62334217506631, 'DSC': 7.929515418502203, 'MAT': 42.35537190082645, 'PRO': 7.906976744186046, 'SMT': 23.696682464454977, 'SPL': 54.794520547945204, 'macro_f1': 0.2773272419278619, 'micro_f1': 0.248984329657574}
training_time:0.06086230278015137
loss:0.0013431430561468005
{'APL': 12.560386473429952, 'CMT': 44.67532467532467, 'DSC': 8.187134502923975, 'MAT': 43.73716632443532, 'PRO': 7.897793263646921, 'SMT': 23.809523809523807, 'SPL': 55.17241379310344, 'macro_f1': 0.2800567754891258, 'micro_f1': 0.2533179457587998}
training_time:0.06284451484680176
loss:0.001215749653056264
{'APL': 12.560386473429952, 'CMT': 44.845360824742265, 'DSC': 8.746355685131194, 'MAT': 44.12665985699694, 'PRO': 8.342989571263036, 'SMT': 23.809523809523807, 'SPL': 55.55555555555556, 'macro_f1': 0.28283833110948964, 'micro_f1': 0.2571182053494392}
training_time:0.06064963340759277
loss:0.000989154097624123
{'APL': 12.560386473429952, 'CMT': 44.61538461538462, 'DSC': 8.746355685131194, 'MAT': 44.39918533604888, 'PRO': 8.275862068965518, 'SMT': 23.923444976076556, 'SPL': 55.94405594405595, 'macro_f1': 0.2835209644272752, 'micro_f1': 0.2575279609979925}
training_time:0.058443546295166016
loss:0.0010335263796150684
{'APL': 12.560386473429952, 'CMT': 44.38775510204082, 'DSC': 8.72093023255814, 'MAT': 44.71544715447154, 'PRO': 8.486238532110091, 'SMT': 23.809523809523807, 'SPL': 55.94405594405595, 'macro_f1': 0.2837490532117004, 'micro_f1': 0.2585812356979405}
training_time:0.059905290603637695
loss:0.0008198449504561722
training_time:0.057872772216796875
loss:0.000797980057541281
training_time:0.059461355209350586
loss:0.000793832412455231
training_time:0.058074235916137695
loss:0.0007735766121186316
training_time:0.05804443359375
loss:0.0007629377068951726
{'APL': 14.847161572052403, 'CMT': 44.655581947743464, 'DSC': 8.695652173913043, 'MAT': 45.06517690875233, 'PRO': 8.611410118406889, 'SMT': 23.904382470119522, 'SPL': 56.774193548387096, 'macro_f1': 0.28936222677053536, 'micro_f1': 0.2629776021080369}
