usage: bert_ner_raw.py [-h] [--label_schema LABEL_SCHEMA]
                       [--model_name {scibert,matscibert,bert}]
                       [--model_save_dir MODEL_SAVE_DIR]
                       [--preds_save_dir PREDS_SAVE_DIR]
                       [--cache_dir CACHE_DIR] [--seed SEED]
                       [--weight_decay WEIGHT_DECAY] [--shot SHOT]
                       [--lm_lrs LM_LRS] [--non_lm_lr NON_LM_LR]
                       [--architecture {bert,bert-crf,bert-bilstm-crf}]
                       [--dataset_name {sofc,sofc_slot,matscholar}]
                       [--fold_num FOLD_NUM] [--hidden_dim HIDDEN_DIM]
bert_ner_raw.py: error: unrecognized arguments: --device 1
using device: cuda
Some weights of the model checkpoint at /home/liwentao/learn/DecT_Mat_NER/model were not used when initializing BertForTokenClassification: ['cls.predictions.decoder.weight', 'cls.predictions.transform.dense.weight', 'cls.predictions.decoder.bias', 'cls.predictions.bias', 'cls.predictions.transform.LayerNorm.weight', 'cls.predictions.transform.dense.bias', 'cls.predictions.transform.LayerNorm.bias']
- This IS expected if you are initializing BertForTokenClassification from the checkpoint of a model trained on another task or with another architecture (e.g. initializing a BertForSequenceClassification model from a BertForPreTraining model).
- This IS NOT expected if you are initializing BertForTokenClassification from the checkpoint of a model that you expect to be exactly identical (initializing a BertForSequenceClassification model from a BertForSequenceClassification model).
Some weights of BertForTokenClassification were not initialized from the model checkpoint at /home/liwentao/learn/DecT_Mat_NER/model and are newly initialized: ['classifier.weight', 'classifier.bias']
You should probably TRAIN this model on a down-stream task to be able to use it for predictions and inference.
using device: cuda
5 511 546
['I-APL', 'I-CMT', 'I-DSC', 'I-MAT', 'I-PRO', 'I-SMT', 'I-SPL', 'O']
ModuleList(
  (0): BertLayer(
    (attention): BertAttention(
      (self): BertSelfAttention(
        (query): Linear(in_features=768, out_features=768, bias=True)
        (key): Linear(in_features=768, out_features=768, bias=True)
        (value): Linear(in_features=768, out_features=768, bias=True)
        (dropout): Dropout(p=0.1, inplace=False)
      )
      (output): BertSelfOutput(
        (dense): Linear(in_features=768, out_features=768, bias=True)
        (LayerNorm): LayerNorm((768,), eps=1e-12, elementwise_affine=True)
        (dropout): Dropout(p=0.1, inplace=False)
      )
    )
    (intermediate): BertIntermediate(
      (dense): Linear(in_features=768, out_features=3072, bias=True)
      (intermediate_act_fn): GELUActivation()
    )
    (output): BertOutput(
      (dense): Linear(in_features=3072, out_features=768, bias=True)
      (LayerNorm): LayerNorm((768,), eps=1e-12, elementwise_affine=True)
      (dropout): Dropout(p=0.1, inplace=False)
    )
  )
  (1): BertLayer(
    (attention): BertAttention(
      (self): BertSelfAttention(
        (query): Linear(in_features=768, out_features=768, bias=True)
        (key): Linear(in_features=768, out_features=768, bias=True)
        (value): Linear(in_features=768, out_features=768, bias=True)
        (dropout): Dropout(p=0.1, inplace=False)
      )
      (output): BertSelfOutput(
        (dense): Linear(in_features=768, out_features=768, bias=True)
        (LayerNorm): LayerNorm((768,), eps=1e-12, elementwise_affine=True)
        (dropout): Dropout(p=0.1, inplace=False)
      )
    )
    (intermediate): BertIntermediate(
      (dense): Linear(in_features=768, out_features=3072, bias=True)
      (intermediate_act_fn): GELUActivation()
    )
    (output): BertOutput(
      (dense): Linear(in_features=3072, out_features=768, bias=True)
      (LayerNorm): LayerNorm((768,), eps=1e-12, elementwise_affine=True)
      (dropout): Dropout(p=0.1, inplace=False)
    )
  )
)
training_time:0.1664257049560547
loss:2.231577157974243
{'APL': 0.0, 'CMT': 0.0, 'DSC': 0.0, 'MAT': 0.0, 'PRO': 0.0, 'SMT': 0.0, 'SPL': 0.0, 'macro_f1': 0.0, 'micro_f1': 0}
training_time:0.05352973937988281
loss:0.7035788297653198
{'APL': 0.0, 'CMT': 0.0, 'DSC': 0.0, 'MAT': 0.0, 'PRO': 0.0, 'SMT': 0.0, 'SPL': 0.0, 'macro_f1': 0.0, 'micro_f1': 0}
training_time:0.05375075340270996
loss:0.5723685026168823
{'APL': 0.0, 'CMT': 0.0, 'DSC': 0.0, 'MAT': 0.0, 'PRO': 0.0, 'SMT': 0.0, 'SPL': 0.0, 'macro_f1': 0.0, 'micro_f1': 0}
training_time:0.05374264717102051
loss:0.38252177834510803
{'APL': 0.0, 'CMT': 0.0, 'DSC': 0.0, 'MAT': 0.0, 'PRO': 0.0, 'SMT': 0.0, 'SPL': 0.0, 'macro_f1': 0.0, 'micro_f1': 0}
training_time:0.06266140937805176
loss:0.25976186990737915
{'APL': 0.0, 'CMT': 0.0, 'DSC': 0.0, 'MAT': 0.0, 'PRO': 0.0, 'SMT': 0.0, 'SPL': 0.0, 'macro_f1': 0.0, 'micro_f1': 0}
training_time:0.05242657661437988
loss:0.1904200315475464
{'APL': 0.0, 'CMT': 0.0, 'DSC': 0.0, 'MAT': 0.0, 'PRO': 0.0, 'SMT': 1.1627906976744187, 'SPL': 2.631578947368421, 'macro_f1': 0.005420528064346913, 'micro_f1': 0.0015987210231814548}
training_time:0.052618980407714844
loss:0.13075163960456848
{'APL': 0.0, 'CMT': 0.0, 'DSC': 0.0, 'MAT': 0.2932551319648094, 'PRO': 0.0, 'SMT': 1.1560693641618498, 'SPL': 2.631578947368421, 'macro_f1': 0.0058298620621358285, 'micro_f1': 0.0023952095808383233}
training_time:0.052561283111572266
loss:0.08162494003772736
{'APL': 0.0, 'CMT': 0.0, 'DSC': 0.0, 'MAT': 0.5856515373352855, 'PRO': 0.0, 'SMT': 1.1560693641618498, 'SPL': 5.194805194805195, 'macro_f1': 0.009909322994717614, 'micro_f1': 0.003990422984836392}
training_time:0.05462169647216797
loss:0.04857102409005165
{'APL': 0.0, 'CMT': 0.0, 'DSC': 0.0, 'MAT': 0.8771929824561403, 'PRO': 0.0, 'SMT': 1.1560693641618498, 'SPL': 5.194805194805195, 'macro_f1': 0.010325810773461692, 'micro_f1': 0.004788507581803672}
training_time:0.05242037773132324
loss:0.03088751621544361
{'APL': 0.0, 'CMT': 0.0, 'DSC': 0.0, 'MAT': 0.8771929824561403, 'PRO': 0.0, 'SMT': 1.1560693641618498, 'SPL': 5.194805194805195, 'macro_f1': 0.010325810773461692, 'micro_f1': 0.004788507581803672}
training_time:0.05273294448852539
loss:0.023697584867477417
{'APL': 0.0, 'CMT': 0.0, 'DSC': 0.0, 'MAT': 0.8771929824561403, 'PRO': 0.0, 'SMT': 0.0, 'SPL': 5.194805194805195, 'macro_f1': 0.008674283110373337, 'micro_f1': 0.0039936102236421715}
training_time:0.05806374549865723
loss:0.018484236672520638
{'APL': 0.0, 'CMT': 1.0204081632653061, 'DSC': 0.0, 'MAT': 0.8771929824561403, 'PRO': 0.0, 'SMT': 0.0, 'SPL': 5.194805194805195, 'macro_f1': 0.010132009057895202, 'micro_f1': 0.004788507581803672}
training_time:0.057219505310058594
loss:0.014137948863208294
{'APL': 0.0, 'CMT': 1.0204081632653061, 'DSC': 0.0, 'MAT': 0.8771929824561403, 'PRO': 0.0, 'SMT': 0.0, 'SPL': 5.194805194805195, 'macro_f1': 0.010132009057895202, 'micro_f1': 0.004788507581803672}
training_time:0.05619454383850098
loss:0.011672514490783215
{'APL': 0.0, 'CMT': 1.0204081632653061, 'DSC': 0.0, 'MAT': 0.8771929824561403, 'PRO': 0.0, 'SMT': 0.0, 'SPL': 5.194805194805195, 'macro_f1': 0.010132009057895202, 'micro_f1': 0.004786597526924612}
training_time:0.05589890480041504
loss:0.008518793620169163
{'APL': 0.0, 'CMT': 1.0204081632653061, 'DSC': 0.0, 'MAT': 0.8771929824561403, 'PRO': 0.0, 'SMT': 0.0, 'SPL': 5.194805194805195, 'macro_f1': 0.010132009057895202, 'micro_f1': 0.004786597526924612}
