Has no validation dataset in datasets/agnews.

tokenizing: 0it [00:00, ?it/s]
tokenizing: 60it [00:00, 594.32it/s]
tokenizing: 64it [00:00, 594.06it/s]

tokenizing: 0it [00:00, ?it/s]
tokenizing: 57it [00:00, 569.91it/s]
tokenizing: 121it [00:00, 609.73it/s]
tokenizing: 190it [00:00, 643.00it/s]
tokenizing: 262it [00:00, 670.85it/s]
tokenizing: 331it [00:00, 673.72it/s]
tokenizing: 403it [00:00, 687.11it/s]
tokenizing: 477it [00:00, 703.36it/s]
tokenizing: 552it [00:00, 715.95it/s]
tokenizing: 630it [00:00, 733.51it/s]
tokenizing: 706it [00:01, 738.54it/s]
tokenizing: 783it [00:01, 746.86it/s]
tokenizing: 859it [00:01, 749.94it/s]
tokenizing: 937it [00:01, 757.44it/s]
tokenizing: 1013it [00:01, 724.17it/s]
tokenizing: 1092it [00:01, 740.65it/s]
tokenizing: 1175it [00:01, 764.83it/s]
tokenizing: 1258it [00:01, 782.25it/s]
tokenizing: 1341it [00:01, 792.96it/s]
tokenizing: 1421it [00:01, 781.07it/s]
tokenizing: 1503it [00:02, 791.39it/s]
tokenizing: 1583it [00:02, 449.46it/s]
tokenizing: 1666it [00:02, 522.24it/s]
tokenizing: 1753it [00:02, 596.90it/s]
tokenizing: 1837it [00:02, 652.88it/s]
tokenizing: 1914it [00:02, 671.07it/s]
tokenizing: 1998it [00:02, 714.39it/s]
tokenizing: 2083it [00:03, 749.10it/s]
tokenizing: 2168it [00:03, 776.50it/s]
tokenizing: 2252it [00:03, 792.74it/s]
tokenizing: 2336it [00:03, 806.07it/s]
tokenizing: 2420it [00:03, 815.07it/s]
tokenizing: 2507it [00:03, 828.55it/s]
tokenizing: 2591it [00:03, 824.87it/s]
tokenizing: 2677it [00:03, 833.90it/s]
tokenizing: 2763it [00:03, 840.85it/s]
tokenizing: 2850it [00:03, 846.29it/s]
tokenizing: 2935it [00:04, 846.18it/s]
tokenizing: 3022it [00:04, 852.38it/s]
tokenizing: 3110it [00:04, 854.26it/s]
tokenizing: 3198it [00:04, 860.71it/s]
tokenizing: 3285it [00:04, 850.47it/s]
tokenizing: 3371it [00:04, 852.25it/s]
tokenizing: 3458it [00:04, 855.03it/s]
tokenizing: 3544it [00:04, 855.87it/s]
tokenizing: 3633it [00:04, 864.59it/s]
tokenizing: 3723it [00:04, 872.27it/s]
tokenizing: 3813it [00:05, 878.85it/s]
tokenizing: 3903it [00:05, 882.50it/s]
tokenizing: 3992it [00:05, 836.38it/s]
tokenizing: 4081it [00:05, 849.05it/s]
tokenizing: 4171it [00:05, 861.16it/s]
tokenizing: 4258it [00:05, 859.01it/s]
tokenizing: 4347it [00:05, 865.20it/s]
tokenizing: 4436it [00:05, 870.78it/s]
tokenizing: 4524it [00:05, 873.49it/s]
tokenizing: 4615it [00:05, 883.60it/s]
tokenizing: 4704it [00:06, 881.03it/s]
tokenizing: 4793it [00:06, 881.84it/s]
tokenizing: 4882it [00:06, 878.95it/s]
tokenizing: 4970it [00:06, 876.19it/s]
tokenizing: 5059it [00:06, 877.95it/s]
tokenizing: 5151it [00:06, 889.91it/s]
tokenizing: 5241it [00:06, 886.26it/s]
tokenizing: 5330it [00:06, 887.05it/s]
tokenizing: 5419it [00:06, 887.39it/s]
tokenizing: 5508it [00:06, 885.26it/s]
tokenizing: 5598it [00:07, 887.97it/s]
tokenizing: 5688it [00:07, 889.19it/s]
tokenizing: 5778it [00:07, 890.32it/s]
tokenizing: 5869it [00:07, 894.68it/s]
tokenizing: 5959it [00:07, 891.54it/s]
tokenizing: 6049it [00:07, 756.89it/s]
tokenizing: 6137it [00:07, 787.38it/s]
tokenizing: 6224it [00:07, 809.63it/s]
tokenizing: 6311it [00:07, 826.18it/s]
tokenizing: 6396it [00:08, 823.45it/s]
tokenizing: 6484it [00:08, 839.38it/s]
tokenizing: 6573it [00:08, 851.95it/s]
tokenizing: 6667it [00:08, 876.52it/s]
tokenizing: 6760it [00:08, 890.51it/s]
tokenizing: 6850it [00:08, 881.75it/s]
tokenizing: 6939it [00:08, 874.21it/s]
tokenizing: 7027it [00:08, 872.79it/s]
tokenizing: 7117it [00:08, 879.67it/s]
tokenizing: 7210it [00:08, 892.28it/s]
tokenizing: 7303it [00:09, 902.27it/s]
tokenizing: 7395it [00:09, 906.63it/s]
tokenizing: 7487it [00:09, 908.81it/s]
tokenizing: 7580it [00:09, 914.94it/s]
tokenizing: 7600it [00:09, 810.92it/s]

tokenizing: 0it [00:00, ?it/s]
tokenizing: 1it [00:00, 1207.69it/s]
Total epoch: 30. DecT loss: 1.5189286470413208
Training time: 12.611537456512451
Dataset: agnews | Shot: 16 | Acc: 84.70
