/home/liwentao/miniconda3/envs/py38/lib/python3.8/site-packages/transformers/generation_utils.py:24: FutureWarning: Importing `GenerationMixin` from `src/transformers/generation_utils.py` is deprecated and will be removed in Transformers v5. Import as `from transformers import GenerationMixin` instead.
  warnings.warn(
05/31/2023 14:51:00 - INFO - __main__ - Distributed environment: NO
Num processes: 1
Process index: 0
Local process index: 0
Device: cuda

Mixed precision type: no

05/31/2023 14:51:03 - WARNING - datasets.builder - Found cached dataset json (/home/liwentao/.cache/huggingface/datasets/json/default-f187e4508a2c5921/0.0.0/0f7e3662623656454fcd2b650f34e886a7db4b9104504885bd462096cc7a9f51)
################## Hyper-parameters: ##################
epochs:100,lr:0.005, batch_size:4, shot:16, proto_dim:160, logits_weight:10.0, weight_decay:1e-05 
################## Hyper-parameters: ##################
shot and proto_dim
proto_dim: 128
model_logits_weight: 10
num_train_epochs: 100
  0%|          | 0/2 [00:00<?, ?it/s]100%|██████████| 2/2 [00:00<00:00, 1110.63it/s]
loading configuration file config.json from cache at /home/liwentao/.cache/huggingface/hub/models--roberta-large/snapshots/716877d372b884cad6d419d828bac6c85b3b18d9/config.json
Model config RobertaConfig {
  "_name_or_path": "roberta-large",
  "architectures": [
    "RobertaForMaskedLM"
  ],
  "attention_probs_dropout_prob": 0.1,
  "bos_token_id": 0,
  "classifier_dropout": null,
  "eos_token_id": 2,
  "hidden_act": "gelu",
  "hidden_dropout_prob": 0.1,
  "hidden_size": 1024,
  "initializer_range": 0.02,
  "intermediate_size": 4096,
  "layer_norm_eps": 1e-05,
  "max_position_embeddings": 514,
  "model_type": "roberta",
  "num_attention_heads": 16,
  "num_hidden_layers": 24,
  "pad_token_id": 1,
  "position_embedding_type": "absolute",
  "transformers_version": "4.27.1",
  "type_vocab_size": 1,
  "use_cache": true,
  "vocab_size": 50265
}

Could not locate the tokenizer configuration file, will try to use the model config instead.
loading configuration file config.json from cache at /home/liwentao/.cache/huggingface/hub/models--roberta-large/snapshots/716877d372b884cad6d419d828bac6c85b3b18d9/config.json
Model config RobertaConfig {
  "_name_or_path": "roberta-large",
  "architectures": [
    "RobertaForMaskedLM"
  ],
  "attention_probs_dropout_prob": 0.1,
  "bos_token_id": 0,
  "classifier_dropout": null,
  "eos_token_id": 2,
  "hidden_act": "gelu",
  "hidden_dropout_prob": 0.1,
  "hidden_size": 1024,
  "initializer_range": 0.02,
  "intermediate_size": 4096,
  "layer_norm_eps": 1e-05,
  "max_position_embeddings": 514,
  "model_type": "roberta",
  "num_attention_heads": 16,
  "num_hidden_layers": 24,
  "pad_token_id": 1,
  "position_embedding_type": "absolute",
  "transformers_version": "4.27.1",
  "type_vocab_size": 1,
  "use_cache": true,
  "vocab_size": 50265
}

loading file vocab.json from cache at /home/liwentao/.cache/huggingface/hub/models--roberta-large/snapshots/716877d372b884cad6d419d828bac6c85b3b18d9/vocab.json
loading file merges.txt from cache at /home/liwentao/.cache/huggingface/hub/models--roberta-large/snapshots/716877d372b884cad6d419d828bac6c85b3b18d9/merges.txt
loading file tokenizer.json from cache at /home/liwentao/.cache/huggingface/hub/models--roberta-large/snapshots/716877d372b884cad6d419d828bac6c85b3b18d9/tokenizer.json
loading file added_tokens.json from cache at None
loading file special_tokens_map.json from cache at None
loading file tokenizer_config.json from cache at None
loading configuration file config.json from cache at /home/liwentao/.cache/huggingface/hub/models--roberta-large/snapshots/716877d372b884cad6d419d828bac6c85b3b18d9/config.json
Model config RobertaConfig {
  "_name_or_path": "roberta-large",
  "architectures": [
    "RobertaForMaskedLM"
  ],
  "attention_probs_dropout_prob": 0.1,
  "bos_token_id": 0,
  "classifier_dropout": null,
  "eos_token_id": 2,
  "hidden_act": "gelu",
  "hidden_dropout_prob": 0.1,
  "hidden_size": 1024,
  "initializer_range": 0.02,
  "intermediate_size": 4096,
  "layer_norm_eps": 1e-05,
  "max_position_embeddings": 514,
  "model_type": "roberta",
  "num_attention_heads": 16,
  "num_hidden_layers": 24,
  "pad_token_id": 1,
  "position_embedding_type": "absolute",
  "transformers_version": "4.27.1",
  "type_vocab_size": 1,
  "use_cache": true,
  "vocab_size": 50265
}

loading weights file pytorch_model.bin from cache at /home/liwentao/.cache/huggingface/hub/models--roberta-large/snapshots/716877d372b884cad6d419d828bac6c85b3b18d9/pytorch_model.bin
All model checkpoint weights were used when initializing RobertaForMaskedLM.

All the weights of RobertaForMaskedLM were initialized from the model checkpoint at roberta-large.
If your task is similar to the task the model of the checkpoint was trained on, you can already use RobertaForMaskedLM for predictions without further training.
Loading label map from scripts/matsciner/proto_verbalizer.json...
{'I-CMT': ['electron'], 'I-MAT': ['silicon'], 'I-DSC': ['doped'], 'I-PRO': ['properties'], 'I-SMT': ['annealing'], 'I-APL': ['coating'], 'I-SPL': ['cubic']}
{'O': 0, 'I-CMT': 1, 'I-MAT': 2, 'I-DSC': 3, 'I-PRO': 4, 'I-SMT': 5, 'I-APL': 6, 'I-SPL': 7, 'B-CMT': 8, 'B-MAT': 9, 'B-DSC': 10, 'B-PRO': 11, 'B-SMT': 12, 'B-APL': 13, 'B-SPL': 14}
{'I-CMT': ['electron'], 'I-MAT': ['silicon'], 'I-DSC': ['doped'], 'I-PRO': ['properties'], 'I-SMT': ['annealing'], 'I-APL': ['coating'], 'I-SPL': ['cubic']}
Running tokenizer on dataset:   0%|          | 0/45 [00:00<?, ? examples/s]                                                                           Running tokenizer on dataset:   0%|          | 0/546 [00:00<?, ? examples/s]Running tokenizer on dataset: 100%|██████████| 546/546 [00:00<00:00, 2522.04 examples/s]                                                                                        /home/liwentao/Dec-Tuning-in-Mat/run_ner_dect.py:563: FutureWarning: load_metric is deprecated and will be removed in the next major version of datasets. Use 'evaluate.load' instead, from the new library 🤗 Evaluate: https://huggingface.co/docs/evaluate
  metric = load_metric("./seqeval_metric.py")
05/31/2023 14:51:14 - INFO - __main__ - ***** Running training *****
05/31/2023 14:51:14 - INFO - __main__ -   Num examples = 45
05/31/2023 14:51:14 - INFO - __main__ -   Num Epochs = 100
05/31/2023 14:51:14 - INFO - __main__ -   Instantaneous batch size per device = 4
05/31/2023 14:51:14 - INFO - __main__ -   Total train batch size (w. parallel, distributed & accumulation) = 4
05/31/2023 14:51:14 - INFO - __main__ -   Gradient Accumulation steps = 1
05/31/2023 14:51:14 - INFO - __main__ -   Total optimization steps = 1200
tensor([3, 3, 3, 3, 3, 3, 3], device='cuda:0')
  0%|          | 0/1200 [00:00<?, ?it/s]/home/liwentao/Dec-Tuning-in-Mat/dect_trainer.py:379: UserWarning: Implicit dimension choice for softmax has been deprecated. Change the call to include dim=X as an argument.
  logits = F.softmax(self.extract_logits(batch_logits))
Total epoch: 0. epoch loss: 16.56767463684082
Total epoch: 1. epoch loss: 16.23370933532715
Total epoch: 2. epoch loss: 15.902946472167969
Total epoch: 3. epoch loss: 15.572404861450195
Total epoch: 4. epoch loss: 15.242180824279785
Total epoch: 5. epoch loss: 14.913232803344727
Total epoch: 6. epoch loss: 14.58634090423584
Total epoch: 7. epoch loss: 14.262165069580078
Total epoch: 8. epoch loss: 13.941350936889648
Total epoch: 9. epoch loss: 13.624539375305176
Total epoch: 10. epoch loss: 13.312357902526855
Total epoch: 11. epoch loss: 13.005364418029785
Total epoch: 12. epoch loss: 12.70400333404541
Total epoch: 13. epoch loss: 12.408666610717773
Total epoch: 14. epoch loss: 12.119626998901367
Total epoch: 15. epoch loss: 11.837048530578613
Total epoch: 16. epoch loss: 11.561017990112305
Total epoch: 17. epoch loss: 11.291518211364746
Total epoch: 18. epoch loss: 11.028446197509766
Total epoch: 19. epoch loss: 10.77167797088623
Total epoch: 20. epoch loss: 10.520994186401367
Total epoch: 21. epoch loss: 10.276177406311035
Total epoch: 22. epoch loss: 10.036933898925781
Total epoch: 23. epoch loss: 9.803027153015137
Total epoch: 24. epoch loss: 9.574739456176758
Total epoch: 25. epoch loss: 9.352356910705566
Total epoch: 26. epoch loss: 9.136039733886719
Total epoch: 27. epoch loss: 8.925898551940918
Total epoch: 28. epoch loss: 8.721963882446289
Total epoch: 29. epoch loss: 8.524186134338379
Total epoch: 30. epoch loss: 8.332551956176758
Total epoch: 31. epoch loss: 8.14687728881836
Total epoch: 32. epoch loss: 7.967056751251221
Total epoch: 33. epoch loss: 7.792915344238281
Total epoch: 34. epoch loss: 7.624301433563232
Total epoch: 35. epoch loss: 7.460997581481934
Total epoch: 36. epoch loss: 7.302860736846924
Total epoch: 37. epoch loss: 7.149665355682373
Total epoch: 38. epoch loss: 7.001277923583984
Total epoch: 39. epoch loss: 6.857504367828369
Total epoch: 40. epoch loss: 6.718173980712891
Total epoch: 41. epoch loss: 6.583130359649658
Total epoch: 42. epoch loss: 6.452204704284668
Total epoch: 43. epoch loss: 6.3252668380737305
Total epoch: 44. epoch loss: 6.202139377593994
Total epoch: 45. epoch loss: 6.082718849182129
Total epoch: 46. epoch loss: 5.966854095458984
Total epoch: 47. epoch loss: 5.854422569274902
Total epoch: 48. epoch loss: 5.745316982269287
Total epoch: 49. epoch loss: 5.639414310455322
Total epoch: 50. epoch loss: 5.536627292633057
Total epoch: 51. epoch loss: 5.436821937561035
Total epoch: 52. epoch loss: 5.339900493621826
Total epoch: 53. epoch loss: 5.245783805847168
Total epoch: 54. epoch loss: 5.154369354248047
Total epoch: 55. epoch loss: 5.065545558929443
Total epoch: 56. epoch loss: 4.9792375564575195
Total epoch: 57. epoch loss: 4.895338535308838
Total epoch: 58. epoch loss: 4.813775062561035
Total epoch: 59. epoch loss: 4.734442234039307
Total epoch: 60. epoch loss: 4.657261371612549
Total epoch: 61. epoch loss: 4.5821733474731445
Total epoch: 62. epoch loss: 4.509078025817871
Total epoch: 63. epoch loss: 4.437902927398682
Total epoch: 64. epoch loss: 4.3685994148254395
Total epoch: 65. epoch loss: 4.301096439361572
Total epoch: 66. epoch loss: 4.235331058502197
Total epoch: 67. epoch loss: 4.171246528625488
Total epoch: 68. epoch loss: 4.108811855316162
Total epoch: 69. epoch loss: 4.047929286956787
Total epoch: 70. epoch loss: 3.988586187362671
Total epoch: 71. epoch loss: 3.9307174682617188
Total epoch: 72. epoch loss: 3.8742775917053223
Total epoch: 73. epoch loss: 3.8192148208618164
Total epoch: 74. epoch loss: 3.765500068664551
Total epoch: 75. epoch loss: 3.7130792140960693
Total epoch: 76. epoch loss: 3.6619224548339844
Total epoch: 77. epoch loss: 3.611971616744995
Total epoch: 78. epoch loss: 3.5631966590881348
Total epoch: 79. epoch loss: 3.51556134223938
Total epoch: 80. epoch loss: 3.469036102294922
Total epoch: 81. epoch loss: 3.4235877990722656
Total epoch: 82. epoch loss: 3.3791658878326416
Total epoch: 83. epoch loss: 3.3357534408569336
Total epoch: 84. epoch loss: 3.2933194637298584
Total epoch: 85. epoch loss: 3.251826286315918
Total epoch: 86. epoch loss: 3.2112627029418945
Total epoch: 87. epoch loss: 3.1715779304504395
Total epoch: 88. epoch loss: 3.132768392562866
Total epoch: 89. epoch loss: 3.094787836074829
Total epoch: 90. epoch loss: 3.0576395988464355
Total epoch: 91. epoch loss: 3.0212790966033936
Total epoch: 92. epoch loss: 2.9856865406036377
Total epoch: 93. epoch loss: 2.9508297443389893
Total epoch: 94. epoch loss: 2.9167115688323975
Total epoch: 95. epoch loss: 2.8833067417144775
Total epoch: 96. epoch loss: 2.8505825996398926
Total epoch: 97. epoch loss: 2.8185298442840576
Total epoch: 98. epoch loss: 2.7871129512786865
Total epoch: 99. epoch loss: 2.7563490867614746
Total epoch: 99. DecT loss: 2.7563490867614746
Training time: 0.67647385597229
APL_precision: 0.14027149321266968, APL_recall: 0.36470588235294116, APL_f1: 0.20261437908496732, APL_number: 170
CMT_precision: 0.18581907090464547, CMT_recall: 0.38974358974358975, CMT_f1: 0.25165562913907286, CMT_number: 195
DSC_precision: 0.4528301886792453, DSC_recall: 0.494279176201373, DSC_f1: 0.47264770240700216, DSC_number: 437
MAT_precision: 0.29862475442043224, MAT_recall: 0.44574780058651026, MAT_f1: 0.35764705882352943, MAT_number: 682
PRO_precision: 0.36728395061728397, PRO_recall: 0.46303501945525294, PRO_f1: 0.4096385542168675, PRO_number: 771
SMT_precision: 0.12574850299401197, SMT_recall: 0.3684210526315789, SMT_f1: 0.1875, SMT_number: 171
SPL_precision: 0.1206896551724138, SPL_recall: 0.37333333333333335, SPL_f1: 0.18241042345276873, SPL_number: 75
overall_precision: 0.2730190076524315, overall_recall: 0.4422231107556977, overall_f1: 0.3376068376068376, overall_accuracy: 0.7492317587365112
finish test
Traceback (most recent call last):
  File "/home/liwentao/Dec-Tuning-in-Mat/run_ner_dect.py", line 985, in <module>
    main()
  File "/home/liwentao/Dec-Tuning-in-Mat/run_ner_dect.py", line 808, in main
    runner.run(train_dataloader,None ,eval_dataloader)
  File "/home/liwentao/Dec-Tuning-in-Mat/dect_trainer.py", line 487, in run
    return score
NameError: name 'score' is not defined
  0%|          | 0/1200 [00:05<?, ?it/s]