/home/liwentao/miniconda3/envs/py38/lib/python3.8/site-packages/transformers/generation_utils.py:24: FutureWarning: Importing `GenerationMixin` from `src/transformers/generation_utils.py` is deprecated and will be removed in Transformers v5. Import as `from transformers import GenerationMixin` instead.
  warnings.warn(
05/31/2023 14:51:00 - INFO - __main__ - Distributed environment: NO
Num processes: 1
Process index: 0
Local process index: 0
Device: cuda

Mixed precision type: no

05/31/2023 14:51:02 - WARNING - datasets.builder - Found cached dataset json (/home/liwentao/.cache/huggingface/datasets/json/default-545026288f6cba7d/0.0.0/0f7e3662623656454fcd2b650f34e886a7db4b9104504885bd462096cc7a9f51)
################## Hyper-parameters: ##################
epochs:100,lr:0.005, batch_size:4, shot:16, proto_dim:160, logits_weight:10.0, weight_decay:1e-05 
################## Hyper-parameters: ##################
shot and proto_dim
proto_dim: 128
model_logits_weight: 10
num_train_epochs: 100
  0%|          | 0/2 [00:00<?, ?it/s]100%|██████████| 2/2 [00:00<00:00, 1103.04it/s]
loading configuration file config.json from cache at /home/liwentao/.cache/huggingface/hub/models--roberta-large/snapshots/716877d372b884cad6d419d828bac6c85b3b18d9/config.json
Model config RobertaConfig {
  "_name_or_path": "roberta-large",
  "architectures": [
    "RobertaForMaskedLM"
  ],
  "attention_probs_dropout_prob": 0.1,
  "bos_token_id": 0,
  "classifier_dropout": null,
  "eos_token_id": 2,
  "hidden_act": "gelu",
  "hidden_dropout_prob": 0.1,
  "hidden_size": 1024,
  "initializer_range": 0.02,
  "intermediate_size": 4096,
  "layer_norm_eps": 1e-05,
  "max_position_embeddings": 514,
  "model_type": "roberta",
  "num_attention_heads": 16,
  "num_hidden_layers": 24,
  "pad_token_id": 1,
  "position_embedding_type": "absolute",
  "transformers_version": "4.27.1",
  "type_vocab_size": 1,
  "use_cache": true,
  "vocab_size": 50265
}

Could not locate the tokenizer configuration file, will try to use the model config instead.
loading configuration file config.json from cache at /home/liwentao/.cache/huggingface/hub/models--roberta-large/snapshots/716877d372b884cad6d419d828bac6c85b3b18d9/config.json
Model config RobertaConfig {
  "_name_or_path": "roberta-large",
  "architectures": [
    "RobertaForMaskedLM"
  ],
  "attention_probs_dropout_prob": 0.1,
  "bos_token_id": 0,
  "classifier_dropout": null,
  "eos_token_id": 2,
  "hidden_act": "gelu",
  "hidden_dropout_prob": 0.1,
  "hidden_size": 1024,
  "initializer_range": 0.02,
  "intermediate_size": 4096,
  "layer_norm_eps": 1e-05,
  "max_position_embeddings": 514,
  "model_type": "roberta",
  "num_attention_heads": 16,
  "num_hidden_layers": 24,
  "pad_token_id": 1,
  "position_embedding_type": "absolute",
  "transformers_version": "4.27.1",
  "type_vocab_size": 1,
  "use_cache": true,
  "vocab_size": 50265
}

loading file vocab.json from cache at /home/liwentao/.cache/huggingface/hub/models--roberta-large/snapshots/716877d372b884cad6d419d828bac6c85b3b18d9/vocab.json
loading file merges.txt from cache at /home/liwentao/.cache/huggingface/hub/models--roberta-large/snapshots/716877d372b884cad6d419d828bac6c85b3b18d9/merges.txt
loading file tokenizer.json from cache at /home/liwentao/.cache/huggingface/hub/models--roberta-large/snapshots/716877d372b884cad6d419d828bac6c85b3b18d9/tokenizer.json
loading file added_tokens.json from cache at None
loading file special_tokens_map.json from cache at None
loading file tokenizer_config.json from cache at None
loading configuration file config.json from cache at /home/liwentao/.cache/huggingface/hub/models--roberta-large/snapshots/716877d372b884cad6d419d828bac6c85b3b18d9/config.json
Model config RobertaConfig {
  "_name_or_path": "roberta-large",
  "architectures": [
    "RobertaForMaskedLM"
  ],
  "attention_probs_dropout_prob": 0.1,
  "bos_token_id": 0,
  "classifier_dropout": null,
  "eos_token_id": 2,
  "hidden_act": "gelu",
  "hidden_dropout_prob": 0.1,
  "hidden_size": 1024,
  "initializer_range": 0.02,
  "intermediate_size": 4096,
  "layer_norm_eps": 1e-05,
  "max_position_embeddings": 514,
  "model_type": "roberta",
  "num_attention_heads": 16,
  "num_hidden_layers": 24,
  "pad_token_id": 1,
  "position_embedding_type": "absolute",
  "transformers_version": "4.27.1",
  "type_vocab_size": 1,
  "use_cache": true,
  "vocab_size": 50265
}

loading weights file pytorch_model.bin from cache at /home/liwentao/.cache/huggingface/hub/models--roberta-large/snapshots/716877d372b884cad6d419d828bac6c85b3b18d9/pytorch_model.bin
All model checkpoint weights were used when initializing RobertaForMaskedLM.

All the weights of RobertaForMaskedLM were initialized from the model checkpoint at roberta-large.
If your task is similar to the task the model of the checkpoint was trained on, you can already use RobertaForMaskedLM for predictions without further training.
Loading label map from scripts/matsciner/proto_verbalizer.json...
{'I-CMT': ['electron'], 'I-MAT': ['silicon'], 'I-DSC': ['doped'], 'I-PRO': ['properties'], 'I-SMT': ['annealing'], 'I-APL': ['coating'], 'I-SPL': ['cubic']}
{'O': 0, 'I-CMT': 1, 'I-MAT': 2, 'I-DSC': 3, 'I-PRO': 4, 'I-SMT': 5, 'I-APL': 6, 'I-SPL': 7, 'B-CMT': 8, 'B-MAT': 9, 'B-DSC': 10, 'B-PRO': 11, 'B-SMT': 12, 'B-APL': 13, 'B-SPL': 14}
{'I-CMT': ['electron'], 'I-MAT': ['silicon'], 'I-DSC': ['doped'], 'I-PRO': ['properties'], 'I-SMT': ['annealing'], 'I-APL': ['coating'], 'I-SPL': ['cubic']}
Running tokenizer on dataset:   0%|          | 0/46 [00:00<?, ? examples/s]                                                                           Running tokenizer on dataset:   0%|          | 0/546 [00:00<?, ? examples/s]Running tokenizer on dataset: 100%|██████████| 546/546 [00:00<00:00, 2901.97 examples/s]                                                                                        /home/liwentao/Dec-Tuning-in-Mat/run_ner_dect.py:563: FutureWarning: load_metric is deprecated and will be removed in the next major version of datasets. Use 'evaluate.load' instead, from the new library 🤗 Evaluate: https://huggingface.co/docs/evaluate
  metric = load_metric("./seqeval_metric.py")
05/31/2023 14:51:13 - INFO - __main__ - ***** Running training *****
05/31/2023 14:51:13 - INFO - __main__ -   Num examples = 46
05/31/2023 14:51:13 - INFO - __main__ -   Num Epochs = 100
05/31/2023 14:51:13 - INFO - __main__ -   Instantaneous batch size per device = 4
05/31/2023 14:51:13 - INFO - __main__ -   Total train batch size (w. parallel, distributed & accumulation) = 4
05/31/2023 14:51:13 - INFO - __main__ -   Gradient Accumulation steps = 1
05/31/2023 14:51:13 - INFO - __main__ -   Total optimization steps = 1200
tensor([3, 3, 3, 3, 3, 3, 3], device='cuda:0')
  0%|          | 0/1200 [00:00<?, ?it/s]/home/liwentao/Dec-Tuning-in-Mat/dect_trainer.py:379: UserWarning: Implicit dimension choice for softmax has been deprecated. Change the call to include dim=X as an argument.
  logits = F.softmax(self.extract_logits(batch_logits))
Total epoch: 0. epoch loss: 16.57806396484375
Total epoch: 1. epoch loss: 16.248920440673828
Total epoch: 2. epoch loss: 15.922148704528809
Total epoch: 3. epoch loss: 15.5950927734375
Total epoch: 4. epoch loss: 15.268045425415039
Total epoch: 5. epoch loss: 14.94188404083252
Total epoch: 6. epoch loss: 14.61747932434082
Total epoch: 7. epoch loss: 14.29561710357666
Total epoch: 8. epoch loss: 13.977071762084961
Total epoch: 9. epoch loss: 13.662569046020508
Total epoch: 10. epoch loss: 13.352760314941406
Total epoch: 11. epoch loss: 13.048192977905273
Total epoch: 12. epoch loss: 12.749279022216797
Total epoch: 13. epoch loss: 12.456335067749023
Total epoch: 14. epoch loss: 12.169574737548828
Total epoch: 15. epoch loss: 11.889102935791016
Total epoch: 16. epoch loss: 11.614974021911621
Total epoch: 17. epoch loss: 11.347173690795898
Total epoch: 18. epoch loss: 11.08559799194336
Total epoch: 19. epoch loss: 10.830114364624023
Total epoch: 20. epoch loss: 10.580536842346191
Total epoch: 21. epoch loss: 10.33663558959961
Total epoch: 22. epoch loss: 10.098163604736328
Total epoch: 23. epoch loss: 9.864891052246094
Total epoch: 24. epoch loss: 9.637040138244629
Total epoch: 25. epoch loss: 9.414861679077148
Total epoch: 26. epoch loss: 9.198558807373047
Total epoch: 27. epoch loss: 8.988144874572754
Total epoch: 28. epoch loss: 8.78369140625
Total epoch: 29. epoch loss: 8.585138320922852
Total epoch: 30. epoch loss: 8.392398834228516
Total epoch: 31. epoch loss: 8.2053861618042
Total epoch: 32. epoch loss: 8.023971557617188
Total epoch: 33. epoch loss: 7.848042011260986
Total epoch: 34. epoch loss: 7.677459239959717
Total epoch: 35. epoch loss: 7.5120849609375
Total epoch: 36. epoch loss: 7.351738452911377
Total epoch: 37. epoch loss: 7.196296691894531
Total epoch: 38. epoch loss: 7.045596599578857
Total epoch: 39. epoch loss: 6.89948844909668
Total epoch: 40. epoch loss: 6.757809638977051
Total epoch: 41. epoch loss: 6.620419025421143
Total epoch: 42. epoch loss: 6.487205982208252
Total epoch: 43. epoch loss: 6.357987880706787
Total epoch: 44. epoch loss: 6.232644081115723
Total epoch: 45. epoch loss: 6.111058712005615
Total epoch: 46. epoch loss: 5.993106365203857
Total epoch: 47. epoch loss: 5.878643035888672
Total epoch: 48. epoch loss: 5.767582416534424
Total epoch: 49. epoch loss: 5.6598029136657715
Total epoch: 50. epoch loss: 5.555218696594238
Total epoch: 51. epoch loss: 5.453719615936279
Total epoch: 52. epoch loss: 5.355201244354248
Total epoch: 53. epoch loss: 5.2595624923706055
Total epoch: 54. epoch loss: 5.16671085357666
Total epoch: 55. epoch loss: 5.0765380859375
Total epoch: 56. epoch loss: 4.988996505737305
Total epoch: 57. epoch loss: 4.903929233551025
Total epoch: 58. epoch loss: 4.821290493011475
Total epoch: 59. epoch loss: 4.740960597991943
Total epoch: 60. epoch loss: 4.66286039352417
Total epoch: 61. epoch loss: 4.586916923522949
Total epoch: 62. epoch loss: 4.513052940368652
Total epoch: 63. epoch loss: 4.44118070602417
Total epoch: 64. epoch loss: 4.371228218078613
Total epoch: 65. epoch loss: 4.303138732910156
Total epoch: 66. epoch loss: 4.236833095550537
Total epoch: 67. epoch loss: 4.172258377075195
Total epoch: 68. epoch loss: 4.109365463256836
Total epoch: 69. epoch loss: 4.048083782196045
Total epoch: 70. epoch loss: 3.988377571105957
Total epoch: 71. epoch loss: 3.9301769733428955
Total epoch: 72. epoch loss: 3.873441219329834
Total epoch: 73. epoch loss: 3.8181326389312744
Total epoch: 74. epoch loss: 3.764183282852173
Total epoch: 75. epoch loss: 3.7115559577941895
Total epoch: 76. epoch loss: 3.6602225303649902
Total epoch: 77. epoch loss: 3.610126256942749
Total epoch: 78. epoch loss: 3.561235189437866
Total epoch: 79. epoch loss: 3.5135209560394287
Total epoch: 80. epoch loss: 3.4669201374053955
Total epoch: 81. epoch loss: 3.4214224815368652
Total epoch: 82. epoch loss: 3.37697434425354
Total epoch: 83. epoch loss: 3.3335611820220947
Total epoch: 84. epoch loss: 3.2911317348480225
Total epoch: 85. epoch loss: 3.2496697902679443
Total epoch: 86. epoch loss: 3.209143877029419
Total epoch: 87. epoch loss: 3.1695261001586914
Total epoch: 88. epoch loss: 3.1307780742645264
Total epoch: 89. epoch loss: 3.0928854942321777
Total epoch: 90. epoch loss: 3.055832624435425
Total epoch: 91. epoch loss: 3.019577741622925
Total epoch: 92. epoch loss: 2.9841017723083496
Total epoch: 93. epoch loss: 2.949380874633789
Total epoch: 94. epoch loss: 2.9154040813446045
Total epoch: 95. epoch loss: 2.8821403980255127
Total epoch: 96. epoch loss: 2.849576234817505
Total epoch: 97. epoch loss: 2.817680597305298
Total epoch: 98. epoch loss: 2.7864439487457275
Total epoch: 99. epoch loss: 2.755854845046997
Total epoch: 99. DecT loss: 2.755854845046997
Training time: 0.6799650192260742
APL_precision: 0.09545454545454546, APL_recall: 0.24705882352941178, APL_f1: 0.1377049180327869, APL_number: 170
CMT_precision: 0.08862275449101796, CMT_recall: 0.37948717948717947, CMT_f1: 0.1436893203883495, CMT_number: 195
DSC_precision: 0.30939226519337015, DSC_recall: 0.5125858123569794, DSC_f1: 0.3858742463393626, DSC_number: 437
MAT_precision: 0.513203214695752, MAT_recall: 0.655425219941349, MAT_f1: 0.5756600128783, MAT_number: 682
PRO_precision: 0.2843243243243243, PRO_recall: 0.3411154345006485, PRO_f1: 0.31014150943396224, PRO_number: 771
SMT_precision: 0.18055555555555555, SMT_recall: 0.38011695906432746, SMT_f1: 0.24482109227871937, SMT_number: 171
SPL_precision: 0.11363636363636363, SPL_recall: 0.4, SPL_f1: 0.17699115044247787, SPL_number: 75
overall_precision: 0.25910839556460735, overall_recall: 0.4578168732506997, overall_f1: 0.33092485549132944, overall_accuracy: 0.7442292574858858
finish test
Traceback (most recent call last):
  File "/home/liwentao/Dec-Tuning-in-Mat/run_ner_dect.py", line 985, in <module>
    main()
  File "/home/liwentao/Dec-Tuning-in-Mat/run_ner_dect.py", line 808, in main
    runner.run(train_dataloader,None ,eval_dataloader)
  File "/home/liwentao/Dec-Tuning-in-Mat/dect_trainer.py", line 487, in run
    return score
NameError: name 'score' is not defined
  0%|          | 0/1200 [00:04<?, ?it/s]