/home/liwentao/miniconda3/envs/py38/lib/python3.8/site-packages/transformers/generation_utils.py:24: FutureWarning: Importing `GenerationMixin` from `src/transformers/generation_utils.py` is deprecated and will be removed in Transformers v5. Import as `from transformers import GenerationMixin` instead.
  warnings.warn(
05/31/2023 14:51:00 - INFO - __main__ - Distributed environment: NO
Num processes: 1
Process index: 0
Local process index: 0
Device: cuda

Mixed precision type: no

05/31/2023 14:51:01 - WARNING - datasets.builder - Found cached dataset json (/home/liwentao/.cache/huggingface/datasets/json/default-68fc820920ef3b72/0.0.0/0f7e3662623656454fcd2b650f34e886a7db4b9104504885bd462096cc7a9f51)
################## Hyper-parameters: ##################
epochs:100,lr:0.005, batch_size:4, shot:16, proto_dim:160, logits_weight:10.0, weight_decay:1e-05 
################## Hyper-parameters: ##################
shot and proto_dim
proto_dim: 128
model_logits_weight: 10
num_train_epochs: 100
  0%|          | 0/2 [00:00<?, ?it/s]100%|██████████| 2/2 [00:00<00:00, 1151.81it/s]
loading configuration file config.json from cache at /home/liwentao/.cache/huggingface/hub/models--roberta-large/snapshots/716877d372b884cad6d419d828bac6c85b3b18d9/config.json
Model config RobertaConfig {
  "_name_or_path": "roberta-large",
  "architectures": [
    "RobertaForMaskedLM"
  ],
  "attention_probs_dropout_prob": 0.1,
  "bos_token_id": 0,
  "classifier_dropout": null,
  "eos_token_id": 2,
  "hidden_act": "gelu",
  "hidden_dropout_prob": 0.1,
  "hidden_size": 1024,
  "initializer_range": 0.02,
  "intermediate_size": 4096,
  "layer_norm_eps": 1e-05,
  "max_position_embeddings": 514,
  "model_type": "roberta",
  "num_attention_heads": 16,
  "num_hidden_layers": 24,
  "pad_token_id": 1,
  "position_embedding_type": "absolute",
  "transformers_version": "4.27.1",
  "type_vocab_size": 1,
  "use_cache": true,
  "vocab_size": 50265
}

Could not locate the tokenizer configuration file, will try to use the model config instead.
loading configuration file config.json from cache at /home/liwentao/.cache/huggingface/hub/models--roberta-large/snapshots/716877d372b884cad6d419d828bac6c85b3b18d9/config.json
Model config RobertaConfig {
  "_name_or_path": "roberta-large",
  "architectures": [
    "RobertaForMaskedLM"
  ],
  "attention_probs_dropout_prob": 0.1,
  "bos_token_id": 0,
  "classifier_dropout": null,
  "eos_token_id": 2,
  "hidden_act": "gelu",
  "hidden_dropout_prob": 0.1,
  "hidden_size": 1024,
  "initializer_range": 0.02,
  "intermediate_size": 4096,
  "layer_norm_eps": 1e-05,
  "max_position_embeddings": 514,
  "model_type": "roberta",
  "num_attention_heads": 16,
  "num_hidden_layers": 24,
  "pad_token_id": 1,
  "position_embedding_type": "absolute",
  "transformers_version": "4.27.1",
  "type_vocab_size": 1,
  "use_cache": true,
  "vocab_size": 50265
}

loading file vocab.json from cache at /home/liwentao/.cache/huggingface/hub/models--roberta-large/snapshots/716877d372b884cad6d419d828bac6c85b3b18d9/vocab.json
loading file merges.txt from cache at /home/liwentao/.cache/huggingface/hub/models--roberta-large/snapshots/716877d372b884cad6d419d828bac6c85b3b18d9/merges.txt
loading file tokenizer.json from cache at /home/liwentao/.cache/huggingface/hub/models--roberta-large/snapshots/716877d372b884cad6d419d828bac6c85b3b18d9/tokenizer.json
loading file added_tokens.json from cache at None
loading file special_tokens_map.json from cache at None
loading file tokenizer_config.json from cache at None
loading configuration file config.json from cache at /home/liwentao/.cache/huggingface/hub/models--roberta-large/snapshots/716877d372b884cad6d419d828bac6c85b3b18d9/config.json
Model config RobertaConfig {
  "_name_or_path": "roberta-large",
  "architectures": [
    "RobertaForMaskedLM"
  ],
  "attention_probs_dropout_prob": 0.1,
  "bos_token_id": 0,
  "classifier_dropout": null,
  "eos_token_id": 2,
  "hidden_act": "gelu",
  "hidden_dropout_prob": 0.1,
  "hidden_size": 1024,
  "initializer_range": 0.02,
  "intermediate_size": 4096,
  "layer_norm_eps": 1e-05,
  "max_position_embeddings": 514,
  "model_type": "roberta",
  "num_attention_heads": 16,
  "num_hidden_layers": 24,
  "pad_token_id": 1,
  "position_embedding_type": "absolute",
  "transformers_version": "4.27.1",
  "type_vocab_size": 1,
  "use_cache": true,
  "vocab_size": 50265
}

loading weights file pytorch_model.bin from cache at /home/liwentao/.cache/huggingface/hub/models--roberta-large/snapshots/716877d372b884cad6d419d828bac6c85b3b18d9/pytorch_model.bin
All model checkpoint weights were used when initializing RobertaForMaskedLM.

All the weights of RobertaForMaskedLM were initialized from the model checkpoint at roberta-large.
If your task is similar to the task the model of the checkpoint was trained on, you can already use RobertaForMaskedLM for predictions without further training.
Loading label map from scripts/matsciner/proto_verbalizer.json...
{'I-CMT': ['electron'], 'I-MAT': ['silicon'], 'I-DSC': ['doped'], 'I-PRO': ['properties'], 'I-SMT': ['annealing'], 'I-APL': ['coating'], 'I-SPL': ['cubic']}
{'O': 0, 'I-CMT': 1, 'I-MAT': 2, 'I-DSC': 3, 'I-PRO': 4, 'I-SMT': 5, 'I-APL': 6, 'I-SPL': 7, 'B-CMT': 8, 'B-MAT': 9, 'B-DSC': 10, 'B-PRO': 11, 'B-SMT': 12, 'B-APL': 13, 'B-SPL': 14}
{'I-CMT': ['electron'], 'I-MAT': ['silicon'], 'I-DSC': ['doped'], 'I-PRO': ['properties'], 'I-SMT': ['annealing'], 'I-APL': ['coating'], 'I-SPL': ['cubic']}
Running tokenizer on dataset:   0%|          | 0/41 [00:00<?, ? examples/s]                                                                           Running tokenizer on dataset:   0%|          | 0/546 [00:00<?, ? examples/s]Running tokenizer on dataset: 100%|██████████| 546/546 [00:00<00:00, 2814.68 examples/s]                                                                                        /home/liwentao/Dec-Tuning-in-Mat/run_ner_dect.py:563: FutureWarning: load_metric is deprecated and will be removed in the next major version of datasets. Use 'evaluate.load' instead, from the new library 🤗 Evaluate: https://huggingface.co/docs/evaluate
  metric = load_metric("./seqeval_metric.py")
05/31/2023 14:51:11 - INFO - __main__ - ***** Running training *****
05/31/2023 14:51:11 - INFO - __main__ -   Num examples = 41
05/31/2023 14:51:11 - INFO - __main__ -   Num Epochs = 100
05/31/2023 14:51:11 - INFO - __main__ -   Instantaneous batch size per device = 4
05/31/2023 14:51:11 - INFO - __main__ -   Total train batch size (w. parallel, distributed & accumulation) = 4
05/31/2023 14:51:11 - INFO - __main__ -   Gradient Accumulation steps = 1
05/31/2023 14:51:11 - INFO - __main__ -   Total optimization steps = 1100
tensor([3, 3, 3, 3, 3, 3, 3], device='cuda:0')
  0%|          | 0/1100 [00:00<?, ?it/s]/home/liwentao/Dec-Tuning-in-Mat/dect_trainer.py:379: UserWarning: Implicit dimension choice for softmax has been deprecated. Change the call to include dim=X as an argument.
  logits = F.softmax(self.extract_logits(batch_logits))
Total epoch: 0. epoch loss: 16.568111419677734
Total epoch: 1. epoch loss: 16.20482063293457
Total epoch: 2. epoch loss: 15.84397029876709
Total epoch: 3. epoch loss: 15.483475685119629
Total epoch: 4. epoch loss: 15.123777389526367
Total epoch: 5. epoch loss: 14.766016006469727
Total epoch: 6. epoch loss: 14.41120719909668
Total epoch: 7. epoch loss: 14.060306549072266
Total epoch: 8. epoch loss: 13.714221000671387
Total epoch: 9. epoch loss: 13.373815536499023
Total epoch: 10. epoch loss: 13.039876937866211
Total epoch: 11. epoch loss: 12.713035583496094
Total epoch: 12. epoch loss: 12.393753051757812
Total epoch: 13. epoch loss: 12.082319259643555
Total epoch: 14. epoch loss: 11.778857231140137
Total epoch: 15. epoch loss: 11.483354568481445
Total epoch: 16. epoch loss: 11.195693016052246
Total epoch: 17. epoch loss: 10.915637969970703
Total epoch: 18. epoch loss: 10.642914772033691
Total epoch: 19. epoch loss: 10.37719440460205
Total epoch: 20. epoch loss: 10.118095397949219
Total epoch: 21. epoch loss: 9.865250587463379
Total epoch: 22. epoch loss: 9.618252754211426
Total epoch: 23. epoch loss: 9.376751899719238
Total epoch: 24. epoch loss: 9.140804290771484
Total epoch: 25. epoch loss: 8.91070556640625
Total epoch: 26. epoch loss: 8.686623573303223
Total epoch: 27. epoch loss: 8.468721389770508
Total epoch: 28. epoch loss: 8.257071495056152
Total epoch: 29. epoch loss: 8.051665306091309
Total epoch: 30. epoch loss: 7.852461338043213
Total epoch: 31. epoch loss: 7.659397125244141
Total epoch: 32. epoch loss: 7.472329139709473
Total epoch: 33. epoch loss: 7.291156768798828
Total epoch: 34. epoch loss: 7.115746974945068
Total epoch: 35. epoch loss: 6.945988655090332
Total epoch: 36. epoch loss: 6.78175687789917
Total epoch: 37. epoch loss: 6.622872352600098
Total epoch: 38. epoch loss: 6.469213485717773
Total epoch: 39. epoch loss: 6.3206024169921875
Total epoch: 40. epoch loss: 6.176885604858398
Total epoch: 41. epoch loss: 6.037912368774414
Total epoch: 42. epoch loss: 5.90352201461792
Total epoch: 43. epoch loss: 5.773573398590088
Total epoch: 44. epoch loss: 5.647920608520508
Total epoch: 45. epoch loss: 5.526424884796143
Total epoch: 46. epoch loss: 5.4089460372924805
Total epoch: 47. epoch loss: 5.295332908630371
Total epoch: 48. epoch loss: 5.185484886169434
Total epoch: 49. epoch loss: 5.079244136810303
Total epoch: 50. epoch loss: 4.976494789123535
Total epoch: 51. epoch loss: 4.877110481262207
Total epoch: 52. epoch loss: 4.780989170074463
Total epoch: 53. epoch loss: 4.687995910644531
Total epoch: 54. epoch loss: 4.598015308380127
Total epoch: 55. epoch loss: 4.51094913482666
Total epoch: 56. epoch loss: 4.426641464233398
Total epoch: 57. epoch loss: 4.3450188636779785
Total epoch: 58. epoch loss: 4.265957832336426
Total epoch: 59. epoch loss: 4.18934965133667
Total epoch: 60. epoch loss: 4.115107536315918
Total epoch: 61. epoch loss: 4.043143272399902
Total epoch: 62. epoch loss: 3.9733362197875977
Total epoch: 63. epoch loss: 3.905632495880127
Total epoch: 64. epoch loss: 3.839921236038208
Total epoch: 65. epoch loss: 3.7761378288269043
Total epoch: 66. epoch loss: 3.7142324447631836
Total epoch: 67. epoch loss: 3.654111623764038
Total epoch: 68. epoch loss: 3.595703363418579
Total epoch: 69. epoch loss: 3.538971185684204
Total epoch: 70. epoch loss: 3.4838290214538574
Total epoch: 71. epoch loss: 3.4302353858947754
Total epoch: 72. epoch loss: 3.37813138961792
Total epoch: 73. epoch loss: 3.3274641036987305
Total epoch: 74. epoch loss: 3.278170585632324
Total epoch: 75. epoch loss: 3.2302052974700928
Total epoch: 76. epoch loss: 3.1835358142852783
Total epoch: 77. epoch loss: 3.1380841732025146
Total epoch: 78. epoch loss: 3.0938549041748047
Total epoch: 79. epoch loss: 3.050759792327881
Total epoch: 80. epoch loss: 3.0087690353393555
Total epoch: 81. epoch loss: 2.967860221862793
Total epoch: 82. epoch loss: 2.9279778003692627
Total epoch: 83. epoch loss: 2.889096260070801
Total epoch: 84. epoch loss: 2.851181745529175
Total epoch: 85. epoch loss: 2.8141911029815674
Total epoch: 86. epoch loss: 2.778116464614868
Total epoch: 87. epoch loss: 2.7428951263427734
Total epoch: 88. epoch loss: 2.70851993560791
Total epoch: 89. epoch loss: 2.6749484539031982
Total epoch: 90. epoch loss: 2.642180919647217
Total epoch: 91. epoch loss: 2.6101648807525635
Total epoch: 92. epoch loss: 2.578880786895752
Total epoch: 93. epoch loss: 2.5483109951019287
Total epoch: 94. epoch loss: 2.5184385776519775
Total epoch: 95. epoch loss: 2.4892184734344482
Total epoch: 96. epoch loss: 2.4606597423553467
Total epoch: 97. epoch loss: 2.4327235221862793
Total epoch: 98. epoch loss: 2.405393123626709
Total epoch: 99. epoch loss: 2.3786540031433105
Total epoch: 99. DecT loss: 2.3786540031433105
Training time: 0.6524980068206787
APL_precision: 0.1506172839506173, APL_recall: 0.3588235294117647, APL_f1: 0.21217391304347827, APL_number: 170
CMT_precision: 0.2857142857142857, CMT_recall: 0.37948717948717947, CMT_f1: 0.32599118942731276, CMT_number: 195
DSC_precision: 0.4730077120822622, DSC_recall: 0.42105263157894735, DSC_f1: 0.44552058111380144, DSC_number: 437
MAT_precision: 0.4113247863247863, MAT_recall: 0.5645161290322581, MAT_f1: 0.4758961681087763, MAT_number: 682
PRO_precision: 0.3255597014925373, PRO_recall: 0.45265888456549935, PRO_f1: 0.3787303309820944, PRO_number: 771
SMT_precision: 0.15483870967741936, SMT_recall: 0.42105263157894735, SMT_f1: 0.22641509433962265, SMT_number: 171
SPL_precision: 0.13612565445026178, SPL_recall: 0.3466666666666667, SPL_f1: 0.19548872180451127, SPL_number: 75
overall_precision: 0.30965832660747916, overall_recall: 0.46021591363454617, overall_f1: 0.3702155033772917, overall_accuracy: 0.7833202315443436
finish test
Traceback (most recent call last):
  File "/home/liwentao/Dec-Tuning-in-Mat/run_ner_dect.py", line 985, in <module>
    main()
  File "/home/liwentao/Dec-Tuning-in-Mat/run_ner_dect.py", line 808, in main
    runner.run(train_dataloader,None ,eval_dataloader)
  File "/home/liwentao/Dec-Tuning-in-Mat/dect_trainer.py", line 487, in run
    return score
NameError: name 'score' is not defined
  0%|          | 0/1100 [00:05<?, ?it/s]