/home/liwentao/miniconda3/envs/py38/lib/python3.8/site-packages/transformers/generation_utils.py:24: FutureWarning: Importing `GenerationMixin` from `src/transformers/generation_utils.py` is deprecated and will be removed in Transformers v5. Import as `from transformers import GenerationMixin` instead.
  warnings.warn(
05/31/2023 14:51:00 - INFO - __main__ - Distributed environment: NO
Num processes: 1
Process index: 0
Local process index: 0
Device: cuda

Mixed precision type: no

05/31/2023 14:51:01 - WARNING - datasets.builder - Found cached dataset json (/home/liwentao/.cache/huggingface/datasets/json/default-61df0b13c7c2e0bc/0.0.0/0f7e3662623656454fcd2b650f34e886a7db4b9104504885bd462096cc7a9f51)
################## Hyper-parameters: ##################
epochs:100,lr:0.005, batch_size:4, shot:16, proto_dim:160, logits_weight:10.0, weight_decay:1e-05 
################## Hyper-parameters: ##################
shot and proto_dim
proto_dim: 128
model_logits_weight: 10
num_train_epochs: 100
  0%|          | 0/2 [00:00<?, ?it/s]100%|██████████| 2/2 [00:00<00:00, 1124.78it/s]
loading configuration file config.json from cache at /home/liwentao/.cache/huggingface/hub/models--roberta-large/snapshots/716877d372b884cad6d419d828bac6c85b3b18d9/config.json
Model config RobertaConfig {
  "_name_or_path": "roberta-large",
  "architectures": [
    "RobertaForMaskedLM"
  ],
  "attention_probs_dropout_prob": 0.1,
  "bos_token_id": 0,
  "classifier_dropout": null,
  "eos_token_id": 2,
  "hidden_act": "gelu",
  "hidden_dropout_prob": 0.1,
  "hidden_size": 1024,
  "initializer_range": 0.02,
  "intermediate_size": 4096,
  "layer_norm_eps": 1e-05,
  "max_position_embeddings": 514,
  "model_type": "roberta",
  "num_attention_heads": 16,
  "num_hidden_layers": 24,
  "pad_token_id": 1,
  "position_embedding_type": "absolute",
  "transformers_version": "4.27.1",
  "type_vocab_size": 1,
  "use_cache": true,
  "vocab_size": 50265
}

Could not locate the tokenizer configuration file, will try to use the model config instead.
loading configuration file config.json from cache at /home/liwentao/.cache/huggingface/hub/models--roberta-large/snapshots/716877d372b884cad6d419d828bac6c85b3b18d9/config.json
Model config RobertaConfig {
  "_name_or_path": "roberta-large",
  "architectures": [
    "RobertaForMaskedLM"
  ],
  "attention_probs_dropout_prob": 0.1,
  "bos_token_id": 0,
  "classifier_dropout": null,
  "eos_token_id": 2,
  "hidden_act": "gelu",
  "hidden_dropout_prob": 0.1,
  "hidden_size": 1024,
  "initializer_range": 0.02,
  "intermediate_size": 4096,
  "layer_norm_eps": 1e-05,
  "max_position_embeddings": 514,
  "model_type": "roberta",
  "num_attention_heads": 16,
  "num_hidden_layers": 24,
  "pad_token_id": 1,
  "position_embedding_type": "absolute",
  "transformers_version": "4.27.1",
  "type_vocab_size": 1,
  "use_cache": true,
  "vocab_size": 50265
}

loading file vocab.json from cache at /home/liwentao/.cache/huggingface/hub/models--roberta-large/snapshots/716877d372b884cad6d419d828bac6c85b3b18d9/vocab.json
loading file merges.txt from cache at /home/liwentao/.cache/huggingface/hub/models--roberta-large/snapshots/716877d372b884cad6d419d828bac6c85b3b18d9/merges.txt
loading file tokenizer.json from cache at /home/liwentao/.cache/huggingface/hub/models--roberta-large/snapshots/716877d372b884cad6d419d828bac6c85b3b18d9/tokenizer.json
loading file added_tokens.json from cache at None
loading file special_tokens_map.json from cache at None
loading file tokenizer_config.json from cache at None
loading configuration file config.json from cache at /home/liwentao/.cache/huggingface/hub/models--roberta-large/snapshots/716877d372b884cad6d419d828bac6c85b3b18d9/config.json
Model config RobertaConfig {
  "_name_or_path": "roberta-large",
  "architectures": [
    "RobertaForMaskedLM"
  ],
  "attention_probs_dropout_prob": 0.1,
  "bos_token_id": 0,
  "classifier_dropout": null,
  "eos_token_id": 2,
  "hidden_act": "gelu",
  "hidden_dropout_prob": 0.1,
  "hidden_size": 1024,
  "initializer_range": 0.02,
  "intermediate_size": 4096,
  "layer_norm_eps": 1e-05,
  "max_position_embeddings": 514,
  "model_type": "roberta",
  "num_attention_heads": 16,
  "num_hidden_layers": 24,
  "pad_token_id": 1,
  "position_embedding_type": "absolute",
  "transformers_version": "4.27.1",
  "type_vocab_size": 1,
  "use_cache": true,
  "vocab_size": 50265
}

loading weights file pytorch_model.bin from cache at /home/liwentao/.cache/huggingface/hub/models--roberta-large/snapshots/716877d372b884cad6d419d828bac6c85b3b18d9/pytorch_model.bin
All model checkpoint weights were used when initializing RobertaForMaskedLM.

All the weights of RobertaForMaskedLM were initialized from the model checkpoint at roberta-large.
If your task is similar to the task the model of the checkpoint was trained on, you can already use RobertaForMaskedLM for predictions without further training.
Loading label map from scripts/matsciner/proto_verbalizer.json...
{'I-CMT': ['electron'], 'I-MAT': ['silicon'], 'I-DSC': ['doped'], 'I-PRO': ['properties'], 'I-SMT': ['annealing'], 'I-APL': ['coating'], 'I-SPL': ['cubic']}
{'O': 0, 'I-CMT': 1, 'I-MAT': 2, 'I-DSC': 3, 'I-PRO': 4, 'I-SMT': 5, 'I-APL': 6, 'I-SPL': 7, 'B-CMT': 8, 'B-MAT': 9, 'B-DSC': 10, 'B-PRO': 11, 'B-SMT': 12, 'B-APL': 13, 'B-SPL': 14}
{'I-CMT': ['electron'], 'I-MAT': ['silicon'], 'I-DSC': ['doped'], 'I-PRO': ['properties'], 'I-SMT': ['annealing'], 'I-APL': ['coating'], 'I-SPL': ['cubic']}
Running tokenizer on dataset:   0%|          | 0/45 [00:00<?, ? examples/s]                                                                           Running tokenizer on dataset:   0%|          | 0/546 [00:00<?, ? examples/s]Running tokenizer on dataset: 100%|██████████| 546/546 [00:00<00:00, 2093.30 examples/s]                                                                                        /home/liwentao/Dec-Tuning-in-Mat/run_ner_dect.py:563: FutureWarning: load_metric is deprecated and will be removed in the next major version of datasets. Use 'evaluate.load' instead, from the new library 🤗 Evaluate: https://huggingface.co/docs/evaluate
  metric = load_metric("./seqeval_metric.py")
05/31/2023 14:51:12 - INFO - __main__ - ***** Running training *****
05/31/2023 14:51:12 - INFO - __main__ -   Num examples = 45
05/31/2023 14:51:12 - INFO - __main__ -   Num Epochs = 100
05/31/2023 14:51:12 - INFO - __main__ -   Instantaneous batch size per device = 4
05/31/2023 14:51:12 - INFO - __main__ -   Total train batch size (w. parallel, distributed & accumulation) = 4
05/31/2023 14:51:12 - INFO - __main__ -   Gradient Accumulation steps = 1
05/31/2023 14:51:12 - INFO - __main__ -   Total optimization steps = 1200
tensor([3, 3, 3, 3, 3, 3, 3], device='cuda:0')
  0%|          | 0/1200 [00:00<?, ?it/s]/home/liwentao/Dec-Tuning-in-Mat/dect_trainer.py:379: UserWarning: Implicit dimension choice for softmax has been deprecated. Change the call to include dim=X as an argument.
  logits = F.softmax(self.extract_logits(batch_logits))
Total epoch: 0. epoch loss: 16.5972957611084
Total epoch: 1. epoch loss: 16.24392318725586
Total epoch: 2. epoch loss: 15.892979621887207
Total epoch: 3. epoch loss: 15.542671203613281
Total epoch: 4. epoch loss: 15.193568229675293
Total epoch: 5. epoch loss: 14.846960067749023
Total epoch: 6. epoch loss: 14.504134178161621
Total epoch: 7. epoch loss: 14.166300773620605
Total epoch: 8. epoch loss: 13.834630012512207
Total epoch: 9. epoch loss: 13.510124206542969
Total epoch: 10. epoch loss: 13.193551063537598
Total epoch: 11. epoch loss: 12.885408401489258
Total epoch: 12. epoch loss: 12.585882186889648
Total epoch: 13. epoch loss: 12.29488754272461
Total epoch: 14. epoch loss: 12.012215614318848
Total epoch: 15. epoch loss: 11.737483978271484
Total epoch: 16. epoch loss: 11.470261573791504
Total epoch: 17. epoch loss: 11.210076332092285
Total epoch: 18. epoch loss: 10.956427574157715
Total epoch: 19. epoch loss: 10.708810806274414
Total epoch: 20. epoch loss: 10.466757774353027
Total epoch: 21. epoch loss: 10.229785919189453
Total epoch: 22. epoch loss: 9.997505187988281
Total epoch: 23. epoch loss: 9.77004337310791
Total epoch: 24. epoch loss: 9.547626495361328
Total epoch: 25. epoch loss: 9.330455780029297
Total epoch: 26. epoch loss: 9.118711471557617
Total epoch: 27. epoch loss: 8.912530899047852
Total epoch: 28. epoch loss: 8.711957931518555
Total epoch: 29. epoch loss: 8.517035484313965
Total epoch: 30. epoch loss: 8.327710151672363
Total epoch: 31. epoch loss: 8.143940925598145
Total epoch: 32. epoch loss: 7.9656243324279785
Total epoch: 33. epoch loss: 7.792642593383789
Total epoch: 34. epoch loss: 7.624866962432861
Total epoch: 35. epoch loss: 7.462197780609131
Total epoch: 36. epoch loss: 7.304478645324707
Total epoch: 37. epoch loss: 7.151576519012451
Total epoch: 38. epoch loss: 7.0033416748046875
Total epoch: 39. epoch loss: 6.859634876251221
Total epoch: 40. epoch loss: 6.720325469970703
Total epoch: 41. epoch loss: 6.585262298583984
Total epoch: 42. epoch loss: 6.454301357269287
Total epoch: 43. epoch loss: 6.327337741851807
Total epoch: 44. epoch loss: 6.204237937927246
Total epoch: 45. epoch loss: 6.08489990234375
Total epoch: 46. epoch loss: 5.969191551208496
Total epoch: 47. epoch loss: 5.857014179229736
Total epoch: 48. epoch loss: 5.74824333190918
Total epoch: 49. epoch loss: 5.6427717208862305
Total epoch: 50. epoch loss: 5.540480136871338
Total epoch: 51. epoch loss: 5.4412689208984375
Total epoch: 52. epoch loss: 5.345010280609131
Total epoch: 53. epoch loss: 5.251624584197998
Total epoch: 54. epoch loss: 5.1610026359558105
Total epoch: 55. epoch loss: 5.0730414390563965
Total epoch: 56. epoch loss: 4.987635612487793
Total epoch: 57. epoch loss: 4.904702186584473
Total epoch: 58. epoch loss: 4.8241496086120605
Total epoch: 59. epoch loss: 4.745861530303955
Total epoch: 60. epoch loss: 4.669799327850342
Total epoch: 61. epoch loss: 4.59585428237915
Total epoch: 62. epoch loss: 4.5239338874816895
Total epoch: 63. epoch loss: 4.453979969024658
Total epoch: 64. epoch loss: 4.385916709899902
Total epoch: 65. epoch loss: 4.319672107696533
Total epoch: 66. epoch loss: 4.2551727294921875
Total epoch: 67. epoch loss: 4.192358493804932
Total epoch: 68. epoch loss: 4.131187438964844
Total epoch: 69. epoch loss: 4.071580410003662
Total epoch: 70. epoch loss: 4.013484954833984
Total epoch: 71. epoch loss: 3.956868886947632
Total epoch: 72. epoch loss: 3.9016432762145996
Total epoch: 73. epoch loss: 3.8478193283081055
Total epoch: 74. epoch loss: 3.7952847480773926
Total epoch: 75. epoch loss: 3.7440428733825684
Total epoch: 76. epoch loss: 3.6940245628356934
Total epoch: 77. epoch loss: 3.6452057361602783
Total epoch: 78. epoch loss: 3.597538471221924
Total epoch: 79. epoch loss: 3.5509941577911377
Total epoch: 80. epoch loss: 3.5055243968963623
Total epoch: 81. epoch loss: 3.4611001014709473
Total epoch: 82. epoch loss: 3.4176838397979736
Total epoch: 83. epoch loss: 3.3752570152282715
Total epoch: 84. epoch loss: 3.3337788581848145
Total epoch: 85. epoch loss: 3.2932186126708984
Total epoch: 86. epoch loss: 3.2535400390625
Total epoch: 87. epoch loss: 3.214726686477661
Total epoch: 88. epoch loss: 3.17676043510437
Total epoch: 89. epoch loss: 3.1395976543426514
Total epoch: 90. epoch loss: 3.1032257080078125
Total epoch: 91. epoch loss: 3.067614793777466
Total epoch: 92. epoch loss: 3.0327510833740234
Total epoch: 93. epoch loss: 2.998610019683838
Total epoch: 94. epoch loss: 2.965165376663208
Total epoch: 95. epoch loss: 2.9323954582214355
Total epoch: 96. epoch loss: 2.9002928733825684
Total epoch: 97. epoch loss: 2.868820905685425
Total epoch: 98. epoch loss: 2.837981700897217
Total epoch: 99. epoch loss: 2.807748556137085
Total epoch: 99. DecT loss: 2.807748556137085
Training time: 0.6842026710510254
APL_precision: 0.15368852459016394, APL_recall: 0.4411764705882353, APL_f1: 0.22796352583586627, APL_number: 170
CMT_precision: 0.1515650741350906, CMT_recall: 0.4717948717948718, CMT_f1: 0.22942643391521197, CMT_number: 195
DSC_precision: 0.44028103044496486, DSC_recall: 0.4302059496567506, DSC_f1: 0.4351851851851852, DSC_number: 437
MAT_precision: 0.40063424947145876, MAT_recall: 0.5557184750733137, MAT_f1: 0.4656019656019656, MAT_number: 682
PRO_precision: 0.2858606557377049, PRO_recall: 0.36186770428015563, PRO_f1: 0.3194046937607327, PRO_number: 771
SMT_precision: 0.11774744027303755, SMT_recall: 0.40350877192982454, SMT_f1: 0.18229854689564068, SMT_number: 171
SPL_precision: 0.1596244131455399, SPL_recall: 0.4533333333333333, SPL_f1: 0.2361111111111111, SPL_number: 75
overall_precision: 0.26302144708932357, overall_recall: 0.4462215113954418, overall_f1: 0.3309608540925267, overall_accuracy: 0.7506610448081183
finish test
Traceback (most recent call last):
  File "/home/liwentao/Dec-Tuning-in-Mat/run_ner_dect.py", line 985, in <module>
    main()
  File "/home/liwentao/Dec-Tuning-in-Mat/run_ner_dect.py", line 808, in main
    runner.run(train_dataloader,None ,eval_dataloader)
  File "/home/liwentao/Dec-Tuning-in-Mat/dect_trainer.py", line 487, in run
    return score
NameError: name 'score' is not defined
  0%|          | 0/1200 [00:05<?, ?it/s]